[0.085s] DEBUG:colcon:Command line arguments: ['/usr/bin/colcon', 'build']
[0.086s] DEBUG:colcon:Parsed command line arguments: Namespace(log_base=None, log_level=None, verb_name='build', build_base='build', install_base='install', merge_install=False, symlink_install=False, test_result_base=None, continue_on_error=False, executor='parallel', parallel_workers=24, event_handlers=None, ignore_user_meta=False, metas=['./colcon.meta'], base_paths=['.'], packages_ignore=None, packages_ignore_regex=None, paths=None, packages_up_to=None, packages_up_to_regex=None, packages_above=None, packages_above_and_dependencies=None, packages_above_depth=None, packages_select_by_dep=None, packages_skip_by_dep=None, packages_skip_up_to=None, packages_select_build_failed=False, packages_skip_build_finished=False, packages_select_test_failures=False, packages_skip_test_passed=False, packages_select=None, packages_skip=None, packages_select_regex=None, packages_skip_regex=None, packages_start=None, packages_end=None, allow_overriding=[], cmake_args=None, cmake_target=None, cmake_target_skip_unavailable=False, cmake_clean_cache=False, cmake_clean_first=False, cmake_force_configure=False, ament_cmake_args=None, catkin_cmake_args=None, catkin_skip_building_tests=False, mixin_files=None, mixin=None, verb_parser=<colcon_mixin.mixin.mixin_argument.MixinArgumentDecorator object at 0x71198c8d58a0>, verb_extension=<colcon_core.verb.build.BuildVerb object at 0x71198ca5ae00>, main=<bound method BuildVerb.main of <colcon_core.verb.build.BuildVerb object at 0x71198ca5ae00>>, mixin_verb=('build',))
[0.202s] Level 1:colcon.colcon_core.package_discovery:discover_packages(colcon_meta) check parameters
[0.202s] Level 1:colcon.colcon_core.package_discovery:discover_packages(recursive) check parameters
[0.202s] Level 1:colcon.colcon_core.package_discovery:discover_packages(ignore) check parameters
[0.202s] Level 1:colcon.colcon_core.package_discovery:discover_packages(path) check parameters
[0.202s] Level 1:colcon.colcon_core.package_discovery:discover_packages(colcon_meta) discover
[0.202s] Level 1:colcon.colcon_core.package_discovery:discover_packages(recursive) discover
[0.202s] INFO:colcon.colcon_core.package_discovery:Crawling recursively for packages in '/home/hollis/cu/5254_final'
[0.202s] Level 1:colcon.colcon_core.package_identification:_identify(.) by extensions ['ignore', 'ignore_ament_install']
[0.202s] Level 1:colcon.colcon_core.package_identification:_identify(.) by extension 'ignore'
[0.202s] Level 1:colcon.colcon_core.package_identification:_identify(.) by extension 'ignore_ament_install'
[0.202s] Level 1:colcon.colcon_core.package_identification:_identify(.) by extensions ['colcon_pkg']
[0.202s] Level 1:colcon.colcon_core.package_identification:_identify(.) by extension 'colcon_pkg'
[0.202s] Level 1:colcon.colcon_core.package_identification:_identify(.) by extensions ['colcon_meta']
[0.202s] Level 1:colcon.colcon_core.package_identification:_identify(.) by extension 'colcon_meta'
[0.202s] Level 1:colcon.colcon_core.package_identification:_identify(.) by extensions ['ros']
[0.202s] Level 1:colcon.colcon_core.package_identification:_identify(.) by extension 'ros'
[0.211s] Level 1:colcon.colcon_core.package_identification:_identify(.) by extensions ['cmake', 'python']
[0.211s] Level 1:colcon.colcon_core.package_identification:_identify(.) by extension 'cmake'
[0.211s] Level 1:colcon.colcon_core.package_identification:_identify(.) by extension 'python'
[0.211s] Level 1:colcon.colcon_core.package_identification:_identify(.) by extensions ['python_setup_py']
[0.211s] Level 1:colcon.colcon_core.package_identification:_identify(.) by extension 'python_setup_py'
[0.212s] Level 1:colcon.colcon_core.package_identification:_identify(build) by extensions ['ignore', 'ignore_ament_install']
[0.212s] Level 1:colcon.colcon_core.package_identification:_identify(build) by extension 'ignore'
[0.212s] Level 1:colcon.colcon_core.package_identification:_identify(build) ignored
[0.212s] Level 1:colcon.colcon_core.package_identification:_identify(install) by extensions ['ignore', 'ignore_ament_install']
[0.212s] Level 1:colcon.colcon_core.package_identification:_identify(install) by extension 'ignore'
[0.212s] Level 1:colcon.colcon_core.package_identification:_identify(install) ignored
[0.212s] Level 1:colcon.colcon_core.package_identification:_identify(log) by extensions ['ignore', 'ignore_ament_install']
[0.212s] Level 1:colcon.colcon_core.package_identification:_identify(log) by extension 'ignore'
[0.212s] Level 1:colcon.colcon_core.package_identification:_identify(log) ignored
[0.212s] Level 1:colcon.colcon_core.package_identification:_identify(src) by extensions ['ignore', 'ignore_ament_install']
[0.212s] Level 1:colcon.colcon_core.package_identification:_identify(src) by extension 'ignore'
[0.212s] Level 1:colcon.colcon_core.package_identification:_identify(src) by extension 'ignore_ament_install'
[0.212s] Level 1:colcon.colcon_core.package_identification:_identify(src) by extensions ['colcon_pkg']
[0.212s] Level 1:colcon.colcon_core.package_identification:_identify(src) by extension 'colcon_pkg'
[0.212s] Level 1:colcon.colcon_core.package_identification:_identify(src) by extensions ['colcon_meta']
[0.212s] Level 1:colcon.colcon_core.package_identification:_identify(src) by extension 'colcon_meta'
[0.212s] Level 1:colcon.colcon_core.package_identification:_identify(src) by extensions ['ros']
[0.212s] Level 1:colcon.colcon_core.package_identification:_identify(src) by extension 'ros'
[0.212s] Level 1:colcon.colcon_core.package_identification:_identify(src) by extensions ['cmake', 'python']
[0.212s] Level 1:colcon.colcon_core.package_identification:_identify(src) by extension 'cmake'
[0.212s] Level 1:colcon.colcon_core.package_identification:_identify(src) by extension 'python'
[0.213s] Level 1:colcon.colcon_core.package_identification:_identify(src) by extensions ['python_setup_py']
[0.213s] Level 1:colcon.colcon_core.package_identification:_identify(src) by extension 'python_setup_py'
[0.213s] Level 1:colcon.colcon_core.package_identification:_identify(src/amp_agents) by extensions ['ignore', 'ignore_ament_install']
[0.213s] Level 1:colcon.colcon_core.package_identification:_identify(src/amp_agents) by extension 'ignore'
[0.213s] Level 1:colcon.colcon_core.package_identification:_identify(src/amp_agents) by extension 'ignore_ament_install'
[0.213s] Level 1:colcon.colcon_core.package_identification:_identify(src/amp_agents) by extensions ['colcon_pkg']
[0.213s] Level 1:colcon.colcon_core.package_identification:_identify(src/amp_agents) by extension 'colcon_pkg'
[0.213s] Level 1:colcon.colcon_core.package_identification:_identify(src/amp_agents) by extensions ['colcon_meta']
[0.213s] Level 1:colcon.colcon_core.package_identification:_identify(src/amp_agents) by extension 'colcon_meta'
[0.213s] Level 1:colcon.colcon_core.package_identification:_identify(src/amp_agents) by extensions ['ros']
[0.213s] Level 1:colcon.colcon_core.package_identification:_identify(src/amp_agents) by extension 'ros'
[0.215s] DEBUG:colcon.colcon_core.package_identification:Package 'src/amp_agents' with type 'ros.ament_cmake' and name 'amp_agents'
[0.215s] Level 1:colcon.colcon_core.package_identification:_identify(src/amp_msgs) by extensions ['ignore', 'ignore_ament_install']
[0.215s] Level 1:colcon.colcon_core.package_identification:_identify(src/amp_msgs) by extension 'ignore'
[0.215s] Level 1:colcon.colcon_core.package_identification:_identify(src/amp_msgs) by extension 'ignore_ament_install'
[0.215s] Level 1:colcon.colcon_core.package_identification:_identify(src/amp_msgs) by extensions ['colcon_pkg']
[0.215s] Level 1:colcon.colcon_core.package_identification:_identify(src/amp_msgs) by extension 'colcon_pkg'
[0.215s] Level 1:colcon.colcon_core.package_identification:_identify(src/amp_msgs) by extensions ['colcon_meta']
[0.215s] Level 1:colcon.colcon_core.package_identification:_identify(src/amp_msgs) by extension 'colcon_meta'
[0.215s] Level 1:colcon.colcon_core.package_identification:_identify(src/amp_msgs) by extensions ['ros']
[0.215s] Level 1:colcon.colcon_core.package_identification:_identify(src/amp_msgs) by extension 'ros'
[0.216s] DEBUG:colcon.colcon_core.package_identification:Package 'src/amp_msgs' with type 'ros.ament_cmake' and name 'amp_msgs'
[0.216s] Level 1:colcon.colcon_core.package_identification:_identify(src/amp_sim) by extensions ['ignore', 'ignore_ament_install']
[0.216s] Level 1:colcon.colcon_core.package_identification:_identify(src/amp_sim) by extension 'ignore'
[0.216s] Level 1:colcon.colcon_core.package_identification:_identify(src/amp_sim) by extension 'ignore_ament_install'
[0.216s] Level 1:colcon.colcon_core.package_identification:_identify(src/amp_sim) by extensions ['colcon_pkg']
[0.216s] Level 1:colcon.colcon_core.package_identification:_identify(src/amp_sim) by extension 'colcon_pkg'
[0.216s] Level 1:colcon.colcon_core.package_identification:_identify(src/amp_sim) by extensions ['colcon_meta']
[0.216s] Level 1:colcon.colcon_core.package_identification:_identify(src/amp_sim) by extension 'colcon_meta'
[0.216s] Level 1:colcon.colcon_core.package_identification:_identify(src/amp_sim) by extensions ['ros']
[0.216s] Level 1:colcon.colcon_core.package_identification:_identify(src/amp_sim) by extension 'ros'
[0.216s] DEBUG:colcon.colcon_core.package_identification:Package 'src/amp_sim' with type 'ros.ament_cmake' and name 'amp_sim'
[0.217s] Level 1:colcon.colcon_core.package_identification:_identify(src/amp_viz) by extensions ['ignore', 'ignore_ament_install']
[0.217s] Level 1:colcon.colcon_core.package_identification:_identify(src/amp_viz) by extension 'ignore'
[0.217s] Level 1:colcon.colcon_core.package_identification:_identify(src/amp_viz) by extension 'ignore_ament_install'
[0.217s] Level 1:colcon.colcon_core.package_identification:_identify(src/amp_viz) by extensions ['colcon_pkg']
[0.217s] Level 1:colcon.colcon_core.package_identification:_identify(src/amp_viz) by extension 'colcon_pkg'
[0.217s] Level 1:colcon.colcon_core.package_identification:_identify(src/amp_viz) by extensions ['colcon_meta']
[0.217s] Level 1:colcon.colcon_core.package_identification:_identify(src/amp_viz) by extension 'colcon_meta'
[0.217s] Level 1:colcon.colcon_core.package_identification:_identify(src/amp_viz) by extensions ['ros']
[0.217s] Level 1:colcon.colcon_core.package_identification:_identify(src/amp_viz) by extension 'ros'
[0.217s] DEBUG:colcon.colcon_core.package_identification:Package 'src/amp_viz' with type 'ros.ament_cmake' and name 'amp_viz'
[0.217s] Level 1:colcon.colcon_core.package_discovery:discover_packages(recursive) using defaults
[0.217s] Level 1:colcon.colcon_core.package_discovery:discover_packages(ignore) discover
[0.217s] Level 1:colcon.colcon_core.package_discovery:discover_packages(ignore) using defaults
[0.217s] Level 1:colcon.colcon_core.package_discovery:discover_packages(path) discover
[0.217s] Level 1:colcon.colcon_core.package_discovery:discover_packages(path) using defaults
[0.244s] Level 1:colcon.colcon_core.package_discovery:discover_packages(prefix_path) check parameters
[0.244s] Level 1:colcon.colcon_core.package_discovery:discover_packages(prefix_path) discover
[0.245s] DEBUG:colcon.colcon_installed_package_information.package_discovery:Found 4 installed packages in /home/hollis/cu/5254_final/install
[0.246s] DEBUG:colcon.colcon_installed_package_information.package_discovery:Found 267 installed packages in /opt/ros/humble
[0.247s] Level 1:colcon.colcon_core.package_discovery:discover_packages(prefix_path) using defaults
[0.272s] Level 5:colcon.colcon_core.verb:set package 'amp_msgs' build argument 'cmake_args' from command line to 'None'
[0.272s] Level 5:colcon.colcon_core.verb:set package 'amp_msgs' build argument 'cmake_target' from command line to 'None'
[0.272s] Level 5:colcon.colcon_core.verb:set package 'amp_msgs' build argument 'cmake_target_skip_unavailable' from command line to 'False'
[0.272s] Level 5:colcon.colcon_core.verb:set package 'amp_msgs' build argument 'cmake_clean_cache' from command line to 'False'
[0.272s] Level 5:colcon.colcon_core.verb:set package 'amp_msgs' build argument 'cmake_clean_first' from command line to 'False'
[0.272s] Level 5:colcon.colcon_core.verb:set package 'amp_msgs' build argument 'cmake_force_configure' from command line to 'False'
[0.272s] Level 5:colcon.colcon_core.verb:set package 'amp_msgs' build argument 'ament_cmake_args' from command line to 'None'
[0.272s] Level 5:colcon.colcon_core.verb:set package 'amp_msgs' build argument 'catkin_cmake_args' from command line to 'None'
[0.272s] Level 5:colcon.colcon_core.verb:set package 'amp_msgs' build argument 'catkin_skip_building_tests' from command line to 'False'
[0.272s] DEBUG:colcon.colcon_core.verb:Building package 'amp_msgs' with the following arguments: {'ament_cmake_args': None, 'build_base': '/home/hollis/cu/5254_final/build/amp_msgs', 'catkin_cmake_args': None, 'catkin_skip_building_tests': False, 'cmake_args': None, 'cmake_clean_cache': False, 'cmake_clean_first': False, 'cmake_force_configure': False, 'cmake_target': None, 'cmake_target_skip_unavailable': False, 'install_base': '/home/hollis/cu/5254_final/install/amp_msgs', 'merge_install': False, 'path': '/home/hollis/cu/5254_final/src/amp_msgs', 'symlink_install': False, 'test_result_base': None}
[0.273s] Level 5:colcon.colcon_core.verb:set package 'amp_agents' build argument 'cmake_args' from command line to 'None'
[0.273s] Level 5:colcon.colcon_core.verb:set package 'amp_agents' build argument 'cmake_target' from command line to 'None'
[0.273s] Level 5:colcon.colcon_core.verb:set package 'amp_agents' build argument 'cmake_target_skip_unavailable' from command line to 'False'
[0.273s] Level 5:colcon.colcon_core.verb:set package 'amp_agents' build argument 'cmake_clean_cache' from command line to 'False'
[0.273s] Level 5:colcon.colcon_core.verb:set package 'amp_agents' build argument 'cmake_clean_first' from command line to 'False'
[0.273s] Level 5:colcon.colcon_core.verb:set package 'amp_agents' build argument 'cmake_force_configure' from command line to 'False'
[0.273s] Level 5:colcon.colcon_core.verb:set package 'amp_agents' build argument 'ament_cmake_args' from command line to 'None'
[0.273s] Level 5:colcon.colcon_core.verb:set package 'amp_agents' build argument 'catkin_cmake_args' from command line to 'None'
[0.273s] Level 5:colcon.colcon_core.verb:set package 'amp_agents' build argument 'catkin_skip_building_tests' from command line to 'False'
[0.273s] DEBUG:colcon.colcon_core.verb:Building package 'amp_agents' with the following arguments: {'ament_cmake_args': None, 'build_base': '/home/hollis/cu/5254_final/build/amp_agents', 'catkin_cmake_args': None, 'catkin_skip_building_tests': False, 'cmake_args': None, 'cmake_clean_cache': False, 'cmake_clean_first': False, 'cmake_force_configure': False, 'cmake_target': None, 'cmake_target_skip_unavailable': False, 'install_base': '/home/hollis/cu/5254_final/install/amp_agents', 'merge_install': False, 'path': '/home/hollis/cu/5254_final/src/amp_agents', 'symlink_install': False, 'test_result_base': None}
[0.273s] Level 5:colcon.colcon_core.verb:set package 'amp_sim' build argument 'cmake_args' from command line to 'None'
[0.273s] Level 5:colcon.colcon_core.verb:set package 'amp_sim' build argument 'cmake_target' from command line to 'None'
[0.273s] Level 5:colcon.colcon_core.verb:set package 'amp_sim' build argument 'cmake_target_skip_unavailable' from command line to 'False'
[0.273s] Level 5:colcon.colcon_core.verb:set package 'amp_sim' build argument 'cmake_clean_cache' from command line to 'False'
[0.273s] Level 5:colcon.colcon_core.verb:set package 'amp_sim' build argument 'cmake_clean_first' from command line to 'False'
[0.273s] Level 5:colcon.colcon_core.verb:set package 'amp_sim' build argument 'cmake_force_configure' from command line to 'False'
[0.273s] Level 5:colcon.colcon_core.verb:set package 'amp_sim' build argument 'ament_cmake_args' from command line to 'None'
[0.273s] Level 5:colcon.colcon_core.verb:set package 'amp_sim' build argument 'catkin_cmake_args' from command line to 'None'
[0.273s] Level 5:colcon.colcon_core.verb:set package 'amp_sim' build argument 'catkin_skip_building_tests' from command line to 'False'
[0.273s] DEBUG:colcon.colcon_core.verb:Building package 'amp_sim' with the following arguments: {'ament_cmake_args': None, 'build_base': '/home/hollis/cu/5254_final/build/amp_sim', 'catkin_cmake_args': None, 'catkin_skip_building_tests': False, 'cmake_args': None, 'cmake_clean_cache': False, 'cmake_clean_first': False, 'cmake_force_configure': False, 'cmake_target': None, 'cmake_target_skip_unavailable': False, 'install_base': '/home/hollis/cu/5254_final/install/amp_sim', 'merge_install': False, 'path': '/home/hollis/cu/5254_final/src/amp_sim', 'symlink_install': False, 'test_result_base': None}
[0.273s] Level 5:colcon.colcon_core.verb:set package 'amp_viz' build argument 'cmake_args' from command line to 'None'
[0.273s] Level 5:colcon.colcon_core.verb:set package 'amp_viz' build argument 'cmake_target' from command line to 'None'
[0.273s] Level 5:colcon.colcon_core.verb:set package 'amp_viz' build argument 'cmake_target_skip_unavailable' from command line to 'False'
[0.273s] Level 5:colcon.colcon_core.verb:set package 'amp_viz' build argument 'cmake_clean_cache' from command line to 'False'
[0.273s] Level 5:colcon.colcon_core.verb:set package 'amp_viz' build argument 'cmake_clean_first' from command line to 'False'
[0.273s] Level 5:colcon.colcon_core.verb:set package 'amp_viz' build argument 'cmake_force_configure' from command line to 'False'
[0.273s] Level 5:colcon.colcon_core.verb:set package 'amp_viz' build argument 'ament_cmake_args' from command line to 'None'
[0.273s] Level 5:colcon.colcon_core.verb:set package 'amp_viz' build argument 'catkin_cmake_args' from command line to 'None'
[0.273s] Level 5:colcon.colcon_core.verb:set package 'amp_viz' build argument 'catkin_skip_building_tests' from command line to 'False'
[0.273s] DEBUG:colcon.colcon_core.verb:Building package 'amp_viz' with the following arguments: {'ament_cmake_args': None, 'build_base': '/home/hollis/cu/5254_final/build/amp_viz', 'catkin_cmake_args': None, 'catkin_skip_building_tests': False, 'cmake_args': None, 'cmake_clean_cache': False, 'cmake_clean_first': False, 'cmake_force_configure': False, 'cmake_target': None, 'cmake_target_skip_unavailable': False, 'install_base': '/home/hollis/cu/5254_final/install/amp_viz', 'merge_install': False, 'path': '/home/hollis/cu/5254_final/src/amp_viz', 'symlink_install': False, 'test_result_base': None}
[0.274s] INFO:colcon.colcon_core.executor:Executing jobs using 'parallel' executor
[0.275s] DEBUG:colcon.colcon_parallel_executor.executor.parallel:run_until_complete
[0.275s] INFO:colcon.colcon_ros.task.ament_cmake.build:Building ROS package in '/home/hollis/cu/5254_final/src/amp_msgs' with build type 'ament_cmake'
[0.275s] INFO:colcon.colcon_cmake.task.cmake.build:Building CMake package in '/home/hollis/cu/5254_final/src/amp_msgs'
[0.277s] INFO:colcon.colcon_core.plugin_system:Skipping extension 'colcon_core.shell.bat': Not used on non-Windows systems
[0.277s] INFO:colcon.colcon_core.shell:Skip shell extension 'powershell' for command environment: Not usable outside of PowerShell
[0.277s] DEBUG:colcon.colcon_core.shell:Skip shell extension 'dsv' for command environment
[0.284s] DEBUG:colcon.colcon_core.event_handler.log_command:Invoking command in '/home/hollis/cu/5254_final/build/amp_msgs': CMAKE_PREFIX_PATH=${CMAKE_PREFIX_PATH}:/opt/ros/humble /usr/bin/cmake --build /home/hollis/cu/5254_final/build/amp_msgs -- -j24 -l24
[0.581s] DEBUG:colcon.colcon_core.event_handler.log_command:Invoked command in '/home/hollis/cu/5254_final/build/amp_msgs' returned '0': CMAKE_PREFIX_PATH=${CMAKE_PREFIX_PATH}:/opt/ros/humble /usr/bin/cmake --build /home/hollis/cu/5254_final/build/amp_msgs -- -j24 -l24
[0.590s] DEBUG:colcon.colcon_core.event_handler.log_command:Invoking command in '/home/hollis/cu/5254_final/build/amp_msgs': CMAKE_PREFIX_PATH=${CMAKE_PREFIX_PATH}:/opt/ros/humble /usr/bin/cmake --install /home/hollis/cu/5254_final/build/amp_msgs
[0.640s] Level 1:colcon.colcon_core.environment:create_environment_scripts_only(amp_msgs)
[0.641s] DEBUG:colcon.colcon_core.event_handler.log_command:Invoked command in '/home/hollis/cu/5254_final/build/amp_msgs' returned '0': CMAKE_PREFIX_PATH=${CMAKE_PREFIX_PATH}:/opt/ros/humble /usr/bin/cmake --install /home/hollis/cu/5254_final/build/amp_msgs
[0.643s] Level 1:colcon.colcon_core.environment:checking '/home/hollis/cu/5254_final/install/amp_msgs' for CMake module files
[0.643s] Level 1:colcon.colcon_core.environment:checking '/home/hollis/cu/5254_final/install/amp_msgs' for CMake config files
[0.643s] Level 1:colcon.colcon_core.shell:create_environment_hook('amp_msgs', 'cmake_prefix_path')
[0.643s] INFO:colcon.colcon_core.shell:Creating environment hook '/home/hollis/cu/5254_final/install/amp_msgs/share/amp_msgs/hook/cmake_prefix_path.ps1'
[0.644s] INFO:colcon.colcon_core.shell:Creating environment descriptor '/home/hollis/cu/5254_final/install/amp_msgs/share/amp_msgs/hook/cmake_prefix_path.dsv'
[0.644s] INFO:colcon.colcon_core.shell:Creating environment hook '/home/hollis/cu/5254_final/install/amp_msgs/share/amp_msgs/hook/cmake_prefix_path.sh'
[0.645s] Level 1:colcon.colcon_core.environment:checking '/home/hollis/cu/5254_final/install/amp_msgs/lib'
[0.645s] Level 1:colcon.colcon_core.shell:create_environment_hook('amp_msgs', 'ld_library_path_lib')
[0.645s] INFO:colcon.colcon_core.shell:Creating environment hook '/home/hollis/cu/5254_final/install/amp_msgs/share/amp_msgs/hook/ld_library_path_lib.ps1'
[0.646s] INFO:colcon.colcon_core.shell:Creating environment descriptor '/home/hollis/cu/5254_final/install/amp_msgs/share/amp_msgs/hook/ld_library_path_lib.dsv'
[0.646s] INFO:colcon.colcon_core.shell:Creating environment hook '/home/hollis/cu/5254_final/install/amp_msgs/share/amp_msgs/hook/ld_library_path_lib.sh'
[0.646s] Level 1:colcon.colcon_core.environment:checking '/home/hollis/cu/5254_final/install/amp_msgs/bin'
[0.646s] Level 1:colcon.colcon_core.environment:checking '/home/hollis/cu/5254_final/install/amp_msgs/lib/pkgconfig/amp_msgs.pc'
[0.646s] Level 1:colcon.colcon_core.environment:checking '/home/hollis/cu/5254_final/install/amp_msgs/lib/python3.10/site-packages'
[0.647s] Level 1:colcon.colcon_core.environment:checking '/home/hollis/cu/5254_final/install/amp_msgs/bin'
[0.647s] INFO:colcon.colcon_core.shell:Creating package script '/home/hollis/cu/5254_final/install/amp_msgs/share/amp_msgs/package.ps1'
[0.647s] INFO:colcon.colcon_core.shell:Creating package descriptor '/home/hollis/cu/5254_final/install/amp_msgs/share/amp_msgs/package.dsv'
[0.648s] INFO:colcon.colcon_core.shell:Creating package script '/home/hollis/cu/5254_final/install/amp_msgs/share/amp_msgs/package.sh'
[0.648s] INFO:colcon.colcon_core.shell:Creating package script '/home/hollis/cu/5254_final/install/amp_msgs/share/amp_msgs/package.bash'
[0.649s] INFO:colcon.colcon_core.shell:Creating package script '/home/hollis/cu/5254_final/install/amp_msgs/share/amp_msgs/package.zsh'
[0.649s] Level 1:colcon.colcon_core.environment:create_file_with_runtime_dependencies(/home/hollis/cu/5254_final/install/amp_msgs/share/colcon-core/packages/amp_msgs)
[0.650s] Level 1:colcon.colcon_core.environment:create_environment_scripts_only(amp_msgs)
[0.650s] Level 1:colcon.colcon_core.environment:checking '/home/hollis/cu/5254_final/install/amp_msgs' for CMake module files
[0.650s] Level 1:colcon.colcon_core.environment:checking '/home/hollis/cu/5254_final/install/amp_msgs' for CMake config files
[0.650s] Level 1:colcon.colcon_core.shell:create_environment_hook('amp_msgs', 'cmake_prefix_path')
[0.651s] INFO:colcon.colcon_core.shell:Creating environment hook '/home/hollis/cu/5254_final/install/amp_msgs/share/amp_msgs/hook/cmake_prefix_path.ps1'
[0.651s] INFO:colcon.colcon_core.shell:Creating environment descriptor '/home/hollis/cu/5254_final/install/amp_msgs/share/amp_msgs/hook/cmake_prefix_path.dsv'
[0.651s] INFO:colcon.colcon_core.shell:Creating environment hook '/home/hollis/cu/5254_final/install/amp_msgs/share/amp_msgs/hook/cmake_prefix_path.sh'
[0.651s] Level 1:colcon.colcon_core.environment:checking '/home/hollis/cu/5254_final/install/amp_msgs/lib'
[0.652s] Level 1:colcon.colcon_core.shell:create_environment_hook('amp_msgs', 'ld_library_path_lib')
[0.652s] INFO:colcon.colcon_core.shell:Creating environment hook '/home/hollis/cu/5254_final/install/amp_msgs/share/amp_msgs/hook/ld_library_path_lib.ps1'
[0.652s] INFO:colcon.colcon_core.shell:Creating environment descriptor '/home/hollis/cu/5254_final/install/amp_msgs/share/amp_msgs/hook/ld_library_path_lib.dsv'
[0.652s] INFO:colcon.colcon_core.shell:Creating environment hook '/home/hollis/cu/5254_final/install/amp_msgs/share/amp_msgs/hook/ld_library_path_lib.sh'
[0.652s] Level 1:colcon.colcon_core.environment:checking '/home/hollis/cu/5254_final/install/amp_msgs/bin'
[0.652s] Level 1:colcon.colcon_core.environment:checking '/home/hollis/cu/5254_final/install/amp_msgs/lib/pkgconfig/amp_msgs.pc'
[0.653s] Level 1:colcon.colcon_core.environment:checking '/home/hollis/cu/5254_final/install/amp_msgs/lib/python3.10/site-packages'
[0.653s] Level 1:colcon.colcon_core.environment:checking '/home/hollis/cu/5254_final/install/amp_msgs/bin'
[0.653s] INFO:colcon.colcon_core.shell:Creating package script '/home/hollis/cu/5254_final/install/amp_msgs/share/amp_msgs/package.ps1'
[0.653s] INFO:colcon.colcon_core.shell:Creating package descriptor '/home/hollis/cu/5254_final/install/amp_msgs/share/amp_msgs/package.dsv'
[0.654s] INFO:colcon.colcon_core.shell:Creating package script '/home/hollis/cu/5254_final/install/amp_msgs/share/amp_msgs/package.sh'
[0.654s] INFO:colcon.colcon_core.shell:Creating package script '/home/hollis/cu/5254_final/install/amp_msgs/share/amp_msgs/package.bash'
[0.654s] INFO:colcon.colcon_core.shell:Creating package script '/home/hollis/cu/5254_final/install/amp_msgs/share/amp_msgs/package.zsh'
[0.654s] Level 1:colcon.colcon_core.environment:create_file_with_runtime_dependencies(/home/hollis/cu/5254_final/install/amp_msgs/share/colcon-core/packages/amp_msgs)
[0.655s] INFO:colcon.colcon_ros.task.ament_cmake.build:Building ROS package in '/home/hollis/cu/5254_final/src/amp_sim' with build type 'ament_cmake'
[0.655s] INFO:colcon.colcon_cmake.task.cmake.build:Building CMake package in '/home/hollis/cu/5254_final/src/amp_sim'
[0.655s] INFO:colcon.colcon_core.shell:Skip shell extension 'powershell' for command environment: Not usable outside of PowerShell
[0.655s] DEBUG:colcon.colcon_core.shell:Skip shell extension 'dsv' for command environment
[0.658s] INFO:colcon.colcon_ros.task.ament_cmake.build:Building ROS package in '/home/hollis/cu/5254_final/src/amp_agents' with build type 'ament_cmake'
[0.658s] INFO:colcon.colcon_cmake.task.cmake.build:Building CMake package in '/home/hollis/cu/5254_final/src/amp_agents'
[0.658s] INFO:colcon.colcon_core.shell:Skip shell extension 'powershell' for command environment: Not usable outside of PowerShell
[0.659s] DEBUG:colcon.colcon_core.shell:Skip shell extension 'dsv' for command environment
[0.667s] DEBUG:colcon.colcon_core.event_handler.log_command:Invoking command in '/home/hollis/cu/5254_final/build/amp_sim': CMAKE_PREFIX_PATH=/home/hollis/cu/5254_final/install/amp_msgs:/home/hollis/cu/5254_final/install/amp_viz:/home/hollis/cu/5254_final/install/amp_sim:/home/hollis/cu/5254_final/install/amp_agents:/opt/ros/humble LD_LIBRARY_PATH=/home/hollis/cu/5254_final/install/amp_msgs/lib:/home/hollis/cu/5254_final/install/amp_viz/lib:/opt/ros/humble/opt/rviz_ogre_vendor/lib:/opt/ros/humble/lib/x86_64-linux-gnu:/opt/ros/humble/lib /usr/bin/cmake --build /home/hollis/cu/5254_final/build/amp_sim -- -j24 -l24
[0.672s] DEBUG:colcon.colcon_core.event_handler.log_command:Invoking command in '/home/hollis/cu/5254_final/build/amp_agents': CMAKE_PREFIX_PATH=/home/hollis/cu/5254_final/install/amp_msgs:/home/hollis/cu/5254_final/install/amp_viz:/home/hollis/cu/5254_final/install/amp_sim:/home/hollis/cu/5254_final/install/amp_agents:/opt/ros/humble LD_LIBRARY_PATH=/home/hollis/cu/5254_final/install/amp_msgs/lib:/home/hollis/cu/5254_final/install/amp_viz/lib:/opt/ros/humble/opt/rviz_ogre_vendor/lib:/opt/ros/humble/lib/x86_64-linux-gnu:/opt/ros/humble/lib /usr/bin/cmake --build /home/hollis/cu/5254_final/build/amp_agents -- -j24 -l24
[0.786s] DEBUG:colcon.colcon_core.event_handler.log_command:Invoked command in '/home/hollis/cu/5254_final/build/amp_sim' returned '0': CMAKE_PREFIX_PATH=/home/hollis/cu/5254_final/install/amp_msgs:/home/hollis/cu/5254_final/install/amp_viz:/home/hollis/cu/5254_final/install/amp_sim:/home/hollis/cu/5254_final/install/amp_agents:/opt/ros/humble LD_LIBRARY_PATH=/home/hollis/cu/5254_final/install/amp_msgs/lib:/home/hollis/cu/5254_final/install/amp_viz/lib:/opt/ros/humble/opt/rviz_ogre_vendor/lib:/opt/ros/humble/lib/x86_64-linux-gnu:/opt/ros/humble/lib /usr/bin/cmake --build /home/hollis/cu/5254_final/build/amp_sim -- -j24 -l24
[0.788s] DEBUG:colcon.colcon_core.event_handler.log_command:Invoking command in '/home/hollis/cu/5254_final/build/amp_sim': CMAKE_PREFIX_PATH=/home/hollis/cu/5254_final/install/amp_msgs:/home/hollis/cu/5254_final/install/amp_viz:/home/hollis/cu/5254_final/install/amp_sim:/home/hollis/cu/5254_final/install/amp_agents:/opt/ros/humble LD_LIBRARY_PATH=/home/hollis/cu/5254_final/install/amp_msgs/lib:/home/hollis/cu/5254_final/install/amp_viz/lib:/opt/ros/humble/opt/rviz_ogre_vendor/lib:/opt/ros/humble/lib/x86_64-linux-gnu:/opt/ros/humble/lib /usr/bin/cmake --install /home/hollis/cu/5254_final/build/amp_sim
[0.790s] DEBUG:colcon.colcon_core.event_handler.log_command:Invoked command in '/home/hollis/cu/5254_final/build/amp_agents' returned '0': CMAKE_PREFIX_PATH=/home/hollis/cu/5254_final/install/amp_msgs:/home/hollis/cu/5254_final/install/amp_viz:/home/hollis/cu/5254_final/install/amp_sim:/home/hollis/cu/5254_final/install/amp_agents:/opt/ros/humble LD_LIBRARY_PATH=/home/hollis/cu/5254_final/install/amp_msgs/lib:/home/hollis/cu/5254_final/install/amp_viz/lib:/opt/ros/humble/opt/rviz_ogre_vendor/lib:/opt/ros/humble/lib/x86_64-linux-gnu:/opt/ros/humble/lib /usr/bin/cmake --build /home/hollis/cu/5254_final/build/amp_agents -- -j24 -l24
[0.791s] DEBUG:colcon.colcon_core.event_handler.log_command:Invoking command in '/home/hollis/cu/5254_final/build/amp_agents': CMAKE_PREFIX_PATH=/home/hollis/cu/5254_final/install/amp_msgs:/home/hollis/cu/5254_final/install/amp_viz:/home/hollis/cu/5254_final/install/amp_sim:/home/hollis/cu/5254_final/install/amp_agents:/opt/ros/humble LD_LIBRARY_PATH=/home/hollis/cu/5254_final/install/amp_msgs/lib:/home/hollis/cu/5254_final/install/amp_viz/lib:/opt/ros/humble/opt/rviz_ogre_vendor/lib:/opt/ros/humble/lib/x86_64-linux-gnu:/opt/ros/humble/lib /usr/bin/cmake --install /home/hollis/cu/5254_final/build/amp_agents
[0.797s] Level 1:colcon.colcon_core.environment:create_environment_scripts_only(amp_sim)
[0.797s] Level 1:colcon.colcon_core.environment:checking '/home/hollis/cu/5254_final/install/amp_sim' for CMake module files
[0.797s] Level 1:colcon.colcon_core.environment:checking '/home/hollis/cu/5254_final/install/amp_sim' for CMake config files
[0.798s] Level 1:colcon.colcon_core.shell:create_environment_hook('amp_sim', 'cmake_prefix_path')
[0.798s] DEBUG:colcon.colcon_core.event_handler.log_command:Invoked command in '/home/hollis/cu/5254_final/build/amp_sim' returned '0': CMAKE_PREFIX_PATH=/home/hollis/cu/5254_final/install/amp_msgs:/home/hollis/cu/5254_final/install/amp_viz:/home/hollis/cu/5254_final/install/amp_sim:/home/hollis/cu/5254_final/install/amp_agents:/opt/ros/humble LD_LIBRARY_PATH=/home/hollis/cu/5254_final/install/amp_msgs/lib:/home/hollis/cu/5254_final/install/amp_viz/lib:/opt/ros/humble/opt/rviz_ogre_vendor/lib:/opt/ros/humble/lib/x86_64-linux-gnu:/opt/ros/humble/lib /usr/bin/cmake --install /home/hollis/cu/5254_final/build/amp_sim
[0.798s] INFO:colcon.colcon_core.shell:Creating environment hook '/home/hollis/cu/5254_final/install/amp_sim/share/amp_sim/hook/cmake_prefix_path.ps1'
[0.799s] INFO:colcon.colcon_core.shell:Creating environment descriptor '/home/hollis/cu/5254_final/install/amp_sim/share/amp_sim/hook/cmake_prefix_path.dsv'
[0.799s] INFO:colcon.colcon_core.shell:Creating environment hook '/home/hollis/cu/5254_final/install/amp_sim/share/amp_sim/hook/cmake_prefix_path.sh'
[0.801s] Level 1:colcon.colcon_core.environment:checking '/home/hollis/cu/5254_final/install/amp_sim/lib'
[0.801s] Level 1:colcon.colcon_core.environment:checking '/home/hollis/cu/5254_final/install/amp_sim/bin'
[0.801s] Level 1:colcon.colcon_core.environment:checking '/home/hollis/cu/5254_final/install/amp_sim/lib/pkgconfig/amp_sim.pc'
[0.801s] Level 1:colcon.colcon_core.environment:checking '/home/hollis/cu/5254_final/install/amp_sim/lib/python3.10/site-packages'
[0.801s] Level 1:colcon.colcon_core.environment:checking '/home/hollis/cu/5254_final/install/amp_sim/bin'
[0.801s] INFO:colcon.colcon_core.shell:Creating package script '/home/hollis/cu/5254_final/install/amp_sim/share/amp_sim/package.ps1'
[0.802s] INFO:colcon.colcon_core.shell:Creating package descriptor '/home/hollis/cu/5254_final/install/amp_sim/share/amp_sim/package.dsv'
[0.802s] INFO:colcon.colcon_core.shell:Creating package script '/home/hollis/cu/5254_final/install/amp_sim/share/amp_sim/package.sh'
[0.802s] INFO:colcon.colcon_core.shell:Creating package script '/home/hollis/cu/5254_final/install/amp_sim/share/amp_sim/package.bash'
[0.803s] INFO:colcon.colcon_core.shell:Creating package script '/home/hollis/cu/5254_final/install/amp_sim/share/amp_sim/package.zsh'
[0.803s] Level 1:colcon.colcon_core.environment:create_file_with_runtime_dependencies(/home/hollis/cu/5254_final/install/amp_sim/share/colcon-core/packages/amp_sim)
[0.804s] Level 1:colcon.colcon_core.environment:create_environment_scripts_only(amp_sim)
[0.804s] Level 1:colcon.colcon_core.environment:checking '/home/hollis/cu/5254_final/install/amp_sim' for CMake module files
[0.804s] Level 1:colcon.colcon_core.environment:checking '/home/hollis/cu/5254_final/install/amp_sim' for CMake config files
[0.804s] Level 1:colcon.colcon_core.shell:create_environment_hook('amp_sim', 'cmake_prefix_path')
[0.805s] INFO:colcon.colcon_core.shell:Creating environment hook '/home/hollis/cu/5254_final/install/amp_sim/share/amp_sim/hook/cmake_prefix_path.ps1'
[0.805s] INFO:colcon.colcon_core.shell:Creating environment descriptor '/home/hollis/cu/5254_final/install/amp_sim/share/amp_sim/hook/cmake_prefix_path.dsv'
[0.805s] INFO:colcon.colcon_core.shell:Creating environment hook '/home/hollis/cu/5254_final/install/amp_sim/share/amp_sim/hook/cmake_prefix_path.sh'
[0.806s] Level 1:colcon.colcon_core.environment:checking '/home/hollis/cu/5254_final/install/amp_sim/lib'
[0.806s] Level 1:colcon.colcon_core.environment:checking '/home/hollis/cu/5254_final/install/amp_sim/bin'
[0.806s] Level 1:colcon.colcon_core.environment:checking '/home/hollis/cu/5254_final/install/amp_sim/lib/pkgconfig/amp_sim.pc'
[0.806s] Level 1:colcon.colcon_core.environment:checking '/home/hollis/cu/5254_final/install/amp_sim/lib/python3.10/site-packages'
[0.807s] Level 1:colcon.colcon_core.environment:checking '/home/hollis/cu/5254_final/install/amp_sim/bin'
[0.807s] INFO:colcon.colcon_core.shell:Creating package script '/home/hollis/cu/5254_final/install/amp_sim/share/amp_sim/package.ps1'
[0.807s] INFO:colcon.colcon_core.shell:Creating package descriptor '/home/hollis/cu/5254_final/install/amp_sim/share/amp_sim/package.dsv'
[0.808s] INFO:colcon.colcon_core.shell:Creating package script '/home/hollis/cu/5254_final/install/amp_sim/share/amp_sim/package.sh'
[0.808s] INFO:colcon.colcon_core.shell:Creating package script '/home/hollis/cu/5254_final/install/amp_sim/share/amp_sim/package.bash'
[0.808s] INFO:colcon.colcon_core.shell:Creating package script '/home/hollis/cu/5254_final/install/amp_sim/share/amp_sim/package.zsh'
[0.808s] Level 1:colcon.colcon_core.environment:create_file_with_runtime_dependencies(/home/hollis/cu/5254_final/install/amp_sim/share/colcon-core/packages/amp_sim)
[0.809s] INFO:colcon.colcon_ros.task.ament_cmake.build:Building ROS package in '/home/hollis/cu/5254_final/src/amp_viz' with build type 'ament_cmake'
[0.809s] INFO:colcon.colcon_cmake.task.cmake.build:Building CMake package in '/home/hollis/cu/5254_final/src/amp_viz'
[0.809s] INFO:colcon.colcon_core.shell:Skip shell extension 'powershell' for command environment: Not usable outside of PowerShell
[0.809s] DEBUG:colcon.colcon_core.shell:Skip shell extension 'dsv' for command environment
[0.813s] Level 1:colcon.colcon_core.environment:create_environment_scripts_only(amp_agents)
[0.814s] Level 1:colcon.colcon_core.environment:checking '/home/hollis/cu/5254_final/install/amp_agents' for CMake module files
[0.814s] DEBUG:colcon.colcon_core.event_handler.log_command:Invoked command in '/home/hollis/cu/5254_final/build/amp_agents' returned '0': CMAKE_PREFIX_PATH=/home/hollis/cu/5254_final/install/amp_msgs:/home/hollis/cu/5254_final/install/amp_viz:/home/hollis/cu/5254_final/install/amp_sim:/home/hollis/cu/5254_final/install/amp_agents:/opt/ros/humble LD_LIBRARY_PATH=/home/hollis/cu/5254_final/install/amp_msgs/lib:/home/hollis/cu/5254_final/install/amp_viz/lib:/opt/ros/humble/opt/rviz_ogre_vendor/lib:/opt/ros/humble/lib/x86_64-linux-gnu:/opt/ros/humble/lib /usr/bin/cmake --install /home/hollis/cu/5254_final/build/amp_agents
[0.814s] Level 1:colcon.colcon_core.environment:checking '/home/hollis/cu/5254_final/install/amp_agents' for CMake config files
[0.814s] Level 1:colcon.colcon_core.shell:create_environment_hook('amp_agents', 'cmake_prefix_path')
[0.815s] INFO:colcon.colcon_core.shell:Creating environment hook '/home/hollis/cu/5254_final/install/amp_agents/share/amp_agents/hook/cmake_prefix_path.ps1'
[0.815s] INFO:colcon.colcon_core.shell:Creating environment descriptor '/home/hollis/cu/5254_final/install/amp_agents/share/amp_agents/hook/cmake_prefix_path.dsv'
[0.815s] INFO:colcon.colcon_core.shell:Creating environment hook '/home/hollis/cu/5254_final/install/amp_agents/share/amp_agents/hook/cmake_prefix_path.sh'
[0.816s] Level 1:colcon.colcon_core.environment:checking '/home/hollis/cu/5254_final/install/amp_agents/lib'
[0.816s] Level 1:colcon.colcon_core.environment:checking '/home/hollis/cu/5254_final/install/amp_agents/bin'
[0.816s] Level 1:colcon.colcon_core.environment:checking '/home/hollis/cu/5254_final/install/amp_agents/lib/pkgconfig/amp_agents.pc'
[0.816s] Level 1:colcon.colcon_core.environment:checking '/home/hollis/cu/5254_final/install/amp_agents/lib/python3.10/site-packages'
[0.816s] Level 1:colcon.colcon_core.environment:checking '/home/hollis/cu/5254_final/install/amp_agents/bin'
[0.816s] INFO:colcon.colcon_core.shell:Creating package script '/home/hollis/cu/5254_final/install/amp_agents/share/amp_agents/package.ps1'
[0.817s] INFO:colcon.colcon_core.shell:Creating package descriptor '/home/hollis/cu/5254_final/install/amp_agents/share/amp_agents/package.dsv'
[0.817s] INFO:colcon.colcon_core.shell:Creating package script '/home/hollis/cu/5254_final/install/amp_agents/share/amp_agents/package.sh'
[0.817s] INFO:colcon.colcon_core.shell:Creating package script '/home/hollis/cu/5254_final/install/amp_agents/share/amp_agents/package.bash'
[0.818s] INFO:colcon.colcon_core.shell:Creating package script '/home/hollis/cu/5254_final/install/amp_agents/share/amp_agents/package.zsh'
[0.818s] Level 1:colcon.colcon_core.environment:create_file_with_runtime_dependencies(/home/hollis/cu/5254_final/install/amp_agents/share/colcon-core/packages/amp_agents)
[0.818s] Level 1:colcon.colcon_core.environment:create_environment_scripts_only(amp_agents)
[0.818s] Level 1:colcon.colcon_core.environment:checking '/home/hollis/cu/5254_final/install/amp_agents' for CMake module files
[0.819s] Level 1:colcon.colcon_core.environment:checking '/home/hollis/cu/5254_final/install/amp_agents' for CMake config files
[0.819s] Level 1:colcon.colcon_core.shell:create_environment_hook('amp_agents', 'cmake_prefix_path')
[0.819s] INFO:colcon.colcon_core.shell:Creating environment hook '/home/hollis/cu/5254_final/install/amp_agents/share/amp_agents/hook/cmake_prefix_path.ps1'
[0.820s] INFO:colcon.colcon_core.shell:Creating environment descriptor '/home/hollis/cu/5254_final/install/amp_agents/share/amp_agents/hook/cmake_prefix_path.dsv'
[0.821s] INFO:colcon.colcon_core.shell:Creating environment hook '/home/hollis/cu/5254_final/install/amp_agents/share/amp_agents/hook/cmake_prefix_path.sh'
[0.822s] Level 1:colcon.colcon_core.environment:checking '/home/hollis/cu/5254_final/install/amp_agents/lib'
[0.822s] Level 1:colcon.colcon_core.environment:checking '/home/hollis/cu/5254_final/install/amp_agents/bin'
[0.822s] Level 1:colcon.colcon_core.environment:checking '/home/hollis/cu/5254_final/install/amp_agents/lib/pkgconfig/amp_agents.pc'
[0.822s] Level 1:colcon.colcon_core.environment:checking '/home/hollis/cu/5254_final/install/amp_agents/lib/python3.10/site-packages'
[0.823s] Level 1:colcon.colcon_core.environment:checking '/home/hollis/cu/5254_final/install/amp_agents/bin'
[0.823s] INFO:colcon.colcon_core.shell:Creating package script '/home/hollis/cu/5254_final/install/amp_agents/share/amp_agents/package.ps1'
[0.824s] INFO:colcon.colcon_core.shell:Creating package descriptor '/home/hollis/cu/5254_final/install/amp_agents/share/amp_agents/package.dsv'
[0.824s] INFO:colcon.colcon_core.shell:Creating package script '/home/hollis/cu/5254_final/install/amp_agents/share/amp_agents/package.sh'
[0.825s] INFO:colcon.colcon_core.shell:Creating package script '/home/hollis/cu/5254_final/install/amp_agents/share/amp_agents/package.bash'
[0.825s] INFO:colcon.colcon_core.shell:Creating package script '/home/hollis/cu/5254_final/install/amp_agents/share/amp_agents/package.zsh'
[0.825s] Level 1:colcon.colcon_core.environment:create_file_with_runtime_dependencies(/home/hollis/cu/5254_final/install/amp_agents/share/colcon-core/packages/amp_agents)
[0.829s] DEBUG:colcon.colcon_core.event_handler.log_command:Invoking command in '/home/hollis/cu/5254_final/build/amp_viz': CMAKE_PREFIX_PATH=/home/hollis/cu/5254_final/install/amp_sim:/home/hollis/cu/5254_final/install/amp_msgs:/home/hollis/cu/5254_final/install/amp_viz:/home/hollis/cu/5254_final/install/amp_agents:/opt/ros/humble LD_LIBRARY_PATH=/home/hollis/cu/5254_final/install/amp_msgs/lib:/home/hollis/cu/5254_final/install/amp_viz/lib:/opt/ros/humble/opt/rviz_ogre_vendor/lib:/opt/ros/humble/lib/x86_64-linux-gnu:/opt/ros/humble/lib /usr/bin/cmake --build /home/hollis/cu/5254_final/build/amp_viz -- -j24 -l24
[8.627s] DEBUG:colcon.colcon_core.event_handler.log_command:Invoked command in '/home/hollis/cu/5254_final/build/amp_viz' returned '0': CMAKE_PREFIX_PATH=/home/hollis/cu/5254_final/install/amp_sim:/home/hollis/cu/5254_final/install/amp_msgs:/home/hollis/cu/5254_final/install/amp_viz:/home/hollis/cu/5254_final/install/amp_agents:/opt/ros/humble LD_LIBRARY_PATH=/home/hollis/cu/5254_final/install/amp_msgs/lib:/home/hollis/cu/5254_final/install/amp_viz/lib:/opt/ros/humble/opt/rviz_ogre_vendor/lib:/opt/ros/humble/lib/x86_64-linux-gnu:/opt/ros/humble/lib /usr/bin/cmake --build /home/hollis/cu/5254_final/build/amp_viz -- -j24 -l24
[8.628s] DEBUG:colcon.colcon_core.event_handler.log_command:Invoking command in '/home/hollis/cu/5254_final/build/amp_viz': CMAKE_PREFIX_PATH=/home/hollis/cu/5254_final/install/amp_sim:/home/hollis/cu/5254_final/install/amp_msgs:/home/hollis/cu/5254_final/install/amp_viz:/home/hollis/cu/5254_final/install/amp_agents:/opt/ros/humble LD_LIBRARY_PATH=/home/hollis/cu/5254_final/install/amp_msgs/lib:/home/hollis/cu/5254_final/install/amp_viz/lib:/opt/ros/humble/opt/rviz_ogre_vendor/lib:/opt/ros/humble/lib/x86_64-linux-gnu:/opt/ros/humble/lib /usr/bin/cmake --install /home/hollis/cu/5254_final/build/amp_viz
[8.641s] Level 1:colcon.colcon_core.environment:create_environment_scripts_only(amp_viz)
[8.641s] Level 1:colcon.colcon_core.environment:checking '/home/hollis/cu/5254_final/install/amp_viz' for CMake module files
[8.642s] DEBUG:colcon.colcon_core.event_handler.log_command:Invoked command in '/home/hollis/cu/5254_final/build/amp_viz' returned '0': CMAKE_PREFIX_PATH=/home/hollis/cu/5254_final/install/amp_sim:/home/hollis/cu/5254_final/install/amp_msgs:/home/hollis/cu/5254_final/install/amp_viz:/home/hollis/cu/5254_final/install/amp_agents:/opt/ros/humble LD_LIBRARY_PATH=/home/hollis/cu/5254_final/install/amp_msgs/lib:/home/hollis/cu/5254_final/install/amp_viz/lib:/opt/ros/humble/opt/rviz_ogre_vendor/lib:/opt/ros/humble/lib/x86_64-linux-gnu:/opt/ros/humble/lib /usr/bin/cmake --install /home/hollis/cu/5254_final/build/amp_viz
[8.642s] Level 1:colcon.colcon_core.environment:checking '/home/hollis/cu/5254_final/install/amp_viz' for CMake config files
[8.642s] Level 1:colcon.colcon_core.shell:create_environment_hook('amp_viz', 'cmake_prefix_path')
[8.642s] INFO:colcon.colcon_core.shell:Creating environment hook '/home/hollis/cu/5254_final/install/amp_viz/share/amp_viz/hook/cmake_prefix_path.ps1'
[8.643s] INFO:colcon.colcon_core.shell:Creating environment descriptor '/home/hollis/cu/5254_final/install/amp_viz/share/amp_viz/hook/cmake_prefix_path.dsv'
[8.643s] INFO:colcon.colcon_core.shell:Creating environment hook '/home/hollis/cu/5254_final/install/amp_viz/share/amp_viz/hook/cmake_prefix_path.sh'
[8.643s] Level 1:colcon.colcon_core.environment:checking '/home/hollis/cu/5254_final/install/amp_viz/lib'
[8.644s] Level 1:colcon.colcon_core.shell:create_environment_hook('amp_viz', 'ld_library_path_lib')
[8.644s] INFO:colcon.colcon_core.shell:Creating environment hook '/home/hollis/cu/5254_final/install/amp_viz/share/amp_viz/hook/ld_library_path_lib.ps1'
[8.644s] INFO:colcon.colcon_core.shell:Creating environment descriptor '/home/hollis/cu/5254_final/install/amp_viz/share/amp_viz/hook/ld_library_path_lib.dsv'
[8.644s] INFO:colcon.colcon_core.shell:Creating environment hook '/home/hollis/cu/5254_final/install/amp_viz/share/amp_viz/hook/ld_library_path_lib.sh'
[8.644s] Level 1:colcon.colcon_core.environment:checking '/home/hollis/cu/5254_final/install/amp_viz/bin'
[8.645s] Level 1:colcon.colcon_core.environment:checking '/home/hollis/cu/5254_final/install/amp_viz/lib/pkgconfig/amp_viz.pc'
[8.645s] Level 1:colcon.colcon_core.environment:checking '/home/hollis/cu/5254_final/install/amp_viz/lib/python3.10/site-packages'
[8.645s] Level 1:colcon.colcon_core.environment:checking '/home/hollis/cu/5254_final/install/amp_viz/bin'
[8.645s] INFO:colcon.colcon_core.shell:Creating package script '/home/hollis/cu/5254_final/install/amp_viz/share/amp_viz/package.ps1'
[8.645s] INFO:colcon.colcon_core.shell:Creating package descriptor '/home/hollis/cu/5254_final/install/amp_viz/share/amp_viz/package.dsv'
[8.646s] INFO:colcon.colcon_core.shell:Creating package script '/home/hollis/cu/5254_final/install/amp_viz/share/amp_viz/package.sh'
[8.646s] INFO:colcon.colcon_core.shell:Creating package script '/home/hollis/cu/5254_final/install/amp_viz/share/amp_viz/package.bash'
[8.646s] INFO:colcon.colcon_core.shell:Creating package script '/home/hollis/cu/5254_final/install/amp_viz/share/amp_viz/package.zsh'
[8.646s] Level 1:colcon.colcon_core.environment:create_file_with_runtime_dependencies(/home/hollis/cu/5254_final/install/amp_viz/share/colcon-core/packages/amp_viz)
[8.647s] Level 1:colcon.colcon_core.environment:create_environment_scripts_only(amp_viz)
[8.647s] Level 1:colcon.colcon_core.environment:checking '/home/hollis/cu/5254_final/install/amp_viz' for CMake module files
[8.647s] Level 1:colcon.colcon_core.environment:checking '/home/hollis/cu/5254_final/install/amp_viz' for CMake config files
[8.648s] Level 1:colcon.colcon_core.shell:create_environment_hook('amp_viz', 'cmake_prefix_path')
[8.648s] INFO:colcon.colcon_core.shell:Creating environment hook '/home/hollis/cu/5254_final/install/amp_viz/share/amp_viz/hook/cmake_prefix_path.ps1'
[8.648s] INFO:colcon.colcon_core.shell:Creating environment descriptor '/home/hollis/cu/5254_final/install/amp_viz/share/amp_viz/hook/cmake_prefix_path.dsv'
[8.648s] INFO:colcon.colcon_core.shell:Creating environment hook '/home/hollis/cu/5254_final/install/amp_viz/share/amp_viz/hook/cmake_prefix_path.sh'
[8.648s] Level 1:colcon.colcon_core.environment:checking '/home/hollis/cu/5254_final/install/amp_viz/lib'
[8.649s] Level 1:colcon.colcon_core.shell:create_environment_hook('amp_viz', 'ld_library_path_lib')
[8.649s] INFO:colcon.colcon_core.shell:Creating environment hook '/home/hollis/cu/5254_final/install/amp_viz/share/amp_viz/hook/ld_library_path_lib.ps1'
[8.649s] INFO:colcon.colcon_core.shell:Creating environment descriptor '/home/hollis/cu/5254_final/install/amp_viz/share/amp_viz/hook/ld_library_path_lib.dsv'
[8.651s] INFO:colcon.colcon_core.shell:Creating environment hook '/home/hollis/cu/5254_final/install/amp_viz/share/amp_viz/hook/ld_library_path_lib.sh'
[8.652s] Level 1:colcon.colcon_core.environment:checking '/home/hollis/cu/5254_final/install/amp_viz/bin'
[8.652s] Level 1:colcon.colcon_core.environment:checking '/home/hollis/cu/5254_final/install/amp_viz/lib/pkgconfig/amp_viz.pc'
[8.652s] Level 1:colcon.colcon_core.environment:checking '/home/hollis/cu/5254_final/install/amp_viz/lib/python3.10/site-packages'
[8.652s] Level 1:colcon.colcon_core.environment:checking '/home/hollis/cu/5254_final/install/amp_viz/bin'
[8.652s] INFO:colcon.colcon_core.shell:Creating package script '/home/hollis/cu/5254_final/install/amp_viz/share/amp_viz/package.ps1'
[8.653s] INFO:colcon.colcon_core.shell:Creating package descriptor '/home/hollis/cu/5254_final/install/amp_viz/share/amp_viz/package.dsv'
[8.653s] INFO:colcon.colcon_core.shell:Creating package script '/home/hollis/cu/5254_final/install/amp_viz/share/amp_viz/package.sh'
[8.653s] INFO:colcon.colcon_core.shell:Creating package script '/home/hollis/cu/5254_final/install/amp_viz/share/amp_viz/package.bash'
[8.654s] INFO:colcon.colcon_core.shell:Creating package script '/home/hollis/cu/5254_final/install/amp_viz/share/amp_viz/package.zsh'
[8.654s] Level 1:colcon.colcon_core.environment:create_file_with_runtime_dependencies(/home/hollis/cu/5254_final/install/amp_viz/share/colcon-core/packages/amp_viz)
[8.655s] DEBUG:colcon.colcon_parallel_executor.executor.parallel:closing loop
[8.655s] DEBUG:colcon.colcon_parallel_executor.executor.parallel:loop closed
[8.656s] DEBUG:colcon.colcon_parallel_executor.executor.parallel:run_until_complete finished with '0'
[8.656s] DEBUG:colcon.colcon_core.event_reactor:joining thread
[8.661s] INFO:colcon.colcon_core.plugin_system:Skipping extension 'colcon_notification.desktop_notification.terminal_notifier': Not used on non-Darwin systems
[8.661s] INFO:colcon.colcon_core.plugin_system:Skipping extension 'colcon_notification.desktop_notification.win32': Not used on non-Windows systems
[8.661s] INFO:colcon.colcon_notification.desktop_notification:Sending desktop notification using 'notify2'
[8.690s] DEBUG:colcon.colcon_core.event_reactor:joined thread
[8.690s] INFO:colcon.colcon_core.shell:Creating prefix script '/home/hollis/cu/5254_final/install/local_setup.ps1'
[8.691s] INFO:colcon.colcon_core.shell:Creating prefix util module '/home/hollis/cu/5254_final/install/_local_setup_util_ps1.py'
[8.693s] INFO:colcon.colcon_core.shell:Creating prefix chain script '/home/hollis/cu/5254_final/install/setup.ps1'
[8.694s] INFO:colcon.colcon_core.shell:Creating prefix script '/home/hollis/cu/5254_final/install/local_setup.sh'
[8.695s] INFO:colcon.colcon_core.shell:Creating prefix util module '/home/hollis/cu/5254_final/install/_local_setup_util_sh.py'
[8.695s] INFO:colcon.colcon_core.shell:Creating prefix chain script '/home/hollis/cu/5254_final/install/setup.sh'
[8.696s] INFO:colcon.colcon_core.shell:Creating prefix script '/home/hollis/cu/5254_final/install/local_setup.bash'
[8.697s] INFO:colcon.colcon_core.shell:Creating prefix chain script '/home/hollis/cu/5254_final/install/setup.bash'
[8.698s] INFO:colcon.colcon_core.shell:Creating prefix script '/home/hollis/cu/5254_final/install/local_setup.zsh'
[8.699s] INFO:colcon.colcon_core.shell:Creating prefix chain script '/home/hollis/cu/5254_final/install/setup.zsh'
