[0.003s] Invoking command in '/home/hollis/cu/5254_final/build/amp_viz': CMAKE_PREFIX_PATH=/home/hollis/cu/5254_final/install/amp_sim:/home/hollis/cu/5254_final/install/amp_viz:/opt/ros/humble /usr/bin/cmake /home/hollis/cu/5254_final/src/amp_viz -DCMAKE_INSTALL_PREFIX=/home/hollis/cu/5254_final/install/amp_viz
[0.031s] -- The C compiler identification is GNU 11.4.0
[0.058s] -- The CXX compiler identification is GNU 11.4.0
[0.061s] -- Detecting C compiler ABI info
[0.094s] -- Detecting C compiler ABI info - done
[0.097s] -- Check for working C compiler: /usr/bin/cc - skipped
[0.097s] -- Detecting C compile features
[0.098s] -- Detecting C compile features - done
[0.099s] -- Detecting CXX compiler ABI info
[0.137s] -- Detecting CXX compiler ABI info - done
[0.140s] -- Check for working CXX compiler: /usr/bin/c++ - skipped
[0.140s] -- Detecting CXX compile features
[0.140s] -- Detecting CXX compile features - done
[0.142s] -- Found ament_cmake: 1.3.12 (/opt/ros/humble/share/ament_cmake/cmake)
[0.204s] -- Found Python3: /usr/bin/python3 (found version "3.10.12") found components: Interpreter 
[0.241s] -- Found rclpy: 3.3.17 (/opt/ros/humble/share/rclpy/cmake)
[0.242s] -- Found ament_lint_auto: 0.12.14 (/opt/ros/humble/share/ament_lint_auto/cmake)
[0.275s] -- Added test 'flake8' to check Python code syntax and style conventions
[0.275s] -- Added test 'lint_cmake' to check CMake code style
[0.275s] -- Added test 'pep257' to check Python code against some of the docstring style conventions in PEP 257
[0.276s] -- Added test 'xmllint' to check XML markup files
[0.276s] -- Configuring done
[0.277s] -- Generating done
[0.278s] -- Build files have been written to: /home/hollis/cu/5254_final/build/amp_viz
[0.282s] Invoked command in '/home/hollis/cu/5254_final/build/amp_viz' returned '0': CMAKE_PREFIX_PATH=/home/hollis/cu/5254_final/install/amp_sim:/home/hollis/cu/5254_final/install/amp_viz:/opt/ros/humble /usr/bin/cmake /home/hollis/cu/5254_final/src/amp_viz -DCMAKE_INSTALL_PREFIX=/home/hollis/cu/5254_final/install/amp_viz
[0.282s] Invoking command in '/home/hollis/cu/5254_final/build/amp_viz': CMAKE_PREFIX_PATH=/home/hollis/cu/5254_final/install/amp_sim:/home/hollis/cu/5254_final/install/amp_viz:/opt/ros/humble /usr/bin/cmake --build /home/hollis/cu/5254_final/build/amp_viz -- -j24 -l24
[0.300s] Invoked command in '/home/hollis/cu/5254_final/build/amp_viz' returned '0': CMAKE_PREFIX_PATH=/home/hollis/cu/5254_final/install/amp_sim:/home/hollis/cu/5254_final/install/amp_viz:/opt/ros/humble /usr/bin/cmake --build /home/hollis/cu/5254_final/build/amp_viz -- -j24 -l24
[0.300s] Invoking command in '/home/hollis/cu/5254_final/build/amp_viz': CMAKE_PREFIX_PATH=/home/hollis/cu/5254_final/install/amp_sim:/home/hollis/cu/5254_final/install/amp_viz:/opt/ros/humble /usr/bin/cmake --install /home/hollis/cu/5254_final/build/amp_viz
[0.305s] -- Install configuration: ""
[0.305s] -- Installing: /home/hollis/cu/5254_final/install/amp_viz/lib/amp_viz/marker_pub.py
[0.305s] -- Installing: /home/hollis/cu/5254_final/install/amp_viz/share/marker_pub.py
[0.305s] -- Installing: /home/hollis/cu/5254_final/install/amp_viz/share/ament_index/resource_index/package_run_dependencies/amp_viz
[0.305s] -- Installing: /home/hollis/cu/5254_final/install/amp_viz/share/ament_index/resource_index/parent_prefix_path/amp_viz
[0.305s] -- Installing: /home/hollis/cu/5254_final/install/amp_viz/share/amp_viz/environment/ament_prefix_path.sh
[0.305s] -- Installing: /home/hollis/cu/5254_final/install/amp_viz/share/amp_viz/environment/ament_prefix_path.dsv
[0.305s] -- Installing: /home/hollis/cu/5254_final/install/amp_viz/share/amp_viz/environment/path.sh
[0.305s] -- Installing: /home/hollis/cu/5254_final/install/amp_viz/share/amp_viz/environment/path.dsv
[0.305s] -- Installing: /home/hollis/cu/5254_final/install/amp_viz/share/amp_viz/local_setup.bash
[0.305s] -- Installing: /home/hollis/cu/5254_final/install/amp_viz/share/amp_viz/local_setup.sh
[0.305s] -- Installing: /home/hollis/cu/5254_final/install/amp_viz/share/amp_viz/local_setup.zsh
[0.305s] -- Installing: /home/hollis/cu/5254_final/install/amp_viz/share/amp_viz/local_setup.dsv
[0.305s] -- Installing: /home/hollis/cu/5254_final/install/amp_viz/share/amp_viz/package.dsv
[0.305s] -- Installing: /home/hollis/cu/5254_final/install/amp_viz/share/ament_index/resource_index/packages/amp_viz
[0.305s] -- Installing: /home/hollis/cu/5254_final/install/amp_viz/share/amp_viz/cmake/amp_vizConfig.cmake
[0.305s] -- Installing: /home/hollis/cu/5254_final/install/amp_viz/share/amp_viz/cmake/amp_vizConfig-version.cmake
[0.305s] -- Installing: /home/hollis/cu/5254_final/install/amp_viz/share/amp_viz/package.xml
[0.307s] Invoked command in '/home/hollis/cu/5254_final/build/amp_viz' returned '0': CMAKE_PREFIX_PATH=/home/hollis/cu/5254_final/install/amp_sim:/home/hollis/cu/5254_final/install/amp_viz:/opt/ros/humble /usr/bin/cmake --install /home/hollis/cu/5254_final/build/amp_viz
