[0.004s] Invoking command in '/home/hollis/cu/5254_final/build/amp_viz': AMENT_PREFIX_PATH=/home/hollis/cu/5254_final/install/amp_sim:${AMENT_PREFIX_PATH} CMAKE_PREFIX_PATH=/home/hollis/cu/5254_final/install/amp_sim:/opt/ros/humble /usr/bin/cmake --build /home/hollis/cu/5254_final/build/amp_viz -- -j24 -l24
[0.028s] [ 25%] [34m[1mAutomatic MOC for target template_panel[0m
[0.038s] [ 25%] Built target template_panel_autogen
[0.044s] [35m[1mConsolidate compiler generated dependencies of target template_panel[0m
[0.051s] [ 50%] [32mBuilding CXX object CMakeFiles/template_panel.dir/src/template_panel.cpp.o[0m
[0.560s] [ 75%] [32m[1mLinking CXX shared library libtemplate_panel.so[0m
[0.793s] [100%] Built target template_panel
[0.798s] Invoked command in '/home/hollis/cu/5254_final/build/amp_viz' returned '0': AMENT_PREFIX_PATH=/home/hollis/cu/5254_final/install/amp_sim:${AMENT_PREFIX_PATH} CMAKE_PREFIX_PATH=/home/hollis/cu/5254_final/install/amp_sim:/opt/ros/humble /usr/bin/cmake --build /home/hollis/cu/5254_final/build/amp_viz -- -j24 -l24
[0.800s] Invoking command in '/home/hollis/cu/5254_final/build/amp_viz': AMENT_PREFIX_PATH=/home/hollis/cu/5254_final/install/amp_sim:${AMENT_PREFIX_PATH} CMAKE_PREFIX_PATH=/home/hollis/cu/5254_final/install/amp_sim:/opt/ros/humble /usr/bin/cmake --install /home/hollis/cu/5254_final/build/amp_viz
[0.804s] -- Install configuration: ""
[0.804s] -- Installing: /home/hollis/cu/5254_final/install/amp_viz/lib/libtemplate_panel.so
[0.804s] -- Set runtime path of "/home/hollis/cu/5254_final/install/amp_viz/lib/libtemplate_panel.so" to ""
[0.805s] -- Installing: /home/hollis/cu/5254_final/install/amp_viz/include
[0.805s] -- Installing: /home/hollis/cu/5254_final/install/amp_viz/include/amp_viz
[0.805s] -- Installing: /home/hollis/cu/5254_final/install/amp_viz/include/template_panel.hpp
[0.805s] -- Installing: /home/hollis/cu/5254_final/install/amp_viz/share/amp_viz/rviz_common_plugins.xml
[0.805s] -- Up-to-date: /home/hollis/cu/5254_final/install/amp_viz/share/amp_viz/rviz_common_plugins.xml
[0.805s] -- Up-to-date: /home/hollis/cu/5254_final/install/amp_viz/lib/amp_viz/marker_pub.py
[0.806s] -- Up-to-date: /home/hollis/cu/5254_final/install/amp_viz/share/marker_pub.py
[0.806s] -- Installing: /home/hollis/cu/5254_final/install/amp_viz/share/ament_index/resource_index/package_run_dependencies/amp_viz
[0.806s] -- Installing: /home/hollis/cu/5254_final/install/amp_viz/share/ament_index/resource_index/parent_prefix_path/amp_viz
[0.806s] -- Up-to-date: /home/hollis/cu/5254_final/install/amp_viz/share/amp_viz/environment/ament_prefix_path.sh
[0.806s] -- Installing: /home/hollis/cu/5254_final/install/amp_viz/share/amp_viz/environment/ament_prefix_path.dsv
[0.806s] -- Up-to-date: /home/hollis/cu/5254_final/install/amp_viz/share/amp_viz/environment/path.sh
[0.806s] -- Installing: /home/hollis/cu/5254_final/install/amp_viz/share/amp_viz/environment/path.dsv
[0.806s] -- Up-to-date: /home/hollis/cu/5254_final/install/amp_viz/share/amp_viz/local_setup.bash
[0.806s] -- Up-to-date: /home/hollis/cu/5254_final/install/amp_viz/share/amp_viz/local_setup.sh
[0.806s] -- Up-to-date: /home/hollis/cu/5254_final/install/amp_viz/share/amp_viz/local_setup.zsh
[0.806s] -- Installing: /home/hollis/cu/5254_final/install/amp_viz/share/amp_viz/local_setup.dsv
[0.806s] -- Installing: /home/hollis/cu/5254_final/install/amp_viz/share/amp_viz/package.dsv
[0.806s] -- Up-to-date: /home/hollis/cu/5254_final/install/amp_viz/share/ament_index/resource_index/packages/amp_viz
[0.806s] -- Installing: /home/hollis/cu/5254_final/install/amp_viz/share/ament_index/resource_index/rviz_common__pluginlib__plugin/amp_viz
[0.806s] -- Installing: /home/hollis/cu/5254_final/install/amp_viz/share/amp_viz/cmake/export_template_panelExport.cmake
[0.806s] -- Installing: /home/hollis/cu/5254_final/install/amp_viz/share/amp_viz/cmake/export_template_panelExport-noconfig.cmake
[0.806s] -- Installing: /home/hollis/cu/5254_final/install/amp_viz/share/amp_viz/cmake/ament_cmake_export_include_directories-extras.cmake
[0.807s] -- Installing: /home/hollis/cu/5254_final/install/amp_viz/share/amp_viz/cmake/ament_cmake_export_targets-extras.cmake
[0.808s] -- Installing: /home/hollis/cu/5254_final/install/amp_viz/share/amp_viz/cmake/amp_vizConfig.cmake
[0.808s] -- Up-to-date: /home/hollis/cu/5254_final/install/amp_viz/share/amp_viz/cmake/amp_vizConfig-version.cmake
[0.808s] -- Installing: /home/hollis/cu/5254_final/install/amp_viz/share/amp_viz/package.xml
[0.808s] Invoked command in '/home/hollis/cu/5254_final/build/amp_viz' returned '0': AMENT_PREFIX_PATH=/home/hollis/cu/5254_final/install/amp_sim:${AMENT_PREFIX_PATH} CMAKE_PREFIX_PATH=/home/hollis/cu/5254_final/install/amp_sim:/opt/ros/humble /usr/bin/cmake --install /home/hollis/cu/5254_final/build/amp_viz
