-- The C compiler identification is GNU 11.4.0
-- The CXX compiler identification is GNU 11.4.0
-- Detecting C compiler ABI info
-- Detecting C compiler ABI info - done
-- Check for working C compiler: /usr/bin/cc - skipped
-- Detecting C compile features
-- Detecting C compile features - done
-- Detecting CXX compiler ABI info
-- Detecting CXX compiler ABI info - done
-- Check for working CXX compiler: /usr/bin/c++ - skipped
-- Detecting CXX compile features
-- Detecting CXX compile features - done
-- Found ament_cmake: 1.3.12 (/opt/ros/humble/share/ament_cmake/cmake)
-- Found Python3: /usr/bin/python3 (found version "3.10.12") found components: Interpreter 
-- Found rclcpp: 16.0.15 (/opt/ros/humble/share/rclcpp/cmake)
-- Found rosidl_generator_c: 3.1.7 (/opt/ros/humble/share/rosidl_generator_c/cmake)
-- Found rosidl_adapter: 3.1.7 (/opt/ros/humble/share/rosidl_adapter/cmake)
-- Found rosidl_generator_cpp: 3.1.7 (/opt/ros/humble/share/rosidl_generator_cpp/cmake)
-- Using all available rosidl_typesupport_c: rosidl_typesupport_fastrtps_c;rosidl_typesupport_introspection_c
-- Using all available rosidl_typesupport_cpp: rosidl_typesupport_fastrtps_cpp;rosidl_typesupport_introspection_cpp
-- Found rmw_implementation_cmake: 6.1.2 (/opt/ros/humble/share/rmw_implementation_cmake/cmake)
-- Found rmw_fastrtps_cpp: 6.2.8 (/opt/ros/humble/share/rmw_fastrtps_cpp/cmake)
-- Found OpenSSL: /usr/lib/x86_64-linux-gnu/libcrypto.so (found version "3.0.2")  
-- Found FastRTPS: /opt/ros/humble/include  
-- Using RMW implementation 'rmw_fastrtps_cpp' as default
-- Looking for pthread.h
-- Looking for pthread.h - found
-- Performing Test CMAKE_HAVE_LIBC_PTHREAD
-- Performing Test CMAKE_HAVE_LIBC_PTHREAD - Success
-- Found Threads: TRUE  
-- Found geometry_msgs: 4.9.0 (/opt/ros/humble/share/geometry_msgs/cmake)
-- Found tf2: 0.25.16 (/opt/ros/humble/share/tf2/cmake)
-- Found tf2_ros: 0.25.16 (/opt/ros/humble/share/tf2_ros/cmake)
-- Found amp_msgs: 0.0.0 (/home/hollis/cu/5254_final/install/amp_msgs/share/amp_msgs/cmake)
-- Found ament_lint_auto: 0.12.14 (/opt/ros/humble/share/ament_lint_auto/cmake)
-- Added test 'cppcheck' to perform static code analysis on C / C++ code
-- Configured cppcheck include dirs: /home/hollis/cu/5254_final/src/amp_sim/include/amp_sim
-- Configured cppcheck exclude dirs and/or files: 
-- Added test 'lint_cmake' to check CMake code style
-- Added test 'uncrustify' to check C / C++ code style
-- Configured uncrustify additional arguments: 
-- Added test 'xmllint' to check XML markup files
-- Configuring done
-- Generating done
-- Build files have been written to: /home/hollis/cu/5254_final/build/amp_sim
[ 12%] [32mBuilding CXX object CMakeFiles/dynamic_object.dir/src/dynamic_object.cpp.o[0m
[ 25%] [32m[1mLinking CXX static library libdynamic_object.a[0m
[ 25%] Built target dynamic_object
[ 37%] [32mBuilding CXX object CMakeFiles/dynamic_ball.dir/src/dynamic_ball.cpp.o[0m
[ 50%] [32mBuilding CXX object CMakeFiles/omni_agent.dir/src/omni_agent.cpp.o[0m
[ 62%] [32m[1mLinking CXX static library libomni_agent.a[0m
[ 75%] [32m[1mLinking CXX static library libdynamic_ball.a[0m
[ 75%] Built target omni_agent
[ 75%] Built target dynamic_ball
[ 87%] [32mBuilding CXX object CMakeFiles/sim_node.dir/src/run_sim.cpp.o[0m
[100%] [32m[1mLinking CXX executable sim_node[0m
[100%] Built target sim_node
-- Install configuration: ""
-- Installing: /home/hollis/cu/5254_final/install/amp_sim/lib/amp_sim/sim_node
-- Set runtime path of "/home/hollis/cu/5254_final/install/amp_sim/lib/amp_sim/sim_node" to ""
-- Installing: /home/hollis/cu/5254_final/install/amp_sim/share/ament_index/resource_index/package_run_dependencies/amp_sim
-- Installing: /home/hollis/cu/5254_final/install/amp_sim/share/ament_index/resource_index/parent_prefix_path/amp_sim
-- Installing: /home/hollis/cu/5254_final/install/amp_sim/share/amp_sim/environment/ament_prefix_path.sh
-- Installing: /home/hollis/cu/5254_final/install/amp_sim/share/amp_sim/environment/ament_prefix_path.dsv
-- Installing: /home/hollis/cu/5254_final/install/amp_sim/share/amp_sim/environment/path.sh
-- Installing: /home/hollis/cu/5254_final/install/amp_sim/share/amp_sim/environment/path.dsv
-- Installing: /home/hollis/cu/5254_final/install/amp_sim/share/amp_sim/local_setup.bash
-- Installing: /home/hollis/cu/5254_final/install/amp_sim/share/amp_sim/local_setup.sh
-- Installing: /home/hollis/cu/5254_final/install/amp_sim/share/amp_sim/local_setup.zsh
-- Installing: /home/hollis/cu/5254_final/install/amp_sim/share/amp_sim/local_setup.dsv
-- Installing: /home/hollis/cu/5254_final/install/amp_sim/share/amp_sim/package.dsv
-- Installing: /home/hollis/cu/5254_final/install/amp_sim/share/ament_index/resource_index/packages/amp_sim
-- Installing: /home/hollis/cu/5254_final/install/amp_sim/share/amp_sim/cmake/amp_simConfig.cmake
-- Installing: /home/hollis/cu/5254_final/install/amp_sim/share/amp_sim/cmake/amp_simConfig-version.cmake
-- Installing: /home/hollis/cu/5254_final/install/amp_sim/share/amp_sim/package.xml
