[0.011s] Invoking command in '/home/hollis/cu/5254_final/build/amp_msgs': CMAKE_PREFIX_PATH=${CMAKE_PREFIX_PATH}:/opt/ros/humble /usr/bin/cmake /home/hollis/cu/5254_final/src/amp_msgs -DCMAKE_INSTALL_PREFIX=/home/hollis/cu/5254_final/install/amp_msgs
[0.127s] -- The C compiler identification is GNU 11.4.0
[0.191s] -- The CXX compiler identification is GNU 11.4.0
[0.201s] -- Detecting C compiler ABI info
[0.280s] -- Detecting C compiler ABI info - done
[0.287s] -- Check for working C compiler: /usr/bin/cc - skipped
[0.289s] -- Detecting C compile features
[0.291s] -- Detecting C compile features - done
[0.294s] -- Detecting CXX compiler ABI info
[0.384s] -- Detecting CXX compiler ABI info - done
[0.389s] -- Check for working CXX compiler: /usr/bin/c++ - skipped
[0.389s] -- Detecting CXX compile features
[0.390s] -- Detecting CXX compile features - done
[0.394s] -- Found ament_cmake: 1.3.12 (/opt/ros/humble/share/ament_cmake/cmake)
[0.554s] -- Found Python3: /usr/bin/python3 (found version "3.10.12") found components: Interpreter 
[0.632s] -- Found rosidl_default_generators: 1.2.0 (/opt/ros/humble/share/rosidl_default_generators/cmake)
[0.634s] -- Using all available rosidl_typesupport_c: rosidl_typesupport_fastrtps_c;rosidl_typesupport_introspection_c
[0.639s] -- Found rosidl_adapter: 3.1.7 (/opt/ros/humble/share/rosidl_adapter/cmake)
[0.669s] -- Using all available rosidl_typesupport_cpp: rosidl_typesupport_fastrtps_cpp;rosidl_typesupport_introspection_cpp
[0.952s] -- Found ament_cmake_ros: 0.10.0 (/opt/ros/humble/share/ament_cmake_ros/cmake)
[1.137s] -- Using all available rosidl_typesupport_c: rosidl_typesupport_fastrtps_c;rosidl_typesupport_introspection_c
[1.353s] -- Using all available rosidl_typesupport_cpp: rosidl_typesupport_fastrtps_cpp;rosidl_typesupport_introspection_cpp
[1.373s] -- Found PythonInterp: /usr/bin/python3 (found suitable version "3.10.12", minimum required is "3.6") 
[1.375s] -- Found python_cmake_module: 0.10.0 (/opt/ros/humble/share/python_cmake_module/cmake)
[1.401s] -- Found PythonLibs: /usr/lib/x86_64-linux-gnu/libpython3.10.so (found suitable version "3.10.12", minimum required is "3.5") 
[1.401s] -- Using PYTHON_EXECUTABLE: /usr/bin/python3
[1.401s] -- Using PYTHON_INCLUDE_DIRS: /usr/include/python3.10
[1.401s] -- Using PYTHON_LIBRARIES: /usr/lib/x86_64-linux-gnu/libpython3.10.so
[1.418s] -- Found PythonExtra: .so  
[1.454s] -- Found ament_lint_auto: 0.12.14 (/opt/ros/humble/share/ament_lint_auto/cmake)
[1.474s] -- Added test 'lint_cmake' to check CMake code style
[1.474s] -- Added test 'xmllint' to check XML markup files
[1.475s] -- Configuring done
[1.500s] -- Generating done
[1.507s] -- Build files have been written to: /home/hollis/cu/5254_final/build/amp_msgs
[1.515s] Invoked command in '/home/hollis/cu/5254_final/build/amp_msgs' returned '0': CMAKE_PREFIX_PATH=${CMAKE_PREFIX_PATH}:/opt/ros/humble /usr/bin/cmake /home/hollis/cu/5254_final/src/amp_msgs -DCMAKE_INSTALL_PREFIX=/home/hollis/cu/5254_final/install/amp_msgs
[1.520s] Invoking command in '/home/hollis/cu/5254_final/build/amp_msgs': CMAKE_PREFIX_PATH=${CMAKE_PREFIX_PATH}:/opt/ros/humble /usr/bin/cmake --build /home/hollis/cu/5254_final/build/amp_msgs -- -j24 -l24
[1.574s] [  2%] [34m[1mGenerating C code for ROS interfaces[0m
[1.590s] [  4%] [34m[1mGenerating C++ code for ROS interfaces[0m
[1.592s] [  4%] Built target ament_cmake_python_copy_amp_msgs
[1.791s] running egg_info
[1.791s] creating amp_msgs.egg-info
[1.791s] writing amp_msgs.egg-info/PKG-INFO
[1.791s] writing dependency_links to amp_msgs.egg-info/dependency_links.txt
[1.791s] writing top-level names to amp_msgs.egg-info/top_level.txt
[1.791s] writing manifest file 'amp_msgs.egg-info/SOURCES.txt'
[1.796s] reading manifest file 'amp_msgs.egg-info/SOURCES.txt'
[1.796s] writing manifest file 'amp_msgs.egg-info/SOURCES.txt'
[1.824s] [  4%] Built target ament_cmake_python_build_amp_msgs_egg
[1.893s] [  8%] [32mBuilding C object CMakeFiles/amp_msgs__rosidl_generator_c.dir/rosidl_generator_c/amp_msgs/msg/detail/set_pose__functions.c.o[0m
[1.894s] [  8%] [32mBuilding C object CMakeFiles/amp_msgs__rosidl_generator_c.dir/rosidl_generator_c/amp_msgs/msg/detail/launch_ball__functions.c.o[0m
[1.894s] [ 10%] [32mBuilding C object CMakeFiles/amp_msgs__rosidl_generator_c.dir/rosidl_generator_c/amp_msgs/msg/detail/agent_control__functions.c.o[0m
[1.898s] [ 10%] Built target amp_msgs__cpp
[1.909s] [ 12%] [34m[1mGenerating C++ type support dispatch for ROS interfaces[0m
[1.909s] [ 14%] [34m[1mGenerating C++ type support for eProsima Fast-RTPS[0m
[1.913s] [ 17%] [34m[1mGenerating C++ introspection for ROS interfaces[0m
[1.946s] [ 19%] [32m[1mLinking C shared library libamp_msgs__rosidl_generator_c.so[0m
[1.992s] [ 19%] Built target amp_msgs__rosidl_generator_c
[2.005s] [ 21%] [34m[1mGenerating C introspection for ROS interfaces[0m
[2.006s] [ 23%] [34m[1mGenerating C type support dispatch for ROS interfaces[0m
[2.006s] [ 25%] [34m[1mGenerating C type support for eProsima Fast-RTPS[0m
[2.154s] [ 29%] [32mBuilding CXX object CMakeFiles/amp_msgs__rosidl_typesupport_cpp.dir/rosidl_typesupport_cpp/amp_msgs/msg/agent_control__type_support.cpp.o[0m
[2.154s] [ 29%] [32mBuilding CXX object CMakeFiles/amp_msgs__rosidl_typesupport_cpp.dir/rosidl_typesupport_cpp/amp_msgs/msg/launch_ball__type_support.cpp.o[0m
[2.156s] [ 31%] [32mBuilding CXX object CMakeFiles/amp_msgs__rosidl_typesupport_cpp.dir/rosidl_typesupport_cpp/amp_msgs/msg/set_pose__type_support.cpp.o[0m
[2.174s] [ 34%] [32mBuilding CXX object CMakeFiles/amp_msgs__rosidl_typesupport_fastrtps_cpp.dir/rosidl_typesupport_fastrtps_cpp/amp_msgs/msg/detail/dds_fastrtps/agent_control__type_support.cpp.o[0m
[2.177s] [ 36%] [32mBuilding CXX object CMakeFiles/amp_msgs__rosidl_typesupport_introspection_cpp.dir/rosidl_typesupport_introspection_cpp/amp_msgs/msg/detail/agent_control__type_support.cpp.o[0m
[2.177s] [ 38%] [32mBuilding CXX object CMakeFiles/amp_msgs__rosidl_typesupport_introspection_cpp.dir/rosidl_typesupport_introspection_cpp/amp_msgs/msg/detail/set_pose__type_support.cpp.o[0m
[2.178s] [ 40%] [32mBuilding CXX object CMakeFiles/amp_msgs__rosidl_typesupport_introspection_cpp.dir/rosidl_typesupport_introspection_cpp/amp_msgs/msg/detail/launch_ball__type_support.cpp.o[0m
[2.178s] [ 44%] [32mBuilding CXX object CMakeFiles/amp_msgs__rosidl_typesupport_fastrtps_cpp.dir/rosidl_typesupport_fastrtps_cpp/amp_msgs/msg/detail/dds_fastrtps/set_pose__type_support.cpp.o[0m
[2.179s] [ 44%] [32mBuilding CXX object CMakeFiles/amp_msgs__rosidl_typesupport_fastrtps_cpp.dir/rosidl_typesupport_fastrtps_cpp/amp_msgs/msg/detail/dds_fastrtps/launch_ball__type_support.cpp.o[0m
[2.273s] [ 48%] [32mBuilding C object CMakeFiles/amp_msgs__rosidl_typesupport_introspection_c.dir/rosidl_typesupport_introspection_c/amp_msgs/msg/detail/agent_control__type_support.c.o[0m
[2.274s] [ 48%] [32mBuilding C object CMakeFiles/amp_msgs__rosidl_typesupport_introspection_c.dir/rosidl_typesupport_introspection_c/amp_msgs/msg/detail/launch_ball__type_support.c.o[0m
[2.276s] [ 51%] [32mBuilding C object CMakeFiles/amp_msgs__rosidl_typesupport_introspection_c.dir/rosidl_typesupport_introspection_c/amp_msgs/msg/detail/set_pose__type_support.c.o[0m
[2.289s] [ 53%] [32mBuilding CXX object CMakeFiles/amp_msgs__rosidl_typesupport_fastrtps_c.dir/rosidl_typesupport_fastrtps_c/amp_msgs/msg/detail/agent_control__type_support_c.cpp.o[0m
[2.289s] [ 55%] [32mBuilding CXX object CMakeFiles/amp_msgs__rosidl_typesupport_fastrtps_c.dir/rosidl_typesupport_fastrtps_c/amp_msgs/msg/detail/launch_ball__type_support_c.cpp.o[0m
[2.291s] [ 57%] [32mBuilding CXX object CMakeFiles/amp_msgs__rosidl_typesupport_fastrtps_c.dir/rosidl_typesupport_fastrtps_c/amp_msgs/msg/detail/set_pose__type_support_c.cpp.o[0m
[2.302s] [ 59%] [32mBuilding CXX object CMakeFiles/amp_msgs__rosidl_typesupport_c.dir/rosidl_typesupport_c/amp_msgs/msg/launch_ball__type_support.cpp.o[0m
[2.304s] [ 61%] [32mBuilding CXX object CMakeFiles/amp_msgs__rosidl_typesupport_c.dir/rosidl_typesupport_c/amp_msgs/msg/set_pose__type_support.cpp.o[0m
[2.304s] [ 63%] [32mBuilding CXX object CMakeFiles/amp_msgs__rosidl_typesupport_c.dir/rosidl_typesupport_c/amp_msgs/msg/agent_control__type_support.cpp.o[0m
[2.317s] [ 65%] [32m[1mLinking C shared library libamp_msgs__rosidl_typesupport_introspection_c.so[0m
[2.343s] [ 68%] [32m[1mLinking CXX shared library libamp_msgs__rosidl_typesupport_c.so[0m
[2.360s] [ 68%] Built target amp_msgs__rosidl_typesupport_introspection_c
[2.412s] [ 68%] Built target amp_msgs__rosidl_typesupport_c
[2.526s] [ 70%] [32m[1mLinking CXX shared library libamp_msgs__rosidl_typesupport_cpp.so[0m
[2.579s] [ 70%] Built target amp_msgs__rosidl_typesupport_cpp
[2.599s] [ 72%] [32m[1mLinking CXX shared library libamp_msgs__rosidl_typesupport_introspection_cpp.so[0m
[2.603s] [ 74%] [32m[1mLinking CXX shared library libamp_msgs__rosidl_typesupport_fastrtps_cpp.so[0m
[2.641s] [ 74%] Built target amp_msgs__rosidl_typesupport_introspection_cpp
[2.652s] [ 76%] [32m[1mLinking CXX shared library libamp_msgs__rosidl_typesupport_fastrtps_c.so[0m
[2.688s] [ 76%] Built target amp_msgs__rosidl_typesupport_fastrtps_cpp
[2.738s] [ 76%] Built target amp_msgs__rosidl_typesupport_fastrtps_c
[2.765s] [ 76%] Built target amp_msgs
[2.790s] [ 78%] [34m[1mGenerating Python code for ROS interfaces[0m
[3.161s] [ 78%] Built target amp_msgs__py
[3.188s] [ 80%] [32mBuilding C object CMakeFiles/amp_msgs__rosidl_generator_py.dir/rosidl_generator_py/amp_msgs/msg/_agent_control_s.c.o[0m
[3.188s] [ 82%] [32mBuilding C object CMakeFiles/amp_msgs__rosidl_generator_py.dir/rosidl_generator_py/amp_msgs/msg/_launch_ball_s.c.o[0m
[3.188s] [ 85%] [32mBuilding C object CMakeFiles/amp_msgs__rosidl_generator_py.dir/rosidl_generator_py/amp_msgs/msg/_set_pose_s.c.o[0m
[3.301s] [ 87%] [32m[1mLinking C shared library rosidl_generator_py/amp_msgs/libamp_msgs__rosidl_generator_py.so[0m
[3.346s] [ 87%] Built target amp_msgs__rosidl_generator_py
[3.371s] [ 89%] [32mBuilding C object CMakeFiles/amp_msgs__rosidl_typesupport_introspection_c__pyext.dir/rosidl_generator_py/amp_msgs/_amp_msgs_s.ep.rosidl_typesupport_introspection_c.c.o[0m
[3.373s] [ 91%] [32mBuilding C object CMakeFiles/amp_msgs__rosidl_typesupport_fastrtps_c__pyext.dir/rosidl_generator_py/amp_msgs/_amp_msgs_s.ep.rosidl_typesupport_fastrtps_c.c.o[0m
[3.374s] [ 93%] [32mBuilding C object CMakeFiles/amp_msgs__rosidl_typesupport_c__pyext.dir/rosidl_generator_py/amp_msgs/_amp_msgs_s.ep.rosidl_typesupport_c.c.o[0m
[3.466s] [ 97%] [32m[1mLinking C shared library rosidl_generator_py/amp_msgs/amp_msgs_s__rosidl_typesupport_fastrtps_c.cpython-310-x86_64-linux-gnu.so[0m
[3.467s] [ 97%] [32m[1mLinking C shared library rosidl_generator_py/amp_msgs/amp_msgs_s__rosidl_typesupport_introspection_c.cpython-310-x86_64-linux-gnu.so[0m
[3.469s] [100%] [32m[1mLinking C shared library rosidl_generator_py/amp_msgs/amp_msgs_s__rosidl_typesupport_c.cpython-310-x86_64-linux-gnu.so[0m
[3.499s] [100%] Built target amp_msgs__rosidl_typesupport_introspection_c__pyext
[3.503s] [100%] Built target amp_msgs__rosidl_typesupport_c__pyext
[3.503s] [100%] Built target amp_msgs__rosidl_typesupport_fastrtps_c__pyext
[3.517s] Invoked command in '/home/hollis/cu/5254_final/build/amp_msgs' returned '0': CMAKE_PREFIX_PATH=${CMAKE_PREFIX_PATH}:/opt/ros/humble /usr/bin/cmake --build /home/hollis/cu/5254_final/build/amp_msgs -- -j24 -l24
[3.528s] Invoking command in '/home/hollis/cu/5254_final/build/amp_msgs': CMAKE_PREFIX_PATH=${CMAKE_PREFIX_PATH}:/opt/ros/humble /usr/bin/cmake --install /home/hollis/cu/5254_final/build/amp_msgs
[3.536s] -- Install configuration: ""
[3.536s] -- Installing: /home/hollis/cu/5254_final/install/amp_msgs/share/ament_index/resource_index/rosidl_interfaces/amp_msgs
[3.537s] -- Installing: /home/hollis/cu/5254_final/install/amp_msgs/include/amp_msgs/amp_msgs
[3.537s] -- Installing: /home/hollis/cu/5254_final/install/amp_msgs/include/amp_msgs/amp_msgs/msg
[3.537s] -- Installing: /home/hollis/cu/5254_final/install/amp_msgs/include/amp_msgs/amp_msgs/msg/agent_control.h
[3.537s] -- Installing: /home/hollis/cu/5254_final/install/amp_msgs/include/amp_msgs/amp_msgs/msg/rosidl_generator_c__visibility_control.h
[3.537s] -- Installing: /home/hollis/cu/5254_final/install/amp_msgs/include/amp_msgs/amp_msgs/msg/detail
[3.537s] -- Installing: /home/hollis/cu/5254_final/install/amp_msgs/include/amp_msgs/amp_msgs/msg/detail/agent_control__functions.h
[3.537s] -- Installing: /home/hollis/cu/5254_final/install/amp_msgs/include/amp_msgs/amp_msgs/msg/detail/agent_control__struct.h
[3.538s] -- Installing: /home/hollis/cu/5254_final/install/amp_msgs/include/amp_msgs/amp_msgs/msg/detail/set_pose__functions.c
[3.538s] -- Installing: /home/hollis/cu/5254_final/install/amp_msgs/include/amp_msgs/amp_msgs/msg/detail/set_pose__struct.h
[3.538s] -- Installing: /home/hollis/cu/5254_final/install/amp_msgs/include/amp_msgs/amp_msgs/msg/detail/launch_ball__struct.h
[3.538s] -- Installing: /home/hollis/cu/5254_final/install/amp_msgs/include/amp_msgs/amp_msgs/msg/detail/agent_control__type_support.h
[3.538s] -- Installing: /home/hollis/cu/5254_final/install/amp_msgs/include/amp_msgs/amp_msgs/msg/detail/agent_control__functions.c
[3.538s] -- Installing: /home/hollis/cu/5254_final/install/amp_msgs/include/amp_msgs/amp_msgs/msg/detail/set_pose__type_support.h
[3.538s] -- Installing: /home/hollis/cu/5254_final/install/amp_msgs/include/amp_msgs/amp_msgs/msg/detail/launch_ball__functions.h
[3.538s] -- Installing: /home/hollis/cu/5254_final/install/amp_msgs/include/amp_msgs/amp_msgs/msg/detail/launch_ball__type_support.h
[3.538s] -- Installing: /home/hollis/cu/5254_final/install/amp_msgs/include/amp_msgs/amp_msgs/msg/detail/set_pose__functions.h
[3.538s] -- Installing: /home/hollis/cu/5254_final/install/amp_msgs/include/amp_msgs/amp_msgs/msg/detail/launch_ball__functions.c
[3.538s] -- Installing: /home/hollis/cu/5254_final/install/amp_msgs/include/amp_msgs/amp_msgs/msg/set_pose.h
[3.538s] -- Installing: /home/hollis/cu/5254_final/install/amp_msgs/include/amp_msgs/amp_msgs/msg/launch_ball.h
[3.538s] -- Installing: /home/hollis/cu/5254_final/install/amp_msgs/share/amp_msgs/environment/library_path.sh
[3.538s] -- Installing: /home/hollis/cu/5254_final/install/amp_msgs/share/amp_msgs/environment/library_path.dsv
[3.538s] -- Installing: /home/hollis/cu/5254_final/install/amp_msgs/lib/libamp_msgs__rosidl_generator_c.so
[3.538s] -- Set runtime path of "/home/hollis/cu/5254_final/install/amp_msgs/lib/libamp_msgs__rosidl_generator_c.so" to ""
[3.538s] -- Up-to-date: /home/hollis/cu/5254_final/install/amp_msgs/include/amp_msgs/amp_msgs
[3.538s] -- Up-to-date: /home/hollis/cu/5254_final/install/amp_msgs/include/amp_msgs/amp_msgs/msg
[3.538s] -- Installing: /home/hollis/cu/5254_final/install/amp_msgs/include/amp_msgs/amp_msgs/msg/rosidl_typesupport_fastrtps_c__visibility_control.h
[3.538s] -- Up-to-date: /home/hollis/cu/5254_final/install/amp_msgs/include/amp_msgs/amp_msgs/msg/detail
[3.538s] -- Installing: /home/hollis/cu/5254_final/install/amp_msgs/include/amp_msgs/amp_msgs/msg/detail/launch_ball__rosidl_typesupport_fastrtps_c.h
[3.538s] -- Installing: /home/hollis/cu/5254_final/install/amp_msgs/include/amp_msgs/amp_msgs/msg/detail/set_pose__rosidl_typesupport_fastrtps_c.h
[3.538s] -- Installing: /home/hollis/cu/5254_final/install/amp_msgs/include/amp_msgs/amp_msgs/msg/detail/agent_control__rosidl_typesupport_fastrtps_c.h
[3.539s] -- Installing: /home/hollis/cu/5254_final/install/amp_msgs/lib/libamp_msgs__rosidl_typesupport_fastrtps_c.so
[3.539s] -- Set runtime path of "/home/hollis/cu/5254_final/install/amp_msgs/lib/libamp_msgs__rosidl_typesupport_fastrtps_c.so" to ""
[3.539s] -- Up-to-date: /home/hollis/cu/5254_final/install/amp_msgs/include/amp_msgs/amp_msgs
[3.539s] -- Up-to-date: /home/hollis/cu/5254_final/install/amp_msgs/include/amp_msgs/amp_msgs/msg
[3.539s] -- Up-to-date: /home/hollis/cu/5254_final/install/amp_msgs/include/amp_msgs/amp_msgs/msg/detail
[3.539s] -- Installing: /home/hollis/cu/5254_final/install/amp_msgs/include/amp_msgs/amp_msgs/msg/detail/set_pose__rosidl_typesupport_introspection_c.h
[3.539s] -- Installing: /home/hollis/cu/5254_final/install/amp_msgs/include/amp_msgs/amp_msgs/msg/detail/set_pose__type_support.c
[3.539s] -- Installing: /home/hollis/cu/5254_final/install/amp_msgs/include/amp_msgs/amp_msgs/msg/detail/launch_ball__type_support.c
[3.539s] -- Installing: /home/hollis/cu/5254_final/install/amp_msgs/include/amp_msgs/amp_msgs/msg/detail/agent_control__type_support.c
[3.539s] -- Installing: /home/hollis/cu/5254_final/install/amp_msgs/include/amp_msgs/amp_msgs/msg/detail/agent_control__rosidl_typesupport_introspection_c.h
[3.539s] -- Installing: /home/hollis/cu/5254_final/install/amp_msgs/include/amp_msgs/amp_msgs/msg/detail/launch_ball__rosidl_typesupport_introspection_c.h
[3.539s] -- Installing: /home/hollis/cu/5254_final/install/amp_msgs/include/amp_msgs/amp_msgs/msg/rosidl_typesupport_introspection_c__visibility_control.h
[3.539s] -- Installing: /home/hollis/cu/5254_final/install/amp_msgs/lib/libamp_msgs__rosidl_typesupport_introspection_c.so
[3.539s] -- Set runtime path of "/home/hollis/cu/5254_final/install/amp_msgs/lib/libamp_msgs__rosidl_typesupport_introspection_c.so" to ""
[3.539s] -- Installing: /home/hollis/cu/5254_final/install/amp_msgs/lib/libamp_msgs__rosidl_typesupport_c.so
[3.539s] -- Set runtime path of "/home/hollis/cu/5254_final/install/amp_msgs/lib/libamp_msgs__rosidl_typesupport_c.so" to ""
[3.539s] -- Up-to-date: /home/hollis/cu/5254_final/install/amp_msgs/include/amp_msgs/amp_msgs
[3.539s] -- Up-to-date: /home/hollis/cu/5254_final/install/amp_msgs/include/amp_msgs/amp_msgs/msg
[3.539s] -- Installing: /home/hollis/cu/5254_final/install/amp_msgs/include/amp_msgs/amp_msgs/msg/agent_control.hpp
[3.539s] -- Installing: /home/hollis/cu/5254_final/install/amp_msgs/include/amp_msgs/amp_msgs/msg/rosidl_generator_cpp__visibility_control.hpp
[3.539s] -- Installing: /home/hollis/cu/5254_final/install/amp_msgs/include/amp_msgs/amp_msgs/msg/set_pose.hpp
[3.540s] -- Installing: /home/hollis/cu/5254_final/install/amp_msgs/include/amp_msgs/amp_msgs/msg/launch_ball.hpp
[3.540s] -- Up-to-date: /home/hollis/cu/5254_final/install/amp_msgs/include/amp_msgs/amp_msgs/msg/detail
[3.540s] -- Installing: /home/hollis/cu/5254_final/install/amp_msgs/include/amp_msgs/amp_msgs/msg/detail/launch_ball__struct.hpp
[3.540s] -- Installing: /home/hollis/cu/5254_final/install/amp_msgs/include/amp_msgs/amp_msgs/msg/detail/launch_ball__builder.hpp
[3.540s] -- Installing: /home/hollis/cu/5254_final/install/amp_msgs/include/amp_msgs/amp_msgs/msg/detail/agent_control__traits.hpp
[3.540s] -- Installing: /home/hollis/cu/5254_final/install/amp_msgs/include/amp_msgs/amp_msgs/msg/detail/set_pose__struct.hpp
[3.540s] -- Installing: /home/hollis/cu/5254_final/install/amp_msgs/include/amp_msgs/amp_msgs/msg/detail/launch_ball__type_support.hpp
[3.540s] -- Installing: /home/hollis/cu/5254_final/install/amp_msgs/include/amp_msgs/amp_msgs/msg/detail/set_pose__type_support.hpp
[3.540s] -- Installing: /home/hollis/cu/5254_final/install/amp_msgs/include/amp_msgs/amp_msgs/msg/detail/launch_ball__traits.hpp
[3.540s] -- Installing: /home/hollis/cu/5254_final/install/amp_msgs/include/amp_msgs/amp_msgs/msg/detail/set_pose__traits.hpp
[3.540s] -- Installing: /home/hollis/cu/5254_final/install/amp_msgs/include/amp_msgs/amp_msgs/msg/detail/agent_control__struct.hpp
[3.540s] -- Installing: /home/hollis/cu/5254_final/install/amp_msgs/include/amp_msgs/amp_msgs/msg/detail/set_pose__builder.hpp
[3.540s] -- Installing: /home/hollis/cu/5254_final/install/amp_msgs/include/amp_msgs/amp_msgs/msg/detail/agent_control__builder.hpp
[3.540s] -- Installing: /home/hollis/cu/5254_final/install/amp_msgs/include/amp_msgs/amp_msgs/msg/detail/agent_control__type_support.hpp
[3.540s] -- Up-to-date: /home/hollis/cu/5254_final/install/amp_msgs/include/amp_msgs/amp_msgs
[3.540s] -- Up-to-date: /home/hollis/cu/5254_final/install/amp_msgs/include/amp_msgs/amp_msgs/msg
[3.540s] -- Installing: /home/hollis/cu/5254_final/install/amp_msgs/include/amp_msgs/amp_msgs/msg/rosidl_typesupport_fastrtps_cpp__visibility_control.h
[3.540s] -- Up-to-date: /home/hollis/cu/5254_final/install/amp_msgs/include/amp_msgs/amp_msgs/msg/detail
[3.540s] -- Installing: /home/hollis/cu/5254_final/install/amp_msgs/include/amp_msgs/amp_msgs/msg/detail/dds_fastrtps
[3.541s] -- Installing: /home/hollis/cu/5254_final/install/amp_msgs/include/amp_msgs/amp_msgs/msg/detail/agent_control__rosidl_typesupport_fastrtps_cpp.hpp
[3.541s] -- Installing: /home/hollis/cu/5254_final/install/amp_msgs/include/amp_msgs/amp_msgs/msg/detail/launch_ball__rosidl_typesupport_fastrtps_cpp.hpp
[3.541s] -- Installing: /home/hollis/cu/5254_final/install/amp_msgs/include/amp_msgs/amp_msgs/msg/detail/set_pose__rosidl_typesupport_fastrtps_cpp.hpp
[3.541s] -- Installing: /home/hollis/cu/5254_final/install/amp_msgs/lib/libamp_msgs__rosidl_typesupport_fastrtps_cpp.so
[3.541s] -- Set runtime path of "/home/hollis/cu/5254_final/install/amp_msgs/lib/libamp_msgs__rosidl_typesupport_fastrtps_cpp.so" to ""
[3.541s] -- Up-to-date: /home/hollis/cu/5254_final/install/amp_msgs/include/amp_msgs/amp_msgs
[3.541s] -- Up-to-date: /home/hollis/cu/5254_final/install/amp_msgs/include/amp_msgs/amp_msgs/msg
[3.541s] -- Up-to-date: /home/hollis/cu/5254_final/install/amp_msgs/include/amp_msgs/amp_msgs/msg/detail
[3.541s] -- Installing: /home/hollis/cu/5254_final/install/amp_msgs/include/amp_msgs/amp_msgs/msg/detail/launch_ball__rosidl_typesupport_introspection_cpp.hpp
[3.542s] -- Installing: /home/hollis/cu/5254_final/install/amp_msgs/include/amp_msgs/amp_msgs/msg/detail/launch_ball__type_support.cpp
[3.542s] -- Installing: /home/hollis/cu/5254_final/install/amp_msgs/include/amp_msgs/amp_msgs/msg/detail/set_pose__type_support.cpp
[3.542s] -- Installing: /home/hollis/cu/5254_final/install/amp_msgs/include/amp_msgs/amp_msgs/msg/detail/agent_control__rosidl_typesupport_introspection_cpp.hpp
[3.543s] -- Installing: /home/hollis/cu/5254_final/install/amp_msgs/include/amp_msgs/amp_msgs/msg/detail/agent_control__type_support.cpp
[3.543s] -- Installing: /home/hollis/cu/5254_final/install/amp_msgs/include/amp_msgs/amp_msgs/msg/detail/set_pose__rosidl_typesupport_introspection_cpp.hpp
[3.543s] -- Installing: /home/hollis/cu/5254_final/install/amp_msgs/lib/libamp_msgs__rosidl_typesupport_introspection_cpp.so
[3.543s] -- Set runtime path of "/home/hollis/cu/5254_final/install/amp_msgs/lib/libamp_msgs__rosidl_typesupport_introspection_cpp.so" to ""
[3.543s] -- Installing: /home/hollis/cu/5254_final/install/amp_msgs/lib/libamp_msgs__rosidl_typesupport_cpp.so
[3.543s] -- Set runtime path of "/home/hollis/cu/5254_final/install/amp_msgs/lib/libamp_msgs__rosidl_typesupport_cpp.so" to ""
[3.543s] -- Installing: /home/hollis/cu/5254_final/install/amp_msgs/share/amp_msgs/environment/pythonpath.sh
[3.543s] -- Installing: /home/hollis/cu/5254_final/install/amp_msgs/share/amp_msgs/environment/pythonpath.dsv
[3.543s] -- Installing: /home/hollis/cu/5254_final/install/amp_msgs/local/lib/python3.10/dist-packages/amp_msgs-0.0.0-py3.10.egg-info
[3.543s] -- Installing: /home/hollis/cu/5254_final/install/amp_msgs/local/lib/python3.10/dist-packages/amp_msgs-0.0.0-py3.10.egg-info/PKG-INFO
[3.543s] -- Installing: /home/hollis/cu/5254_final/install/amp_msgs/local/lib/python3.10/dist-packages/amp_msgs-0.0.0-py3.10.egg-info/SOURCES.txt
[3.543s] -- Installing: /home/hollis/cu/5254_final/install/amp_msgs/local/lib/python3.10/dist-packages/amp_msgs-0.0.0-py3.10.egg-info/dependency_links.txt
[3.543s] -- Installing: /home/hollis/cu/5254_final/install/amp_msgs/local/lib/python3.10/dist-packages/amp_msgs-0.0.0-py3.10.egg-info/top_level.txt
[3.543s] -- Installing: /home/hollis/cu/5254_final/install/amp_msgs/local/lib/python3.10/dist-packages/amp_msgs
[3.544s] -- Installing: /home/hollis/cu/5254_final/install/amp_msgs/local/lib/python3.10/dist-packages/amp_msgs/amp_msgs_s__rosidl_typesupport_fastrtps_c.cpython-310-x86_64-linux-gnu.so
[3.544s] -- Installing: /home/hollis/cu/5254_final/install/amp_msgs/local/lib/python3.10/dist-packages/amp_msgs/_amp_msgs_s.ep.rosidl_typesupport_fastrtps_c.c
[3.544s] -- Installing: /home/hollis/cu/5254_final/install/amp_msgs/local/lib/python3.10/dist-packages/amp_msgs/_amp_msgs_s.ep.rosidl_typesupport_c.c
[3.544s] -- Installing: /home/hollis/cu/5254_final/install/amp_msgs/local/lib/python3.10/dist-packages/amp_msgs/amp_msgs_s__rosidl_typesupport_c.cpython-310-x86_64-linux-gnu.so
[3.544s] -- Installing: /home/hollis/cu/5254_final/install/amp_msgs/local/lib/python3.10/dist-packages/amp_msgs/__init__.py
[3.544s] -- Installing: /home/hollis/cu/5254_final/install/amp_msgs/local/lib/python3.10/dist-packages/amp_msgs/libamp_msgs__rosidl_generator_py.so
[3.544s] -- Installing: /home/hollis/cu/5254_final/install/amp_msgs/local/lib/python3.10/dist-packages/amp_msgs/amp_msgs_s__rosidl_typesupport_introspection_c.cpython-310-x86_64-linux-gnu.so
[3.544s] -- Installing: /home/hollis/cu/5254_final/install/amp_msgs/local/lib/python3.10/dist-packages/amp_msgs/msg
[3.544s] -- Installing: /home/hollis/cu/5254_final/install/amp_msgs/local/lib/python3.10/dist-packages/amp_msgs/msg/_agent_control_s.c
[3.544s] -- Installing: /home/hollis/cu/5254_final/install/amp_msgs/local/lib/python3.10/dist-packages/amp_msgs/msg/_launch_ball_s.c
[3.544s] -- Installing: /home/hollis/cu/5254_final/install/amp_msgs/local/lib/python3.10/dist-packages/amp_msgs/msg/_set_pose_s.c
[3.544s] -- Installing: /home/hollis/cu/5254_final/install/amp_msgs/local/lib/python3.10/dist-packages/amp_msgs/msg/__init__.py
[3.544s] -- Installing: /home/hollis/cu/5254_final/install/amp_msgs/local/lib/python3.10/dist-packages/amp_msgs/msg/_launch_ball.py
[3.544s] -- Installing: /home/hollis/cu/5254_final/install/amp_msgs/local/lib/python3.10/dist-packages/amp_msgs/msg/_set_pose.py
[3.544s] -- Installing: /home/hollis/cu/5254_final/install/amp_msgs/local/lib/python3.10/dist-packages/amp_msgs/msg/_agent_control.py
[3.544s] -- Installing: /home/hollis/cu/5254_final/install/amp_msgs/local/lib/python3.10/dist-packages/amp_msgs/_amp_msgs_s.ep.rosidl_typesupport_introspection_c.c
[3.586s] Listing '/home/hollis/cu/5254_final/install/amp_msgs/local/lib/python3.10/dist-packages/amp_msgs'...
[3.587s] Compiling '/home/hollis/cu/5254_final/install/amp_msgs/local/lib/python3.10/dist-packages/amp_msgs/__init__.py'...
[3.587s] Listing '/home/hollis/cu/5254_final/install/amp_msgs/local/lib/python3.10/dist-packages/amp_msgs/msg'...
[3.587s] Compiling '/home/hollis/cu/5254_final/install/amp_msgs/local/lib/python3.10/dist-packages/amp_msgs/msg/__init__.py'...
[3.587s] Compiling '/home/hollis/cu/5254_final/install/amp_msgs/local/lib/python3.10/dist-packages/amp_msgs/msg/_agent_control.py'...
[3.587s] Compiling '/home/hollis/cu/5254_final/install/amp_msgs/local/lib/python3.10/dist-packages/amp_msgs/msg/_launch_ball.py'...
[3.587s] Compiling '/home/hollis/cu/5254_final/install/amp_msgs/local/lib/python3.10/dist-packages/amp_msgs/msg/_set_pose.py'...
[3.593s] -- Installing: /home/hollis/cu/5254_final/install/amp_msgs/local/lib/python3.10/dist-packages/amp_msgs/amp_msgs_s__rosidl_typesupport_fastrtps_c.cpython-310-x86_64-linux-gnu.so
[3.593s] -- Set runtime path of "/home/hollis/cu/5254_final/install/amp_msgs/local/lib/python3.10/dist-packages/amp_msgs/amp_msgs_s__rosidl_typesupport_fastrtps_c.cpython-310-x86_64-linux-gnu.so" to ""
[3.593s] -- Installing: /home/hollis/cu/5254_final/install/amp_msgs/local/lib/python3.10/dist-packages/amp_msgs/amp_msgs_s__rosidl_typesupport_introspection_c.cpython-310-x86_64-linux-gnu.so
[3.593s] -- Set runtime path of "/home/hollis/cu/5254_final/install/amp_msgs/local/lib/python3.10/dist-packages/amp_msgs/amp_msgs_s__rosidl_typesupport_introspection_c.cpython-310-x86_64-linux-gnu.so" to ""
[3.593s] -- Installing: /home/hollis/cu/5254_final/install/amp_msgs/local/lib/python3.10/dist-packages/amp_msgs/amp_msgs_s__rosidl_typesupport_c.cpython-310-x86_64-linux-gnu.so
[3.593s] -- Set runtime path of "/home/hollis/cu/5254_final/install/amp_msgs/local/lib/python3.10/dist-packages/amp_msgs/amp_msgs_s__rosidl_typesupport_c.cpython-310-x86_64-linux-gnu.so" to ""
[3.593s] -- Installing: /home/hollis/cu/5254_final/install/amp_msgs/lib/libamp_msgs__rosidl_generator_py.so
[3.594s] -- Set runtime path of "/home/hollis/cu/5254_final/install/amp_msgs/lib/libamp_msgs__rosidl_generator_py.so" to ""
[3.594s] -- Installing: /home/hollis/cu/5254_final/install/amp_msgs/share/amp_msgs/msg/AgentControl.idl
[3.594s] -- Installing: /home/hollis/cu/5254_final/install/amp_msgs/share/amp_msgs/msg/LaunchBall.idl
[3.594s] -- Installing: /home/hollis/cu/5254_final/install/amp_msgs/share/amp_msgs/msg/SetPose.idl
[3.594s] -- Installing: /home/hollis/cu/5254_final/install/amp_msgs/share/amp_msgs/msg/AgentControl.msg
[3.594s] -- Installing: /home/hollis/cu/5254_final/install/amp_msgs/share/amp_msgs/msg/LaunchBall.msg
[3.594s] -- Installing: /home/hollis/cu/5254_final/install/amp_msgs/share/amp_msgs/msg/SetPose.msg
[3.594s] -- Installing: /home/hollis/cu/5254_final/install/amp_msgs/share/ament_index/resource_index/package_run_dependencies/amp_msgs
[3.594s] -- Installing: /home/hollis/cu/5254_final/install/amp_msgs/share/ament_index/resource_index/parent_prefix_path/amp_msgs
[3.594s] -- Installing: /home/hollis/cu/5254_final/install/amp_msgs/share/amp_msgs/environment/ament_prefix_path.sh
[3.594s] -- Installing: /home/hollis/cu/5254_final/install/amp_msgs/share/amp_msgs/environment/ament_prefix_path.dsv
[3.594s] -- Installing: /home/hollis/cu/5254_final/install/amp_msgs/share/amp_msgs/environment/path.sh
[3.595s] -- Installing: /home/hollis/cu/5254_final/install/amp_msgs/share/amp_msgs/environment/path.dsv
[3.595s] -- Installing: /home/hollis/cu/5254_final/install/amp_msgs/share/amp_msgs/local_setup.bash
[3.595s] -- Installing: /home/hollis/cu/5254_final/install/amp_msgs/share/amp_msgs/local_setup.sh
[3.595s] -- Installing: /home/hollis/cu/5254_final/install/amp_msgs/share/amp_msgs/local_setup.zsh
[3.595s] -- Installing: /home/hollis/cu/5254_final/install/amp_msgs/share/amp_msgs/local_setup.dsv
[3.595s] -- Installing: /home/hollis/cu/5254_final/install/amp_msgs/share/amp_msgs/package.dsv
[3.596s] -- Installing: /home/hollis/cu/5254_final/install/amp_msgs/share/ament_index/resource_index/packages/amp_msgs
[3.596s] -- Installing: /home/hollis/cu/5254_final/install/amp_msgs/share/amp_msgs/cmake/export_amp_msgs__rosidl_generator_cExport.cmake
[3.596s] -- Installing: /home/hollis/cu/5254_final/install/amp_msgs/share/amp_msgs/cmake/export_amp_msgs__rosidl_generator_cExport-noconfig.cmake
[3.596s] -- Installing: /home/hollis/cu/5254_final/install/amp_msgs/share/amp_msgs/cmake/export_amp_msgs__rosidl_typesupport_fastrtps_cExport.cmake
[3.596s] -- Installing: /home/hollis/cu/5254_final/install/amp_msgs/share/amp_msgs/cmake/export_amp_msgs__rosidl_typesupport_fastrtps_cExport-noconfig.cmake
[3.596s] -- Installing: /home/hollis/cu/5254_final/install/amp_msgs/share/amp_msgs/cmake/amp_msgs__rosidl_typesupport_introspection_cExport.cmake
[3.596s] -- Installing: /home/hollis/cu/5254_final/install/amp_msgs/share/amp_msgs/cmake/amp_msgs__rosidl_typesupport_introspection_cExport-noconfig.cmake
[3.596s] -- Installing: /home/hollis/cu/5254_final/install/amp_msgs/share/amp_msgs/cmake/amp_msgs__rosidl_typesupport_cExport.cmake
[3.596s] -- Installing: /home/hollis/cu/5254_final/install/amp_msgs/share/amp_msgs/cmake/amp_msgs__rosidl_typesupport_cExport-noconfig.cmake
[3.596s] -- Installing: /home/hollis/cu/5254_final/install/amp_msgs/share/amp_msgs/cmake/export_amp_msgs__rosidl_generator_cppExport.cmake
[3.596s] -- Installing: /home/hollis/cu/5254_final/install/amp_msgs/share/amp_msgs/cmake/export_amp_msgs__rosidl_typesupport_fastrtps_cppExport.cmake
[3.596s] -- Installing: /home/hollis/cu/5254_final/install/amp_msgs/share/amp_msgs/cmake/export_amp_msgs__rosidl_typesupport_fastrtps_cppExport-noconfig.cmake
[3.596s] -- Installing: /home/hollis/cu/5254_final/install/amp_msgs/share/amp_msgs/cmake/amp_msgs__rosidl_typesupport_introspection_cppExport.cmake
[3.596s] -- Installing: /home/hollis/cu/5254_final/install/amp_msgs/share/amp_msgs/cmake/amp_msgs__rosidl_typesupport_introspection_cppExport-noconfig.cmake
[3.596s] -- Installing: /home/hollis/cu/5254_final/install/amp_msgs/share/amp_msgs/cmake/amp_msgs__rosidl_typesupport_cppExport.cmake
[3.596s] -- Installing: /home/hollis/cu/5254_final/install/amp_msgs/share/amp_msgs/cmake/amp_msgs__rosidl_typesupport_cppExport-noconfig.cmake
[3.596s] -- Installing: /home/hollis/cu/5254_final/install/amp_msgs/share/amp_msgs/cmake/export_amp_msgs__rosidl_generator_pyExport.cmake
[3.596s] -- Installing: /home/hollis/cu/5254_final/install/amp_msgs/share/amp_msgs/cmake/export_amp_msgs__rosidl_generator_pyExport-noconfig.cmake
[3.596s] -- Installing: /home/hollis/cu/5254_final/install/amp_msgs/share/amp_msgs/cmake/rosidl_cmake-extras.cmake
[3.597s] -- Installing: /home/hollis/cu/5254_final/install/amp_msgs/share/amp_msgs/cmake/ament_cmake_export_include_directories-extras.cmake
[3.597s] -- Installing: /home/hollis/cu/5254_final/install/amp_msgs/share/amp_msgs/cmake/ament_cmake_export_libraries-extras.cmake
[3.597s] -- Installing: /home/hollis/cu/5254_final/install/amp_msgs/share/amp_msgs/cmake/ament_cmake_export_targets-extras.cmake
[3.597s] -- Installing: /home/hollis/cu/5254_final/install/amp_msgs/share/amp_msgs/cmake/rosidl_cmake_export_typesupport_targets-extras.cmake
[3.597s] -- Installing: /home/hollis/cu/5254_final/install/amp_msgs/share/amp_msgs/cmake/ament_cmake_export_dependencies-extras.cmake
[3.597s] -- Installing: /home/hollis/cu/5254_final/install/amp_msgs/share/amp_msgs/cmake/rosidl_cmake_export_typesupport_libraries-extras.cmake
[3.597s] -- Installing: /home/hollis/cu/5254_final/install/amp_msgs/share/amp_msgs/cmake/amp_msgsConfig.cmake
[3.597s] -- Installing: /home/hollis/cu/5254_final/install/amp_msgs/share/amp_msgs/cmake/amp_msgsConfig-version.cmake
[3.597s] -- Installing: /home/hollis/cu/5254_final/install/amp_msgs/share/amp_msgs/package.xml
[3.600s] Invoked command in '/home/hollis/cu/5254_final/build/amp_msgs' returned '0': CMAKE_PREFIX_PATH=${CMAKE_PREFIX_PATH}:/opt/ros/humble /usr/bin/cmake --install /home/hollis/cu/5254_final/build/amp_msgs
