[ 16%] [34m[1mAutomatic MOC and UIC for target template_panel[0m
[ 16%] Built target template_panel_autogen
[35m[1mConsolidate compiler generated dependencies of target template_panel[0m
[100%] Built target template_panel
-- Install configuration: ""
-- Installing: /home/hollis/cu/5254_final/install/amp_viz/lib/libtemplate_panel.so
-- Set runtime path of "/home/hollis/cu/5254_final/install/amp_viz/lib/libtemplate_panel.so" to ""
-- Installing: /home/hollis/cu/5254_final/install/amp_viz/include
-- Installing: /home/hollis/cu/5254_final/install/amp_viz/include/amp_viz
-- Installing: /home/hollis/cu/5254_final/install/amp_viz/include/amp_viz/template_panel.hpp
-- Installing: /home/hollis/cu/5254_final/install/amp_viz/share/amp_viz/rviz_common_plugins.xml
-- Up-to-date: /home/hollis/cu/5254_final/install/amp_viz/share/amp_viz/rviz_common_plugins.xml
-- Installing: /home/hollis/cu/5254_final/install/amp_viz/lib/amp_viz/marker_pub.py
-- Installing: /home/hollis/cu/5254_final/install/amp_viz/share/marker_pub.py
-- Installing: /home/hollis/cu/5254_final/install/amp_viz/share/amp_viz//launch
-- Installing: /home/hollis/cu/5254_final/install/amp_viz/share/amp_viz//launch/amp_viz.launch.py
-- Installing: /home/hollis/cu/5254_final/install/amp_viz/share/amp_viz//meshes
-- Installing: /home/hollis/cu/5254_final/install/amp_viz/share/amp_viz//meshes/cannon_barrel
-- Installing: /home/hollis/cu/5254_final/install/amp_viz/share/amp_viz//meshes/cannon_barrel/mesh.dae
-- Installing: /home/hollis/cu/5254_final/install/amp_viz/share/amp_viz//meshes/cannon_barrel/model.dae
-- Installing: /home/hollis/cu/5254_final/install/amp_viz/share/ament_index/resource_index/package_run_dependencies/amp_viz
-- Installing: /home/hollis/cu/5254_final/install/amp_viz/share/ament_index/resource_index/parent_prefix_path/amp_viz
-- Installing: /home/hollis/cu/5254_final/install/amp_viz/share/amp_viz/environment/ament_prefix_path.sh
-- Installing: /home/hollis/cu/5254_final/install/amp_viz/share/amp_viz/environment/ament_prefix_path.dsv
-- Installing: /home/hollis/cu/5254_final/install/amp_viz/share/amp_viz/environment/path.sh
-- Installing: /home/hollis/cu/5254_final/install/amp_viz/share/amp_viz/environment/path.dsv
-- Installing: /home/hollis/cu/5254_final/install/amp_viz/share/amp_viz/local_setup.bash
-- Installing: /home/hollis/cu/5254_final/install/amp_viz/share/amp_viz/local_setup.sh
-- Installing: /home/hollis/cu/5254_final/install/amp_viz/share/amp_viz/local_setup.zsh
-- Installing: /home/hollis/cu/5254_final/install/amp_viz/share/amp_viz/local_setup.dsv
-- Installing: /home/hollis/cu/5254_final/install/amp_viz/share/amp_viz/package.dsv
-- Installing: /home/hollis/cu/5254_final/install/amp_viz/share/ament_index/resource_index/packages/amp_viz
-- Installing: /home/hollis/cu/5254_final/install/amp_viz/share/ament_index/resource_index/rviz_common__pluginlib__plugin/amp_viz
-- Installing: /home/hollis/cu/5254_final/install/amp_viz/share/amp_viz/cmake/export_template_panelExport.cmake
-- Installing: /home/hollis/cu/5254_final/install/amp_viz/share/amp_viz/cmake/export_template_panelExport-noconfig.cmake
-- Installing: /home/hollis/cu/5254_final/install/amp_viz/share/amp_viz/cmake/ament_cmake_export_include_directories-extras.cmake
-- Installing: /home/hollis/cu/5254_final/install/amp_viz/share/amp_viz/cmake/ament_cmake_export_targets-extras.cmake
-- Installing: /home/hollis/cu/5254_final/install/amp_viz/share/amp_viz/cmake/amp_vizConfig.cmake
-- Installing: /home/hollis/cu/5254_final/install/amp_viz/share/amp_viz/cmake/amp_vizConfig-version.cmake
-- Installing: /home/hollis/cu/5254_final/install/amp_viz/share/amp_viz/package.xml
