-- The C compiler identification is GNU 11.4.0
-- The CXX compiler identification is GNU 11.4.0
-- Detecting C compiler ABI info
-- Detecting C compiler ABI info - done
-- Check for working C compiler: /usr/bin/cc - skipped
-- Detecting C compile features
-- Detecting C compile features - done
-- Detecting CXX compiler ABI info
-- Detecting CXX compiler ABI info - done
-- Check for working CXX compiler: /usr/bin/c++ - skipped
-- Detecting CXX compile features
-- Detecting CXX compile features - done
-- Found ament_cmake: 1.3.12 (/opt/ros/humble/share/ament_cmake/cmake)
-- Found Python3: /usr/bin/python3 (found version "3.10.12") found components: Interpreter 
-- Found rosidl_default_generators: 1.2.0 (/opt/ros/humble/share/rosidl_default_generators/cmake)
-- Using all available rosidl_typesupport_c: rosidl_typesupport_fastrtps_c;rosidl_typesupport_introspection_c
-- Found rosidl_adapter: 3.1.7 (/opt/ros/humble/share/rosidl_adapter/cmake)
-- Using all available rosidl_typesupport_cpp: rosidl_typesupport_fastrtps_cpp;rosidl_typesupport_introspection_cpp
-- Found ament_cmake_ros: 0.10.0 (/opt/ros/humble/share/ament_cmake_ros/cmake)
-- Using all available rosidl_typesupport_c: rosidl_typesupport_fastrtps_c;rosidl_typesupport_introspection_c
-- Using all available rosidl_typesupport_cpp: rosidl_typesupport_fastrtps_cpp;rosidl_typesupport_introspection_cpp
-- Found PythonInterp: /usr/bin/python3 (found suitable version "3.10.12", minimum required is "3.6") 
-- Found python_cmake_module: 0.10.0 (/opt/ros/humble/share/python_cmake_module/cmake)
-- Found PythonLibs: /usr/lib/x86_64-linux-gnu/libpython3.10.so (found suitable version "3.10.12", minimum required is "3.5") 
-- Using PYTHON_EXECUTABLE: /usr/bin/python3
-- Using PYTHON_INCLUDE_DIRS: /usr/include/python3.10
-- Using PYTHON_LIBRARIES: /usr/lib/x86_64-linux-gnu/libpython3.10.so
-- Found PythonExtra: .so  
-- Found ament_lint_auto: 0.12.14 (/opt/ros/humble/share/ament_lint_auto/cmake)
-- Added test 'lint_cmake' to check CMake code style
-- Added test 'xmllint' to check XML markup files
-- Configuring done
-- Generating done
-- Build files have been written to: /home/hollis/cu/5254_final/build/amp_msgs
[  2%] [34m[1mGenerating C code for ROS interfaces[0m
[  4%] [34m[1mGenerating C++ code for ROS interfaces[0m
[  4%] Built target ament_cmake_python_copy_amp_msgs
running egg_info
creating amp_msgs.egg-info
writing amp_msgs.egg-info/PKG-INFO
writing dependency_links to amp_msgs.egg-info/dependency_links.txt
writing top-level names to amp_msgs.egg-info/top_level.txt
writing manifest file 'amp_msgs.egg-info/SOURCES.txt'
reading manifest file 'amp_msgs.egg-info/SOURCES.txt'
writing manifest file 'amp_msgs.egg-info/SOURCES.txt'
[  4%] Built target ament_cmake_python_build_amp_msgs_egg
[  4%] Built target amp_msgs__cpp
[  6%] [34m[1mGenerating C++ type support for eProsima Fast-RTPS[0m
[  8%] [34m[1mGenerating C++ introspection for ROS interfaces[0m
[ 10%] [34m[1mGenerating C++ type support dispatch for ROS interfaces[0m
[ 14%] [32mBuilding C object CMakeFiles/amp_msgs__rosidl_generator_c.dir/rosidl_generator_c/amp_msgs/msg/detail/agent_control__functions.c.o[0m
[ 14%] [32mBuilding C object CMakeFiles/amp_msgs__rosidl_generator_c.dir/rosidl_generator_c/amp_msgs/msg/detail/launch_ball__functions.c.o[0m
[ 17%] [32mBuilding C object CMakeFiles/amp_msgs__rosidl_generator_c.dir/rosidl_generator_c/amp_msgs/msg/detail/set_pose__functions.c.o[0m
[ 19%] [32m[1mLinking C shared library libamp_msgs__rosidl_generator_c.so[0m
[ 19%] Built target amp_msgs__rosidl_generator_c
[ 21%] [34m[1mGenerating C type support for eProsima Fast-RTPS[0m
[ 25%] [34m[1mGenerating C introspection for ROS interfaces[0m
[ 25%] [34m[1mGenerating C type support dispatch for ROS interfaces[0m
[ 29%] [32mBuilding CXX object CMakeFiles/amp_msgs__rosidl_typesupport_cpp.dir/rosidl_typesupport_cpp/amp_msgs/msg/agent_control__type_support.cpp.o[0m
[ 29%] [32mBuilding CXX object CMakeFiles/amp_msgs__rosidl_typesupport_cpp.dir/rosidl_typesupport_cpp/amp_msgs/msg/launch_ball__type_support.cpp.o[0m
[ 31%] [32mBuilding CXX object CMakeFiles/amp_msgs__rosidl_typesupport_cpp.dir/rosidl_typesupport_cpp/amp_msgs/msg/set_pose__type_support.cpp.o[0m
[ 34%] [32mBuilding CXX object CMakeFiles/amp_msgs__rosidl_typesupport_introspection_cpp.dir/rosidl_typesupport_introspection_cpp/amp_msgs/msg/detail/agent_control__type_support.cpp.o[0m
[ 36%] [32mBuilding CXX object CMakeFiles/amp_msgs__rosidl_typesupport_introspection_cpp.dir/rosidl_typesupport_introspection_cpp/amp_msgs/msg/detail/launch_ball__type_support.cpp.o[0m
[ 38%] [32mBuilding CXX object CMakeFiles/amp_msgs__rosidl_typesupport_introspection_cpp.dir/rosidl_typesupport_introspection_cpp/amp_msgs/msg/detail/set_pose__type_support.cpp.o[0m
[ 40%] [32mBuilding CXX object CMakeFiles/amp_msgs__rosidl_typesupport_fastrtps_cpp.dir/rosidl_typesupport_fastrtps_cpp/amp_msgs/msg/detail/dds_fastrtps/agent_control__type_support.cpp.o[0m
[ 42%] [32mBuilding CXX object CMakeFiles/amp_msgs__rosidl_typesupport_fastrtps_cpp.dir/rosidl_typesupport_fastrtps_cpp/amp_msgs/msg/detail/dds_fastrtps/set_pose__type_support.cpp.o[0m
[ 44%] [32mBuilding CXX object CMakeFiles/amp_msgs__rosidl_typesupport_fastrtps_cpp.dir/rosidl_typesupport_fastrtps_cpp/amp_msgs/msg/detail/dds_fastrtps/launch_ball__type_support.cpp.o[0m
[ 46%] [32mBuilding CXX object CMakeFiles/amp_msgs__rosidl_typesupport_c.dir/rosidl_typesupport_c/amp_msgs/msg/set_pose__type_support.cpp.o[0m
[ 51%] [32mBuilding CXX object CMakeFiles/amp_msgs__rosidl_typesupport_c.dir/rosidl_typesupport_c/amp_msgs/msg/agent_control__type_support.cpp.o[0m
[ 51%] [32mBuilding CXX object CMakeFiles/amp_msgs__rosidl_typesupport_c.dir/rosidl_typesupport_c/amp_msgs/msg/launch_ball__type_support.cpp.o[0m
[ 53%] [32mBuilding C object CMakeFiles/amp_msgs__rosidl_typesupport_introspection_c.dir/rosidl_typesupport_introspection_c/amp_msgs/msg/detail/agent_control__type_support.c.o[0m
[ 55%] [32mBuilding C object CMakeFiles/amp_msgs__rosidl_typesupport_introspection_c.dir/rosidl_typesupport_introspection_c/amp_msgs/msg/detail/launch_ball__type_support.c.o[0m
[ 57%] [32mBuilding C object CMakeFiles/amp_msgs__rosidl_typesupport_introspection_c.dir/rosidl_typesupport_introspection_c/amp_msgs/msg/detail/set_pose__type_support.c.o[0m
[ 59%] [32m[1mLinking CXX shared library libamp_msgs__rosidl_typesupport_c.so[0m
[ 61%] [32mBuilding CXX object CMakeFiles/amp_msgs__rosidl_typesupport_fastrtps_c.dir/rosidl_typesupport_fastrtps_c/amp_msgs/msg/detail/launch_ball__type_support_c.cpp.o[0m
[ 63%] [32mBuilding CXX object CMakeFiles/amp_msgs__rosidl_typesupport_fastrtps_c.dir/rosidl_typesupport_fastrtps_c/amp_msgs/msg/detail/set_pose__type_support_c.cpp.o[0m
[ 65%] [32mBuilding CXX object CMakeFiles/amp_msgs__rosidl_typesupport_fastrtps_c.dir/rosidl_typesupport_fastrtps_c/amp_msgs/msg/detail/agent_control__type_support_c.cpp.o[0m
[ 68%] [32m[1mLinking C shared library libamp_msgs__rosidl_typesupport_introspection_c.so[0m
[ 68%] Built target amp_msgs__rosidl_typesupport_c
[ 68%] Built target amp_msgs__rosidl_typesupport_introspection_c
[ 70%] [32m[1mLinking CXX shared library libamp_msgs__rosidl_typesupport_cpp.so[0m
[ 70%] Built target amp_msgs__rosidl_typesupport_cpp
[ 72%] [32m[1mLinking CXX shared library libamp_msgs__rosidl_typesupport_introspection_cpp.so[0m
[ 74%] [32m[1mLinking CXX shared library libamp_msgs__rosidl_typesupport_fastrtps_cpp.so[0m
[ 74%] Built target amp_msgs__rosidl_typesupport_introspection_cpp
[ 76%] [32m[1mLinking CXX shared library libamp_msgs__rosidl_typesupport_fastrtps_c.so[0m
[ 76%] Built target amp_msgs__rosidl_typesupport_fastrtps_cpp
[ 76%] Built target amp_msgs__rosidl_typesupport_fastrtps_c
[ 76%] Built target amp_msgs
[ 78%] [34m[1mGenerating Python code for ROS interfaces[0m
[ 78%] Built target amp_msgs__py
[ 80%] [32mBuilding C object CMakeFiles/amp_msgs__rosidl_generator_py.dir/rosidl_generator_py/amp_msgs/msg/_launch_ball_s.c.o[0m
[ 82%] [32mBuilding C object CMakeFiles/amp_msgs__rosidl_generator_py.dir/rosidl_generator_py/amp_msgs/msg/_set_pose_s.c.o[0m
[ 85%] [32mBuilding C object CMakeFiles/amp_msgs__rosidl_generator_py.dir/rosidl_generator_py/amp_msgs/msg/_agent_control_s.c.o[0m
[ 87%] [32m[1mLinking C shared library rosidl_generator_py/amp_msgs/libamp_msgs__rosidl_generator_py.so[0m
[ 87%] Built target amp_msgs__rosidl_generator_py
[ 89%] [32mBuilding C object CMakeFiles/amp_msgs__rosidl_typesupport_fastrtps_c__pyext.dir/rosidl_generator_py/amp_msgs/_amp_msgs_s.ep.rosidl_typesupport_fastrtps_c.c.o[0m
[ 91%] [32mBuilding C object CMakeFiles/amp_msgs__rosidl_typesupport_introspection_c__pyext.dir/rosidl_generator_py/amp_msgs/_amp_msgs_s.ep.rosidl_typesupport_introspection_c.c.o[0m
[ 93%] [32mBuilding C object CMakeFiles/amp_msgs__rosidl_typesupport_c__pyext.dir/rosidl_generator_py/amp_msgs/_amp_msgs_s.ep.rosidl_typesupport_c.c.o[0m
[ 95%] [32m[1mLinking C shared library rosidl_generator_py/amp_msgs/amp_msgs_s__rosidl_typesupport_c.cpython-310-x86_64-linux-gnu.so[0m
[ 97%] [32m[1mLinking C shared library rosidl_generator_py/amp_msgs/amp_msgs_s__rosidl_typesupport_fastrtps_c.cpython-310-x86_64-linux-gnu.so[0m
[100%] [32m[1mLinking C shared library rosidl_generator_py/amp_msgs/amp_msgs_s__rosidl_typesupport_introspection_c.cpython-310-x86_64-linux-gnu.so[0m
[100%] Built target amp_msgs__rosidl_typesupport_c__pyext
[100%] Built target amp_msgs__rosidl_typesupport_fastrtps_c__pyext
[100%] Built target amp_msgs__rosidl_typesupport_introspection_c__pyext
-- Install configuration: ""
-- Installing: /home/hollis/cu/5254_final/install/amp_msgs/share/ament_index/resource_index/rosidl_interfaces/amp_msgs
-- Installing: /home/hollis/cu/5254_final/install/amp_msgs/include/amp_msgs/amp_msgs
-- Installing: /home/hollis/cu/5254_final/install/amp_msgs/include/amp_msgs/amp_msgs/msg
-- Installing: /home/hollis/cu/5254_final/install/amp_msgs/include/amp_msgs/amp_msgs/msg/agent_control.h
-- Installing: /home/hollis/cu/5254_final/install/amp_msgs/include/amp_msgs/amp_msgs/msg/rosidl_generator_c__visibility_control.h
-- Installing: /home/hollis/cu/5254_final/install/amp_msgs/include/amp_msgs/amp_msgs/msg/detail
-- Installing: /home/hollis/cu/5254_final/install/amp_msgs/include/amp_msgs/amp_msgs/msg/detail/agent_control__functions.h
-- Installing: /home/hollis/cu/5254_final/install/amp_msgs/include/amp_msgs/amp_msgs/msg/detail/agent_control__struct.h
-- Installing: /home/hollis/cu/5254_final/install/amp_msgs/include/amp_msgs/amp_msgs/msg/detail/set_pose__functions.c
-- Installing: /home/hollis/cu/5254_final/install/amp_msgs/include/amp_msgs/amp_msgs/msg/detail/set_pose__struct.h
-- Installing: /home/hollis/cu/5254_final/install/amp_msgs/include/amp_msgs/amp_msgs/msg/detail/launch_ball__struct.h
-- Installing: /home/hollis/cu/5254_final/install/amp_msgs/include/amp_msgs/amp_msgs/msg/detail/agent_control__type_support.h
-- Installing: /home/hollis/cu/5254_final/install/amp_msgs/include/amp_msgs/amp_msgs/msg/detail/agent_control__functions.c
-- Installing: /home/hollis/cu/5254_final/install/amp_msgs/include/amp_msgs/amp_msgs/msg/detail/set_pose__type_support.h
-- Installing: /home/hollis/cu/5254_final/install/amp_msgs/include/amp_msgs/amp_msgs/msg/detail/launch_ball__functions.h
-- Installing: /home/hollis/cu/5254_final/install/amp_msgs/include/amp_msgs/amp_msgs/msg/detail/launch_ball__type_support.h
-- Installing: /home/hollis/cu/5254_final/install/amp_msgs/include/amp_msgs/amp_msgs/msg/detail/set_pose__functions.h
-- Installing: /home/hollis/cu/5254_final/install/amp_msgs/include/amp_msgs/amp_msgs/msg/detail/launch_ball__functions.c
-- Installing: /home/hollis/cu/5254_final/install/amp_msgs/include/amp_msgs/amp_msgs/msg/set_pose.h
-- Installing: /home/hollis/cu/5254_final/install/amp_msgs/include/amp_msgs/amp_msgs/msg/launch_ball.h
-- Installing: /home/hollis/cu/5254_final/install/amp_msgs/share/amp_msgs/environment/library_path.sh
-- Installing: /home/hollis/cu/5254_final/install/amp_msgs/share/amp_msgs/environment/library_path.dsv
-- Installing: /home/hollis/cu/5254_final/install/amp_msgs/lib/libamp_msgs__rosidl_generator_c.so
-- Set runtime path of "/home/hollis/cu/5254_final/install/amp_msgs/lib/libamp_msgs__rosidl_generator_c.so" to ""
-- Up-to-date: /home/hollis/cu/5254_final/install/amp_msgs/include/amp_msgs/amp_msgs
-- Up-to-date: /home/hollis/cu/5254_final/install/amp_msgs/include/amp_msgs/amp_msgs/msg
-- Installing: /home/hollis/cu/5254_final/install/amp_msgs/include/amp_msgs/amp_msgs/msg/rosidl_typesupport_fastrtps_c__visibility_control.h
-- Up-to-date: /home/hollis/cu/5254_final/install/amp_msgs/include/amp_msgs/amp_msgs/msg/detail
-- Installing: /home/hollis/cu/5254_final/install/amp_msgs/include/amp_msgs/amp_msgs/msg/detail/launch_ball__rosidl_typesupport_fastrtps_c.h
-- Installing: /home/hollis/cu/5254_final/install/amp_msgs/include/amp_msgs/amp_msgs/msg/detail/set_pose__rosidl_typesupport_fastrtps_c.h
-- Installing: /home/hollis/cu/5254_final/install/amp_msgs/include/amp_msgs/amp_msgs/msg/detail/agent_control__rosidl_typesupport_fastrtps_c.h
-- Installing: /home/hollis/cu/5254_final/install/amp_msgs/lib/libamp_msgs__rosidl_typesupport_fastrtps_c.so
-- Set runtime path of "/home/hollis/cu/5254_final/install/amp_msgs/lib/libamp_msgs__rosidl_typesupport_fastrtps_c.so" to ""
-- Up-to-date: /home/hollis/cu/5254_final/install/amp_msgs/include/amp_msgs/amp_msgs
-- Up-to-date: /home/hollis/cu/5254_final/install/amp_msgs/include/amp_msgs/amp_msgs/msg
-- Up-to-date: /home/hollis/cu/5254_final/install/amp_msgs/include/amp_msgs/amp_msgs/msg/detail
-- Installing: /home/hollis/cu/5254_final/install/amp_msgs/include/amp_msgs/amp_msgs/msg/detail/set_pose__rosidl_typesupport_introspection_c.h
-- Installing: /home/hollis/cu/5254_final/install/amp_msgs/include/amp_msgs/amp_msgs/msg/detail/set_pose__type_support.c
-- Installing: /home/hollis/cu/5254_final/install/amp_msgs/include/amp_msgs/amp_msgs/msg/detail/launch_ball__type_support.c
-- Installing: /home/hollis/cu/5254_final/install/amp_msgs/include/amp_msgs/amp_msgs/msg/detail/agent_control__type_support.c
-- Installing: /home/hollis/cu/5254_final/install/amp_msgs/include/amp_msgs/amp_msgs/msg/detail/agent_control__rosidl_typesupport_introspection_c.h
-- Installing: /home/hollis/cu/5254_final/install/amp_msgs/include/amp_msgs/amp_msgs/msg/detail/launch_ball__rosidl_typesupport_introspection_c.h
-- Installing: /home/hollis/cu/5254_final/install/amp_msgs/include/amp_msgs/amp_msgs/msg/rosidl_typesupport_introspection_c__visibility_control.h
-- Installing: /home/hollis/cu/5254_final/install/amp_msgs/lib/libamp_msgs__rosidl_typesupport_introspection_c.so
-- Set runtime path of "/home/hollis/cu/5254_final/install/amp_msgs/lib/libamp_msgs__rosidl_typesupport_introspection_c.so" to ""
-- Installing: /home/hollis/cu/5254_final/install/amp_msgs/lib/libamp_msgs__rosidl_typesupport_c.so
-- Set runtime path of "/home/hollis/cu/5254_final/install/amp_msgs/lib/libamp_msgs__rosidl_typesupport_c.so" to ""
-- Up-to-date: /home/hollis/cu/5254_final/install/amp_msgs/include/amp_msgs/amp_msgs
-- Up-to-date: /home/hollis/cu/5254_final/install/amp_msgs/include/amp_msgs/amp_msgs/msg
-- Installing: /home/hollis/cu/5254_final/install/amp_msgs/include/amp_msgs/amp_msgs/msg/agent_control.hpp
-- Installing: /home/hollis/cu/5254_final/install/amp_msgs/include/amp_msgs/amp_msgs/msg/rosidl_generator_cpp__visibility_control.hpp
-- Installing: /home/hollis/cu/5254_final/install/amp_msgs/include/amp_msgs/amp_msgs/msg/set_pose.hpp
-- Installing: /home/hollis/cu/5254_final/install/amp_msgs/include/amp_msgs/amp_msgs/msg/launch_ball.hpp
-- Up-to-date: /home/hollis/cu/5254_final/install/amp_msgs/include/amp_msgs/amp_msgs/msg/detail
-- Installing: /home/hollis/cu/5254_final/install/amp_msgs/include/amp_msgs/amp_msgs/msg/detail/launch_ball__struct.hpp
-- Installing: /home/hollis/cu/5254_final/install/amp_msgs/include/amp_msgs/amp_msgs/msg/detail/launch_ball__builder.hpp
-- Installing: /home/hollis/cu/5254_final/install/amp_msgs/include/amp_msgs/amp_msgs/msg/detail/agent_control__traits.hpp
-- Installing: /home/hollis/cu/5254_final/install/amp_msgs/include/amp_msgs/amp_msgs/msg/detail/set_pose__struct.hpp
-- Installing: /home/hollis/cu/5254_final/install/amp_msgs/include/amp_msgs/amp_msgs/msg/detail/launch_ball__type_support.hpp
-- Installing: /home/hollis/cu/5254_final/install/amp_msgs/include/amp_msgs/amp_msgs/msg/detail/set_pose__type_support.hpp
-- Installing: /home/hollis/cu/5254_final/install/amp_msgs/include/amp_msgs/amp_msgs/msg/detail/launch_ball__traits.hpp
-- Installing: /home/hollis/cu/5254_final/install/amp_msgs/include/amp_msgs/amp_msgs/msg/detail/set_pose__traits.hpp
-- Installing: /home/hollis/cu/5254_final/install/amp_msgs/include/amp_msgs/amp_msgs/msg/detail/agent_control__struct.hpp
-- Installing: /home/hollis/cu/5254_final/install/amp_msgs/include/amp_msgs/amp_msgs/msg/detail/set_pose__builder.hpp
-- Installing: /home/hollis/cu/5254_final/install/amp_msgs/include/amp_msgs/amp_msgs/msg/detail/agent_control__builder.hpp
-- Installing: /home/hollis/cu/5254_final/install/amp_msgs/include/amp_msgs/amp_msgs/msg/detail/agent_control__type_support.hpp
-- Up-to-date: /home/hollis/cu/5254_final/install/amp_msgs/include/amp_msgs/amp_msgs
-- Up-to-date: /home/hollis/cu/5254_final/install/amp_msgs/include/amp_msgs/amp_msgs/msg
-- Installing: /home/hollis/cu/5254_final/install/amp_msgs/include/amp_msgs/amp_msgs/msg/rosidl_typesupport_fastrtps_cpp__visibility_control.h
-- Up-to-date: /home/hollis/cu/5254_final/install/amp_msgs/include/amp_msgs/amp_msgs/msg/detail
-- Installing: /home/hollis/cu/5254_final/install/amp_msgs/include/amp_msgs/amp_msgs/msg/detail/dds_fastrtps
-- Installing: /home/hollis/cu/5254_final/install/amp_msgs/include/amp_msgs/amp_msgs/msg/detail/agent_control__rosidl_typesupport_fastrtps_cpp.hpp
-- Installing: /home/hollis/cu/5254_final/install/amp_msgs/include/amp_msgs/amp_msgs/msg/detail/launch_ball__rosidl_typesupport_fastrtps_cpp.hpp
-- Installing: /home/hollis/cu/5254_final/install/amp_msgs/include/amp_msgs/amp_msgs/msg/detail/set_pose__rosidl_typesupport_fastrtps_cpp.hpp
-- Installing: /home/hollis/cu/5254_final/install/amp_msgs/lib/libamp_msgs__rosidl_typesupport_fastrtps_cpp.so
-- Set runtime path of "/home/hollis/cu/5254_final/install/amp_msgs/lib/libamp_msgs__rosidl_typesupport_fastrtps_cpp.so" to ""
-- Up-to-date: /home/hollis/cu/5254_final/install/amp_msgs/include/amp_msgs/amp_msgs
-- Up-to-date: /home/hollis/cu/5254_final/install/amp_msgs/include/amp_msgs/amp_msgs/msg
-- Up-to-date: /home/hollis/cu/5254_final/install/amp_msgs/include/amp_msgs/amp_msgs/msg/detail
-- Installing: /home/hollis/cu/5254_final/install/amp_msgs/include/amp_msgs/amp_msgs/msg/detail/launch_ball__rosidl_typesupport_introspection_cpp.hpp
-- Installing: /home/hollis/cu/5254_final/install/amp_msgs/include/amp_msgs/amp_msgs/msg/detail/launch_ball__type_support.cpp
-- Installing: /home/hollis/cu/5254_final/install/amp_msgs/include/amp_msgs/amp_msgs/msg/detail/set_pose__type_support.cpp
-- Installing: /home/hollis/cu/5254_final/install/amp_msgs/include/amp_msgs/amp_msgs/msg/detail/agent_control__rosidl_typesupport_introspection_cpp.hpp
-- Installing: /home/hollis/cu/5254_final/install/amp_msgs/include/amp_msgs/amp_msgs/msg/detail/agent_control__type_support.cpp
-- Installing: /home/hollis/cu/5254_final/install/amp_msgs/include/amp_msgs/amp_msgs/msg/detail/set_pose__rosidl_typesupport_introspection_cpp.hpp
-- Installing: /home/hollis/cu/5254_final/install/amp_msgs/lib/libamp_msgs__rosidl_typesupport_introspection_cpp.so
-- Set runtime path of "/home/hollis/cu/5254_final/install/amp_msgs/lib/libamp_msgs__rosidl_typesupport_introspection_cpp.so" to ""
-- Installing: /home/hollis/cu/5254_final/install/amp_msgs/lib/libamp_msgs__rosidl_typesupport_cpp.so
-- Set runtime path of "/home/hollis/cu/5254_final/install/amp_msgs/lib/libamp_msgs__rosidl_typesupport_cpp.so" to ""
-- Installing: /home/hollis/cu/5254_final/install/amp_msgs/share/amp_msgs/environment/pythonpath.sh
-- Installing: /home/hollis/cu/5254_final/install/amp_msgs/share/amp_msgs/environment/pythonpath.dsv
-- Installing: /home/hollis/cu/5254_final/install/amp_msgs/local/lib/python3.10/dist-packages/amp_msgs-0.0.0-py3.10.egg-info
-- Installing: /home/hollis/cu/5254_final/install/amp_msgs/local/lib/python3.10/dist-packages/amp_msgs-0.0.0-py3.10.egg-info/PKG-INFO
-- Installing: /home/hollis/cu/5254_final/install/amp_msgs/local/lib/python3.10/dist-packages/amp_msgs-0.0.0-py3.10.egg-info/SOURCES.txt
-- Installing: /home/hollis/cu/5254_final/install/amp_msgs/local/lib/python3.10/dist-packages/amp_msgs-0.0.0-py3.10.egg-info/dependency_links.txt
-- Installing: /home/hollis/cu/5254_final/install/amp_msgs/local/lib/python3.10/dist-packages/amp_msgs-0.0.0-py3.10.egg-info/top_level.txt
-- Installing: /home/hollis/cu/5254_final/install/amp_msgs/local/lib/python3.10/dist-packages/amp_msgs
-- Installing: /home/hollis/cu/5254_final/install/amp_msgs/local/lib/python3.10/dist-packages/amp_msgs/amp_msgs_s__rosidl_typesupport_fastrtps_c.cpython-310-x86_64-linux-gnu.so
-- Installing: /home/hollis/cu/5254_final/install/amp_msgs/local/lib/python3.10/dist-packages/amp_msgs/_amp_msgs_s.ep.rosidl_typesupport_fastrtps_c.c
-- Installing: /home/hollis/cu/5254_final/install/amp_msgs/local/lib/python3.10/dist-packages/amp_msgs/_amp_msgs_s.ep.rosidl_typesupport_c.c
-- Installing: /home/hollis/cu/5254_final/install/amp_msgs/local/lib/python3.10/dist-packages/amp_msgs/amp_msgs_s__rosidl_typesupport_c.cpython-310-x86_64-linux-gnu.so
-- Installing: /home/hollis/cu/5254_final/install/amp_msgs/local/lib/python3.10/dist-packages/amp_msgs/__init__.py
-- Installing: /home/hollis/cu/5254_final/install/amp_msgs/local/lib/python3.10/dist-packages/amp_msgs/libamp_msgs__rosidl_generator_py.so
-- Installing: /home/hollis/cu/5254_final/install/amp_msgs/local/lib/python3.10/dist-packages/amp_msgs/amp_msgs_s__rosidl_typesupport_introspection_c.cpython-310-x86_64-linux-gnu.so
-- Installing: /home/hollis/cu/5254_final/install/amp_msgs/local/lib/python3.10/dist-packages/amp_msgs/msg
-- Installing: /home/hollis/cu/5254_final/install/amp_msgs/local/lib/python3.10/dist-packages/amp_msgs/msg/_agent_control_s.c
-- Installing: /home/hollis/cu/5254_final/install/amp_msgs/local/lib/python3.10/dist-packages/amp_msgs/msg/_launch_ball_s.c
-- Installing: /home/hollis/cu/5254_final/install/amp_msgs/local/lib/python3.10/dist-packages/amp_msgs/msg/_set_pose_s.c
-- Installing: /home/hollis/cu/5254_final/install/amp_msgs/local/lib/python3.10/dist-packages/amp_msgs/msg/__init__.py
-- Installing: /home/hollis/cu/5254_final/install/amp_msgs/local/lib/python3.10/dist-packages/amp_msgs/msg/_launch_ball.py
-- Installing: /home/hollis/cu/5254_final/install/amp_msgs/local/lib/python3.10/dist-packages/amp_msgs/msg/_set_pose.py
-- Installing: /home/hollis/cu/5254_final/install/amp_msgs/local/lib/python3.10/dist-packages/amp_msgs/msg/_agent_control.py
-- Installing: /home/hollis/cu/5254_final/install/amp_msgs/local/lib/python3.10/dist-packages/amp_msgs/_amp_msgs_s.ep.rosidl_typesupport_introspection_c.c
Listing '/home/hollis/cu/5254_final/install/amp_msgs/local/lib/python3.10/dist-packages/amp_msgs'...
Compiling '/home/hollis/cu/5254_final/install/amp_msgs/local/lib/python3.10/dist-packages/amp_msgs/__init__.py'...
Listing '/home/hollis/cu/5254_final/install/amp_msgs/local/lib/python3.10/dist-packages/amp_msgs/msg'...
Compiling '/home/hollis/cu/5254_final/install/amp_msgs/local/lib/python3.10/dist-packages/amp_msgs/msg/__init__.py'...
Compiling '/home/hollis/cu/5254_final/install/amp_msgs/local/lib/python3.10/dist-packages/amp_msgs/msg/_agent_control.py'...
Compiling '/home/hollis/cu/5254_final/install/amp_msgs/local/lib/python3.10/dist-packages/amp_msgs/msg/_launch_ball.py'...
Compiling '/home/hollis/cu/5254_final/install/amp_msgs/local/lib/python3.10/dist-packages/amp_msgs/msg/_set_pose.py'...
-- Installing: /home/hollis/cu/5254_final/install/amp_msgs/local/lib/python3.10/dist-packages/amp_msgs/amp_msgs_s__rosidl_typesupport_fastrtps_c.cpython-310-x86_64-linux-gnu.so
-- Set runtime path of "/home/hollis/cu/5254_final/install/amp_msgs/local/lib/python3.10/dist-packages/amp_msgs/amp_msgs_s__rosidl_typesupport_fastrtps_c.cpython-310-x86_64-linux-gnu.so" to ""
-- Installing: /home/hollis/cu/5254_final/install/amp_msgs/local/lib/python3.10/dist-packages/amp_msgs/amp_msgs_s__rosidl_typesupport_introspection_c.cpython-310-x86_64-linux-gnu.so
-- Set runtime path of "/home/hollis/cu/5254_final/install/amp_msgs/local/lib/python3.10/dist-packages/amp_msgs/amp_msgs_s__rosidl_typesupport_introspection_c.cpython-310-x86_64-linux-gnu.so" to ""
-- Installing: /home/hollis/cu/5254_final/install/amp_msgs/local/lib/python3.10/dist-packages/amp_msgs/amp_msgs_s__rosidl_typesupport_c.cpython-310-x86_64-linux-gnu.so
-- Set runtime path of "/home/hollis/cu/5254_final/install/amp_msgs/local/lib/python3.10/dist-packages/amp_msgs/amp_msgs_s__rosidl_typesupport_c.cpython-310-x86_64-linux-gnu.so" to ""
-- Installing: /home/hollis/cu/5254_final/install/amp_msgs/lib/libamp_msgs__rosidl_generator_py.so
-- Set runtime path of "/home/hollis/cu/5254_final/install/amp_msgs/lib/libamp_msgs__rosidl_generator_py.so" to ""
-- Installing: /home/hollis/cu/5254_final/install/amp_msgs/share/amp_msgs/msg/AgentControl.idl
-- Installing: /home/hollis/cu/5254_final/install/amp_msgs/share/amp_msgs/msg/LaunchBall.idl
-- Installing: /home/hollis/cu/5254_final/install/amp_msgs/share/amp_msgs/msg/SetPose.idl
-- Installing: /home/hollis/cu/5254_final/install/amp_msgs/share/amp_msgs/msg/AgentControl.msg
-- Installing: /home/hollis/cu/5254_final/install/amp_msgs/share/amp_msgs/msg/LaunchBall.msg
-- Installing: /home/hollis/cu/5254_final/install/amp_msgs/share/amp_msgs/msg/SetPose.msg
-- Installing: /home/hollis/cu/5254_final/install/amp_msgs/share/ament_index/resource_index/package_run_dependencies/amp_msgs
-- Installing: /home/hollis/cu/5254_final/install/amp_msgs/share/ament_index/resource_index/parent_prefix_path/amp_msgs
-- Installing: /home/hollis/cu/5254_final/install/amp_msgs/share/amp_msgs/environment/ament_prefix_path.sh
-- Installing: /home/hollis/cu/5254_final/install/amp_msgs/share/amp_msgs/environment/ament_prefix_path.dsv
-- Installing: /home/hollis/cu/5254_final/install/amp_msgs/share/amp_msgs/environment/path.sh
-- Installing: /home/hollis/cu/5254_final/install/amp_msgs/share/amp_msgs/environment/path.dsv
-- Installing: /home/hollis/cu/5254_final/install/amp_msgs/share/amp_msgs/local_setup.bash
-- Installing: /home/hollis/cu/5254_final/install/amp_msgs/share/amp_msgs/local_setup.sh
-- Installing: /home/hollis/cu/5254_final/install/amp_msgs/share/amp_msgs/local_setup.zsh
-- Installing: /home/hollis/cu/5254_final/install/amp_msgs/share/amp_msgs/local_setup.dsv
-- Installing: /home/hollis/cu/5254_final/install/amp_msgs/share/amp_msgs/package.dsv
-- Installing: /home/hollis/cu/5254_final/install/amp_msgs/share/ament_index/resource_index/packages/amp_msgs
-- Installing: /home/hollis/cu/5254_final/install/amp_msgs/share/amp_msgs/cmake/export_amp_msgs__rosidl_generator_cExport.cmake
-- Installing: /home/hollis/cu/5254_final/install/amp_msgs/share/amp_msgs/cmake/export_amp_msgs__rosidl_generator_cExport-noconfig.cmake
-- Installing: /home/hollis/cu/5254_final/install/amp_msgs/share/amp_msgs/cmake/export_amp_msgs__rosidl_typesupport_fastrtps_cExport.cmake
-- Installing: /home/hollis/cu/5254_final/install/amp_msgs/share/amp_msgs/cmake/export_amp_msgs__rosidl_typesupport_fastrtps_cExport-noconfig.cmake
-- Installing: /home/hollis/cu/5254_final/install/amp_msgs/share/amp_msgs/cmake/amp_msgs__rosidl_typesupport_introspection_cExport.cmake
-- Installing: /home/hollis/cu/5254_final/install/amp_msgs/share/amp_msgs/cmake/amp_msgs__rosidl_typesupport_introspection_cExport-noconfig.cmake
-- Installing: /home/hollis/cu/5254_final/install/amp_msgs/share/amp_msgs/cmake/amp_msgs__rosidl_typesupport_cExport.cmake
-- Installing: /home/hollis/cu/5254_final/install/amp_msgs/share/amp_msgs/cmake/amp_msgs__rosidl_typesupport_cExport-noconfig.cmake
-- Installing: /home/hollis/cu/5254_final/install/amp_msgs/share/amp_msgs/cmake/export_amp_msgs__rosidl_generator_cppExport.cmake
-- Installing: /home/hollis/cu/5254_final/install/amp_msgs/share/amp_msgs/cmake/export_amp_msgs__rosidl_typesupport_fastrtps_cppExport.cmake
-- Installing: /home/hollis/cu/5254_final/install/amp_msgs/share/amp_msgs/cmake/export_amp_msgs__rosidl_typesupport_fastrtps_cppExport-noconfig.cmake
-- Installing: /home/hollis/cu/5254_final/install/amp_msgs/share/amp_msgs/cmake/amp_msgs__rosidl_typesupport_introspection_cppExport.cmake
-- Installing: /home/hollis/cu/5254_final/install/amp_msgs/share/amp_msgs/cmake/amp_msgs__rosidl_typesupport_introspection_cppExport-noconfig.cmake
-- Installing: /home/hollis/cu/5254_final/install/amp_msgs/share/amp_msgs/cmake/amp_msgs__rosidl_typesupport_cppExport.cmake
-- Installing: /home/hollis/cu/5254_final/install/amp_msgs/share/amp_msgs/cmake/amp_msgs__rosidl_typesupport_cppExport-noconfig.cmake
-- Installing: /home/hollis/cu/5254_final/install/amp_msgs/share/amp_msgs/cmake/export_amp_msgs__rosidl_generator_pyExport.cmake
-- Installing: /home/hollis/cu/5254_final/install/amp_msgs/share/amp_msgs/cmake/export_amp_msgs__rosidl_generator_pyExport-noconfig.cmake
-- Installing: /home/hollis/cu/5254_final/install/amp_msgs/share/amp_msgs/cmake/rosidl_cmake-extras.cmake
-- Installing: /home/hollis/cu/5254_final/install/amp_msgs/share/amp_msgs/cmake/ament_cmake_export_include_directories-extras.cmake
-- Installing: /home/hollis/cu/5254_final/install/amp_msgs/share/amp_msgs/cmake/ament_cmake_export_libraries-extras.cmake
-- Installing: /home/hollis/cu/5254_final/install/amp_msgs/share/amp_msgs/cmake/ament_cmake_export_targets-extras.cmake
-- Installing: /home/hollis/cu/5254_final/install/amp_msgs/share/amp_msgs/cmake/rosidl_cmake_export_typesupport_targets-extras.cmake
-- Installing: /home/hollis/cu/5254_final/install/amp_msgs/share/amp_msgs/cmake/ament_cmake_export_dependencies-extras.cmake
-- Installing: /home/hollis/cu/5254_final/install/amp_msgs/share/amp_msgs/cmake/rosidl_cmake_export_typesupport_libraries-extras.cmake
-- Installing: /home/hollis/cu/5254_final/install/amp_msgs/share/amp_msgs/cmake/amp_msgsConfig.cmake
-- Installing: /home/hollis/cu/5254_final/install/amp_msgs/share/amp_msgs/cmake/amp_msgsConfig-version.cmake
-- Installing: /home/hollis/cu/5254_final/install/amp_msgs/share/amp_msgs/package.xml
