[0.009s] Invoking command in '/home/hollis/cu/5254_final/build/amp_viz': CMAKE_PREFIX_PATH=/home/hollis/cu/5254_final/install/amp_sim:/home/hollis/cu/5254_final/install/amp_msgs:/home/hollis/cu/5254_final/install/amp_viz:/home/hollis/cu/5254_final/install/amp_agents:/opt/ros/humble LD_LIBRARY_PATH=/home/hollis/cu/5254_final/install/amp_msgs/lib:/home/hollis/cu/5254_final/install/amp_viz/lib:/opt/ros/humble/opt/rviz_ogre_vendor/lib:/opt/ros/humble/lib/x86_64-linux-gnu:/opt/ros/humble/lib /usr/bin/cmake --build /home/hollis/cu/5254_final/build/amp_viz -- -j24 -l24
[0.077s] [ 16%] [34m[1mAutomatic MOC and UIC for target template_panel[0m
[0.109s] [ 16%] Built target template_panel_autogen
[0.152s] [ 33%] [32mBuilding CXX object CMakeFiles/template_panel.dir/src/template_panel.cpp.o[0m
[7.265s] [ 50%] [32m[1mLinking CXX shared library libtemplate_panel.so[0m
[8.331s] [100%] Built target template_panel
[8.345s] Invoked command in '/home/hollis/cu/5254_final/build/amp_viz' returned '0': CMAKE_PREFIX_PATH=/home/hollis/cu/5254_final/install/amp_sim:/home/hollis/cu/5254_final/install/amp_msgs:/home/hollis/cu/5254_final/install/amp_viz:/home/hollis/cu/5254_final/install/amp_agents:/opt/ros/humble LD_LIBRARY_PATH=/home/hollis/cu/5254_final/install/amp_msgs/lib:/home/hollis/cu/5254_final/install/amp_viz/lib:/opt/ros/humble/opt/rviz_ogre_vendor/lib:/opt/ros/humble/lib/x86_64-linux-gnu:/opt/ros/humble/lib /usr/bin/cmake --build /home/hollis/cu/5254_final/build/amp_viz -- -j24 -l24
[8.345s] Invoking command in '/home/hollis/cu/5254_final/build/amp_viz': CMAKE_PREFIX_PATH=/home/hollis/cu/5254_final/install/amp_sim:/home/hollis/cu/5254_final/install/amp_msgs:/home/hollis/cu/5254_final/install/amp_viz:/home/hollis/cu/5254_final/install/amp_agents:/opt/ros/humble LD_LIBRARY_PATH=/home/hollis/cu/5254_final/install/amp_msgs/lib:/home/hollis/cu/5254_final/install/amp_viz/lib:/opt/ros/humble/opt/rviz_ogre_vendor/lib:/opt/ros/humble/lib/x86_64-linux-gnu:/opt/ros/humble/lib /usr/bin/cmake --install /home/hollis/cu/5254_final/build/amp_viz
[8.354s] -- Install configuration: ""
[8.354s] -- Installing: /home/hollis/cu/5254_final/install/amp_viz/lib/libtemplate_panel.so
[8.357s] -- Set runtime path of "/home/hollis/cu/5254_final/install/amp_viz/lib/libtemplate_panel.so" to ""
[8.357s] -- Up-to-date: /home/hollis/cu/5254_final/install/amp_viz/include
[8.357s] -- Up-to-date: /home/hollis/cu/5254_final/install/amp_viz/include/amp_viz
[8.357s] -- Up-to-date: /home/hollis/cu/5254_final/install/amp_viz/include/amp_viz/template_panel.hpp
[8.357s] -- Up-to-date: /home/hollis/cu/5254_final/install/amp_viz/share/amp_viz/rviz_common_plugins.xml
[8.357s] -- Up-to-date: /home/hollis/cu/5254_final/install/amp_viz/share/amp_viz/rviz_common_plugins.xml
[8.357s] -- Up-to-date: /home/hollis/cu/5254_final/install/amp_viz/lib/amp_viz/marker_pub.py
[8.357s] -- Up-to-date: /home/hollis/cu/5254_final/install/amp_viz/share/marker_pub.py
[8.357s] -- Up-to-date: /home/hollis/cu/5254_final/install/amp_viz/share/amp_viz//launch
[8.357s] -- Up-to-date: /home/hollis/cu/5254_final/install/amp_viz/share/amp_viz//launch/amp_viz.launch.py
[8.357s] -- Up-to-date: /home/hollis/cu/5254_final/install/amp_viz/share/amp_viz//meshes
[8.357s] -- Up-to-date: /home/hollis/cu/5254_final/install/amp_viz/share/amp_viz//meshes/cannon_barrel
[8.357s] -- Up-to-date: /home/hollis/cu/5254_final/install/amp_viz/share/amp_viz//meshes/cannon_barrel/mesh.dae
[8.357s] -- Up-to-date: /home/hollis/cu/5254_final/install/amp_viz/share/amp_viz//meshes/cannon_barrel/model.dae
[8.357s] -- Up-to-date: /home/hollis/cu/5254_final/install/amp_viz/share/ament_index/resource_index/package_run_dependencies/amp_viz
[8.357s] -- Up-to-date: /home/hollis/cu/5254_final/install/amp_viz/share/ament_index/resource_index/parent_prefix_path/amp_viz
[8.358s] -- Up-to-date: /home/hollis/cu/5254_final/install/amp_viz/share/amp_viz/environment/ament_prefix_path.sh
[8.358s] -- Up-to-date: /home/hollis/cu/5254_final/install/amp_viz/share/amp_viz/environment/ament_prefix_path.dsv
[8.358s] -- Up-to-date: /home/hollis/cu/5254_final/install/amp_viz/share/amp_viz/environment/path.sh
[8.358s] -- Up-to-date: /home/hollis/cu/5254_final/install/amp_viz/share/amp_viz/environment/path.dsv
[8.358s] -- Up-to-date: /home/hollis/cu/5254_final/install/amp_viz/share/amp_viz/local_setup.bash
[8.358s] -- Up-to-date: /home/hollis/cu/5254_final/install/amp_viz/share/amp_viz/local_setup.sh
[8.358s] -- Up-to-date: /home/hollis/cu/5254_final/install/amp_viz/share/amp_viz/local_setup.zsh
[8.358s] -- Up-to-date: /home/hollis/cu/5254_final/install/amp_viz/share/amp_viz/local_setup.dsv
[8.358s] -- Installing: /home/hollis/cu/5254_final/install/amp_viz/share/amp_viz/package.dsv
[8.358s] -- Up-to-date: /home/hollis/cu/5254_final/install/amp_viz/share/ament_index/resource_index/packages/amp_viz
[8.358s] -- Up-to-date: /home/hollis/cu/5254_final/install/amp_viz/share/ament_index/resource_index/rviz_common__pluginlib__plugin/amp_viz
[8.358s] -- Up-to-date: /home/hollis/cu/5254_final/install/amp_viz/share/amp_viz/cmake/export_template_panelExport.cmake
[8.358s] -- Up-to-date: /home/hollis/cu/5254_final/install/amp_viz/share/amp_viz/cmake/export_template_panelExport-noconfig.cmake
[8.358s] -- Up-to-date: /home/hollis/cu/5254_final/install/amp_viz/share/amp_viz/cmake/ament_cmake_export_include_directories-extras.cmake
[8.358s] -- Up-to-date: /home/hollis/cu/5254_final/install/amp_viz/share/amp_viz/cmake/ament_cmake_export_targets-extras.cmake
[8.358s] -- Up-to-date: /home/hollis/cu/5254_final/install/amp_viz/share/amp_viz/cmake/amp_vizConfig.cmake
[8.358s] -- Up-to-date: /home/hollis/cu/5254_final/install/amp_viz/share/amp_viz/cmake/amp_vizConfig-version.cmake
[8.358s] -- Up-to-date: /home/hollis/cu/5254_final/install/amp_viz/share/amp_viz/package.xml
[8.361s] Invoked command in '/home/hollis/cu/5254_final/build/amp_viz' returned '0': CMAKE_PREFIX_PATH=/home/hollis/cu/5254_final/install/amp_sim:/home/hollis/cu/5254_final/install/amp_msgs:/home/hollis/cu/5254_final/install/amp_viz:/home/hollis/cu/5254_final/install/amp_agents:/opt/ros/humble LD_LIBRARY_PATH=/home/hollis/cu/5254_final/install/amp_msgs/lib:/home/hollis/cu/5254_final/install/amp_viz/lib:/opt/ros/humble/opt/rviz_ogre_vendor/lib:/opt/ros/humble/lib/x86_64-linux-gnu:/opt/ros/humble/lib /usr/bin/cmake --install /home/hollis/cu/5254_final/build/amp_viz
