[01m[K/home/hollis/cu/5254_final/src/amp_sim/src/run_sim.cpp:[m[K In member function ‘[01m[Kvoid SimNode::tic_cb()[m[K’:
[01m[K/home/hollis/cu/5254_final/src/amp_sim/src/run_sim.cpp:62:39:[m[K [01;31m[Kerror: [m[Kno matching function for call to ‘[01m[Kstd::vector<std::_List_iterator<DynamicObject> >::push_back(std::_List_iterator<DynamicObject*>&)[m[K’
   62 |                     [01;31m[Kto_erase.push_back(it)[m[K;
      |                     [01;31m[K~~~~~~~~~~~~~~~~~~^~~~[m[K
In file included from [01m[K/usr/include/c++/11/vector:67[m[K,
                 from [01m[K/usr/include/c++/11/functional:62[m[K,
                 from [01m[K/usr/include/eigen3/Eigen/Core:85[m[K,
                 from [01m[K/usr/include/eigen3/Eigen/Dense:1[m[K,
                 from [01m[K/home/hollis/cu/5254_final/src/amp_sim/include/amp_sim/dynamic_ball.hpp:3[m[K,
                 from [01m[K/home/hollis/cu/5254_final/src/amp_sim/src/run_sim.cpp:3[m[K:
[01m[K/usr/include/c++/11/bits/stl_vector.h:1187:7:[m[K [01;36m[Knote: [m[Kcandidate: ‘[01m[Kvoid std::vector<_Tp, _Alloc>::push_back(const value_type&) [with _Tp = std::_List_iterator<DynamicObject>; _Alloc = std::allocator<std::_List_iterator<DynamicObject> >; std::vector<_Tp, _Alloc>::value_type = std::vector<std::_List_iterator<DynamicObject> >::value_type][m[K’
 1187 |       [01;36m[Kpush_back[m[K(const value_type& __x)
      |       [01;36m[K^~~~~~~~~[m[K
[01m[K/usr/include/c++/11/bits/stl_vector.h:1187:35:[m[K [01;36m[Knote: [m[K  no known conversion for argument 1 from ‘[01m[Kstd::_List_iterator<DynamicObject*>[m[K’ to ‘[01m[Kconst value_type&[m[K’
 1187 |       push_back([01;36m[Kconst value_type& __x[m[K)
      |                 [01;36m[K~~~~~~~~~~~~~~~~~~^~~[m[K
[01m[K/usr/include/c++/11/bits/stl_vector.h:1203:7:[m[K [01;36m[Knote: [m[Kcandidate: ‘[01m[Kvoid std::vector<_Tp, _Alloc>::push_back(std::vector<_Tp, _Alloc>::value_type&&) [with _Tp = std::_List_iterator<DynamicObject>; _Alloc = std::allocator<std::_List_iterator<DynamicObject> >; std::vector<_Tp, _Alloc>::value_type = std::vector<std::_List_iterator<DynamicObject> >::value_type][m[K’
 1203 |       [01;36m[Kpush_back[m[K(value_type&& __x)
      |       [01;36m[K^~~~~~~~~[m[K
[01m[K/usr/include/c++/11/bits/stl_vector.h:1203:30:[m[K [01;36m[Knote: [m[K  no known conversion for argument 1 from ‘[01m[Kstd::_List_iterator<DynamicObject*>[m[K’ to ‘[01m[Kstd::vector<std::_List_iterator<DynamicObject> >::value_type&&[m[K’
 1203 |       push_back([01;36m[Kvalue_type&& __x[m[K)
      |                 [01;36m[K~~~~~~~~~~~~~^~~[m[K
[01m[K/home/hollis/cu/5254_final/src/amp_sim/src/run_sim.cpp:66:30:[m[K [01;35m[Kwarning: [m[Kcomparison of integer expressions of different signedness: ‘[01m[Kint[m[K’ and ‘[01m[Kstd::vector<std::_List_iterator<DynamicObject> >::size_type[m[K’ {aka ‘[01m[Klong unsigned int[m[K’} [[01;35m[K]8;;https://gcc.gnu.org/onlinedocs/gcc/Warning-Options.html#index-Wsign-compare-Wsign-compare]8;;[m[K]
   66 |             for(int i = 0; [01;35m[Ki < to_erase.size()[m[K; i++){
      |                            [01;35m[K~~^~~~~~~~~~~~~~~~~[m[K
[01m[K/home/hollis/cu/5254_final/src/amp_sim/src/run_sim.cpp:67:38:[m[K [01;31m[Kerror: [m[Kno matching function for call to ‘[01m[Kstd::__cxx11::list<DynamicObject*>::erase(__gnu_cxx::__alloc_traits<std::allocator<std::_List_iterator<DynamicObject> >, std::_List_iterator<DynamicObject> >::value_type&)[m[K’
   67 |                 [01;31m[Kdynamic_objects.erase(to_erase.at(i))[m[K;
      |                 [01;31m[K~~~~~~~~~~~~~~~~~~~~~^~~~~~~~~~~~~~~~[m[K
In file included from [01m[K/usr/include/c++/11/list:64[m[K,
                 from [01m[K/opt/ros/humble/include/rclcpp/rclcpp/executor.hpp:23[m[K,
                 from [01m[K/opt/ros/humble/include/rclcpp/rclcpp/executors/multi_threaded_executor.hpp:25[m[K,
                 from [01m[K/opt/ros/humble/include/rclcpp/rclcpp/executors.hpp:21[m[K,
                 from [01m[K/opt/ros/humble/include/rclcpp/rclcpp/rclcpp.hpp:155[m[K,
                 from [01m[K/home/hollis/cu/5254_final/src/amp_sim/src/run_sim.cpp:6[m[K:
[01m[K/usr/include/c++/11/bits/list.tcc:150:5:[m[K [01;36m[Knote: [m[Kcandidate: ‘[01m[Kstd::__cxx11::list<_Tp, _Alloc>::iterator std::__cxx11::list<_Tp, _Alloc>::erase(std::__cxx11::list<_Tp, _Alloc>::const_iterator) [with _Tp = DynamicObject*; _Alloc = std::allocator<DynamicObject*>; std::__cxx11::list<_Tp, _Alloc>::iterator = std::__cxx11::list<DynamicObject*>::iterator; std::__cxx11::list<_Tp, _Alloc>::const_iterator = std::__cxx11::list<DynamicObject*>::const_iterator][m[K’
  150 |     [01;36m[Klist<_Tp, _Alloc>[m[K::
      |     [01;36m[K^~~~~~~~~~~~~~~~~[m[K
[01m[K/usr/include/c++/11/bits/list.tcc:152:26:[m[K [01;36m[Knote: [m[K  no known conversion for argument 1 from ‘[01m[K__gnu_cxx::__alloc_traits<std::allocator<std::_List_iterator<DynamicObject> >, std::_List_iterator<DynamicObject> >::value_type[m[K’ {aka ‘[01m[Kstd::allocator_traits<std::allocator<std::_List_iterator<DynamicObject> > >::value_type[m[K’} to ‘[01m[Kstd::__cxx11::list<DynamicObject*>::const_iterator[m[K’
  152 |     erase([01;36m[Kconst_iterator __position[m[K) noexcept
      |           [01;36m[K~~~~~~~~~~~~~~~^~~~~~~~~~[m[K
In file included from [01m[K/usr/include/c++/11/list:63[m[K,
                 from [01m[K/opt/ros/humble/include/rclcpp/rclcpp/executor.hpp:23[m[K,
                 from [01m[K/opt/ros/humble/include/rclcpp/rclcpp/executors/multi_threaded_executor.hpp:25[m[K,
                 from [01m[K/opt/ros/humble/include/rclcpp/rclcpp/executors.hpp:21[m[K,
                 from [01m[K/opt/ros/humble/include/rclcpp/rclcpp/rclcpp.hpp:155[m[K,
                 from [01m[K/home/hollis/cu/5254_final/src/amp_sim/src/run_sim.cpp:6[m[K:
[01m[K/usr/include/c++/11/bits/stl_list.h:1457:7:[m[K [01;36m[Knote: [m[Kcandidate: ‘[01m[Kstd::__cxx11::list<_Tp, _Alloc>::iterator std::__cxx11::list<_Tp, _Alloc>::erase(std::__cxx11::list<_Tp, _Alloc>::const_iterator, std::__cxx11::list<_Tp, _Alloc>::const_iterator) [with _Tp = DynamicObject*; _Alloc = std::allocator<DynamicObject*>; std::__cxx11::list<_Tp, _Alloc>::iterator = std::__cxx11::list<DynamicObject*>::iterator; std::__cxx11::list<_Tp, _Alloc>::const_iterator = std::__cxx11::list<DynamicObject*>::const_iterator][m[K’
 1457 |       [01;36m[Kerase[m[K(const_iterator __first, const_iterator __last) noexcept
      |       [01;36m[K^~~~~[m[K
[01m[K/usr/include/c++/11/bits/stl_list.h:1457:7:[m[K [01;36m[Knote: [m[K  candidate expects 2 arguments, 1 provided
[01m[K/home/hollis/cu/5254_final/src/amp_sim/src/run_sim.cpp:[m[K In member function ‘[01m[Kvoid SimNode::launch_ball_cb(amp_msgs::msg::LaunchBall)[m[K’:
[01m[K/home/hollis/cu/5254_final/src/amp_sim/src/run_sim.cpp:82:55:[m[K [01;35m[Kwarning: [m[Kunused parameter ‘[01m[Kmsg[m[K’ [[01;35m[K]8;;https://gcc.gnu.org/onlinedocs/gcc/Warning-Options.html#index-Wunused-parameter-Wunused-parameter]8;;[m[K]
   82 |         void launch_ball_cb([01;35m[Kamp_msgs::msg::LaunchBall msg[m[K){
      |                             [01;35m[K~~~~~~~~~~~~~~~~~~~~~~~~~~^~~[m[K
gmake[2]: *** [CMakeFiles/sim_node.dir/build.make:76: CMakeFiles/sim_node.dir/src/run_sim.cpp.o] Error 1
gmake[1]: *** [CMakeFiles/Makefile2:194: CMakeFiles/sim_node.dir/all] Error 2
gmake: *** [Makefile:146: all] Error 2
