[0.005s] Invoking command in '/home/hollis/cu/5254_final/build/amp_sim': CMAKE_PREFIX_PATH=/opt/ros/humble /usr/bin/cmake --build /home/hollis/cu/5254_final/build/amp_sim -- -j24 -l24
[0.031s] [ 33%] Built target dynamic_object
[0.043s] [ 66%] Built target dynamic_ball
[0.056s] [ 83%] [32mBuilding CXX object CMakeFiles/sim_node.dir/src/run_sim.cpp.o[0m
[1.275s] [01m[K/home/hollis/cu/5254_final/src/amp_sim/src/run_sim.cpp:[m[K In member function ‘[01m[Kvoid SimNode::tic_cb()[m[K’:
[1.275s] [01m[K/home/hollis/cu/5254_final/src/amp_sim/src/run_sim.cpp:46:30:[m[K [01;35m[Kwarning: [m[Kcomparison of integer expressions of different signedness: ‘[01m[Kint[m[K’ and ‘[01m[Kstd::vector<DynamicBall*>::size_type[m[K’ {aka ‘[01m[Klong unsigned int[m[K’} [[01;35m[K]8;;https://gcc.gnu.org/onlinedocs/gcc/Warning-Options.html#index-Wsign-compare-Wsign-compare]8;;[m[K]
[1.275s]    46 |             for(int i = 0; [01;35m[Ki < dynamic_objects.size()[m[K; i++){
[1.275s]       |                            [01;35m[K~~^~~~~~~~~~~~~~~~~~~~~~~~[m[K
[1.280s] [01m[K/home/hollis/cu/5254_final/src/amp_sim/src/run_sim.cpp:54:34:[m[K [01;35m[Kwarning: [m[Kcomparison of integer expressions of different signedness: ‘[01m[Kint[m[K’ and ‘[01m[Kstd::vector<DynamicBall*>::size_type[m[K’ {aka ‘[01m[Klong unsigned int[m[K’} [[01;35m[K]8;;https://gcc.gnu.org/onlinedocs/gcc/Warning-Options.html#index-Wsign-compare-Wsign-compare]8;;[m[K]
[1.280s]    54 |                 for(int i = 0; [01;35m[Ki < dynamic_objects.size()[m[K; i++){
[1.280s]       |                                [01;35m[K~~^~~~~~~~~~~~~~~~~~~~~~~~[m[K
[2.364s] [100%] [32m[1mLinking CXX executable sim_node[0m
[2.482s] [100%] Built target sim_node
[2.489s] Invoked command in '/home/hollis/cu/5254_final/build/amp_sim' returned '0': CMAKE_PREFIX_PATH=/opt/ros/humble /usr/bin/cmake --build /home/hollis/cu/5254_final/build/amp_sim -- -j24 -l24
[2.495s] Invoking command in '/home/hollis/cu/5254_final/build/amp_sim': CMAKE_PREFIX_PATH=/opt/ros/humble /usr/bin/cmake --install /home/hollis/cu/5254_final/build/amp_sim
[2.498s] -- Install configuration: ""
[2.498s] -- Installing: /home/hollis/cu/5254_final/install/amp_sim/lib/amp_sim/sim_node
[2.499s] -- Set runtime path of "/home/hollis/cu/5254_final/install/amp_sim/lib/amp_sim/sim_node" to ""
[2.499s] -- Up-to-date: /home/hollis/cu/5254_final/install/amp_sim/share/ament_index/resource_index/package_run_dependencies/amp_sim
[2.499s] -- Up-to-date: /home/hollis/cu/5254_final/install/amp_sim/share/ament_index/resource_index/parent_prefix_path/amp_sim
[2.499s] -- Up-to-date: /home/hollis/cu/5254_final/install/amp_sim/share/amp_sim/environment/ament_prefix_path.sh
[2.499s] -- Up-to-date: /home/hollis/cu/5254_final/install/amp_sim/share/amp_sim/environment/ament_prefix_path.dsv
[2.499s] -- Up-to-date: /home/hollis/cu/5254_final/install/amp_sim/share/amp_sim/environment/path.sh
[2.499s] -- Up-to-date: /home/hollis/cu/5254_final/install/amp_sim/share/amp_sim/environment/path.dsv
[2.499s] -- Up-to-date: /home/hollis/cu/5254_final/install/amp_sim/share/amp_sim/local_setup.bash
[2.499s] -- Up-to-date: /home/hollis/cu/5254_final/install/amp_sim/share/amp_sim/local_setup.sh
[2.499s] -- Up-to-date: /home/hollis/cu/5254_final/install/amp_sim/share/amp_sim/local_setup.zsh
[2.499s] -- Up-to-date: /home/hollis/cu/5254_final/install/amp_sim/share/amp_sim/local_setup.dsv
[2.499s] -- Installing: /home/hollis/cu/5254_final/install/amp_sim/share/amp_sim/package.dsv
[2.499s] -- Up-to-date: /home/hollis/cu/5254_final/install/amp_sim/share/ament_index/resource_index/packages/amp_sim
[2.500s] -- Up-to-date: /home/hollis/cu/5254_final/install/amp_sim/share/amp_sim/cmake/amp_simConfig.cmake
[2.500s] -- Up-to-date: /home/hollis/cu/5254_final/install/amp_sim/share/amp_sim/cmake/amp_simConfig-version.cmake
[2.500s] -- Up-to-date: /home/hollis/cu/5254_final/install/amp_sim/share/amp_sim/package.xml
[2.500s] Invoked command in '/home/hollis/cu/5254_final/build/amp_sim' returned '0': CMAKE_PREFIX_PATH=/opt/ros/humble /usr/bin/cmake --install /home/hollis/cu/5254_final/build/amp_sim
