[0.005s] Invoking command in '/home/hollis/cu/5254_final/build/amp_sim': CMAKE_PREFIX_PATH=${CMAKE_PREFIX_PATH}:/opt/ros/humble /usr/bin/cmake --build /home/hollis/cu/5254_final/build/amp_sim -- -j24 -l24
[0.047s] [ 33%] Built target dynamic_object
[0.069s] [ 66%] Built target dynamic_ball
[0.082s] [35m[1mConsolidate compiler generated dependencies of target sim_node[0m
[0.101s] [ 83%] [32mBuilding CXX object CMakeFiles/sim_node.dir/src/run_sim.cpp.o[0m
[3.407s] [100%] [32m[1mLinking CXX executable sim_node[0m
[3.583s] [100%] Built target sim_node
[3.592s] Invoked command in '/home/hollis/cu/5254_final/build/amp_sim' returned '0': CMAKE_PREFIX_PATH=${CMAKE_PREFIX_PATH}:/opt/ros/humble /usr/bin/cmake --build /home/hollis/cu/5254_final/build/amp_sim -- -j24 -l24
[3.593s] Invoking command in '/home/hollis/cu/5254_final/build/amp_sim': CMAKE_PREFIX_PATH=${CMAKE_PREFIX_PATH}:/opt/ros/humble /usr/bin/cmake --install /home/hollis/cu/5254_final/build/amp_sim
[3.600s] -- Install configuration: ""
[3.600s] -- Installing: /home/hollis/cu/5254_final/install/amp_sim/lib/amp_sim/sim_node
[3.601s] -- Set runtime path of "/home/hollis/cu/5254_final/install/amp_sim/lib/amp_sim/sim_node" to ""
[3.601s] -- Up-to-date: /home/hollis/cu/5254_final/install/amp_sim/share/ament_index/resource_index/package_run_dependencies/amp_sim
[3.601s] -- Up-to-date: /home/hollis/cu/5254_final/install/amp_sim/share/ament_index/resource_index/parent_prefix_path/amp_sim
[3.601s] -- Up-to-date: /home/hollis/cu/5254_final/install/amp_sim/share/amp_sim/environment/ament_prefix_path.sh
[3.601s] -- Up-to-date: /home/hollis/cu/5254_final/install/amp_sim/share/amp_sim/environment/ament_prefix_path.dsv
[3.601s] -- Up-to-date: /home/hollis/cu/5254_final/install/amp_sim/share/amp_sim/environment/path.sh
[3.601s] -- Up-to-date: /home/hollis/cu/5254_final/install/amp_sim/share/amp_sim/environment/path.dsv
[3.602s] -- Up-to-date: /home/hollis/cu/5254_final/install/amp_sim/share/amp_sim/local_setup.bash
[3.602s] -- Up-to-date: /home/hollis/cu/5254_final/install/amp_sim/share/amp_sim/local_setup.sh
[3.602s] -- Up-to-date: /home/hollis/cu/5254_final/install/amp_sim/share/amp_sim/local_setup.zsh
[3.602s] -- Up-to-date: /home/hollis/cu/5254_final/install/amp_sim/share/amp_sim/local_setup.dsv
[3.602s] -- Installing: /home/hollis/cu/5254_final/install/amp_sim/share/amp_sim/package.dsv
[3.602s] -- Up-to-date: /home/hollis/cu/5254_final/install/amp_sim/share/ament_index/resource_index/packages/amp_sim
[3.602s] -- Up-to-date: /home/hollis/cu/5254_final/install/amp_sim/share/amp_sim/cmake/amp_simConfig.cmake
[3.602s] -- Up-to-date: /home/hollis/cu/5254_final/install/amp_sim/share/amp_sim/cmake/amp_simConfig-version.cmake
[3.602s] -- Up-to-date: /home/hollis/cu/5254_final/install/amp_sim/share/amp_sim/package.xml
[3.604s] Invoked command in '/home/hollis/cu/5254_final/build/amp_sim' returned '0': CMAKE_PREFIX_PATH=${CMAKE_PREFIX_PATH}:/opt/ros/humble /usr/bin/cmake --install /home/hollis/cu/5254_final/build/amp_sim
