[0.008s] Invoking command in '/home/hollis/cu/5254_final/build/amp_msgs': CMAKE_PREFIX_PATH=${CMAKE_PREFIX_PATH}:/opt/ros/humble /usr/bin/cmake --build /home/hollis/cu/5254_final/build/amp_msgs -- -j24 -l24
[0.023s] -- Found ament_cmake: 1.3.12 (/opt/ros/humble/share/ament_cmake/cmake)
[0.088s] -- Found builtin_interfaces: 1.2.2 (/opt/ros/humble/share/builtin_interfaces/cmake)
[0.100s] -- Found rosidl_generator_c: 3.1.7 (/opt/ros/humble/share/rosidl_generator_c/cmake)
[0.100s] -- Found rosidl_adapter: 3.1.7 (/opt/ros/humble/share/rosidl_adapter/cmake)
[0.103s] -- Found rosidl_generator_cpp: 3.1.7 (/opt/ros/humble/share/rosidl_generator_cpp/cmake)
[0.108s] -- Using all available rosidl_typesupport_c: rosidl_typesupport_fastrtps_c;rosidl_typesupport_introspection_c
[0.113s] -- Using all available rosidl_typesupport_cpp: rosidl_typesupport_fastrtps_cpp;rosidl_typesupport_introspection_cpp
[0.118s] -- Found rosidl_default_generators: 1.2.0 (/opt/ros/humble/share/rosidl_default_generators/cmake)
[0.266s] -- Found ament_cmake_ros: 0.10.0 (/opt/ros/humble/share/ament_cmake_ros/cmake)
[0.431s] -- Using all available rosidl_typesupport_c: rosidl_typesupport_fastrtps_c;rosidl_typesupport_introspection_c
[0.498s] -- Using all available rosidl_typesupport_cpp: rosidl_typesupport_fastrtps_cpp;rosidl_typesupport_introspection_cpp
[0.509s] -- Found python_cmake_module: 0.10.0 (/opt/ros/humble/share/python_cmake_module/cmake)
[0.524s] -- Using PYTHON_EXECUTABLE: /usr/bin/python3
[0.524s] -- Using PYTHON_INCLUDE_DIRS: /usr/include/python3.10
[0.524s] -- Using PYTHON_LIBRARIES: /usr/lib/x86_64-linux-gnu/libpython3.10.so
[0.531s] -- Found ament_lint_auto: 0.12.14 (/opt/ros/humble/share/ament_lint_auto/cmake)
[0.535s] -- Added test 'lint_cmake' to check CMake code style
[0.535s] -- Added test 'xmllint' to check XML markup files
[0.536s] -- Configuring done
[0.556s] -- Generating done
[0.562s] -- Build files have been written to: /home/hollis/cu/5254_final/build/amp_msgs
[0.580s] [35m[1mConsolidate compiler generated dependencies of target amp_msgs__rosidl_generator_c[0m
[0.589s] [  1%] Built target amp_msgs__cpp
[0.592s] [  3%] [32mBuilding C object CMakeFiles/amp_msgs__rosidl_generator_c.dir/rosidl_generator_c/amp_msgs/msg/detail/set_pose__functions.c.o[0m
[0.592s] [  4%] [32mBuilding C object CMakeFiles/amp_msgs__rosidl_generator_c.dir/rosidl_generator_c/amp_msgs/msg/detail/ideal_path__functions.c.o[0m
[0.593s] [  6%] [32mBuilding C object CMakeFiles/amp_msgs__rosidl_generator_c.dir/rosidl_generator_c/amp_msgs/msg/detail/launch_ball__functions.c.o[0m
[0.593s] [  7%] [32mBuilding C object CMakeFiles/amp_msgs__rosidl_generator_c.dir/rosidl_generator_c/amp_msgs/msg/detail/ball_trajectory__functions.c.o[0m
[0.598s] [  9%] [32mBuilding C object CMakeFiles/amp_msgs__rosidl_generator_c.dir/rosidl_generator_c/amp_msgs/msg/detail/agent_control__functions.c.o[0m
[0.598s] [  9%] Built target ament_cmake_python_copy_amp_msgs
[0.601s] [35m[1mConsolidate compiler generated dependencies of target amp_msgs__rosidl_typesupport_cpp[0m
[0.601s] [35m[1mConsolidate compiler generated dependencies of target amp_msgs__rosidl_typesupport_introspection_cpp[0m
[0.602s] [35m[1mConsolidate compiler generated dependencies of target amp_msgs__rosidl_typesupport_fastrtps_cpp[0m
[0.612s] [ 11%] [32mBuilding CXX object CMakeFiles/amp_msgs__rosidl_typesupport_cpp.dir/rosidl_typesupport_cpp/amp_msgs/msg/ideal_path__type_support.cpp.o[0m
[0.612s] [ 12%] [32mBuilding CXX object CMakeFiles/amp_msgs__rosidl_typesupport_cpp.dir/rosidl_typesupport_cpp/amp_msgs/msg/agent_control__type_support.cpp.o[0m
[0.614s] [ 14%] [32mBuilding CXX object CMakeFiles/amp_msgs__rosidl_typesupport_cpp.dir/rosidl_typesupport_cpp/amp_msgs/msg/ball_trajectory__type_support.cpp.o[0m
[0.614s] [ 15%] [32mBuilding CXX object CMakeFiles/amp_msgs__rosidl_typesupport_cpp.dir/rosidl_typesupport_cpp/amp_msgs/msg/launch_ball__type_support.cpp.o[0m
[0.616s] [ 17%] [32mBuilding CXX object CMakeFiles/amp_msgs__rosidl_typesupport_introspection_cpp.dir/rosidl_typesupport_introspection_cpp/amp_msgs/msg/detail/agent_control__type_support.cpp.o[0m
[0.616s] [ 19%] [32mBuilding CXX object CMakeFiles/amp_msgs__rosidl_typesupport_introspection_cpp.dir/rosidl_typesupport_introspection_cpp/amp_msgs/msg/detail/ball_trajectory__type_support.cpp.o[0m
[0.616s] [ 20%] [32mBuilding CXX object CMakeFiles/amp_msgs__rosidl_typesupport_cpp.dir/rosidl_typesupport_cpp/amp_msgs/msg/set_pose__type_support.cpp.o[0m
[0.619s] [ 22%] [32mBuilding CXX object CMakeFiles/amp_msgs__rosidl_typesupport_introspection_cpp.dir/rosidl_typesupport_introspection_cpp/amp_msgs/msg/detail/launch_ball__type_support.cpp.o[0m
[0.619s] [ 23%] [32mBuilding CXX object CMakeFiles/amp_msgs__rosidl_typesupport_introspection_cpp.dir/rosidl_typesupport_introspection_cpp/amp_msgs/msg/detail/ideal_path__type_support.cpp.o[0m
[0.619s] [ 25%] [32mBuilding CXX object CMakeFiles/amp_msgs__rosidl_typesupport_introspection_cpp.dir/rosidl_typesupport_introspection_cpp/amp_msgs/msg/detail/set_pose__type_support.cpp.o[0m
[0.623s] [ 26%] [32mBuilding CXX object CMakeFiles/amp_msgs__rosidl_typesupport_fastrtps_cpp.dir/rosidl_typesupport_fastrtps_cpp/amp_msgs/msg/detail/dds_fastrtps/agent_control__type_support.cpp.o[0m
[0.624s] [ 28%] [32mBuilding CXX object CMakeFiles/amp_msgs__rosidl_typesupport_fastrtps_cpp.dir/rosidl_typesupport_fastrtps_cpp/amp_msgs/msg/detail/dds_fastrtps/ball_trajectory__type_support.cpp.o[0m
[0.627s] [ 30%] [32mBuilding CXX object CMakeFiles/amp_msgs__rosidl_typesupport_fastrtps_cpp.dir/rosidl_typesupport_fastrtps_cpp/amp_msgs/msg/detail/dds_fastrtps/set_pose__type_support.cpp.o[0m
[0.627s] [ 31%] [32mBuilding CXX object CMakeFiles/amp_msgs__rosidl_typesupport_fastrtps_cpp.dir/rosidl_typesupport_fastrtps_cpp/amp_msgs/msg/detail/dds_fastrtps/launch_ball__type_support.cpp.o[0m
[0.627s] [ 33%] [32mBuilding CXX object CMakeFiles/amp_msgs__rosidl_typesupport_fastrtps_cpp.dir/rosidl_typesupport_fastrtps_cpp/amp_msgs/msg/detail/dds_fastrtps/ideal_path__type_support.cpp.o[0m
[0.684s] [ 34%] [32m[1mLinking C shared library libamp_msgs__rosidl_generator_c.so[0m
[0.729s] [ 36%] Built target amp_msgs__rosidl_generator_c
[0.749s] [ 38%] [34m[1mGenerating C type support for eProsima Fast-RTPS[0m
[0.749s] [ 39%] [34m[1mGenerating C type support dispatch for ROS interfaces[0m
[0.749s] [ 41%] [34m[1mGenerating C introspection for ROS interfaces[0m
[0.975s] running egg_info
[0.976s] writing amp_msgs.egg-info/PKG-INFO
[0.978s] writing dependency_links to amp_msgs.egg-info/dependency_links.txt
[0.978s] writing top-level names to amp_msgs.egg-info/top_level.txt
[0.982s] reading manifest file 'amp_msgs.egg-info/SOURCES.txt'
[0.983s] writing manifest file 'amp_msgs.egg-info/SOURCES.txt'
[1.012s] [ 42%] [32m[1mLinking CXX shared library libamp_msgs__rosidl_typesupport_cpp.so[0m
[1.019s] [ 42%] Built target ament_cmake_python_build_amp_msgs_egg
[1.052s] [ 44%] Built target amp_msgs__rosidl_typesupport_cpp
[1.089s] [ 46%] [32m[1mLinking CXX shared library libamp_msgs__rosidl_typesupport_introspection_cpp.so[0m
[1.104s] [35m[1mConsolidate compiler generated dependencies of target amp_msgs__rosidl_typesupport_c[0m
[1.118s] [ 47%] [32mBuilding CXX object CMakeFiles/amp_msgs__rosidl_typesupport_c.dir/rosidl_typesupport_c/amp_msgs/msg/agent_control__type_support.cpp.o[0m
[1.118s] [ 49%] [32mBuilding CXX object CMakeFiles/amp_msgs__rosidl_typesupport_c.dir/rosidl_typesupport_c/amp_msgs/msg/ball_trajectory__type_support.cpp.o[0m
[1.119s] [ 50%] [32mBuilding CXX object CMakeFiles/amp_msgs__rosidl_typesupport_c.dir/rosidl_typesupport_c/amp_msgs/msg/ideal_path__type_support.cpp.o[0m
[1.119s] [ 52%] [32mBuilding CXX object CMakeFiles/amp_msgs__rosidl_typesupport_c.dir/rosidl_typesupport_c/amp_msgs/msg/set_pose__type_support.cpp.o[0m
[1.124s] [ 53%] [32mBuilding CXX object CMakeFiles/amp_msgs__rosidl_typesupport_c.dir/rosidl_typesupport_c/amp_msgs/msg/launch_ball__type_support.cpp.o[0m
[1.141s] [35m[1mConsolidate compiler generated dependencies of target amp_msgs__rosidl_typesupport_fastrtps_c[0m
[1.142s] [ 55%] [32m[1mLinking CXX shared library libamp_msgs__rosidl_typesupport_fastrtps_cpp.so[0m
[1.149s] [35m[1mConsolidate compiler generated dependencies of target amp_msgs__rosidl_typesupport_introspection_c[0m
[1.152s] [ 57%] [32mBuilding CXX object CMakeFiles/amp_msgs__rosidl_typesupport_fastrtps_c.dir/rosidl_typesupport_fastrtps_c/amp_msgs/msg/detail/agent_control__type_support_c.cpp.o[0m
[1.153s] [ 58%] [32mBuilding CXX object CMakeFiles/amp_msgs__rosidl_typesupport_fastrtps_c.dir/rosidl_typesupport_fastrtps_c/amp_msgs/msg/detail/ball_trajectory__type_support_c.cpp.o[0m
[1.154s] [ 60%] [32mBuilding CXX object CMakeFiles/amp_msgs__rosidl_typesupport_fastrtps_c.dir/rosidl_typesupport_fastrtps_c/amp_msgs/msg/detail/ideal_path__type_support_c.cpp.o[0m
[1.154s] [ 61%] [32mBuilding CXX object CMakeFiles/amp_msgs__rosidl_typesupport_fastrtps_c.dir/rosidl_typesupport_fastrtps_c/amp_msgs/msg/detail/set_pose__type_support_c.cpp.o[0m
[1.154s] [ 63%] [32mBuilding CXX object CMakeFiles/amp_msgs__rosidl_typesupport_fastrtps_c.dir/rosidl_typesupport_fastrtps_c/amp_msgs/msg/detail/launch_ball__type_support_c.cpp.o[0m
[1.157s] [ 66%] [32m[1mLinking CXX shared library libamp_msgs__rosidl_typesupport_c.so[0m
[1.157s] [ 66%] Built target amp_msgs__rosidl_typesupport_introspection_cpp
[1.161s] [ 69%] [32mBuilding C object CMakeFiles/amp_msgs__rosidl_typesupport_introspection_c.dir/rosidl_typesupport_introspection_c/amp_msgs/msg/detail/agent_control__type_support.c.o[0m
[1.162s] [ 69%] [32mBuilding C object CMakeFiles/amp_msgs__rosidl_typesupport_introspection_c.dir/rosidl_typesupport_introspection_c/amp_msgs/msg/detail/ball_trajectory__type_support.c.o[0m
[1.162s] [ 71%] [32mBuilding C object CMakeFiles/amp_msgs__rosidl_typesupport_introspection_c.dir/rosidl_typesupport_introspection_c/amp_msgs/msg/detail/launch_ball__type_support.c.o[0m
[1.162s] [ 73%] [32mBuilding C object CMakeFiles/amp_msgs__rosidl_typesupport_introspection_c.dir/rosidl_typesupport_introspection_c/amp_msgs/msg/detail/set_pose__type_support.c.o[0m
[1.163s] [ 74%] [32mBuilding C object CMakeFiles/amp_msgs__rosidl_typesupport_introspection_c.dir/rosidl_typesupport_introspection_c/amp_msgs/msg/detail/ideal_path__type_support.c.o[0m
[1.219s] [ 76%] Built target amp_msgs__rosidl_typesupport_fastrtps_cpp
[1.223s] [ 77%] [32m[1mLinking C shared library libamp_msgs__rosidl_typesupport_introspection_c.so[0m
[1.228s] [ 77%] Built target amp_msgs__rosidl_typesupport_c
[1.254s] [ 77%] Built target amp_msgs__rosidl_typesupport_introspection_c
[1.420s] [ 79%] [32m[1mLinking CXX shared library libamp_msgs__rosidl_typesupport_fastrtps_c.so[0m
[1.473s] [ 79%] Built target amp_msgs__rosidl_typesupport_fastrtps_c
[1.490s] [ 79%] Built target amp_msgs
[1.500s] [ 80%] [34m[1mGenerating Python code for ROS interfaces[0m
[1.856s] [ 80%] Built target amp_msgs__py
[1.867s] [35m[1mConsolidate compiler generated dependencies of target amp_msgs__rosidl_generator_py[0m
[1.881s] [ 82%] [32mBuilding C object CMakeFiles/amp_msgs__rosidl_generator_py.dir/rosidl_generator_py/amp_msgs/msg/_ideal_path_s.c.o[0m
[1.881s] [ 84%] [32mBuilding C object CMakeFiles/amp_msgs__rosidl_generator_py.dir/rosidl_generator_py/amp_msgs/msg/_ball_trajectory_s.c.o[0m
[1.882s] [ 85%] [32mBuilding C object CMakeFiles/amp_msgs__rosidl_generator_py.dir/rosidl_generator_py/amp_msgs/msg/_set_pose_s.c.o[0m
[1.882s] [ 87%] [32mBuilding C object CMakeFiles/amp_msgs__rosidl_generator_py.dir/rosidl_generator_py/amp_msgs/msg/_launch_ball_s.c.o[0m
[1.883s] [ 88%] [32mBuilding C object CMakeFiles/amp_msgs__rosidl_generator_py.dir/rosidl_generator_py/amp_msgs/msg/_agent_control_s.c.o[0m
[1.984s] [ 90%] [32m[1mLinking C shared library rosidl_generator_py/amp_msgs/libamp_msgs__rosidl_generator_py.so[0m
[2.012s] [ 90%] Built target amp_msgs__rosidl_generator_py
[2.021s] [35m[1mConsolidate compiler generated dependencies of target amp_msgs__rosidl_typesupport_fastrtps_c__pyext[0m
[2.021s] [35m[1mConsolidate compiler generated dependencies of target amp_msgs__rosidl_typesupport_c__pyext[0m
[2.022s] [35m[1mConsolidate compiler generated dependencies of target amp_msgs__rosidl_typesupport_introspection_c__pyext[0m
[2.029s] [ 93%] [32mBuilding C object CMakeFiles/amp_msgs__rosidl_typesupport_c__pyext.dir/rosidl_generator_py/amp_msgs/_amp_msgs_s.ep.rosidl_typesupport_c.c.o[0m
[2.029s] [ 93%] [32mBuilding C object CMakeFiles/amp_msgs__rosidl_typesupport_introspection_c__pyext.dir/rosidl_generator_py/amp_msgs/_amp_msgs_s.ep.rosidl_typesupport_introspection_c.c.o[0m
[2.029s] [ 95%] [32mBuilding C object CMakeFiles/amp_msgs__rosidl_typesupport_fastrtps_c__pyext.dir/rosidl_generator_py/amp_msgs/_amp_msgs_s.ep.rosidl_typesupport_fastrtps_c.c.o[0m
[2.107s] [ 96%] [32m[1mLinking C shared library rosidl_generator_py/amp_msgs/amp_msgs_s__rosidl_typesupport_fastrtps_c.cpython-310-x86_64-linux-gnu.so[0m
[2.107s] [ 98%] [32m[1mLinking C shared library rosidl_generator_py/amp_msgs/amp_msgs_s__rosidl_typesupport_introspection_c.cpython-310-x86_64-linux-gnu.so[0m
[2.107s] [100%] [32m[1mLinking C shared library rosidl_generator_py/amp_msgs/amp_msgs_s__rosidl_typesupport_c.cpython-310-x86_64-linux-gnu.so[0m
[2.129s] [100%] Built target amp_msgs__rosidl_typesupport_fastrtps_c__pyext
[2.134s] [100%] Built target amp_msgs__rosidl_typesupport_introspection_c__pyext
[2.135s] [100%] Built target amp_msgs__rosidl_typesupport_c__pyext
[2.144s] Invoked command in '/home/hollis/cu/5254_final/build/amp_msgs' returned '0': CMAKE_PREFIX_PATH=${CMAKE_PREFIX_PATH}:/opt/ros/humble /usr/bin/cmake --build /home/hollis/cu/5254_final/build/amp_msgs -- -j24 -l24
[2.158s] Invoking command in '/home/hollis/cu/5254_final/build/amp_msgs': CMAKE_PREFIX_PATH=${CMAKE_PREFIX_PATH}:/opt/ros/humble /usr/bin/cmake --install /home/hollis/cu/5254_final/build/amp_msgs
[2.171s] -- Install configuration: ""
[2.172s] -- Up-to-date: /home/hollis/cu/5254_final/install/amp_msgs/share/ament_index/resource_index/rosidl_interfaces/amp_msgs
[2.172s] -- Up-to-date: /home/hollis/cu/5254_final/install/amp_msgs/include/amp_msgs/amp_msgs
[2.172s] -- Up-to-date: /home/hollis/cu/5254_final/install/amp_msgs/include/amp_msgs/amp_msgs/msg
[2.172s] -- Installing: /home/hollis/cu/5254_final/install/amp_msgs/include/amp_msgs/amp_msgs/msg/agent_control.h
[2.172s] -- Up-to-date: /home/hollis/cu/5254_final/install/amp_msgs/include/amp_msgs/amp_msgs/msg/rosidl_generator_c__visibility_control.h
[2.172s] -- Installing: /home/hollis/cu/5254_final/install/amp_msgs/include/amp_msgs/amp_msgs/msg/ball_trajectory.h
[2.172s] -- Installing: /home/hollis/cu/5254_final/install/amp_msgs/include/amp_msgs/amp_msgs/msg/ideal_path.h
[2.172s] -- Up-to-date: /home/hollis/cu/5254_final/install/amp_msgs/include/amp_msgs/amp_msgs/msg/detail
[2.172s] -- Installing: /home/hollis/cu/5254_final/install/amp_msgs/include/amp_msgs/amp_msgs/msg/detail/agent_control__functions.h
[2.172s] -- Installing: /home/hollis/cu/5254_final/install/amp_msgs/include/amp_msgs/amp_msgs/msg/detail/agent_control__struct.h
[2.172s] -- Installing: /home/hollis/cu/5254_final/install/amp_msgs/include/amp_msgs/amp_msgs/msg/detail/ball_trajectory__functions.c
[2.172s] -- Installing: /home/hollis/cu/5254_final/install/amp_msgs/include/amp_msgs/amp_msgs/msg/detail/ideal_path__type_support.h
[2.172s] -- Installing: /home/hollis/cu/5254_final/install/amp_msgs/include/amp_msgs/amp_msgs/msg/detail/ball_trajectory__struct.h
[2.172s] -- Installing: /home/hollis/cu/5254_final/install/amp_msgs/include/amp_msgs/amp_msgs/msg/detail/set_pose__functions.c
[2.172s] -- Installing: /home/hollis/cu/5254_final/install/amp_msgs/include/amp_msgs/amp_msgs/msg/detail/set_pose__struct.h
[2.172s] -- Installing: /home/hollis/cu/5254_final/install/amp_msgs/include/amp_msgs/amp_msgs/msg/detail/launch_ball__struct.h
[2.172s] -- Installing: /home/hollis/cu/5254_final/install/amp_msgs/include/amp_msgs/amp_msgs/msg/detail/ideal_path__functions.c
[2.172s] -- Installing: /home/hollis/cu/5254_final/install/amp_msgs/include/amp_msgs/amp_msgs/msg/detail/agent_control__type_support.h
[2.172s] -- Installing: /home/hollis/cu/5254_final/install/amp_msgs/include/amp_msgs/amp_msgs/msg/detail/agent_control__functions.c
[2.172s] -- Installing: /home/hollis/cu/5254_final/install/amp_msgs/include/amp_msgs/amp_msgs/msg/detail/ideal_path__functions.h
[2.172s] -- Installing: /home/hollis/cu/5254_final/install/amp_msgs/include/amp_msgs/amp_msgs/msg/detail/ball_trajectory__functions.h
[2.172s] -- Installing: /home/hollis/cu/5254_final/install/amp_msgs/include/amp_msgs/amp_msgs/msg/detail/ball_trajectory__type_support.h
[2.172s] -- Installing: /home/hollis/cu/5254_final/install/amp_msgs/include/amp_msgs/amp_msgs/msg/detail/set_pose__type_support.h
[2.172s] -- Installing: /home/hollis/cu/5254_final/install/amp_msgs/include/amp_msgs/amp_msgs/msg/detail/launch_ball__functions.h
[2.172s] -- Installing: /home/hollis/cu/5254_final/install/amp_msgs/include/amp_msgs/amp_msgs/msg/detail/launch_ball__type_support.h
[2.172s] -- Installing: /home/hollis/cu/5254_final/install/amp_msgs/include/amp_msgs/amp_msgs/msg/detail/set_pose__functions.h
[2.172s] -- Installing: /home/hollis/cu/5254_final/install/amp_msgs/include/amp_msgs/amp_msgs/msg/detail/ideal_path__struct.h
[2.172s] -- Installing: /home/hollis/cu/5254_final/install/amp_msgs/include/amp_msgs/amp_msgs/msg/detail/launch_ball__functions.c
[2.172s] -- Installing: /home/hollis/cu/5254_final/install/amp_msgs/include/amp_msgs/amp_msgs/msg/set_pose.h
[2.172s] -- Installing: /home/hollis/cu/5254_final/install/amp_msgs/include/amp_msgs/amp_msgs/msg/launch_ball.h
[2.172s] -- Up-to-date: /home/hollis/cu/5254_final/install/amp_msgs/share/amp_msgs/environment/library_path.sh
[2.172s] -- Installing: /home/hollis/cu/5254_final/install/amp_msgs/share/amp_msgs/environment/library_path.dsv
[2.172s] -- Installing: /home/hollis/cu/5254_final/install/amp_msgs/lib/libamp_msgs__rosidl_generator_c.so
[2.172s] -- Set runtime path of "/home/hollis/cu/5254_final/install/amp_msgs/lib/libamp_msgs__rosidl_generator_c.so" to ""
[2.173s] -- Up-to-date: /home/hollis/cu/5254_final/install/amp_msgs/include/amp_msgs/amp_msgs
[2.173s] -- Up-to-date: /home/hollis/cu/5254_final/install/amp_msgs/include/amp_msgs/amp_msgs/msg
[2.173s] -- Up-to-date: /home/hollis/cu/5254_final/install/amp_msgs/include/amp_msgs/amp_msgs/msg/rosidl_typesupport_fastrtps_c__visibility_control.h
[2.173s] -- Up-to-date: /home/hollis/cu/5254_final/install/amp_msgs/include/amp_msgs/amp_msgs/msg/detail
[2.173s] -- Installing: /home/hollis/cu/5254_final/install/amp_msgs/include/amp_msgs/amp_msgs/msg/detail/ball_trajectory__rosidl_typesupport_fastrtps_c.h
[2.173s] -- Installing: /home/hollis/cu/5254_final/install/amp_msgs/include/amp_msgs/amp_msgs/msg/detail/launch_ball__rosidl_typesupport_fastrtps_c.h
[2.173s] -- Installing: /home/hollis/cu/5254_final/install/amp_msgs/include/amp_msgs/amp_msgs/msg/detail/set_pose__rosidl_typesupport_fastrtps_c.h
[2.173s] -- Installing: /home/hollis/cu/5254_final/install/amp_msgs/include/amp_msgs/amp_msgs/msg/detail/agent_control__rosidl_typesupport_fastrtps_c.h
[2.173s] -- Installing: /home/hollis/cu/5254_final/install/amp_msgs/include/amp_msgs/amp_msgs/msg/detail/ideal_path__rosidl_typesupport_fastrtps_c.h
[2.173s] -- Installing: /home/hollis/cu/5254_final/install/amp_msgs/lib/libamp_msgs__rosidl_typesupport_fastrtps_c.so
[2.173s] -- Set runtime path of "/home/hollis/cu/5254_final/install/amp_msgs/lib/libamp_msgs__rosidl_typesupport_fastrtps_c.so" to ""
[2.173s] -- Up-to-date: /home/hollis/cu/5254_final/install/amp_msgs/include/amp_msgs/amp_msgs
[2.173s] -- Up-to-date: /home/hollis/cu/5254_final/install/amp_msgs/include/amp_msgs/amp_msgs/msg
[2.173s] -- Installing: /home/hollis/cu/5254_final/install/amp_msgs/include/amp_msgs/amp_msgs/msg/agent_control.hpp
[2.173s] -- Installing: /home/hollis/cu/5254_final/install/amp_msgs/include/amp_msgs/amp_msgs/msg/ball_trajectory.hpp
[2.173s] -- Up-to-date: /home/hollis/cu/5254_final/install/amp_msgs/include/amp_msgs/amp_msgs/msg/rosidl_generator_cpp__visibility_control.hpp
[2.173s] -- Installing: /home/hollis/cu/5254_final/install/amp_msgs/include/amp_msgs/amp_msgs/msg/set_pose.hpp
[2.173s] -- Installing: /home/hollis/cu/5254_final/install/amp_msgs/include/amp_msgs/amp_msgs/msg/launch_ball.hpp
[2.173s] -- Up-to-date: /home/hollis/cu/5254_final/install/amp_msgs/include/amp_msgs/amp_msgs/msg/detail
[2.173s] -- Installing: /home/hollis/cu/5254_final/install/amp_msgs/include/amp_msgs/amp_msgs/msg/detail/launch_ball__struct.hpp
[2.173s] -- Installing: /home/hollis/cu/5254_final/install/amp_msgs/include/amp_msgs/amp_msgs/msg/detail/launch_ball__builder.hpp
[2.173s] -- Installing: /home/hollis/cu/5254_final/install/amp_msgs/include/amp_msgs/amp_msgs/msg/detail/ideal_path__traits.hpp
[2.173s] -- Installing: /home/hollis/cu/5254_final/install/amp_msgs/include/amp_msgs/amp_msgs/msg/detail/agent_control__traits.hpp
[2.173s] -- Installing: /home/hollis/cu/5254_final/install/amp_msgs/include/amp_msgs/amp_msgs/msg/detail/set_pose__struct.hpp
[2.173s] -- Installing: /home/hollis/cu/5254_final/install/amp_msgs/include/amp_msgs/amp_msgs/msg/detail/launch_ball__type_support.hpp
[2.173s] -- Installing: /home/hollis/cu/5254_final/install/amp_msgs/include/amp_msgs/amp_msgs/msg/detail/set_pose__type_support.hpp
[2.173s] -- Installing: /home/hollis/cu/5254_final/install/amp_msgs/include/amp_msgs/amp_msgs/msg/detail/ideal_path__struct.hpp
[2.173s] -- Installing: /home/hollis/cu/5254_final/install/amp_msgs/include/amp_msgs/amp_msgs/msg/detail/launch_ball__traits.hpp
[2.173s] -- Installing: /home/hollis/cu/5254_final/install/amp_msgs/include/amp_msgs/amp_msgs/msg/detail/ball_trajectory__struct.hpp
[2.173s] -- Installing: /home/hollis/cu/5254_final/install/amp_msgs/include/amp_msgs/amp_msgs/msg/detail/ball_trajectory__builder.hpp
[2.173s] -- Installing: /home/hollis/cu/5254_final/install/amp_msgs/include/amp_msgs/amp_msgs/msg/detail/set_pose__traits.hpp
[2.173s] -- Installing: /home/hollis/cu/5254_final/install/amp_msgs/include/amp_msgs/amp_msgs/msg/detail/agent_control__struct.hpp
[2.173s] -- Installing: /home/hollis/cu/5254_final/install/amp_msgs/include/amp_msgs/amp_msgs/msg/detail/set_pose__builder.hpp
[2.173s] -- Installing: /home/hollis/cu/5254_final/install/amp_msgs/include/amp_msgs/amp_msgs/msg/detail/ball_trajectory__type_support.hpp
[2.173s] -- Installing: /home/hollis/cu/5254_final/install/amp_msgs/include/amp_msgs/amp_msgs/msg/detail/ideal_path__builder.hpp
[2.173s] -- Installing: /home/hollis/cu/5254_final/install/amp_msgs/include/amp_msgs/amp_msgs/msg/detail/agent_control__builder.hpp
[2.173s] -- Installing: /home/hollis/cu/5254_final/install/amp_msgs/include/amp_msgs/amp_msgs/msg/detail/ideal_path__type_support.hpp
[2.173s] -- Installing: /home/hollis/cu/5254_final/install/amp_msgs/include/amp_msgs/amp_msgs/msg/detail/agent_control__type_support.hpp
[2.173s] -- Installing: /home/hollis/cu/5254_final/install/amp_msgs/include/amp_msgs/amp_msgs/msg/detail/ball_trajectory__traits.hpp
[2.173s] -- Installing: /home/hollis/cu/5254_final/install/amp_msgs/include/amp_msgs/amp_msgs/msg/ideal_path.hpp
[2.173s] -- Up-to-date: /home/hollis/cu/5254_final/install/amp_msgs/include/amp_msgs/amp_msgs
[2.173s] -- Up-to-date: /home/hollis/cu/5254_final/install/amp_msgs/include/amp_msgs/amp_msgs/msg
[2.173s] -- Up-to-date: /home/hollis/cu/5254_final/install/amp_msgs/include/amp_msgs/amp_msgs/msg/rosidl_typesupport_fastrtps_cpp__visibility_control.h
[2.174s] -- Up-to-date: /home/hollis/cu/5254_final/install/amp_msgs/include/amp_msgs/amp_msgs/msg/detail
[2.174s] -- Installing: /home/hollis/cu/5254_final/install/amp_msgs/include/amp_msgs/amp_msgs/msg/detail/ideal_path__rosidl_typesupport_fastrtps_cpp.hpp
[2.174s] -- Up-to-date: /home/hollis/cu/5254_final/install/amp_msgs/include/amp_msgs/amp_msgs/msg/detail/dds_fastrtps
[2.174s] -- Installing: /home/hollis/cu/5254_final/install/amp_msgs/include/amp_msgs/amp_msgs/msg/detail/ball_trajectory__rosidl_typesupport_fastrtps_cpp.hpp
[2.174s] -- Installing: /home/hollis/cu/5254_final/install/amp_msgs/include/amp_msgs/amp_msgs/msg/detail/agent_control__rosidl_typesupport_fastrtps_cpp.hpp
[2.174s] -- Installing: /home/hollis/cu/5254_final/install/amp_msgs/include/amp_msgs/amp_msgs/msg/detail/launch_ball__rosidl_typesupport_fastrtps_cpp.hpp
[2.174s] -- Installing: /home/hollis/cu/5254_final/install/amp_msgs/include/amp_msgs/amp_msgs/msg/detail/set_pose__rosidl_typesupport_fastrtps_cpp.hpp
[2.174s] -- Installing: /home/hollis/cu/5254_final/install/amp_msgs/lib/libamp_msgs__rosidl_typesupport_fastrtps_cpp.so
[2.174s] -- Set runtime path of "/home/hollis/cu/5254_final/install/amp_msgs/lib/libamp_msgs__rosidl_typesupport_fastrtps_cpp.so" to ""
[2.174s] -- Up-to-date: /home/hollis/cu/5254_final/install/amp_msgs/include/amp_msgs/amp_msgs
[2.174s] -- Up-to-date: /home/hollis/cu/5254_final/install/amp_msgs/include/amp_msgs/amp_msgs/msg
[2.174s] -- Up-to-date: /home/hollis/cu/5254_final/install/amp_msgs/include/amp_msgs/amp_msgs/msg/detail
[2.174s] -- Installing: /home/hollis/cu/5254_final/install/amp_msgs/include/amp_msgs/amp_msgs/msg/detail/ball_trajectory__rosidl_typesupport_introspection_c.h
[2.174s] -- Installing: /home/hollis/cu/5254_final/install/amp_msgs/include/amp_msgs/amp_msgs/msg/detail/ideal_path__type_support.c
[2.174s] -- Installing: /home/hollis/cu/5254_final/install/amp_msgs/include/amp_msgs/amp_msgs/msg/detail/set_pose__rosidl_typesupport_introspection_c.h
[2.174s] -- Installing: /home/hollis/cu/5254_final/install/amp_msgs/include/amp_msgs/amp_msgs/msg/detail/ball_trajectory__type_support.c
[2.174s] -- Installing: /home/hollis/cu/5254_final/install/amp_msgs/include/amp_msgs/amp_msgs/msg/detail/set_pose__type_support.c
[2.174s] -- Installing: /home/hollis/cu/5254_final/install/amp_msgs/include/amp_msgs/amp_msgs/msg/detail/launch_ball__type_support.c
[2.174s] -- Installing: /home/hollis/cu/5254_final/install/amp_msgs/include/amp_msgs/amp_msgs/msg/detail/agent_control__type_support.c
[2.174s] -- Installing: /home/hollis/cu/5254_final/install/amp_msgs/include/amp_msgs/amp_msgs/msg/detail/agent_control__rosidl_typesupport_introspection_c.h
[2.174s] -- Installing: /home/hollis/cu/5254_final/install/amp_msgs/include/amp_msgs/amp_msgs/msg/detail/ideal_path__rosidl_typesupport_introspection_c.h
[2.174s] -- Installing: /home/hollis/cu/5254_final/install/amp_msgs/include/amp_msgs/amp_msgs/msg/detail/launch_ball__rosidl_typesupport_introspection_c.h
[2.174s] -- Up-to-date: /home/hollis/cu/5254_final/install/amp_msgs/include/amp_msgs/amp_msgs/msg/rosidl_typesupport_introspection_c__visibility_control.h
[2.174s] -- Installing: /home/hollis/cu/5254_final/install/amp_msgs/lib/libamp_msgs__rosidl_typesupport_introspection_c.so
[2.174s] -- Set runtime path of "/home/hollis/cu/5254_final/install/amp_msgs/lib/libamp_msgs__rosidl_typesupport_introspection_c.so" to ""
[2.174s] -- Installing: /home/hollis/cu/5254_final/install/amp_msgs/lib/libamp_msgs__rosidl_typesupport_c.so
[2.174s] -- Set runtime path of "/home/hollis/cu/5254_final/install/amp_msgs/lib/libamp_msgs__rosidl_typesupport_c.so" to ""
[2.174s] -- Up-to-date: /home/hollis/cu/5254_final/install/amp_msgs/include/amp_msgs/amp_msgs
[2.174s] -- Up-to-date: /home/hollis/cu/5254_final/install/amp_msgs/include/amp_msgs/amp_msgs/msg
[2.174s] -- Up-to-date: /home/hollis/cu/5254_final/install/amp_msgs/include/amp_msgs/amp_msgs/msg/detail
[2.174s] -- Installing: /home/hollis/cu/5254_final/install/amp_msgs/include/amp_msgs/amp_msgs/msg/detail/ball_trajectory__rosidl_typesupport_introspection_cpp.hpp
[2.174s] -- Installing: /home/hollis/cu/5254_final/install/amp_msgs/include/amp_msgs/amp_msgs/msg/detail/launch_ball__rosidl_typesupport_introspection_cpp.hpp
[2.174s] -- Installing: /home/hollis/cu/5254_final/install/amp_msgs/include/amp_msgs/amp_msgs/msg/detail/launch_ball__type_support.cpp
[2.174s] -- Installing: /home/hollis/cu/5254_final/install/amp_msgs/include/amp_msgs/amp_msgs/msg/detail/set_pose__type_support.cpp
[2.174s] -- Installing: /home/hollis/cu/5254_final/install/amp_msgs/include/amp_msgs/amp_msgs/msg/detail/agent_control__rosidl_typesupport_introspection_cpp.hpp
[2.174s] -- Installing: /home/hollis/cu/5254_final/install/amp_msgs/include/amp_msgs/amp_msgs/msg/detail/ball_trajectory__type_support.cpp
[2.174s] -- Installing: /home/hollis/cu/5254_final/install/amp_msgs/include/amp_msgs/amp_msgs/msg/detail/ideal_path__type_support.cpp
[2.174s] -- Installing: /home/hollis/cu/5254_final/install/amp_msgs/include/amp_msgs/amp_msgs/msg/detail/agent_control__type_support.cpp
[2.174s] -- Installing: /home/hollis/cu/5254_final/install/amp_msgs/include/amp_msgs/amp_msgs/msg/detail/ideal_path__rosidl_typesupport_introspection_cpp.hpp
[2.174s] -- Installing: /home/hollis/cu/5254_final/install/amp_msgs/include/amp_msgs/amp_msgs/msg/detail/set_pose__rosidl_typesupport_introspection_cpp.hpp
[2.174s] -- Installing: /home/hollis/cu/5254_final/install/amp_msgs/lib/libamp_msgs__rosidl_typesupport_introspection_cpp.so
[2.174s] -- Set runtime path of "/home/hollis/cu/5254_final/install/amp_msgs/lib/libamp_msgs__rosidl_typesupport_introspection_cpp.so" to ""
[2.174s] -- Installing: /home/hollis/cu/5254_final/install/amp_msgs/lib/libamp_msgs__rosidl_typesupport_cpp.so
[2.174s] -- Set runtime path of "/home/hollis/cu/5254_final/install/amp_msgs/lib/libamp_msgs__rosidl_typesupport_cpp.so" to ""
[2.174s] -- Up-to-date: /home/hollis/cu/5254_final/install/amp_msgs/share/amp_msgs/environment/pythonpath.sh
[2.174s] -- Installing: /home/hollis/cu/5254_final/install/amp_msgs/share/amp_msgs/environment/pythonpath.dsv
[2.175s] -- Up-to-date: /home/hollis/cu/5254_final/install/amp_msgs/local/lib/python3.10/dist-packages/amp_msgs-0.0.0-py3.10.egg-info
[2.175s] -- Installing: /home/hollis/cu/5254_final/install/amp_msgs/local/lib/python3.10/dist-packages/amp_msgs-0.0.0-py3.10.egg-info/PKG-INFO
[2.175s] -- Installing: /home/hollis/cu/5254_final/install/amp_msgs/local/lib/python3.10/dist-packages/amp_msgs-0.0.0-py3.10.egg-info/SOURCES.txt
[2.175s] -- Installing: /home/hollis/cu/5254_final/install/amp_msgs/local/lib/python3.10/dist-packages/amp_msgs-0.0.0-py3.10.egg-info/dependency_links.txt
[2.175s] -- Installing: /home/hollis/cu/5254_final/install/amp_msgs/local/lib/python3.10/dist-packages/amp_msgs-0.0.0-py3.10.egg-info/top_level.txt
[2.175s] -- Up-to-date: /home/hollis/cu/5254_final/install/amp_msgs/local/lib/python3.10/dist-packages/amp_msgs
[2.175s] -- Installing: /home/hollis/cu/5254_final/install/amp_msgs/local/lib/python3.10/dist-packages/amp_msgs/amp_msgs_s__rosidl_typesupport_fastrtps_c.cpython-310-x86_64-linux-gnu.so
[2.175s] -- Installing: /home/hollis/cu/5254_final/install/amp_msgs/local/lib/python3.10/dist-packages/amp_msgs/_amp_msgs_s.ep.rosidl_typesupport_fastrtps_c.c
[2.175s] -- Installing: /home/hollis/cu/5254_final/install/amp_msgs/local/lib/python3.10/dist-packages/amp_msgs/_amp_msgs_s.ep.rosidl_typesupport_c.c
[2.175s] -- Installing: /home/hollis/cu/5254_final/install/amp_msgs/local/lib/python3.10/dist-packages/amp_msgs/amp_msgs_s__rosidl_typesupport_c.cpython-310-x86_64-linux-gnu.so
[2.175s] -- Installing: /home/hollis/cu/5254_final/install/amp_msgs/local/lib/python3.10/dist-packages/amp_msgs/__init__.py
[2.175s] -- Installing: /home/hollis/cu/5254_final/install/amp_msgs/local/lib/python3.10/dist-packages/amp_msgs/libamp_msgs__rosidl_generator_py.so
[2.175s] -- Installing: /home/hollis/cu/5254_final/install/amp_msgs/local/lib/python3.10/dist-packages/amp_msgs/amp_msgs_s__rosidl_typesupport_introspection_c.cpython-310-x86_64-linux-gnu.so
[2.175s] -- Up-to-date: /home/hollis/cu/5254_final/install/amp_msgs/local/lib/python3.10/dist-packages/amp_msgs/msg
[2.175s] -- Installing: /home/hollis/cu/5254_final/install/amp_msgs/local/lib/python3.10/dist-packages/amp_msgs/msg/_ideal_path.py
[2.175s] -- Installing: /home/hollis/cu/5254_final/install/amp_msgs/local/lib/python3.10/dist-packages/amp_msgs/msg/_agent_control_s.c
[2.175s] -- Installing: /home/hollis/cu/5254_final/install/amp_msgs/local/lib/python3.10/dist-packages/amp_msgs/msg/_launch_ball_s.c
[2.175s] -- Installing: /home/hollis/cu/5254_final/install/amp_msgs/local/lib/python3.10/dist-packages/amp_msgs/msg/_set_pose_s.c
[2.175s] -- Installing: /home/hollis/cu/5254_final/install/amp_msgs/local/lib/python3.10/dist-packages/amp_msgs/msg/__init__.py
[2.175s] -- Installing: /home/hollis/cu/5254_final/install/amp_msgs/local/lib/python3.10/dist-packages/amp_msgs/msg/_ball_trajectory.py
[2.175s] -- Installing: /home/hollis/cu/5254_final/install/amp_msgs/local/lib/python3.10/dist-packages/amp_msgs/msg/_ball_trajectory_s.c
[2.175s] -- Installing: /home/hollis/cu/5254_final/install/amp_msgs/local/lib/python3.10/dist-packages/amp_msgs/msg/_launch_ball.py
[2.175s] -- Installing: /home/hollis/cu/5254_final/install/amp_msgs/local/lib/python3.10/dist-packages/amp_msgs/msg/_ideal_path_s.c
[2.175s] -- Installing: /home/hollis/cu/5254_final/install/amp_msgs/local/lib/python3.10/dist-packages/amp_msgs/msg/_set_pose.py
[2.175s] -- Installing: /home/hollis/cu/5254_final/install/amp_msgs/local/lib/python3.10/dist-packages/amp_msgs/msg/_agent_control.py
[2.175s] -- Installing: /home/hollis/cu/5254_final/install/amp_msgs/local/lib/python3.10/dist-packages/amp_msgs/_amp_msgs_s.ep.rosidl_typesupport_introspection_c.c
[2.206s] Listing '/home/hollis/cu/5254_final/install/amp_msgs/local/lib/python3.10/dist-packages/amp_msgs'...
[2.206s] Compiling '/home/hollis/cu/5254_final/install/amp_msgs/local/lib/python3.10/dist-packages/amp_msgs/__init__.py'...
[2.206s] Listing '/home/hollis/cu/5254_final/install/amp_msgs/local/lib/python3.10/dist-packages/amp_msgs/msg'...
[2.206s] Compiling '/home/hollis/cu/5254_final/install/amp_msgs/local/lib/python3.10/dist-packages/amp_msgs/msg/__init__.py'...
[2.206s] Compiling '/home/hollis/cu/5254_final/install/amp_msgs/local/lib/python3.10/dist-packages/amp_msgs/msg/_agent_control.py'...
[2.206s] Compiling '/home/hollis/cu/5254_final/install/amp_msgs/local/lib/python3.10/dist-packages/amp_msgs/msg/_ball_trajectory.py'...
[2.206s] Compiling '/home/hollis/cu/5254_final/install/amp_msgs/local/lib/python3.10/dist-packages/amp_msgs/msg/_ideal_path.py'...
[2.206s] Compiling '/home/hollis/cu/5254_final/install/amp_msgs/local/lib/python3.10/dist-packages/amp_msgs/msg/_launch_ball.py'...
[2.206s] Compiling '/home/hollis/cu/5254_final/install/amp_msgs/local/lib/python3.10/dist-packages/amp_msgs/msg/_set_pose.py'...
[2.209s] -- Installing: /home/hollis/cu/5254_final/install/amp_msgs/local/lib/python3.10/dist-packages/amp_msgs/amp_msgs_s__rosidl_typesupport_fastrtps_c.cpython-310-x86_64-linux-gnu.so
[2.209s] -- Set runtime path of "/home/hollis/cu/5254_final/install/amp_msgs/local/lib/python3.10/dist-packages/amp_msgs/amp_msgs_s__rosidl_typesupport_fastrtps_c.cpython-310-x86_64-linux-gnu.so" to ""
[2.209s] -- Installing: /home/hollis/cu/5254_final/install/amp_msgs/local/lib/python3.10/dist-packages/amp_msgs/amp_msgs_s__rosidl_typesupport_introspection_c.cpython-310-x86_64-linux-gnu.so
[2.209s] -- Set runtime path of "/home/hollis/cu/5254_final/install/amp_msgs/local/lib/python3.10/dist-packages/amp_msgs/amp_msgs_s__rosidl_typesupport_introspection_c.cpython-310-x86_64-linux-gnu.so" to ""
[2.209s] -- Installing: /home/hollis/cu/5254_final/install/amp_msgs/local/lib/python3.10/dist-packages/amp_msgs/amp_msgs_s__rosidl_typesupport_c.cpython-310-x86_64-linux-gnu.so
[2.210s] -- Set runtime path of "/home/hollis/cu/5254_final/install/amp_msgs/local/lib/python3.10/dist-packages/amp_msgs/amp_msgs_s__rosidl_typesupport_c.cpython-310-x86_64-linux-gnu.so" to ""
[2.210s] -- Installing: /home/hollis/cu/5254_final/install/amp_msgs/lib/libamp_msgs__rosidl_generator_py.so
[2.210s] -- Set runtime path of "/home/hollis/cu/5254_final/install/amp_msgs/lib/libamp_msgs__rosidl_generator_py.so" to ""
[2.210s] -- Up-to-date: /home/hollis/cu/5254_final/install/amp_msgs/share/amp_msgs/msg/AgentControl.idl
[2.210s] -- Up-to-date: /home/hollis/cu/5254_final/install/amp_msgs/share/amp_msgs/msg/BallTrajectory.idl
[2.210s] -- Installing: /home/hollis/cu/5254_final/install/amp_msgs/share/amp_msgs/msg/IdealPath.idl
[2.210s] -- Up-to-date: /home/hollis/cu/5254_final/install/amp_msgs/share/amp_msgs/msg/LaunchBall.idl
[2.210s] -- Up-to-date: /home/hollis/cu/5254_final/install/amp_msgs/share/amp_msgs/msg/SetPose.idl
[2.210s] -- Up-to-date: /home/hollis/cu/5254_final/install/amp_msgs/share/amp_msgs/msg/AgentControl.msg
[2.210s] -- Up-to-date: /home/hollis/cu/5254_final/install/amp_msgs/share/amp_msgs/msg/BallTrajectory.msg
[2.210s] -- Installing: /home/hollis/cu/5254_final/install/amp_msgs/share/amp_msgs/msg/IdealPath.msg
[2.210s] -- Up-to-date: /home/hollis/cu/5254_final/install/amp_msgs/share/amp_msgs/msg/LaunchBall.msg
[2.210s] -- Up-to-date: /home/hollis/cu/5254_final/install/amp_msgs/share/amp_msgs/msg/SetPose.msg
[2.210s] -- Up-to-date: /home/hollis/cu/5254_final/install/amp_msgs/share/ament_index/resource_index/package_run_dependencies/amp_msgs
[2.210s] -- Up-to-date: /home/hollis/cu/5254_final/install/amp_msgs/share/ament_index/resource_index/parent_prefix_path/amp_msgs
[2.210s] -- Up-to-date: /home/hollis/cu/5254_final/install/amp_msgs/share/amp_msgs/environment/ament_prefix_path.sh
[2.210s] -- Installing: /home/hollis/cu/5254_final/install/amp_msgs/share/amp_msgs/environment/ament_prefix_path.dsv
[2.210s] -- Up-to-date: /home/hollis/cu/5254_final/install/amp_msgs/share/amp_msgs/environment/path.sh
[2.210s] -- Installing: /home/hollis/cu/5254_final/install/amp_msgs/share/amp_msgs/environment/path.dsv
[2.211s] -- Up-to-date: /home/hollis/cu/5254_final/install/amp_msgs/share/amp_msgs/local_setup.bash
[2.211s] -- Up-to-date: /home/hollis/cu/5254_final/install/amp_msgs/share/amp_msgs/local_setup.sh
[2.211s] -- Up-to-date: /home/hollis/cu/5254_final/install/amp_msgs/share/amp_msgs/local_setup.zsh
[2.211s] -- Installing: /home/hollis/cu/5254_final/install/amp_msgs/share/amp_msgs/local_setup.dsv
[2.211s] -- Installing: /home/hollis/cu/5254_final/install/amp_msgs/share/amp_msgs/package.dsv
[2.211s] -- Up-to-date: /home/hollis/cu/5254_final/install/amp_msgs/share/ament_index/resource_index/packages/amp_msgs
[2.211s] -- Old export file "/home/hollis/cu/5254_final/install/amp_msgs/share/amp_msgs/cmake/export_amp_msgs__rosidl_generator_cExport.cmake" will be replaced.  Removing files [/home/hollis/cu/5254_final/install/amp_msgs/share/amp_msgs/cmake/export_amp_msgs__rosidl_generator_cExport-noconfig.cmake].
[2.211s] -- Installing: /home/hollis/cu/5254_final/install/amp_msgs/share/amp_msgs/cmake/export_amp_msgs__rosidl_generator_cExport.cmake
[2.211s] -- Installing: /home/hollis/cu/5254_final/install/amp_msgs/share/amp_msgs/cmake/export_amp_msgs__rosidl_generator_cExport-noconfig.cmake
[2.211s] -- Old export file "/home/hollis/cu/5254_final/install/amp_msgs/share/amp_msgs/cmake/export_amp_msgs__rosidl_typesupport_fastrtps_cExport.cmake" will be replaced.  Removing files [/home/hollis/cu/5254_final/install/amp_msgs/share/amp_msgs/cmake/export_amp_msgs__rosidl_typesupport_fastrtps_cExport-noconfig.cmake].
[2.211s] -- Installing: /home/hollis/cu/5254_final/install/amp_msgs/share/amp_msgs/cmake/export_amp_msgs__rosidl_typesupport_fastrtps_cExport.cmake
[2.211s] -- Installing: /home/hollis/cu/5254_final/install/amp_msgs/share/amp_msgs/cmake/export_amp_msgs__rosidl_typesupport_fastrtps_cExport-noconfig.cmake
[2.211s] -- Installing: /home/hollis/cu/5254_final/install/amp_msgs/share/amp_msgs/cmake/export_amp_msgs__rosidl_generator_cppExport.cmake
[2.211s] -- Old export file "/home/hollis/cu/5254_final/install/amp_msgs/share/amp_msgs/cmake/export_amp_msgs__rosidl_typesupport_fastrtps_cppExport.cmake" will be replaced.  Removing files [/home/hollis/cu/5254_final/install/amp_msgs/share/amp_msgs/cmake/export_amp_msgs__rosidl_typesupport_fastrtps_cppExport-noconfig.cmake].
[2.211s] -- Installing: /home/hollis/cu/5254_final/install/amp_msgs/share/amp_msgs/cmake/export_amp_msgs__rosidl_typesupport_fastrtps_cppExport.cmake
[2.211s] -- Installing: /home/hollis/cu/5254_final/install/amp_msgs/share/amp_msgs/cmake/export_amp_msgs__rosidl_typesupport_fastrtps_cppExport-noconfig.cmake
[2.211s] -- Old export file "/home/hollis/cu/5254_final/install/amp_msgs/share/amp_msgs/cmake/amp_msgs__rosidl_typesupport_introspection_cExport.cmake" will be replaced.  Removing files [/home/hollis/cu/5254_final/install/amp_msgs/share/amp_msgs/cmake/amp_msgs__rosidl_typesupport_introspection_cExport-noconfig.cmake].
[2.211s] -- Installing: /home/hollis/cu/5254_final/install/amp_msgs/share/amp_msgs/cmake/amp_msgs__rosidl_typesupport_introspection_cExport.cmake
[2.211s] -- Installing: /home/hollis/cu/5254_final/install/amp_msgs/share/amp_msgs/cmake/amp_msgs__rosidl_typesupport_introspection_cExport-noconfig.cmake
[2.212s] -- Old export file "/home/hollis/cu/5254_final/install/amp_msgs/share/amp_msgs/cmake/amp_msgs__rosidl_typesupport_cExport.cmake" will be replaced.  Removing files [/home/hollis/cu/5254_final/install/amp_msgs/share/amp_msgs/cmake/amp_msgs__rosidl_typesupport_cExport-noconfig.cmake].
[2.212s] -- Installing: /home/hollis/cu/5254_final/install/amp_msgs/share/amp_msgs/cmake/amp_msgs__rosidl_typesupport_cExport.cmake
[2.212s] -- Installing: /home/hollis/cu/5254_final/install/amp_msgs/share/amp_msgs/cmake/amp_msgs__rosidl_typesupport_cExport-noconfig.cmake
[2.212s] -- Old export file "/home/hollis/cu/5254_final/install/amp_msgs/share/amp_msgs/cmake/amp_msgs__rosidl_typesupport_introspection_cppExport.cmake" will be replaced.  Removing files [/home/hollis/cu/5254_final/install/amp_msgs/share/amp_msgs/cmake/amp_msgs__rosidl_typesupport_introspection_cppExport-noconfig.cmake].
[2.212s] -- Installing: /home/hollis/cu/5254_final/install/amp_msgs/share/amp_msgs/cmake/amp_msgs__rosidl_typesupport_introspection_cppExport.cmake
[2.212s] -- Installing: /home/hollis/cu/5254_final/install/amp_msgs/share/amp_msgs/cmake/amp_msgs__rosidl_typesupport_introspection_cppExport-noconfig.cmake
[2.212s] -- Old export file "/home/hollis/cu/5254_final/install/amp_msgs/share/amp_msgs/cmake/amp_msgs__rosidl_typesupport_cppExport.cmake" will be replaced.  Removing files [/home/hollis/cu/5254_final/install/amp_msgs/share/amp_msgs/cmake/amp_msgs__rosidl_typesupport_cppExport-noconfig.cmake].
[2.212s] -- Installing: /home/hollis/cu/5254_final/install/amp_msgs/share/amp_msgs/cmake/amp_msgs__rosidl_typesupport_cppExport.cmake
[2.212s] -- Installing: /home/hollis/cu/5254_final/install/amp_msgs/share/amp_msgs/cmake/amp_msgs__rosidl_typesupport_cppExport-noconfig.cmake
[2.212s] -- Old export file "/home/hollis/cu/5254_final/install/amp_msgs/share/amp_msgs/cmake/export_amp_msgs__rosidl_generator_pyExport.cmake" will be replaced.  Removing files [/home/hollis/cu/5254_final/install/amp_msgs/share/amp_msgs/cmake/export_amp_msgs__rosidl_generator_pyExport-noconfig.cmake].
[2.212s] -- Installing: /home/hollis/cu/5254_final/install/amp_msgs/share/amp_msgs/cmake/export_amp_msgs__rosidl_generator_pyExport.cmake
[2.212s] -- Installing: /home/hollis/cu/5254_final/install/amp_msgs/share/amp_msgs/cmake/export_amp_msgs__rosidl_generator_pyExport-noconfig.cmake
[2.212s] -- Up-to-date: /home/hollis/cu/5254_final/install/amp_msgs/share/amp_msgs/cmake/rosidl_cmake-extras.cmake
[2.212s] -- Installing: /home/hollis/cu/5254_final/install/amp_msgs/share/amp_msgs/cmake/ament_cmake_export_dependencies-extras.cmake
[2.212s] -- Up-to-date: /home/hollis/cu/5254_final/install/amp_msgs/share/amp_msgs/cmake/ament_cmake_export_include_directories-extras.cmake
[2.212s] -- Up-to-date: /home/hollis/cu/5254_final/install/amp_msgs/share/amp_msgs/cmake/ament_cmake_export_libraries-extras.cmake
[2.212s] -- Installing: /home/hollis/cu/5254_final/install/amp_msgs/share/amp_msgs/cmake/ament_cmake_export_targets-extras.cmake
[2.212s] -- Installing: /home/hollis/cu/5254_final/install/amp_msgs/share/amp_msgs/cmake/rosidl_cmake_export_typesupport_targets-extras.cmake
[2.212s] -- Up-to-date: /home/hollis/cu/5254_final/install/amp_msgs/share/amp_msgs/cmake/rosidl_cmake_export_typesupport_libraries-extras.cmake
[2.212s] -- Installing: /home/hollis/cu/5254_final/install/amp_msgs/share/amp_msgs/cmake/amp_msgsConfig.cmake
[2.213s] -- Up-to-date: /home/hollis/cu/5254_final/install/amp_msgs/share/amp_msgs/cmake/amp_msgsConfig-version.cmake
[2.213s] -- Up-to-date: /home/hollis/cu/5254_final/install/amp_msgs/share/amp_msgs/package.xml
[2.218s] Invoked command in '/home/hollis/cu/5254_final/build/amp_msgs' returned '0': CMAKE_PREFIX_PATH=${CMAKE_PREFIX_PATH}:/opt/ros/humble /usr/bin/cmake --install /home/hollis/cu/5254_final/build/amp_msgs
