[0.005s] Invoking command in '/home/hollis/cu/5254_final/build/amp_viz': CMAKE_PREFIX_PATH=/home/hollis/cu/5254_final/install/amp_sim:/home/hollis/cu/5254_final/install/amp_viz:/opt/ros/humble /usr/bin/cmake --build /home/hollis/cu/5254_final/build/amp_viz -- -j24 -l24
[0.026s] [ 16%] [34m[1mAutomatic MOC and UIC for target template_panel[0m
[0.036s] [ 16%] Built target template_panel_autogen
[0.043s] [35m[1mConsolidate compiler generated dependencies of target template_panel[0m
[0.049s] [ 33%] [32mBuilding CXX object CMakeFiles/template_panel.dir/src/template_panel.cpp.o[0m
[0.553s] [ 50%] [32m[1mLinking CXX shared library libtemplate_panel.so[0m
[0.982s] [100%] Built target template_panel
[0.989s] Invoked command in '/home/hollis/cu/5254_final/build/amp_viz' returned '0': CMAKE_PREFIX_PATH=/home/hollis/cu/5254_final/install/amp_sim:/home/hollis/cu/5254_final/install/amp_viz:/opt/ros/humble /usr/bin/cmake --build /home/hollis/cu/5254_final/build/amp_viz -- -j24 -l24
[0.989s] Invoking command in '/home/hollis/cu/5254_final/build/amp_viz': CMAKE_PREFIX_PATH=/home/hollis/cu/5254_final/install/amp_sim:/home/hollis/cu/5254_final/install/amp_viz:/opt/ros/humble /usr/bin/cmake --install /home/hollis/cu/5254_final/build/amp_viz
[0.993s] -- Install configuration: ""
[0.993s] -- Installing: /home/hollis/cu/5254_final/install/amp_viz/lib/libtemplate_panel.so
[0.993s] -- Set runtime path of "/home/hollis/cu/5254_final/install/amp_viz/lib/libtemplate_panel.so" to ""
[0.993s] -- Up-to-date: /home/hollis/cu/5254_final/install/amp_viz/include
[0.993s] -- Up-to-date: /home/hollis/cu/5254_final/install/amp_viz/include/amp_viz
[0.993s] -- Up-to-date: /home/hollis/cu/5254_final/install/amp_viz/include/amp_viz/template_panel.hpp
[0.993s] -- Up-to-date: /home/hollis/cu/5254_final/install/amp_viz/share/amp_viz/rviz_common_plugins.xml
[0.993s] -- Up-to-date: /home/hollis/cu/5254_final/install/amp_viz/share/amp_viz/rviz_common_plugins.xml
[0.994s] -- Up-to-date: /home/hollis/cu/5254_final/install/amp_viz/lib/amp_viz/marker_pub.py
[0.994s] -- Up-to-date: /home/hollis/cu/5254_final/install/amp_viz/share/marker_pub.py
[0.994s] -- Up-to-date: /home/hollis/cu/5254_final/install/amp_viz/share/ament_index/resource_index/package_run_dependencies/amp_viz
[0.994s] -- Up-to-date: /home/hollis/cu/5254_final/install/amp_viz/share/ament_index/resource_index/parent_prefix_path/amp_viz
[0.994s] -- Up-to-date: /home/hollis/cu/5254_final/install/amp_viz/share/amp_viz/environment/ament_prefix_path.sh
[0.994s] -- Up-to-date: /home/hollis/cu/5254_final/install/amp_viz/share/amp_viz/environment/ament_prefix_path.dsv
[0.994s] -- Up-to-date: /home/hollis/cu/5254_final/install/amp_viz/share/amp_viz/environment/path.sh
[0.994s] -- Up-to-date: /home/hollis/cu/5254_final/install/amp_viz/share/amp_viz/environment/path.dsv
[0.994s] -- Up-to-date: /home/hollis/cu/5254_final/install/amp_viz/share/amp_viz/local_setup.bash
[0.994s] -- Up-to-date: /home/hollis/cu/5254_final/install/amp_viz/share/amp_viz/local_setup.sh
[0.994s] -- Up-to-date: /home/hollis/cu/5254_final/install/amp_viz/share/amp_viz/local_setup.zsh
[0.994s] -- Up-to-date: /home/hollis/cu/5254_final/install/amp_viz/share/amp_viz/local_setup.dsv
[0.994s] -- Installing: /home/hollis/cu/5254_final/install/amp_viz/share/amp_viz/package.dsv
[0.994s] -- Up-to-date: /home/hollis/cu/5254_final/install/amp_viz/share/ament_index/resource_index/packages/amp_viz
[0.994s] -- Up-to-date: /home/hollis/cu/5254_final/install/amp_viz/share/ament_index/resource_index/rviz_common__pluginlib__plugin/amp_viz
[0.994s] -- Up-to-date: /home/hollis/cu/5254_final/install/amp_viz/share/amp_viz/cmake/export_template_panelExport.cmake
[0.994s] -- Up-to-date: /home/hollis/cu/5254_final/install/amp_viz/share/amp_viz/cmake/export_template_panelExport-noconfig.cmake
[0.994s] -- Up-to-date: /home/hollis/cu/5254_final/install/amp_viz/share/amp_viz/cmake/ament_cmake_export_include_directories-extras.cmake
[0.994s] -- Up-to-date: /home/hollis/cu/5254_final/install/amp_viz/share/amp_viz/cmake/ament_cmake_export_targets-extras.cmake
[0.994s] -- Up-to-date: /home/hollis/cu/5254_final/install/amp_viz/share/amp_viz/cmake/amp_vizConfig.cmake
[0.994s] -- Up-to-date: /home/hollis/cu/5254_final/install/amp_viz/share/amp_viz/cmake/amp_vizConfig-version.cmake
[0.994s] -- Up-to-date: /home/hollis/cu/5254_final/install/amp_viz/share/amp_viz/package.xml
[0.996s] Invoked command in '/home/hollis/cu/5254_final/build/amp_viz' returned '0': CMAKE_PREFIX_PATH=/home/hollis/cu/5254_final/install/amp_sim:/home/hollis/cu/5254_final/install/amp_viz:/opt/ros/humble /usr/bin/cmake --install /home/hollis/cu/5254_final/build/amp_viz
