[0.006s] Invoking command in '/home/hollis/cu/5254_final/build/amp_sim': CMAKE_PREFIX_PATH=/home/hollis/cu/5254_final/install/amp_msgs:/home/hollis/cu/5254_final/install/amp_viz:/home/hollis/cu/5254_final/install/amp_agents:/home/hollis/cu/5254_final/install/amp_sim:/opt/ros/humble LD_LIBRARY_PATH=/home/hollis/cu/5254_final/install/amp_msgs/lib:/home/hollis/cu/5254_final/install/amp_viz/lib:/home/hollis/cu/5254_final/install/amp_sim/lib:/opt/ros/humble/opt/rviz_ogre_vendor/lib:/opt/ros/humble/lib/x86_64-linux-gnu:/opt/ros/humble/lib /usr/bin/cmake --build /home/hollis/cu/5254_final/build/amp_sim -- -j24 -l24
[0.034s] [ 25%] Built target dynamic_object
[0.047s] [ 37%] [32mBuilding CXX object CMakeFiles/omni_agent.dir/src/omni_agent.cpp.o[0m
[0.047s] [ 62%] Built target dynamic_ball
[0.535s] [01m[K/home/hollis/cu/5254_final/src/amp_sim/src/omni_agent.cpp:[m[K In member function ‘[01m[Kvirtual M12d OmniAgent::getAMatrix(V12d)[m[K’:
[0.535s] [01m[K/home/hollis/cu/5254_final/src/amp_sim/src/omni_agent.cpp:8:33:[m[K [01;35m[Kwarning: [m[Kunused parameter ‘[01m[Kcurrent_state[m[K’ [[01;35m[K]8;;https://gcc.gnu.org/onlinedocs/gcc/Warning-Options.html#index-Wunused-parameter-Wunused-parameter]8;;[m[K]
[0.535s]     8 | M12d OmniAgent::getAMatrix([01;35m[KV12d current_state[m[K) {
[0.535s]       |                            [01;35m[K~~~~~^~~~~~~~~~~~~[m[K
[0.688s] [ 75%] [32m[1mLinking CXX static library libomni_agent.a[0m
[0.710s] [ 75%] Built target omni_agent
[0.729s] [ 87%] [32m[1mLinking CXX executable sim_node[0m
[1.216s] [100%] Built target sim_node
[1.225s] Invoked command in '/home/hollis/cu/5254_final/build/amp_sim' returned '0': CMAKE_PREFIX_PATH=/home/hollis/cu/5254_final/install/amp_msgs:/home/hollis/cu/5254_final/install/amp_viz:/home/hollis/cu/5254_final/install/amp_agents:/home/hollis/cu/5254_final/install/amp_sim:/opt/ros/humble LD_LIBRARY_PATH=/home/hollis/cu/5254_final/install/amp_msgs/lib:/home/hollis/cu/5254_final/install/amp_viz/lib:/home/hollis/cu/5254_final/install/amp_sim/lib:/opt/ros/humble/opt/rviz_ogre_vendor/lib:/opt/ros/humble/lib/x86_64-linux-gnu:/opt/ros/humble/lib /usr/bin/cmake --build /home/hollis/cu/5254_final/build/amp_sim -- -j24 -l24
[1.229s] Invoking command in '/home/hollis/cu/5254_final/build/amp_sim': CMAKE_PREFIX_PATH=/home/hollis/cu/5254_final/install/amp_msgs:/home/hollis/cu/5254_final/install/amp_viz:/home/hollis/cu/5254_final/install/amp_agents:/home/hollis/cu/5254_final/install/amp_sim:/opt/ros/humble LD_LIBRARY_PATH=/home/hollis/cu/5254_final/install/amp_msgs/lib:/home/hollis/cu/5254_final/install/amp_viz/lib:/home/hollis/cu/5254_final/install/amp_sim/lib:/opt/ros/humble/opt/rviz_ogre_vendor/lib:/opt/ros/humble/lib/x86_64-linux-gnu:/opt/ros/humble/lib /usr/bin/cmake --install /home/hollis/cu/5254_final/build/amp_sim
[1.237s] -- Install configuration: ""
[1.237s] -- Installing: /home/hollis/cu/5254_final/install/amp_sim/lib/amp_sim/sim_node
[1.238s] -- Set runtime path of "/home/hollis/cu/5254_final/install/amp_sim/lib/amp_sim/sim_node" to ""
[1.238s] -- Up-to-date: /home/hollis/cu/5254_final/install/amp_sim/share/amp_sim/environment/library_path.sh
[1.238s] -- Up-to-date: /home/hollis/cu/5254_final/install/amp_sim/share/amp_sim/environment/library_path.dsv
[1.238s] -- Up-to-date: /home/hollis/cu/5254_final/install/amp_sim/include
[1.239s] -- Up-to-date: /home/hollis/cu/5254_final/install/amp_sim/include/amp_sim
[1.239s] -- Up-to-date: /home/hollis/cu/5254_final/install/amp_sim/include/amp_sim/dynamic_ball.hpp
[1.239s] -- Up-to-date: /home/hollis/cu/5254_final/install/amp_sim/include/amp_sim/dynamic_object.hpp
[1.239s] -- Up-to-date: /home/hollis/cu/5254_final/install/amp_sim/include/amp_sim/agent_statuses.hpp
[1.239s] -- Up-to-date: /home/hollis/cu/5254_final/install/amp_sim/include/amp_sim/agent_properties.hpp
[1.239s] -- Up-to-date: /home/hollis/cu/5254_final/install/amp_sim/include/amp_sim/environment_properties.hpp
[1.239s] -- Up-to-date: /home/hollis/cu/5254_final/install/amp_sim/include/amp_sim/omni_agent.hpp
[1.239s] -- Up-to-date: /home/hollis/cu/5254_final/install/amp_sim/lib/libdynamic_object.a
[1.239s] -- Installing: /home/hollis/cu/5254_final/install/amp_sim/lib/libomni_agent.a
[1.239s] -- Up-to-date: /home/hollis/cu/5254_final/install/amp_sim/lib/libdynamic_ball.a
[1.239s] -- Up-to-date: /home/hollis/cu/5254_final/install/amp_sim/share/ament_index/resource_index/package_run_dependencies/amp_sim
[1.239s] -- Up-to-date: /home/hollis/cu/5254_final/install/amp_sim/share/ament_index/resource_index/parent_prefix_path/amp_sim
[1.239s] -- Up-to-date: /home/hollis/cu/5254_final/install/amp_sim/share/amp_sim/environment/ament_prefix_path.sh
[1.239s] -- Up-to-date: /home/hollis/cu/5254_final/install/amp_sim/share/amp_sim/environment/ament_prefix_path.dsv
[1.239s] -- Up-to-date: /home/hollis/cu/5254_final/install/amp_sim/share/amp_sim/environment/path.sh
[1.239s] -- Up-to-date: /home/hollis/cu/5254_final/install/amp_sim/share/amp_sim/environment/path.dsv
[1.239s] -- Up-to-date: /home/hollis/cu/5254_final/install/amp_sim/share/amp_sim/local_setup.bash
[1.239s] -- Up-to-date: /home/hollis/cu/5254_final/install/amp_sim/share/amp_sim/local_setup.sh
[1.239s] -- Up-to-date: /home/hollis/cu/5254_final/install/amp_sim/share/amp_sim/local_setup.zsh
[1.239s] -- Up-to-date: /home/hollis/cu/5254_final/install/amp_sim/share/amp_sim/local_setup.dsv
[1.239s] -- Installing: /home/hollis/cu/5254_final/install/amp_sim/share/amp_sim/package.dsv
[1.240s] -- Up-to-date: /home/hollis/cu/5254_final/install/amp_sim/share/ament_index/resource_index/packages/amp_sim
[1.240s] -- Up-to-date: /home/hollis/cu/5254_final/install/amp_sim/share/amp_sim/cmake/export_amp_simExport.cmake
[1.240s] -- Up-to-date: /home/hollis/cu/5254_final/install/amp_sim/share/amp_sim/cmake/export_amp_simExport-noconfig.cmake
[1.240s] -- Up-to-date: /home/hollis/cu/5254_final/install/amp_sim/share/amp_sim/cmake/ament_cmake_export_targets-extras.cmake
[1.240s] -- Up-to-date: /home/hollis/cu/5254_final/install/amp_sim/share/amp_sim/cmake/ament_cmake_export_include_directories-extras.cmake
[1.240s] -- Up-to-date: /home/hollis/cu/5254_final/install/amp_sim/share/amp_sim/cmake/amp_simConfig.cmake
[1.240s] -- Up-to-date: /home/hollis/cu/5254_final/install/amp_sim/share/amp_sim/cmake/amp_simConfig-version.cmake
[1.240s] -- Up-to-date: /home/hollis/cu/5254_final/install/amp_sim/share/amp_sim/package.xml
[1.243s] Invoked command in '/home/hollis/cu/5254_final/build/amp_sim' returned '0': CMAKE_PREFIX_PATH=/home/hollis/cu/5254_final/install/amp_msgs:/home/hollis/cu/5254_final/install/amp_viz:/home/hollis/cu/5254_final/install/amp_agents:/home/hollis/cu/5254_final/install/amp_sim:/opt/ros/humble LD_LIBRARY_PATH=/home/hollis/cu/5254_final/install/amp_msgs/lib:/home/hollis/cu/5254_final/install/amp_viz/lib:/home/hollis/cu/5254_final/install/amp_sim/lib:/opt/ros/humble/opt/rviz_ogre_vendor/lib:/opt/ros/humble/lib/x86_64-linux-gnu:/opt/ros/humble/lib /usr/bin/cmake --install /home/hollis/cu/5254_final/build/amp_sim
