[0.006s] Invoking command in '/home/hollis/cu/5254_final/build/amp_sim': CMAKE_PREFIX_PATH=/home/hollis/cu/5254_final/install/amp_msgs:/home/hollis/cu/5254_final/install/amp_viz:/home/hollis/cu/5254_final/install/amp_sim:/home/hollis/cu/5254_final/install/amp_agents:/opt/ros/humble LD_LIBRARY_PATH=/home/hollis/cu/5254_final/install/amp_msgs/lib:/home/hollis/cu/5254_final/install/amp_viz/lib:/opt/ros/humble/opt/rviz_ogre_vendor/lib:/opt/ros/humble/lib/x86_64-linux-gnu:/opt/ros/humble/lib /usr/bin/cmake --build /home/hollis/cu/5254_final/build/amp_sim -- -j24 -l24
[0.023s] -- Found ament_cmake: 1.3.12 (/opt/ros/humble/share/ament_cmake/cmake)
[0.094s] -- Found rclcpp: 16.0.15 (/opt/ros/humble/share/rclcpp/cmake)
[0.109s] -- Found rosidl_generator_c: 3.1.7 (/opt/ros/humble/share/rosidl_generator_c/cmake)
[0.110s] -- Found rosidl_adapter: 3.1.7 (/opt/ros/humble/share/rosidl_adapter/cmake)
[0.113s] -- Found rosidl_generator_cpp: 3.1.7 (/opt/ros/humble/share/rosidl_generator_cpp/cmake)
[0.118s] -- Using all available rosidl_typesupport_c: rosidl_typesupport_fastrtps_c;rosidl_typesupport_introspection_c
[0.125s] -- Using all available rosidl_typesupport_cpp: rosidl_typesupport_fastrtps_cpp;rosidl_typesupport_introspection_cpp
[0.141s] -- Found rmw_implementation_cmake: 6.1.2 (/opt/ros/humble/share/rmw_implementation_cmake/cmake)
[0.141s] -- Found rmw_fastrtps_cpp: 6.2.8 (/opt/ros/humble/share/rmw_fastrtps_cpp/cmake)
[0.201s] -- Using RMW implementation 'rmw_fastrtps_cpp' as default
[0.227s] -- Found geometry_msgs: 4.9.0 (/opt/ros/humble/share/geometry_msgs/cmake)
[0.234s] -- Found tf2: 0.25.16 (/opt/ros/humble/share/tf2/cmake)
[0.236s] -- Found tf2_ros: 0.25.16 (/opt/ros/humble/share/tf2_ros/cmake)
[0.283s] -- Found amp_msgs: 0.0.0 (/home/hollis/cu/5254_final/install/amp_msgs/share/amp_msgs/cmake)
[0.293s] -- Found ament_lint_auto: 0.12.14 (/opt/ros/humble/share/ament_lint_auto/cmake)
[0.336s] -- Added test 'cppcheck' to perform static code analysis on C / C++ code
[0.336s] -- Configured cppcheck include dirs: /home/hollis/cu/5254_final/src/amp_sim/include/amp_sim
[0.336s] -- Configured cppcheck exclude dirs and/or files: 
[0.336s] -- Added test 'lint_cmake' to check CMake code style
[0.337s] -- Added test 'uncrustify' to check C / C++ code style
[0.337s] -- Configured uncrustify additional arguments: 
[0.337s] -- Added test 'xmllint' to check XML markup files
[0.338s] -- Configuring done
[0.346s] [0mCMake Error: INSTALL(EXPORT) given unknown export "dynamic_object"[0m
[0.347s] -- Generating done
[0.347s] [0mCMake Generate step failed.  Build files cannot be regenerated correctly.[0m
[0.354s] gmake: *** [Makefile:390: cmake_check_build_system] Error 1
[0.356s] Invoked command in '/home/hollis/cu/5254_final/build/amp_sim' returned '2': CMAKE_PREFIX_PATH=/home/hollis/cu/5254_final/install/amp_msgs:/home/hollis/cu/5254_final/install/amp_viz:/home/hollis/cu/5254_final/install/amp_sim:/home/hollis/cu/5254_final/install/amp_agents:/opt/ros/humble LD_LIBRARY_PATH=/home/hollis/cu/5254_final/install/amp_msgs/lib:/home/hollis/cu/5254_final/install/amp_viz/lib:/opt/ros/humble/opt/rviz_ogre_vendor/lib:/opt/ros/humble/lib/x86_64-linux-gnu:/opt/ros/humble/lib /usr/bin/cmake --build /home/hollis/cu/5254_final/build/amp_sim -- -j24 -l24
