[0.009s] Invoking command in '/home/hollis/cu/5254_final/build/amp_viz': AMENT_PREFIX_PATH=/home/hollis/cu/5254_final/install/amp_sim:/home/hollis/cu/5254_final/install/amp_msgs:${AMENT_PREFIX_PATH} CMAKE_PREFIX_PATH=/home/hollis/cu/5254_final/install/amp_sim:/home/hollis/cu/5254_final/install/amp_msgs:/opt/ros/humble LD_LIBRARY_PATH=/home/hollis/cu/5254_final/install/amp_msgs/lib:${LD_LIBRARY_PATH} PYTHONPATH=/home/hollis/cu/5254_final/install/amp_msgs/local/lib/python3.10/dist-packages:${PYTHONPATH} /usr/bin/cmake --build /home/hollis/cu/5254_final/build/amp_viz -- -j24 -l24
[0.049s] [ 16%] [34m[1mAutomatic MOC and UIC for target template_panel[0m
[0.061s] [ 16%] Built target template_panel_autogen
[0.074s] [ 33%] [34m[1mGenerating include/amp_viz/moc_template_panel.cpp[0m
[0.084s] [35m[1mConsolidate compiler generated dependencies of target template_panel[0m
[0.099s] [ 50%] [32mBuilding CXX object CMakeFiles/template_panel.dir/include/amp_viz/moc_template_panel.cpp.o[0m
[0.101s] [ 66%] [32mBuilding CXX object CMakeFiles/template_panel.dir/src/template_panel.cpp.o[0m
[2.103s] [01m[K/home/hollis/cu/5254_final/src/amp_viz/src/template_panel.cpp:[m[K In member function ‘[01m[Kvoid TemplatePanel::launchBallCb()[m[K’:
[2.103s] [01m[K/home/hollis/cu/5254_final/src/amp_viz/src/template_panel.cpp:39:34:[m[K [01;35m[Kwarning: [m[Kempty parentheses were disambiguated as a function declaration [[01;35m[K]8;;https://gcc.gnu.org/onlinedocs/gcc/Warning-Options.html#index-Wvexing-parse-Wvexing-parse]8;;[m[K]
[2.103s]    39 |     amp_msgs::msg::LaunchBall msg[01;35m[K()[m[K;
[2.103s]       |                                  [01;35m[K^~[m[K
[2.103s] [01m[K/home/hollis/cu/5254_final/src/amp_viz/src/template_panel.cpp:39:34:[m[K [01;36m[Knote: [m[Kremove parentheses to default-initialize a variable
[2.103s]    39 |     amp_msgs::msg::LaunchBall msg[01;36m[K()[m[K;
[2.103s]       |                                  [01;36m[K^~[m[K
[2.103s]       |                                  [31m[K--[m[K
[2.103s] [01m[K/home/hollis/cu/5254_final/src/amp_viz/src/template_panel.cpp:39:34:[m[K [01;36m[Knote: [m[Kor replace parentheses with braces to value-initialize a variable
[2.103s] [01m[K/home/hollis/cu/5254_final/src/amp_viz/src/template_panel.cpp:41:29:[m[K [01;31m[Kerror: [m[Kno matching function for call to ‘[01m[Krclcpp::Publisher<amp_msgs::msg::LaunchBall_<std::allocator<void> > >::publish(amp_msgs::msg::LaunchBall (&)())[m[K’
[2.103s]    41 |     [01;31m[Klaunch_ball_pub->publish(msg)[m[K;
[2.103s]       |     [01;31m[K~~~~~~~~~~~~~~~~~~~~~~~~^~~~~[m[K
[2.103s] In file included from [01m[K/opt/ros/humble/include/rclcpp/rclcpp/topic_statistics/subscription_topic_statistics.hpp:31[m[K,
[2.103s]                  from [01m[K/opt/ros/humble/include/rclcpp/rclcpp/subscription.hpp:50[m[K,
[2.104s]                  from [01m[K/opt/ros/humble/include/rclcpp/rclcpp/any_executable.hpp:25[m[K,
[2.104s]                  from [01m[K/opt/ros/humble/include/rclcpp/rclcpp/memory_strategy.hpp:25[m[K,
[2.104s]                  from [01m[K/opt/ros/humble/include/rclcpp/rclcpp/memory_strategies.hpp:18[m[K,
[2.104s]                  from [01m[K/opt/ros/humble/include/rclcpp/rclcpp/executor_options.hpp:20[m[K,
[2.104s]                  from [01m[K/opt/ros/humble/include/rclcpp/rclcpp/executor.hpp:37[m[K,
[2.104s]                  from [01m[K/opt/ros/humble/include/rclcpp/rclcpp/executors/multi_threaded_executor.hpp:25[m[K,
[2.104s]                  from [01m[K/opt/ros/humble/include/rclcpp/rclcpp/executors.hpp:21[m[K,
[2.104s]                  from [01m[K/opt/ros/humble/include/rclcpp/rclcpp/rclcpp.hpp:155[m[K,
[2.104s]                  from [01m[K/home/hollis/cu/5254_final/src/amp_viz/include/amp_viz/template_panel.hpp:3[m[K,
[2.104s]                  from [01m[K/home/hollis/cu/5254_final/src/amp_viz/src/template_panel.cpp:1[m[K:
[2.104s] [01m[K/opt/ros/humble/include/rclcpp/rclcpp/publisher.hpp:254:3:[m[K [01;36m[Knote: [m[Kcandidate: ‘[01m[Ktemplate<class T> std::enable_if_t<(rosidl_generator_traits::is_message<T>::value && std::is_same<T, typename rclcpp::TypeAdapter<MessageT>::ros_message_type>::value)> rclcpp::Publisher<MessageT, AllocatorT>::publish(std::unique_ptr<T, typename std::conditional<std::is_same<typename std::allocator_traits<typename std::allocator_traits<_Allocator>::rebind_traits<typename rclcpp::TypeAdapter<MessageT, void, void>::ros_message_type>::allocator_type>::rebind_alloc<typename rclcpp::TypeAdapter<MessageT, void, void>::ros_message_type>, std::allocator<typename rclcpp::TypeAdapter<MessageT>::ros_message_type> >::value, std::default_delete<typename rclcpp::TypeAdapter<MessageT>::ros_message_type>, rclcpp::allocator::AllocatorDeleter<typename std::allocator_traits<_Allocator>::rebind_traits<typename rclcpp::TypeAdapter<MessageT, void, void>::ros_message_type>::allocator_type> >::type>) [with T = T; MessageT = amp_msgs::msg::LaunchBall_<std::allocator<void> >; AllocatorT = std::allocator<void>][m[K’
[2.104s]   254 |   [01;36m[Kpublish[m[K(std::unique_ptr<T, ROSMessageTypeDeleter> msg)
[2.104s]       |   [01;36m[K^~~~~~~[m[K
[2.104s] [01m[K/opt/ros/humble/include/rclcpp/rclcpp/publisher.hpp:254:3:[m[K [01;36m[Knote: [m[K  template argument deduction/substitution failed:
[2.104s] [01m[K/home/hollis/cu/5254_final/src/amp_viz/src/template_panel.cpp:41:29:[m[K [01;36m[Knote: [m[K  mismatched types ‘[01m[Kstd::unique_ptr<T, std::default_delete<amp_msgs::msg::LaunchBall_<std::allocator<void> > > >[m[K’ and ‘[01m[Kamp_msgs::msg::LaunchBall (*)()[m[K’ {aka ‘[01m[Kamp_msgs::msg::LaunchBall_<std::allocator<void> > (*)()[m[K’}
[2.104s]    41 |     [01;36m[Klaunch_ball_pub->publish(msg)[m[K;
[2.104s]       |     [01;36m[K~~~~~~~~~~~~~~~~~~~~~~~~^~~~~[m[K
[2.104s] In file included from [01m[K/opt/ros/humble/include/rclcpp/rclcpp/topic_statistics/subscription_topic_statistics.hpp:31[m[K,
[2.104s]                  from [01m[K/opt/ros/humble/include/rclcpp/rclcpp/subscription.hpp:50[m[K,
[2.104s]                  from [01m[K/opt/ros/humble/include/rclcpp/rclcpp/any_executable.hpp:25[m[K,
[2.104s]                  from [01m[K/opt/ros/humble/include/rclcpp/rclcpp/memory_strategy.hpp:25[m[K,
[2.104s]                  from [01m[K/opt/ros/humble/include/rclcpp/rclcpp/memory_strategies.hpp:18[m[K,
[2.104s]                  from [01m[K/opt/ros/humble/include/rclcpp/rclcpp/executor_options.hpp:20[m[K,
[2.104s]                  from [01m[K/opt/ros/humble/include/rclcpp/rclcpp/executor.hpp:37[m[K,
[2.104s]                  from [01m[K/opt/ros/humble/include/rclcpp/rclcpp/executors/multi_threaded_executor.hpp:25[m[K,
[2.104s]                  from [01m[K/opt/ros/humble/include/rclcpp/rclcpp/executors.hpp:21[m[K,
[2.104s]                  from [01m[K/opt/ros/humble/include/rclcpp/rclcpp/rclcpp.hpp:155[m[K,
[2.104s]                  from [01m[K/home/hollis/cu/5254_final/src/amp_viz/include/amp_viz/template_panel.hpp:3[m[K,
[2.104s]                  from [01m[K/home/hollis/cu/5254_final/src/amp_viz/src/template_panel.cpp:1[m[K:
[2.104s] [01m[K/opt/ros/humble/include/rclcpp/rclcpp/publisher.hpp:295:3:[m[K [01;36m[Knote: [m[Kcandidate: ‘[01m[Ktemplate<class T> std::enable_if_t<(rosidl_generator_traits::is_message<T>::value && std::is_same<T, typename rclcpp::TypeAdapter<MessageT>::ros_message_type>::value)> rclcpp::Publisher<MessageT, AllocatorT>::publish(const T&) [with T = T; MessageT = amp_msgs::msg::LaunchBall_<std::allocator<void> >; AllocatorT = std::allocator<void>][m[K’
[2.104s]   295 |   [01;36m[Kpublish[m[K(const T & msg)
[2.104s]       |   [01;36m[K^~~~~~~[m[K
[2.104s] [01m[K/opt/ros/humble/include/rclcpp/rclcpp/publisher.hpp:295:3:[m[K [01;36m[Knote: [m[K  template argument deduction/substitution failed:
[2.104s] In file included from [01m[K/usr/include/c++/11/bits/move.h:57[m[K,
[2.104s]                  from [01m[K/usr/include/c++/11/bits/stl_pair.h:59[m[K,
[2.104s]                  from [01m[K/usr/include/c++/11/bits/stl_algobase.h:64[m[K,
[2.104s]                  from [01m[K/usr/include/c++/11/memory:63[m[K,
[2.104s]                  from [01m[K/opt/ros/humble/include/rclcpp/rclcpp/rclcpp.hpp:153[m[K,
[2.105s]                  from [01m[K/home/hollis/cu/5254_final/src/amp_viz/include/amp_viz/template_panel.hpp:3[m[K,
[2.105s]                  from [01m[K/home/hollis/cu/5254_final/src/amp_viz/src/template_panel.cpp:1[m[K:
[2.105s] /usr/include/c++/11/type_traits: In substitution of ‘[01m[Ktemplate<bool _Cond, class _Tp> using enable_if_t = typename std::enable_if::type [with bool _Cond = false; _Tp = void][m[K’:
[2.105s] [01m[K/opt/ros/humble/include/rclcpp/rclcpp/publisher.hpp:295:3:[m[K   required by substitution of ‘[01m[Ktemplate<class T> std::enable_if_t<(rosidl_generator_traits::is_message<T>::value && std::is_same<T, amp_msgs::msg::LaunchBall_<std::allocator<void> > >::value), void> rclcpp::Publisher<amp_msgs::msg::LaunchBall_<std::allocator<void> > >::publish<T>(const T&) [with T = amp_msgs::msg::LaunchBall_<std::allocator<void> >()][m[K’
[2.105s] [01m[K/home/hollis/cu/5254_final/src/amp_viz/src/template_panel.cpp:41:29:[m[K   required from here
[2.105s] [01m[K/usr/include/c++/11/type_traits:2579:11:[m[K [01;31m[Kerror: [m[Kno type named ‘[01m[Ktype[m[K’ in ‘[01m[Kstruct std::enable_if<false, void>[m[K’
[2.105s]  2579 |     using [01;31m[Kenable_if_t[m[K = typename enable_if<_Cond, _Tp>::type;
[2.105s]       |           [01;31m[K^~~~~~~~~~~[m[K
[2.105s] In file included from [01m[K/opt/ros/humble/include/rclcpp/rclcpp/topic_statistics/subscription_topic_statistics.hpp:31[m[K,
[2.105s]                  from [01m[K/opt/ros/humble/include/rclcpp/rclcpp/subscription.hpp:50[m[K,
[2.105s]                  from [01m[K/opt/ros/humble/include/rclcpp/rclcpp/any_executable.hpp:25[m[K,
[2.105s]                  from [01m[K/opt/ros/humble/include/rclcpp/rclcpp/memory_strategy.hpp:25[m[K,
[2.105s]                  from [01m[K/opt/ros/humble/include/rclcpp/rclcpp/memory_strategies.hpp:18[m[K,
[2.105s]                  from [01m[K/opt/ros/humble/include/rclcpp/rclcpp/executor_options.hpp:20[m[K,
[2.105s]                  from [01m[K/opt/ros/humble/include/rclcpp/rclcpp/executor.hpp:37[m[K,
[2.105s]                  from [01m[K/opt/ros/humble/include/rclcpp/rclcpp/executors/multi_threaded_executor.hpp:25[m[K,
[2.105s]                  from [01m[K/opt/ros/humble/include/rclcpp/rclcpp/executors.hpp:21[m[K,
[2.105s]                  from [01m[K/opt/ros/humble/include/rclcpp/rclcpp/rclcpp.hpp:155[m[K,
[2.105s]                  from [01m[K/home/hollis/cu/5254_final/src/amp_viz/include/amp_viz/template_panel.hpp:3[m[K,
[2.105s]                  from [01m[K/home/hollis/cu/5254_final/src/amp_viz/src/template_panel.cpp:1[m[K:
[2.105s] [01m[K/opt/ros/humble/include/rclcpp/rclcpp/publisher.hpp:325:3:[m[K [01;36m[Knote: [m[Kcandidate: ‘[01m[Ktemplate<class T> std::enable_if_t<(typename rclcpp::TypeAdapter<MessageT>::is_specialized::value && std::is_same<T, typename rclcpp::TypeAdapter<MessageT>::custom_type>::value)> rclcpp::Publisher<MessageT, AllocatorT>::publish(std::unique_ptr<T, typename std::conditional<std::is_same<typename std::allocator_traits<typename std::allocator_traits<_Allocator>::rebind_traits<typename rclcpp::TypeAdapter<MessageT, void, void>::custom_type>::allocator_type>::rebind_alloc<typename rclcpp::TypeAdapter<MessageT, void, void>::custom_type>, std::allocator<typename rclcpp::TypeAdapter<MessageT>::custom_type> >::value, std::default_delete<typename rclcpp::TypeAdapter<MessageT>::custom_type>, rclcpp::allocator::AllocatorDeleter<typename std::allocator_traits<_Allocator>::rebind_traits<typename rclcpp::TypeAdapter<MessageT, void, void>::custom_type>::allocator_type> >::type>) [with T = T; MessageT = amp_msgs::msg::LaunchBall_<std::allocator<void> >; AllocatorT = std::allocator<void>][m[K’
[2.105s]   325 |   [01;36m[Kpublish[m[K(std::unique_ptr<T, PublishedTypeDeleter> msg)
[2.105s]       |   [01;36m[K^~~~~~~[m[K
[2.105s] [01m[K/opt/ros/humble/include/rclcpp/rclcpp/publisher.hpp:325:3:[m[K [01;36m[Knote: [m[K  template argument deduction/substitution failed:
[2.105s] [01m[K/home/hollis/cu/5254_final/src/amp_viz/src/template_panel.cpp:41:29:[m[K [01;36m[Knote: [m[K  mismatched types ‘[01m[Kstd::unique_ptr<T, std::default_delete<amp_msgs::msg::LaunchBall_<std::allocator<void> > > >[m[K’ and ‘[01m[Kamp_msgs::msg::LaunchBall (*)()[m[K’ {aka ‘[01m[Kamp_msgs::msg::LaunchBall_<std::allocator<void> > (*)()[m[K’}
[2.105s]    41 |     [01;36m[Klaunch_ball_pub->publish(msg)[m[K;
[2.105s]       |     [01;36m[K~~~~~~~~~~~~~~~~~~~~~~~~^~~~~[m[K
[2.105s] In file included from [01m[K/opt/ros/humble/include/rclcpp/rclcpp/topic_statistics/subscription_topic_statistics.hpp:31[m[K,
[2.105s]                  from [01m[K/opt/ros/humble/include/rclcpp/rclcpp/subscription.hpp:50[m[K,
[2.105s]                  from [01m[K/opt/ros/humble/include/rclcpp/rclcpp/any_executable.hpp:25[m[K,
[2.105s]                  from [01m[K/opt/ros/humble/include/rclcpp/rclcpp/memory_strategy.hpp:25[m[K,
[2.105s]                  from [01m[K/opt/ros/humble/include/rclcpp/rclcpp/memory_strategies.hpp:18[m[K,
[2.105s]                  from [01m[K/opt/ros/humble/include/rclcpp/rclcpp/executor_options.hpp:20[m[K,
[2.105s]                  from [01m[K/opt/ros/humble/include/rclcpp/rclcpp/executor.hpp:37[m[K,
[2.105s]                  from [01m[K/opt/ros/humble/include/rclcpp/rclcpp/executors/multi_threaded_executor.hpp:25[m[K,
[2.105s]                  from [01m[K/opt/ros/humble/include/rclcpp/rclcpp/executors.hpp:21[m[K,
[2.105s]                  from [01m[K/opt/ros/humble/include/rclcpp/rclcpp/rclcpp.hpp:155[m[K,
[2.105s]                  from [01m[K/home/hollis/cu/5254_final/src/amp_viz/include/amp_viz/template_panel.hpp:3[m[K,
[2.105s]                  from [01m[K/home/hollis/cu/5254_final/src/amp_viz/src/template_panel.cpp:1[m[K:
[2.105s] [01m[K/opt/ros/humble/include/rclcpp/rclcpp/publisher.hpp:367:3:[m[K [01;36m[Knote: [m[Kcandidate: ‘[01m[Ktemplate<class T> std::enable_if_t<(typename rclcpp::TypeAdapter<MessageT>::is_specialized::value && std::is_same<T, typename rclcpp::TypeAdapter<MessageT>::custom_type>::value)> rclcpp::Publisher<MessageT, AllocatorT>::publish(const T&) [with T = T; MessageT = amp_msgs::msg::LaunchBall_<std::allocator<void> >; AllocatorT = std::allocator<void>][m[K’
[2.105s]   367 |   [01;36m[Kpublish[m[K(const T & msg)
[2.105s]       |   [01;36m[K^~~~~~~[m[K
[2.105s] [01m[K/opt/ros/humble/include/rclcpp/rclcpp/publisher.hpp:367:3:[m[K [01;36m[Knote: [m[K  template argument deduction/substitution failed:
[2.105s] [01m[K/opt/ros/humble/include/rclcpp/rclcpp/publisher.hpp:386:3:[m[K [01;36m[Knote: [m[Kcandidate: ‘[01m[Kvoid rclcpp::Publisher<MessageT, AllocatorT>::publish(const rcl_serialized_message_t&) [with MessageT = amp_msgs::msg::LaunchBall_<std::allocator<void> >; AllocatorT = std::allocator<void>; rcl_serialized_message_t = rcutils_uint8_array_s][m[K’
[2.105s]   386 |   [01;36m[Kpublish[m[K(const rcl_serialized_message_t & serialized_msg)
[2.105s]       |   [01;36m[K^~~~~~~[m[K
[2.105s] [01m[K/opt/ros/humble/include/rclcpp/rclcpp/publisher.hpp:386:44:[m[K [01;36m[Knote: [m[K  no known conversion for argument 1 from ‘[01m[Kamp_msgs::msg::LaunchBall()[m[K’ {aka ‘[01m[Kamp_msgs::msg::LaunchBall_<std::allocator<void> >()[m[K’} to ‘[01m[Kconst rcl_serialized_message_t&[m[K’ {aka ‘[01m[Kconst rcutils_uint8_array_s&[m[K’}
[2.106s]   386 |   publish([01;36m[Kconst rcl_serialized_message_t & serialized_msg[m[K)
[2.106s]       |           [01;36m[K~~~~~~~~~~~~~~~~~~~~~~~~~~~~~~~~~^~~~~~~~~~~~~~[m[K
[2.106s] [01m[K/opt/ros/humble/include/rclcpp/rclcpp/publisher.hpp:392:3:[m[K [01;36m[Knote: [m[Kcandidate: ‘[01m[Kvoid rclcpp::Publisher<MessageT, AllocatorT>::publish(const rclcpp::SerializedMessage&) [with MessageT = amp_msgs::msg::LaunchBall_<std::allocator<void> >; AllocatorT = std::allocator<void>][m[K’
[2.106s]   392 |   [01;36m[Kpublish[m[K(const SerializedMessage & serialized_msg)
[2.106s]       |   [01;36m[K^~~~~~~[m[K
[2.106s] [01m[K/opt/ros/humble/include/rclcpp/rclcpp/publisher.hpp:392:37:[m[K [01;36m[Knote: [m[K  no known conversion for argument 1 from ‘[01m[Kamp_msgs::msg::LaunchBall()[m[K’ {aka ‘[01m[Kamp_msgs::msg::LaunchBall_<std::allocator<void> >()[m[K’} to ‘[01m[Kconst rclcpp::SerializedMessage&[m[K’
[2.106s]   392 |   publish([01;36m[Kconst SerializedMessage & serialized_msg[m[K)
[2.106s]       |           [01;36m[K~~~~~~~~~~~~~~~~~~~~~~~~~~^~~~~~~~~~~~~~[m[K
[2.106s] [01m[K/opt/ros/humble/include/rclcpp/rclcpp/publisher.hpp:406:3:[m[K [01;36m[Knote: [m[Kcandidate: ‘[01m[Kvoid rclcpp::Publisher<MessageT, AllocatorT>::publish(rclcpp::LoanedMessage<typename rclcpp::TypeAdapter<MessageT>::ros_message_type, AllocatorT>&&) [with MessageT = amp_msgs::msg::LaunchBall_<std::allocator<void> >; AllocatorT = std::allocator<void>; typename rclcpp::TypeAdapter<MessageT>::ros_message_type = amp_msgs::msg::LaunchBall_<std::allocator<void> >][m[K’
[2.106s]   406 |   [01;36m[Kpublish[m[K(rclcpp::LoanedMessage<ROSMessageType, AllocatorT> && loaned_msg)
[2.106s]       |   [01;36m[K^~~~~~~[m[K
[2.106s] [01m[K/opt/ros/humble/include/rclcpp/rclcpp/publisher.hpp:406:64:[m[K [01;36m[Knote: [m[K  no known conversion for argument 1 from ‘[01m[Kamp_msgs::msg::LaunchBall()[m[K’ {aka ‘[01m[Kamp_msgs::msg::LaunchBall_<std::allocator<void> >()[m[K’} to ‘[01m[Krclcpp::LoanedMessage<amp_msgs::msg::LaunchBall_<std::allocator<void> >, std::allocator<void> >&&[m[K’
[2.106s]   406 |   publish([01;36m[Krclcpp::LoanedMessage<ROSMessageType, AllocatorT> && loaned_msg[m[K)
[2.106s]       |           [01;36m[K~~~~~~~~~~~~~~~~~~~~~~~~~~~~~~~~~~~~~~~~~~~~~~~~~~~~~^~~~~~~~~~[m[K
[2.650s] gmake[2]: *** [CMakeFiles/template_panel.dir/build.make:94: CMakeFiles/template_panel.dir/src/template_panel.cpp.o] Error 1
[2.651s] gmake[1]: *** [CMakeFiles/Makefile2:138: CMakeFiles/template_panel.dir/all] Error 2
[2.651s] gmake: *** [Makefile:146: all] Error 2
[2.653s] Invoked command in '/home/hollis/cu/5254_final/build/amp_viz' returned '2': AMENT_PREFIX_PATH=/home/hollis/cu/5254_final/install/amp_sim:/home/hollis/cu/5254_final/install/amp_msgs:${AMENT_PREFIX_PATH} CMAKE_PREFIX_PATH=/home/hollis/cu/5254_final/install/amp_sim:/home/hollis/cu/5254_final/install/amp_msgs:/opt/ros/humble LD_LIBRARY_PATH=/home/hollis/cu/5254_final/install/amp_msgs/lib:${LD_LIBRARY_PATH} PYTHONPATH=/home/hollis/cu/5254_final/install/amp_msgs/local/lib/python3.10/dist-packages:${PYTHONPATH} /usr/bin/cmake --build /home/hollis/cu/5254_final/build/amp_viz -- -j24 -l24
