[0.008s] Invoking command in '/home/hollis/cu/5254_final/build/amp_msgs': CMAKE_PREFIX_PATH=${CMAKE_PREFIX_PATH}:/opt/ros/humble /usr/bin/cmake /home/hollis/cu/5254_final/src/amp_msgs -DCMAKE_INSTALL_PREFIX=/home/hollis/cu/5254_final/install/amp_msgs
[0.018s] -- Found ament_cmake: 1.3.12 (/opt/ros/humble/share/ament_cmake/cmake)
[0.093s] -- Found rosidl_default_generators: 1.2.0 (/opt/ros/humble/share/rosidl_default_generators/cmake)
[0.093s] -- Using all available rosidl_typesupport_c: rosidl_typesupport_fastrtps_c;rosidl_typesupport_introspection_c
[0.095s] -- Found rosidl_adapter: 3.1.7 (/opt/ros/humble/share/rosidl_adapter/cmake)
[0.111s] -- Using all available rosidl_typesupport_cpp: rosidl_typesupport_fastrtps_cpp;rosidl_typesupport_introspection_cpp
[0.127s] [31mCMake Error at CMakeLists.txt:16 (file):
[0.127s]   file GLOB requires a glob expression after the directory.
[0.127s] 
[0.127s] [0m
[0.128s] [31mCMake Error at CMakeLists.txt:17 (message):
[0.129s]   message called with incorrect number of arguments
[0.130s] 
[0.130s] [0m
[0.130s] [31mCMake Error at /opt/ros/humble/share/rosidl_cmake/cmake/rosidl_generate_interfaces.cmake:59 (message):
[0.130s]   rosidl_generate_interfaces() called without any interface files
[0.130s] Call Stack (most recent call first):
[0.130s]   CMakeLists.txt:19 (rosidl_generate_interfaces)
[0.130s] 
[0.130s] [0m
[0.130s] -- Configuring incomplete, errors occurred!
[0.131s] See also "/home/hollis/cu/5254_final/build/amp_msgs/CMakeFiles/CMakeOutput.log".
[0.131s] Invoked command in '/home/hollis/cu/5254_final/build/amp_msgs' returned '1': CMAKE_PREFIX_PATH=${CMAKE_PREFIX_PATH}:/opt/ros/humble /usr/bin/cmake /home/hollis/cu/5254_final/src/amp_msgs -DCMAKE_INSTALL_PREFIX=/home/hollis/cu/5254_final/install/amp_msgs
