[ 33%] Built target dynamic_object
[ 66%] Built target dynamic_ball
[35m[1mConsolidate compiler generated dependencies of target sim_node[0m
[ 83%] [32mBuilding CXX object CMakeFiles/sim_node.dir/src/run_sim.cpp.o[0m
[01m[K/home/hollis/cu/5254_final/src/amp_sim/src/run_sim.cpp:[m[K In member function ‘[01m[Kvoid SimNode::tic_cb()[m[K’:
[01m[K/home/hollis/cu/5254_final/src/amp_sim/src/run_sim.cpp:66:30:[m[K [01;35m[Kwarning: [m[Kcomparison of integer expressions of different signedness: ‘[01m[Kint[m[K’ and ‘[01m[Kstd::vector<std::_List_iterator<DynamicObject*> >::size_type[m[K’ {aka ‘[01m[Klong unsigned int[m[K’} [[01;35m[K]8;;https://gcc.gnu.org/onlinedocs/gcc/Warning-Options.html#index-Wsign-compare-Wsign-compare]8;;[m[K]
   66 |             for(int i = 0; [01;35m[Ki < to_erase.size()[m[K; i++){
      |                            [01;35m[K~~^~~~~~~~~~~~~~~~~[m[K
[01m[K/home/hollis/cu/5254_final/src/amp_sim/src/run_sim.cpp:[m[K In member function ‘[01m[Kvoid SimNode::launch_ball_cb(amp_msgs::msg::LaunchBall)[m[K’:
[01m[K/home/hollis/cu/5254_final/src/amp_sim/src/run_sim.cpp:82:55:[m[K [01;35m[Kwarning: [m[Kunused parameter ‘[01m[Kmsg[m[K’ [[01;35m[K]8;;https://gcc.gnu.org/onlinedocs/gcc/Warning-Options.html#index-Wunused-parameter-Wunused-parameter]8;;[m[K]
   82 |         void launch_ball_cb([01;35m[Kamp_msgs::msg::LaunchBall msg[m[K){
      |                             [01;35m[K~~~~~~~~~~~~~~~~~~~~~~~~~~^~~[m[K
[100%] [32m[1mLinking CXX executable sim_node[0m
[100%] Built target sim_node
-- Install configuration: ""
-- Installing: /home/hollis/cu/5254_final/install/amp_sim/lib/amp_sim/sim_node
-- Set runtime path of "/home/hollis/cu/5254_final/install/amp_sim/lib/amp_sim/sim_node" to ""
-- Up-to-date: /home/hollis/cu/5254_final/install/amp_sim/share/ament_index/resource_index/package_run_dependencies/amp_sim
-- Up-to-date: /home/hollis/cu/5254_final/install/amp_sim/share/ament_index/resource_index/parent_prefix_path/amp_sim
-- Up-to-date: /home/hollis/cu/5254_final/install/amp_sim/share/amp_sim/environment/ament_prefix_path.sh
-- Up-to-date: /home/hollis/cu/5254_final/install/amp_sim/share/amp_sim/environment/ament_prefix_path.dsv
-- Up-to-date: /home/hollis/cu/5254_final/install/amp_sim/share/amp_sim/environment/path.sh
-- Up-to-date: /home/hollis/cu/5254_final/install/amp_sim/share/amp_sim/environment/path.dsv
-- Up-to-date: /home/hollis/cu/5254_final/install/amp_sim/share/amp_sim/local_setup.bash
-- Up-to-date: /home/hollis/cu/5254_final/install/amp_sim/share/amp_sim/local_setup.sh
-- Up-to-date: /home/hollis/cu/5254_final/install/amp_sim/share/amp_sim/local_setup.zsh
-- Up-to-date: /home/hollis/cu/5254_final/install/amp_sim/share/amp_sim/local_setup.dsv
-- Installing: /home/hollis/cu/5254_final/install/amp_sim/share/amp_sim/package.dsv
-- Up-to-date: /home/hollis/cu/5254_final/install/amp_sim/share/ament_index/resource_index/packages/amp_sim
-- Up-to-date: /home/hollis/cu/5254_final/install/amp_sim/share/amp_sim/cmake/amp_simConfig.cmake
-- Up-to-date: /home/hollis/cu/5254_final/install/amp_sim/share/amp_sim/cmake/amp_simConfig-version.cmake
-- Up-to-date: /home/hollis/cu/5254_final/install/amp_sim/share/amp_sim/package.xml
