[0.058s] DEBUG:colcon:Command line arguments: ['/usr/bin/colcon', 'build']
[0.058s] DEBUG:colcon:Parsed command line arguments: Namespace(log_base=None, log_level=None, verb_name='build', build_base='build', install_base='install', merge_install=False, symlink_install=False, test_result_base=None, continue_on_error=False, executor='parallel', parallel_workers=24, event_handlers=None, ignore_user_meta=False, metas=['./colcon.meta'], base_paths=['.'], packages_ignore=None, packages_ignore_regex=None, paths=None, packages_up_to=None, packages_up_to_regex=None, packages_above=None, packages_above_and_dependencies=None, packages_above_depth=None, packages_select_by_dep=None, packages_skip_by_dep=None, packages_skip_up_to=None, packages_select_build_failed=False, packages_skip_build_finished=False, packages_select_test_failures=False, packages_skip_test_passed=False, packages_select=None, packages_skip=None, packages_select_regex=None, packages_skip_regex=None, packages_start=None, packages_end=None, allow_overriding=[], cmake_args=None, cmake_target=None, cmake_target_skip_unavailable=False, cmake_clean_cache=False, cmake_clean_first=False, cmake_force_configure=False, ament_cmake_args=None, catkin_cmake_args=None, catkin_skip_building_tests=False, mixin_files=None, mixin=None, verb_parser=<colcon_mixin.mixin.mixin_argument.MixinArgumentDecorator object at 0x7a89733bd930>, verb_extension=<colcon_core.verb.build.BuildVerb object at 0x7a897355ae90>, main=<bound method BuildVerb.main of <colcon_core.verb.build.BuildVerb object at 0x7a897355ae90>>, mixin_verb=('build',))
[0.134s] Level 1:colcon.colcon_core.package_discovery:discover_packages(colcon_meta) check parameters
[0.134s] Level 1:colcon.colcon_core.package_discovery:discover_packages(recursive) check parameters
[0.134s] Level 1:colcon.colcon_core.package_discovery:discover_packages(ignore) check parameters
[0.134s] Level 1:colcon.colcon_core.package_discovery:discover_packages(path) check parameters
[0.134s] Level 1:colcon.colcon_core.package_discovery:discover_packages(colcon_meta) discover
[0.134s] Level 1:colcon.colcon_core.package_discovery:discover_packages(recursive) discover
[0.134s] INFO:colcon.colcon_core.package_discovery:Crawling recursively for packages in '/home/hollis/cu/5254_final'
[0.134s] Level 1:colcon.colcon_core.package_identification:_identify(.) by extensions ['ignore', 'ignore_ament_install']
[0.134s] Level 1:colcon.colcon_core.package_identification:_identify(.) by extension 'ignore'
[0.134s] Level 1:colcon.colcon_core.package_identification:_identify(.) by extension 'ignore_ament_install'
[0.134s] Level 1:colcon.colcon_core.package_identification:_identify(.) by extensions ['colcon_pkg']
[0.134s] Level 1:colcon.colcon_core.package_identification:_identify(.) by extension 'colcon_pkg'
[0.134s] Level 1:colcon.colcon_core.package_identification:_identify(.) by extensions ['colcon_meta']
[0.134s] Level 1:colcon.colcon_core.package_identification:_identify(.) by extension 'colcon_meta'
[0.134s] Level 1:colcon.colcon_core.package_identification:_identify(.) by extensions ['ros']
[0.135s] Level 1:colcon.colcon_core.package_identification:_identify(.) by extension 'ros'
[0.141s] Level 1:colcon.colcon_core.package_identification:_identify(.) by extensions ['cmake', 'python']
[0.141s] Level 1:colcon.colcon_core.package_identification:_identify(.) by extension 'cmake'
[0.141s] Level 1:colcon.colcon_core.package_identification:_identify(.) by extension 'python'
[0.141s] Level 1:colcon.colcon_core.package_identification:_identify(.) by extensions ['python_setup_py']
[0.141s] Level 1:colcon.colcon_core.package_identification:_identify(.) by extension 'python_setup_py'
[0.141s] Level 1:colcon.colcon_core.package_identification:_identify(build) by extensions ['ignore', 'ignore_ament_install']
[0.141s] Level 1:colcon.colcon_core.package_identification:_identify(build) by extension 'ignore'
[0.141s] Level 1:colcon.colcon_core.package_identification:_identify(build) ignored
[0.141s] Level 1:colcon.colcon_core.package_identification:_identify(install) by extensions ['ignore', 'ignore_ament_install']
[0.141s] Level 1:colcon.colcon_core.package_identification:_identify(install) by extension 'ignore'
[0.142s] Level 1:colcon.colcon_core.package_identification:_identify(install) ignored
[0.142s] Level 1:colcon.colcon_core.package_identification:_identify(log) by extensions ['ignore', 'ignore_ament_install']
[0.142s] Level 1:colcon.colcon_core.package_identification:_identify(log) by extension 'ignore'
[0.142s] Level 1:colcon.colcon_core.package_identification:_identify(log) ignored
[0.142s] Level 1:colcon.colcon_core.package_identification:_identify(src) by extensions ['ignore', 'ignore_ament_install']
[0.142s] Level 1:colcon.colcon_core.package_identification:_identify(src) by extension 'ignore'
[0.142s] Level 1:colcon.colcon_core.package_identification:_identify(src) by extension 'ignore_ament_install'
[0.142s] Level 1:colcon.colcon_core.package_identification:_identify(src) by extensions ['colcon_pkg']
[0.142s] Level 1:colcon.colcon_core.package_identification:_identify(src) by extension 'colcon_pkg'
[0.142s] Level 1:colcon.colcon_core.package_identification:_identify(src) by extensions ['colcon_meta']
[0.142s] Level 1:colcon.colcon_core.package_identification:_identify(src) by extension 'colcon_meta'
[0.142s] Level 1:colcon.colcon_core.package_identification:_identify(src) by extensions ['ros']
[0.142s] Level 1:colcon.colcon_core.package_identification:_identify(src) by extension 'ros'
[0.142s] Level 1:colcon.colcon_core.package_identification:_identify(src) by extensions ['cmake', 'python']
[0.142s] Level 1:colcon.colcon_core.package_identification:_identify(src) by extension 'cmake'
[0.142s] Level 1:colcon.colcon_core.package_identification:_identify(src) by extension 'python'
[0.142s] Level 1:colcon.colcon_core.package_identification:_identify(src) by extensions ['python_setup_py']
[0.142s] Level 1:colcon.colcon_core.package_identification:_identify(src) by extension 'python_setup_py'
[0.142s] Level 1:colcon.colcon_core.package_identification:_identify(src/amp_agents) by extensions ['ignore', 'ignore_ament_install']
[0.143s] Level 1:colcon.colcon_core.package_identification:_identify(src/amp_agents) by extension 'ignore'
[0.143s] Level 1:colcon.colcon_core.package_identification:_identify(src/amp_agents) by extension 'ignore_ament_install'
[0.143s] Level 1:colcon.colcon_core.package_identification:_identify(src/amp_agents) by extensions ['colcon_pkg']
[0.143s] Level 1:colcon.colcon_core.package_identification:_identify(src/amp_agents) by extension 'colcon_pkg'
[0.143s] Level 1:colcon.colcon_core.package_identification:_identify(src/amp_agents) by extensions ['colcon_meta']
[0.143s] Level 1:colcon.colcon_core.package_identification:_identify(src/amp_agents) by extension 'colcon_meta'
[0.143s] Level 1:colcon.colcon_core.package_identification:_identify(src/amp_agents) by extensions ['ros']
[0.143s] Level 1:colcon.colcon_core.package_identification:_identify(src/amp_agents) by extension 'ros'
[0.144s] DEBUG:colcon.colcon_core.package_identification:Package 'src/amp_agents' with type 'ros.ament_cmake' and name 'amp_agents'
[0.144s] Level 1:colcon.colcon_core.package_identification:_identify(src/amp_msgs) by extensions ['ignore', 'ignore_ament_install']
[0.144s] Level 1:colcon.colcon_core.package_identification:_identify(src/amp_msgs) by extension 'ignore'
[0.144s] Level 1:colcon.colcon_core.package_identification:_identify(src/amp_msgs) by extension 'ignore_ament_install'
[0.144s] Level 1:colcon.colcon_core.package_identification:_identify(src/amp_msgs) by extensions ['colcon_pkg']
[0.144s] Level 1:colcon.colcon_core.package_identification:_identify(src/amp_msgs) by extension 'colcon_pkg'
[0.144s] Level 1:colcon.colcon_core.package_identification:_identify(src/amp_msgs) by extensions ['colcon_meta']
[0.144s] Level 1:colcon.colcon_core.package_identification:_identify(src/amp_msgs) by extension 'colcon_meta'
[0.144s] Level 1:colcon.colcon_core.package_identification:_identify(src/amp_msgs) by extensions ['ros']
[0.144s] Level 1:colcon.colcon_core.package_identification:_identify(src/amp_msgs) by extension 'ros'
[0.145s] DEBUG:colcon.colcon_core.package_identification:Package 'src/amp_msgs' with type 'ros.ament_cmake' and name 'amp_msgs'
[0.145s] Level 1:colcon.colcon_core.package_identification:_identify(src/amp_sim) by extensions ['ignore', 'ignore_ament_install']
[0.145s] Level 1:colcon.colcon_core.package_identification:_identify(src/amp_sim) by extension 'ignore'
[0.145s] Level 1:colcon.colcon_core.package_identification:_identify(src/amp_sim) by extension 'ignore_ament_install'
[0.145s] Level 1:colcon.colcon_core.package_identification:_identify(src/amp_sim) by extensions ['colcon_pkg']
[0.145s] Level 1:colcon.colcon_core.package_identification:_identify(src/amp_sim) by extension 'colcon_pkg'
[0.145s] Level 1:colcon.colcon_core.package_identification:_identify(src/amp_sim) by extensions ['colcon_meta']
[0.145s] Level 1:colcon.colcon_core.package_identification:_identify(src/amp_sim) by extension 'colcon_meta'
[0.145s] Level 1:colcon.colcon_core.package_identification:_identify(src/amp_sim) by extensions ['ros']
[0.145s] Level 1:colcon.colcon_core.package_identification:_identify(src/amp_sim) by extension 'ros'
[0.145s] DEBUG:colcon.colcon_core.package_identification:Package 'src/amp_sim' with type 'ros.ament_cmake' and name 'amp_sim'
[0.145s] Level 1:colcon.colcon_core.package_identification:_identify(src/amp_viz) by extensions ['ignore', 'ignore_ament_install']
[0.145s] Level 1:colcon.colcon_core.package_identification:_identify(src/amp_viz) by extension 'ignore'
[0.145s] Level 1:colcon.colcon_core.package_identification:_identify(src/amp_viz) by extension 'ignore_ament_install'
[0.145s] Level 1:colcon.colcon_core.package_identification:_identify(src/amp_viz) by extensions ['colcon_pkg']
[0.145s] Level 1:colcon.colcon_core.package_identification:_identify(src/amp_viz) by extension 'colcon_pkg'
[0.145s] Level 1:colcon.colcon_core.package_identification:_identify(src/amp_viz) by extensions ['colcon_meta']
[0.145s] Level 1:colcon.colcon_core.package_identification:_identify(src/amp_viz) by extension 'colcon_meta'
[0.145s] Level 1:colcon.colcon_core.package_identification:_identify(src/amp_viz) by extensions ['ros']
[0.145s] Level 1:colcon.colcon_core.package_identification:_identify(src/amp_viz) by extension 'ros'
[0.146s] DEBUG:colcon.colcon_core.package_identification:Package 'src/amp_viz' with type 'ros.ament_cmake' and name 'amp_viz'
[0.146s] Level 1:colcon.colcon_core.package_discovery:discover_packages(recursive) using defaults
[0.146s] Level 1:colcon.colcon_core.package_discovery:discover_packages(ignore) discover
[0.146s] Level 1:colcon.colcon_core.package_discovery:discover_packages(ignore) using defaults
[0.146s] Level 1:colcon.colcon_core.package_discovery:discover_packages(path) discover
[0.146s] Level 1:colcon.colcon_core.package_discovery:discover_packages(path) using defaults
[0.165s] Level 1:colcon.colcon_core.package_discovery:discover_packages(prefix_path) check parameters
[0.165s] Level 1:colcon.colcon_core.package_discovery:discover_packages(prefix_path) discover
[0.165s] WARNING:colcon.colcon_ros.prefix_path.ament:The path '/home/hollis/cu/5254_final/install/amp_viz' in the environment variable AMENT_PREFIX_PATH doesn't exist
[0.165s] WARNING:colcon.colcon_ros.prefix_path.ament:The path '/home/hollis/cu/5254_final/install/amp_agents' in the environment variable AMENT_PREFIX_PATH doesn't exist
[0.165s] WARNING:colcon.colcon_ros.prefix_path.ament:The path '/home/hollis/cu/5254_final/install/amp_sim' in the environment variable AMENT_PREFIX_PATH doesn't exist
[0.165s] WARNING:colcon.colcon_ros.prefix_path.ament:The path '/home/hollis/cu/5254_final/install/amp_msgs' in the environment variable AMENT_PREFIX_PATH doesn't exist
[0.165s] WARNING:colcon.colcon_ros.prefix_path.catkin:The path '/home/hollis/cu/5254_final/install/amp_viz' in the environment variable CMAKE_PREFIX_PATH doesn't exist
[0.165s] WARNING:colcon.colcon_ros.prefix_path.catkin:The path '/home/hollis/cu/5254_final/install/amp_agents' in the environment variable CMAKE_PREFIX_PATH doesn't exist
[0.165s] WARNING:colcon.colcon_ros.prefix_path.catkin:The path '/home/hollis/cu/5254_final/install/amp_sim' in the environment variable CMAKE_PREFIX_PATH doesn't exist
[0.165s] WARNING:colcon.colcon_ros.prefix_path.catkin:The path '/home/hollis/cu/5254_final/install/amp_msgs' in the environment variable CMAKE_PREFIX_PATH doesn't exist
[0.166s] DEBUG:colcon.colcon_installed_package_information.package_discovery:Found 0 installed packages in /home/hollis/cu/5254_final/install
[0.166s] DEBUG:colcon.colcon_installed_package_information.package_discovery:Found 267 installed packages in /opt/ros/humble
[0.167s] Level 1:colcon.colcon_core.package_discovery:discover_packages(prefix_path) using defaults
[0.184s] Level 5:colcon.colcon_core.verb:set package 'amp_msgs' build argument 'cmake_args' from command line to 'None'
[0.184s] Level 5:colcon.colcon_core.verb:set package 'amp_msgs' build argument 'cmake_target' from command line to 'None'
[0.184s] Level 5:colcon.colcon_core.verb:set package 'amp_msgs' build argument 'cmake_target_skip_unavailable' from command line to 'False'
[0.184s] Level 5:colcon.colcon_core.verb:set package 'amp_msgs' build argument 'cmake_clean_cache' from command line to 'False'
[0.184s] Level 5:colcon.colcon_core.verb:set package 'amp_msgs' build argument 'cmake_clean_first' from command line to 'False'
[0.184s] Level 5:colcon.colcon_core.verb:set package 'amp_msgs' build argument 'cmake_force_configure' from command line to 'False'
[0.184s] Level 5:colcon.colcon_core.verb:set package 'amp_msgs' build argument 'ament_cmake_args' from command line to 'None'
[0.184s] Level 5:colcon.colcon_core.verb:set package 'amp_msgs' build argument 'catkin_cmake_args' from command line to 'None'
[0.184s] Level 5:colcon.colcon_core.verb:set package 'amp_msgs' build argument 'catkin_skip_building_tests' from command line to 'False'
[0.184s] DEBUG:colcon.colcon_core.verb:Building package 'amp_msgs' with the following arguments: {'ament_cmake_args': None, 'build_base': '/home/hollis/cu/5254_final/build/amp_msgs', 'catkin_cmake_args': None, 'catkin_skip_building_tests': False, 'cmake_args': None, 'cmake_clean_cache': False, 'cmake_clean_first': False, 'cmake_force_configure': False, 'cmake_target': None, 'cmake_target_skip_unavailable': False, 'install_base': '/home/hollis/cu/5254_final/install/amp_msgs', 'merge_install': False, 'path': '/home/hollis/cu/5254_final/src/amp_msgs', 'symlink_install': False, 'test_result_base': None}
[0.184s] Level 5:colcon.colcon_core.verb:set package 'amp_sim' build argument 'cmake_args' from command line to 'None'
[0.184s] Level 5:colcon.colcon_core.verb:set package 'amp_sim' build argument 'cmake_target' from command line to 'None'
[0.184s] Level 5:colcon.colcon_core.verb:set package 'amp_sim' build argument 'cmake_target_skip_unavailable' from command line to 'False'
[0.184s] Level 5:colcon.colcon_core.verb:set package 'amp_sim' build argument 'cmake_clean_cache' from command line to 'False'
[0.184s] Level 5:colcon.colcon_core.verb:set package 'amp_sim' build argument 'cmake_clean_first' from command line to 'False'
[0.184s] Level 5:colcon.colcon_core.verb:set package 'amp_sim' build argument 'cmake_force_configure' from command line to 'False'
[0.184s] Level 5:colcon.colcon_core.verb:set package 'amp_sim' build argument 'ament_cmake_args' from command line to 'None'
[0.184s] Level 5:colcon.colcon_core.verb:set package 'amp_sim' build argument 'catkin_cmake_args' from command line to 'None'
[0.184s] Level 5:colcon.colcon_core.verb:set package 'amp_sim' build argument 'catkin_skip_building_tests' from command line to 'False'
[0.184s] DEBUG:colcon.colcon_core.verb:Building package 'amp_sim' with the following arguments: {'ament_cmake_args': None, 'build_base': '/home/hollis/cu/5254_final/build/amp_sim', 'catkin_cmake_args': None, 'catkin_skip_building_tests': False, 'cmake_args': None, 'cmake_clean_cache': False, 'cmake_clean_first': False, 'cmake_force_configure': False, 'cmake_target': None, 'cmake_target_skip_unavailable': False, 'install_base': '/home/hollis/cu/5254_final/install/amp_sim', 'merge_install': False, 'path': '/home/hollis/cu/5254_final/src/amp_sim', 'symlink_install': False, 'test_result_base': None}
[0.184s] Level 5:colcon.colcon_core.verb:set package 'amp_agents' build argument 'cmake_args' from command line to 'None'
[0.184s] Level 5:colcon.colcon_core.verb:set package 'amp_agents' build argument 'cmake_target' from command line to 'None'
[0.184s] Level 5:colcon.colcon_core.verb:set package 'amp_agents' build argument 'cmake_target_skip_unavailable' from command line to 'False'
[0.184s] Level 5:colcon.colcon_core.verb:set package 'amp_agents' build argument 'cmake_clean_cache' from command line to 'False'
[0.184s] Level 5:colcon.colcon_core.verb:set package 'amp_agents' build argument 'cmake_clean_first' from command line to 'False'
[0.184s] Level 5:colcon.colcon_core.verb:set package 'amp_agents' build argument 'cmake_force_configure' from command line to 'False'
[0.184s] Level 5:colcon.colcon_core.verb:set package 'amp_agents' build argument 'ament_cmake_args' from command line to 'None'
[0.184s] Level 5:colcon.colcon_core.verb:set package 'amp_agents' build argument 'catkin_cmake_args' from command line to 'None'
[0.184s] Level 5:colcon.colcon_core.verb:set package 'amp_agents' build argument 'catkin_skip_building_tests' from command line to 'False'
[0.184s] DEBUG:colcon.colcon_core.verb:Building package 'amp_agents' with the following arguments: {'ament_cmake_args': None, 'build_base': '/home/hollis/cu/5254_final/build/amp_agents', 'catkin_cmake_args': None, 'catkin_skip_building_tests': False, 'cmake_args': None, 'cmake_clean_cache': False, 'cmake_clean_first': False, 'cmake_force_configure': False, 'cmake_target': None, 'cmake_target_skip_unavailable': False, 'install_base': '/home/hollis/cu/5254_final/install/amp_agents', 'merge_install': False, 'path': '/home/hollis/cu/5254_final/src/amp_agents', 'symlink_install': False, 'test_result_base': None}
[0.185s] Level 5:colcon.colcon_core.verb:set package 'amp_viz' build argument 'cmake_args' from command line to 'None'
[0.185s] Level 5:colcon.colcon_core.verb:set package 'amp_viz' build argument 'cmake_target' from command line to 'None'
[0.185s] Level 5:colcon.colcon_core.verb:set package 'amp_viz' build argument 'cmake_target_skip_unavailable' from command line to 'False'
[0.185s] Level 5:colcon.colcon_core.verb:set package 'amp_viz' build argument 'cmake_clean_cache' from command line to 'False'
[0.185s] Level 5:colcon.colcon_core.verb:set package 'amp_viz' build argument 'cmake_clean_first' from command line to 'False'
[0.185s] Level 5:colcon.colcon_core.verb:set package 'amp_viz' build argument 'cmake_force_configure' from command line to 'False'
[0.185s] Level 5:colcon.colcon_core.verb:set package 'amp_viz' build argument 'ament_cmake_args' from command line to 'None'
[0.185s] Level 5:colcon.colcon_core.verb:set package 'amp_viz' build argument 'catkin_cmake_args' from command line to 'None'
[0.185s] Level 5:colcon.colcon_core.verb:set package 'amp_viz' build argument 'catkin_skip_building_tests' from command line to 'False'
[0.185s] DEBUG:colcon.colcon_core.verb:Building package 'amp_viz' with the following arguments: {'ament_cmake_args': None, 'build_base': '/home/hollis/cu/5254_final/build/amp_viz', 'catkin_cmake_args': None, 'catkin_skip_building_tests': False, 'cmake_args': None, 'cmake_clean_cache': False, 'cmake_clean_first': False, 'cmake_force_configure': False, 'cmake_target': None, 'cmake_target_skip_unavailable': False, 'install_base': '/home/hollis/cu/5254_final/install/amp_viz', 'merge_install': False, 'path': '/home/hollis/cu/5254_final/src/amp_viz', 'symlink_install': False, 'test_result_base': None}
[0.185s] INFO:colcon.colcon_core.executor:Executing jobs using 'parallel' executor
[0.186s] DEBUG:colcon.colcon_parallel_executor.executor.parallel:run_until_complete
[0.186s] INFO:colcon.colcon_ros.task.ament_cmake.build:Building ROS package in '/home/hollis/cu/5254_final/src/amp_msgs' with build type 'ament_cmake'
[0.186s] INFO:colcon.colcon_cmake.task.cmake.build:Building CMake package in '/home/hollis/cu/5254_final/src/amp_msgs'
[0.187s] INFO:colcon.colcon_core.plugin_system:Skipping extension 'colcon_core.shell.bat': Not used on non-Windows systems
[0.187s] INFO:colcon.colcon_core.shell:Skip shell extension 'powershell' for command environment: Not usable outside of PowerShell
[0.187s] DEBUG:colcon.colcon_core.shell:Skip shell extension 'dsv' for command environment
[0.192s] DEBUG:colcon.colcon_core.event_handler.log_command:Invoking command in '/home/hollis/cu/5254_final/build/amp_msgs': CMAKE_PREFIX_PATH=${CMAKE_PREFIX_PATH}:/opt/ros/humble /usr/bin/cmake /home/hollis/cu/5254_final/src/amp_msgs -DCMAKE_INSTALL_PREFIX=/home/hollis/cu/5254_final/install/amp_msgs
[1.055s] DEBUG:colcon.colcon_core.event_handler.log_command:Invoked command in '/home/hollis/cu/5254_final/build/amp_msgs' returned '0': CMAKE_PREFIX_PATH=${CMAKE_PREFIX_PATH}:/opt/ros/humble /usr/bin/cmake /home/hollis/cu/5254_final/src/amp_msgs -DCMAKE_INSTALL_PREFIX=/home/hollis/cu/5254_final/install/amp_msgs
[1.057s] DEBUG:colcon.colcon_core.event_handler.log_command:Invoking command in '/home/hollis/cu/5254_final/build/amp_msgs': CMAKE_PREFIX_PATH=${CMAKE_PREFIX_PATH}:/opt/ros/humble /usr/bin/cmake --build /home/hollis/cu/5254_final/build/amp_msgs -- -j24 -l24
[2.556s] DEBUG:colcon.colcon_core.event_handler.log_command:Invoked command in '/home/hollis/cu/5254_final/build/amp_msgs' returned '0': CMAKE_PREFIX_PATH=${CMAKE_PREFIX_PATH}:/opt/ros/humble /usr/bin/cmake --build /home/hollis/cu/5254_final/build/amp_msgs -- -j24 -l24
[2.563s] DEBUG:colcon.colcon_core.event_handler.log_command:Invoking command in '/home/hollis/cu/5254_final/build/amp_msgs': CMAKE_PREFIX_PATH=${CMAKE_PREFIX_PATH}:/opt/ros/humble /usr/bin/cmake --install /home/hollis/cu/5254_final/build/amp_msgs
[2.608s] Level 1:colcon.colcon_core.environment:create_environment_scripts_only(amp_msgs)
[2.609s] DEBUG:colcon.colcon_core.event_handler.log_command:Invoked command in '/home/hollis/cu/5254_final/build/amp_msgs' returned '0': CMAKE_PREFIX_PATH=${CMAKE_PREFIX_PATH}:/opt/ros/humble /usr/bin/cmake --install /home/hollis/cu/5254_final/build/amp_msgs
[2.610s] Level 1:colcon.colcon_core.environment:checking '/home/hollis/cu/5254_final/install/amp_msgs' for CMake module files
[2.610s] Level 1:colcon.colcon_core.environment:checking '/home/hollis/cu/5254_final/install/amp_msgs' for CMake config files
[2.610s] Level 1:colcon.colcon_core.shell:create_environment_hook('amp_msgs', 'cmake_prefix_path')
[2.610s] INFO:colcon.colcon_core.shell:Creating environment hook '/home/hollis/cu/5254_final/install/amp_msgs/share/amp_msgs/hook/cmake_prefix_path.ps1'
[2.611s] INFO:colcon.colcon_core.shell:Creating environment descriptor '/home/hollis/cu/5254_final/install/amp_msgs/share/amp_msgs/hook/cmake_prefix_path.dsv'
[2.612s] INFO:colcon.colcon_core.shell:Creating environment hook '/home/hollis/cu/5254_final/install/amp_msgs/share/amp_msgs/hook/cmake_prefix_path.sh'
[2.612s] Level 1:colcon.colcon_core.environment:checking '/home/hollis/cu/5254_final/install/amp_msgs/lib'
[2.612s] Level 1:colcon.colcon_core.shell:create_environment_hook('amp_msgs', 'ld_library_path_lib')
[2.612s] INFO:colcon.colcon_core.shell:Creating environment hook '/home/hollis/cu/5254_final/install/amp_msgs/share/amp_msgs/hook/ld_library_path_lib.ps1'
[2.613s] INFO:colcon.colcon_core.shell:Creating environment descriptor '/home/hollis/cu/5254_final/install/amp_msgs/share/amp_msgs/hook/ld_library_path_lib.dsv'
[2.613s] INFO:colcon.colcon_core.shell:Creating environment hook '/home/hollis/cu/5254_final/install/amp_msgs/share/amp_msgs/hook/ld_library_path_lib.sh'
[2.613s] Level 1:colcon.colcon_core.environment:checking '/home/hollis/cu/5254_final/install/amp_msgs/bin'
[2.613s] Level 1:colcon.colcon_core.environment:checking '/home/hollis/cu/5254_final/install/amp_msgs/lib/pkgconfig/amp_msgs.pc'
[2.613s] Level 1:colcon.colcon_core.environment:checking '/home/hollis/cu/5254_final/install/amp_msgs/lib/python3.10/site-packages'
[2.613s] Level 1:colcon.colcon_core.environment:checking '/home/hollis/cu/5254_final/install/amp_msgs/bin'
[2.613s] INFO:colcon.colcon_core.shell:Creating package script '/home/hollis/cu/5254_final/install/amp_msgs/share/amp_msgs/package.ps1'
[2.614s] INFO:colcon.colcon_core.shell:Creating package descriptor '/home/hollis/cu/5254_final/install/amp_msgs/share/amp_msgs/package.dsv'
[2.614s] INFO:colcon.colcon_core.shell:Creating package script '/home/hollis/cu/5254_final/install/amp_msgs/share/amp_msgs/package.sh'
[2.614s] INFO:colcon.colcon_core.shell:Creating package script '/home/hollis/cu/5254_final/install/amp_msgs/share/amp_msgs/package.bash'
[2.615s] INFO:colcon.colcon_core.shell:Creating package script '/home/hollis/cu/5254_final/install/amp_msgs/share/amp_msgs/package.zsh'
[2.615s] Level 1:colcon.colcon_core.environment:create_file_with_runtime_dependencies(/home/hollis/cu/5254_final/install/amp_msgs/share/colcon-core/packages/amp_msgs)
[2.616s] Level 1:colcon.colcon_core.environment:create_environment_scripts_only(amp_msgs)
[2.616s] Level 1:colcon.colcon_core.environment:checking '/home/hollis/cu/5254_final/install/amp_msgs' for CMake module files
[2.617s] Level 1:colcon.colcon_core.environment:checking '/home/hollis/cu/5254_final/install/amp_msgs' for CMake config files
[2.617s] Level 1:colcon.colcon_core.shell:create_environment_hook('amp_msgs', 'cmake_prefix_path')
[2.617s] INFO:colcon.colcon_core.shell:Creating environment hook '/home/hollis/cu/5254_final/install/amp_msgs/share/amp_msgs/hook/cmake_prefix_path.ps1'
[2.617s] INFO:colcon.colcon_core.shell:Creating environment descriptor '/home/hollis/cu/5254_final/install/amp_msgs/share/amp_msgs/hook/cmake_prefix_path.dsv'
[2.617s] INFO:colcon.colcon_core.shell:Creating environment hook '/home/hollis/cu/5254_final/install/amp_msgs/share/amp_msgs/hook/cmake_prefix_path.sh'
[2.618s] Level 1:colcon.colcon_core.environment:checking '/home/hollis/cu/5254_final/install/amp_msgs/lib'
[2.618s] Level 1:colcon.colcon_core.shell:create_environment_hook('amp_msgs', 'ld_library_path_lib')
[2.618s] INFO:colcon.colcon_core.shell:Creating environment hook '/home/hollis/cu/5254_final/install/amp_msgs/share/amp_msgs/hook/ld_library_path_lib.ps1'
[2.618s] INFO:colcon.colcon_core.shell:Creating environment descriptor '/home/hollis/cu/5254_final/install/amp_msgs/share/amp_msgs/hook/ld_library_path_lib.dsv'
[2.618s] INFO:colcon.colcon_core.shell:Creating environment hook '/home/hollis/cu/5254_final/install/amp_msgs/share/amp_msgs/hook/ld_library_path_lib.sh'
[2.619s] Level 1:colcon.colcon_core.environment:checking '/home/hollis/cu/5254_final/install/amp_msgs/bin'
[2.619s] Level 1:colcon.colcon_core.environment:checking '/home/hollis/cu/5254_final/install/amp_msgs/lib/pkgconfig/amp_msgs.pc'
[2.619s] Level 1:colcon.colcon_core.environment:checking '/home/hollis/cu/5254_final/install/amp_msgs/lib/python3.10/site-packages'
[2.619s] Level 1:colcon.colcon_core.environment:checking '/home/hollis/cu/5254_final/install/amp_msgs/bin'
[2.619s] INFO:colcon.colcon_core.shell:Creating package script '/home/hollis/cu/5254_final/install/amp_msgs/share/amp_msgs/package.ps1'
[2.620s] INFO:colcon.colcon_core.shell:Creating package descriptor '/home/hollis/cu/5254_final/install/amp_msgs/share/amp_msgs/package.dsv'
[2.620s] INFO:colcon.colcon_core.shell:Creating package script '/home/hollis/cu/5254_final/install/amp_msgs/share/amp_msgs/package.sh'
[2.621s] INFO:colcon.colcon_core.shell:Creating package script '/home/hollis/cu/5254_final/install/amp_msgs/share/amp_msgs/package.bash'
[2.621s] INFO:colcon.colcon_core.shell:Creating package script '/home/hollis/cu/5254_final/install/amp_msgs/share/amp_msgs/package.zsh'
[2.621s] Level 1:colcon.colcon_core.environment:create_file_with_runtime_dependencies(/home/hollis/cu/5254_final/install/amp_msgs/share/colcon-core/packages/amp_msgs)
[2.621s] INFO:colcon.colcon_ros.task.ament_cmake.build:Building ROS package in '/home/hollis/cu/5254_final/src/amp_sim' with build type 'ament_cmake'
[2.622s] INFO:colcon.colcon_cmake.task.cmake.build:Building CMake package in '/home/hollis/cu/5254_final/src/amp_sim'
[2.622s] INFO:colcon.colcon_core.shell:Skip shell extension 'powershell' for command environment: Not usable outside of PowerShell
[2.622s] DEBUG:colcon.colcon_core.shell:Skip shell extension 'dsv' for command environment
[2.628s] DEBUG:colcon.colcon_core.event_handler.log_command:Invoking command in '/home/hollis/cu/5254_final/build/amp_sim': CMAKE_PREFIX_PATH=/home/hollis/cu/5254_final/install/amp_msgs:/home/hollis/cu/5254_final/install/amp_viz:/home/hollis/cu/5254_final/install/amp_agents:/home/hollis/cu/5254_final/install/amp_sim:/opt/ros/humble LD_LIBRARY_PATH=/home/hollis/cu/5254_final/install/amp_msgs/lib:/home/hollis/cu/5254_final/install/amp_viz/lib:/home/hollis/cu/5254_final/install/amp_sim/lib:/opt/ros/humble/opt/rviz_ogre_vendor/lib:/opt/ros/humble/lib/x86_64-linux-gnu:/opt/ros/humble/lib /usr/bin/cmake /home/hollis/cu/5254_final/src/amp_sim -DCMAKE_INSTALL_PREFIX=/home/hollis/cu/5254_final/install/amp_sim
[3.415s] DEBUG:colcon.colcon_core.event_handler.log_command:Invoked command in '/home/hollis/cu/5254_final/build/amp_sim' returned '0': CMAKE_PREFIX_PATH=/home/hollis/cu/5254_final/install/amp_msgs:/home/hollis/cu/5254_final/install/amp_viz:/home/hollis/cu/5254_final/install/amp_agents:/home/hollis/cu/5254_final/install/amp_sim:/opt/ros/humble LD_LIBRARY_PATH=/home/hollis/cu/5254_final/install/amp_msgs/lib:/home/hollis/cu/5254_final/install/amp_viz/lib:/home/hollis/cu/5254_final/install/amp_sim/lib:/opt/ros/humble/opt/rviz_ogre_vendor/lib:/opt/ros/humble/lib/x86_64-linux-gnu:/opt/ros/humble/lib /usr/bin/cmake /home/hollis/cu/5254_final/src/amp_sim -DCMAKE_INSTALL_PREFIX=/home/hollis/cu/5254_final/install/amp_sim
[3.417s] DEBUG:colcon.colcon_core.event_handler.log_command:Invoking command in '/home/hollis/cu/5254_final/build/amp_sim': CMAKE_PREFIX_PATH=/home/hollis/cu/5254_final/install/amp_msgs:/home/hollis/cu/5254_final/install/amp_viz:/home/hollis/cu/5254_final/install/amp_agents:/home/hollis/cu/5254_final/install/amp_sim:/opt/ros/humble LD_LIBRARY_PATH=/home/hollis/cu/5254_final/install/amp_msgs/lib:/home/hollis/cu/5254_final/install/amp_viz/lib:/home/hollis/cu/5254_final/install/amp_sim/lib:/opt/ros/humble/opt/rviz_ogre_vendor/lib:/opt/ros/humble/lib/x86_64-linux-gnu:/opt/ros/humble/lib /usr/bin/cmake --build /home/hollis/cu/5254_final/build/amp_sim -- -j24 -l24
[14.810s] DEBUG:colcon.colcon_core.event_handler.log_command:Invoked command in '/home/hollis/cu/5254_final/build/amp_sim' returned '0': CMAKE_PREFIX_PATH=/home/hollis/cu/5254_final/install/amp_msgs:/home/hollis/cu/5254_final/install/amp_viz:/home/hollis/cu/5254_final/install/amp_agents:/home/hollis/cu/5254_final/install/amp_sim:/opt/ros/humble LD_LIBRARY_PATH=/home/hollis/cu/5254_final/install/amp_msgs/lib:/home/hollis/cu/5254_final/install/amp_viz/lib:/home/hollis/cu/5254_final/install/amp_sim/lib:/opt/ros/humble/opt/rviz_ogre_vendor/lib:/opt/ros/humble/lib/x86_64-linux-gnu:/opt/ros/humble/lib /usr/bin/cmake --build /home/hollis/cu/5254_final/build/amp_sim -- -j24 -l24
[14.811s] DEBUG:colcon.colcon_core.event_handler.log_command:Invoking command in '/home/hollis/cu/5254_final/build/amp_sim': CMAKE_PREFIX_PATH=/home/hollis/cu/5254_final/install/amp_msgs:/home/hollis/cu/5254_final/install/amp_viz:/home/hollis/cu/5254_final/install/amp_agents:/home/hollis/cu/5254_final/install/amp_sim:/opt/ros/humble LD_LIBRARY_PATH=/home/hollis/cu/5254_final/install/amp_msgs/lib:/home/hollis/cu/5254_final/install/amp_viz/lib:/home/hollis/cu/5254_final/install/amp_sim/lib:/opt/ros/humble/opt/rviz_ogre_vendor/lib:/opt/ros/humble/lib/x86_64-linux-gnu:/opt/ros/humble/lib /usr/bin/cmake --install /home/hollis/cu/5254_final/build/amp_sim
[14.823s] Level 1:colcon.colcon_core.environment:create_environment_scripts_only(amp_sim)
[14.823s] DEBUG:colcon.colcon_core.event_handler.log_command:Invoked command in '/home/hollis/cu/5254_final/build/amp_sim' returned '0': CMAKE_PREFIX_PATH=/home/hollis/cu/5254_final/install/amp_msgs:/home/hollis/cu/5254_final/install/amp_viz:/home/hollis/cu/5254_final/install/amp_agents:/home/hollis/cu/5254_final/install/amp_sim:/opt/ros/humble LD_LIBRARY_PATH=/home/hollis/cu/5254_final/install/amp_msgs/lib:/home/hollis/cu/5254_final/install/amp_viz/lib:/home/hollis/cu/5254_final/install/amp_sim/lib:/opt/ros/humble/opt/rviz_ogre_vendor/lib:/opt/ros/humble/lib/x86_64-linux-gnu:/opt/ros/humble/lib /usr/bin/cmake --install /home/hollis/cu/5254_final/build/amp_sim
[14.823s] Level 1:colcon.colcon_core.environment:checking '/home/hollis/cu/5254_final/install/amp_sim' for CMake module files
[14.824s] Level 1:colcon.colcon_core.environment:checking '/home/hollis/cu/5254_final/install/amp_sim' for CMake config files
[14.824s] Level 1:colcon.colcon_core.shell:create_environment_hook('amp_sim', 'cmake_prefix_path')
[14.824s] INFO:colcon.colcon_core.shell:Creating environment hook '/home/hollis/cu/5254_final/install/amp_sim/share/amp_sim/hook/cmake_prefix_path.ps1'
[14.824s] INFO:colcon.colcon_core.shell:Creating environment descriptor '/home/hollis/cu/5254_final/install/amp_sim/share/amp_sim/hook/cmake_prefix_path.dsv'
[14.824s] INFO:colcon.colcon_core.shell:Creating environment hook '/home/hollis/cu/5254_final/install/amp_sim/share/amp_sim/hook/cmake_prefix_path.sh'
[14.825s] Level 1:colcon.colcon_core.environment:checking '/home/hollis/cu/5254_final/install/amp_sim/lib'
[14.825s] Level 1:colcon.colcon_core.environment:checking '/home/hollis/cu/5254_final/install/amp_sim/bin'
[14.825s] Level 1:colcon.colcon_core.environment:checking '/home/hollis/cu/5254_final/install/amp_sim/lib/pkgconfig/amp_sim.pc'
[14.825s] Level 1:colcon.colcon_core.environment:checking '/home/hollis/cu/5254_final/install/amp_sim/lib/python3.10/site-packages'
[14.825s] Level 1:colcon.colcon_core.environment:checking '/home/hollis/cu/5254_final/install/amp_sim/bin'
[14.825s] INFO:colcon.colcon_core.shell:Creating package script '/home/hollis/cu/5254_final/install/amp_sim/share/amp_sim/package.ps1'
[14.825s] INFO:colcon.colcon_core.shell:Creating package descriptor '/home/hollis/cu/5254_final/install/amp_sim/share/amp_sim/package.dsv'
[14.826s] INFO:colcon.colcon_core.shell:Creating package script '/home/hollis/cu/5254_final/install/amp_sim/share/amp_sim/package.sh'
[14.826s] INFO:colcon.colcon_core.shell:Creating package script '/home/hollis/cu/5254_final/install/amp_sim/share/amp_sim/package.bash'
[14.826s] INFO:colcon.colcon_core.shell:Creating package script '/home/hollis/cu/5254_final/install/amp_sim/share/amp_sim/package.zsh'
[14.826s] Level 1:colcon.colcon_core.environment:create_file_with_runtime_dependencies(/home/hollis/cu/5254_final/install/amp_sim/share/colcon-core/packages/amp_sim)
[14.827s] Level 1:colcon.colcon_core.environment:create_environment_scripts_only(amp_sim)
[14.827s] Level 1:colcon.colcon_core.environment:checking '/home/hollis/cu/5254_final/install/amp_sim' for CMake module files
[14.828s] Level 1:colcon.colcon_core.environment:checking '/home/hollis/cu/5254_final/install/amp_sim' for CMake config files
[14.828s] Level 1:colcon.colcon_core.shell:create_environment_hook('amp_sim', 'cmake_prefix_path')
[14.828s] INFO:colcon.colcon_core.shell:Creating environment hook '/home/hollis/cu/5254_final/install/amp_sim/share/amp_sim/hook/cmake_prefix_path.ps1'
[14.828s] INFO:colcon.colcon_core.shell:Creating environment descriptor '/home/hollis/cu/5254_final/install/amp_sim/share/amp_sim/hook/cmake_prefix_path.dsv'
[14.828s] INFO:colcon.colcon_core.shell:Creating environment hook '/home/hollis/cu/5254_final/install/amp_sim/share/amp_sim/hook/cmake_prefix_path.sh'
[14.828s] Level 1:colcon.colcon_core.environment:checking '/home/hollis/cu/5254_final/install/amp_sim/lib'
[14.828s] Level 1:colcon.colcon_core.environment:checking '/home/hollis/cu/5254_final/install/amp_sim/bin'
[14.828s] Level 1:colcon.colcon_core.environment:checking '/home/hollis/cu/5254_final/install/amp_sim/lib/pkgconfig/amp_sim.pc'
[14.829s] Level 1:colcon.colcon_core.environment:checking '/home/hollis/cu/5254_final/install/amp_sim/lib/python3.10/site-packages'
[14.829s] Level 1:colcon.colcon_core.environment:checking '/home/hollis/cu/5254_final/install/amp_sim/bin'
[14.829s] INFO:colcon.colcon_core.shell:Creating package script '/home/hollis/cu/5254_final/install/amp_sim/share/amp_sim/package.ps1'
[14.829s] INFO:colcon.colcon_core.shell:Creating package descriptor '/home/hollis/cu/5254_final/install/amp_sim/share/amp_sim/package.dsv'
[14.829s] INFO:colcon.colcon_core.shell:Creating package script '/home/hollis/cu/5254_final/install/amp_sim/share/amp_sim/package.sh'
[14.829s] INFO:colcon.colcon_core.shell:Creating package script '/home/hollis/cu/5254_final/install/amp_sim/share/amp_sim/package.bash'
[14.830s] INFO:colcon.colcon_core.shell:Creating package script '/home/hollis/cu/5254_final/install/amp_sim/share/amp_sim/package.zsh'
[14.830s] Level 1:colcon.colcon_core.environment:create_file_with_runtime_dependencies(/home/hollis/cu/5254_final/install/amp_sim/share/colcon-core/packages/amp_sim)
[14.830s] INFO:colcon.colcon_ros.task.ament_cmake.build:Building ROS package in '/home/hollis/cu/5254_final/src/amp_agents' with build type 'ament_cmake'
[14.830s] INFO:colcon.colcon_cmake.task.cmake.build:Building CMake package in '/home/hollis/cu/5254_final/src/amp_agents'
[14.830s] INFO:colcon.colcon_core.shell:Skip shell extension 'powershell' for command environment: Not usable outside of PowerShell
[14.830s] DEBUG:colcon.colcon_core.shell:Skip shell extension 'dsv' for command environment
[14.832s] INFO:colcon.colcon_ros.task.ament_cmake.build:Building ROS package in '/home/hollis/cu/5254_final/src/amp_viz' with build type 'ament_cmake'
[14.832s] INFO:colcon.colcon_cmake.task.cmake.build:Building CMake package in '/home/hollis/cu/5254_final/src/amp_viz'
[14.833s] INFO:colcon.colcon_core.shell:Skip shell extension 'powershell' for command environment: Not usable outside of PowerShell
[14.833s] DEBUG:colcon.colcon_core.shell:Skip shell extension 'dsv' for command environment
[14.837s] DEBUG:colcon.colcon_core.event_handler.log_command:Invoking command in '/home/hollis/cu/5254_final/build/amp_agents': CMAKE_PREFIX_PATH=/home/hollis/cu/5254_final/install/amp_sim:/home/hollis/cu/5254_final/install/amp_msgs:/home/hollis/cu/5254_final/install/amp_viz:/home/hollis/cu/5254_final/install/amp_agents:/opt/ros/humble LD_LIBRARY_PATH=/home/hollis/cu/5254_final/install/amp_msgs/lib:/home/hollis/cu/5254_final/install/amp_viz/lib:/home/hollis/cu/5254_final/install/amp_sim/lib:/opt/ros/humble/opt/rviz_ogre_vendor/lib:/opt/ros/humble/lib/x86_64-linux-gnu:/opt/ros/humble/lib /usr/bin/cmake /home/hollis/cu/5254_final/src/amp_agents -DCMAKE_INSTALL_PREFIX=/home/hollis/cu/5254_final/install/amp_agents
[14.846s] DEBUG:colcon.colcon_core.event_handler.log_command:Invoking command in '/home/hollis/cu/5254_final/build/amp_viz': CMAKE_PREFIX_PATH=/home/hollis/cu/5254_final/install/amp_sim:/home/hollis/cu/5254_final/install/amp_msgs:/home/hollis/cu/5254_final/install/amp_viz:/home/hollis/cu/5254_final/install/amp_agents:/opt/ros/humble LD_LIBRARY_PATH=/home/hollis/cu/5254_final/install/amp_msgs/lib:/home/hollis/cu/5254_final/install/amp_viz/lib:/home/hollis/cu/5254_final/install/amp_sim/lib:/opt/ros/humble/opt/rviz_ogre_vendor/lib:/opt/ros/humble/lib/x86_64-linux-gnu:/opt/ros/humble/lib /usr/bin/cmake /home/hollis/cu/5254_final/src/amp_viz -DCMAKE_INSTALL_PREFIX=/home/hollis/cu/5254_final/install/amp_viz
[15.634s] DEBUG:colcon.colcon_core.event_handler.log_command:Invoked command in '/home/hollis/cu/5254_final/build/amp_agents' returned '0': CMAKE_PREFIX_PATH=/home/hollis/cu/5254_final/install/amp_sim:/home/hollis/cu/5254_final/install/amp_msgs:/home/hollis/cu/5254_final/install/amp_viz:/home/hollis/cu/5254_final/install/amp_agents:/opt/ros/humble LD_LIBRARY_PATH=/home/hollis/cu/5254_final/install/amp_msgs/lib:/home/hollis/cu/5254_final/install/amp_viz/lib:/home/hollis/cu/5254_final/install/amp_sim/lib:/opt/ros/humble/opt/rviz_ogre_vendor/lib:/opt/ros/humble/lib/x86_64-linux-gnu:/opt/ros/humble/lib /usr/bin/cmake /home/hollis/cu/5254_final/src/amp_agents -DCMAKE_INSTALL_PREFIX=/home/hollis/cu/5254_final/install/amp_agents
[15.635s] DEBUG:colcon.colcon_core.event_handler.log_command:Invoking command in '/home/hollis/cu/5254_final/build/amp_agents': CMAKE_PREFIX_PATH=/home/hollis/cu/5254_final/install/amp_sim:/home/hollis/cu/5254_final/install/amp_msgs:/home/hollis/cu/5254_final/install/amp_viz:/home/hollis/cu/5254_final/install/amp_agents:/opt/ros/humble LD_LIBRARY_PATH=/home/hollis/cu/5254_final/install/amp_msgs/lib:/home/hollis/cu/5254_final/install/amp_viz/lib:/home/hollis/cu/5254_final/install/amp_sim/lib:/opt/ros/humble/opt/rviz_ogre_vendor/lib:/opt/ros/humble/lib/x86_64-linux-gnu:/opt/ros/humble/lib /usr/bin/cmake --build /home/hollis/cu/5254_final/build/amp_agents -- -j24 -l24
[16.141s] DEBUG:colcon.colcon_core.event_handler.log_command:Invoked command in '/home/hollis/cu/5254_final/build/amp_viz' returned '0': CMAKE_PREFIX_PATH=/home/hollis/cu/5254_final/install/amp_sim:/home/hollis/cu/5254_final/install/amp_msgs:/home/hollis/cu/5254_final/install/amp_viz:/home/hollis/cu/5254_final/install/amp_agents:/opt/ros/humble LD_LIBRARY_PATH=/home/hollis/cu/5254_final/install/amp_msgs/lib:/home/hollis/cu/5254_final/install/amp_viz/lib:/home/hollis/cu/5254_final/install/amp_sim/lib:/opt/ros/humble/opt/rviz_ogre_vendor/lib:/opt/ros/humble/lib/x86_64-linux-gnu:/opt/ros/humble/lib /usr/bin/cmake /home/hollis/cu/5254_final/src/amp_viz -DCMAKE_INSTALL_PREFIX=/home/hollis/cu/5254_final/install/amp_viz
[16.143s] DEBUG:colcon.colcon_core.event_handler.log_command:Invoking command in '/home/hollis/cu/5254_final/build/amp_viz': CMAKE_PREFIX_PATH=/home/hollis/cu/5254_final/install/amp_sim:/home/hollis/cu/5254_final/install/amp_msgs:/home/hollis/cu/5254_final/install/amp_viz:/home/hollis/cu/5254_final/install/amp_agents:/opt/ros/humble LD_LIBRARY_PATH=/home/hollis/cu/5254_final/install/amp_msgs/lib:/home/hollis/cu/5254_final/install/amp_viz/lib:/home/hollis/cu/5254_final/install/amp_sim/lib:/opt/ros/humble/opt/rviz_ogre_vendor/lib:/opt/ros/humble/lib/x86_64-linux-gnu:/opt/ros/humble/lib /usr/bin/cmake --build /home/hollis/cu/5254_final/build/amp_viz -- -j24 -l24
[17.130s] DEBUG:colcon.colcon_core.event_handler.log_command:Invoked command in '/home/hollis/cu/5254_final/build/amp_agents' returned '2': CMAKE_PREFIX_PATH=/home/hollis/cu/5254_final/install/amp_sim:/home/hollis/cu/5254_final/install/amp_msgs:/home/hollis/cu/5254_final/install/amp_viz:/home/hollis/cu/5254_final/install/amp_agents:/opt/ros/humble LD_LIBRARY_PATH=/home/hollis/cu/5254_final/install/amp_msgs/lib:/home/hollis/cu/5254_final/install/amp_viz/lib:/home/hollis/cu/5254_final/install/amp_sim/lib:/opt/ros/humble/opt/rviz_ogre_vendor/lib:/opt/ros/humble/lib/x86_64-linux-gnu:/opt/ros/humble/lib /usr/bin/cmake --build /home/hollis/cu/5254_final/build/amp_agents -- -j24 -l24
[17.130s] Level 1:colcon.colcon_core.environment:create_environment_scripts_only(amp_agents)
[17.130s] Level 1:colcon.colcon_core.environment:checking '/home/hollis/cu/5254_final/install/amp_agents' for CMake module files
[17.130s] Level 1:colcon.colcon_core.environment:checking '/home/hollis/cu/5254_final/install/amp_agents' for CMake config files
[17.131s] Level 1:colcon.colcon_core.environment:checking '/home/hollis/cu/5254_final/install/amp_agents/bin'
[17.131s] Level 1:colcon.colcon_core.environment:checking '/home/hollis/cu/5254_final/install/amp_agents/lib/pkgconfig/amp_agents.pc'
[17.131s] Level 1:colcon.colcon_core.environment:checking '/home/hollis/cu/5254_final/install/amp_agents/lib/python3.10/site-packages'
[17.132s] Level 1:colcon.colcon_core.environment:checking '/home/hollis/cu/5254_final/install/amp_agents/bin'
[17.132s] INFO:colcon.colcon_core.shell:Creating package script '/home/hollis/cu/5254_final/install/amp_agents/share/amp_agents/package.ps1'
[17.132s] INFO:colcon.colcon_core.shell:Creating package descriptor '/home/hollis/cu/5254_final/install/amp_agents/share/amp_agents/package.dsv'
[17.132s] INFO:colcon.colcon_core.shell:Creating package script '/home/hollis/cu/5254_final/install/amp_agents/share/amp_agents/package.sh'
[17.132s] INFO:colcon.colcon_core.shell:Creating package script '/home/hollis/cu/5254_final/install/amp_agents/share/amp_agents/package.bash'
[17.133s] INFO:colcon.colcon_core.shell:Creating package script '/home/hollis/cu/5254_final/install/amp_agents/share/amp_agents/package.zsh'
[17.133s] Level 1:colcon.colcon_core.environment:create_file_with_runtime_dependencies(/home/hollis/cu/5254_final/install/amp_agents/share/colcon-core/packages/amp_agents)
[21.365s] DEBUG:colcon.colcon_parallel_executor.executor.parallel:closing loop
[21.365s] DEBUG:colcon.colcon_parallel_executor.executor.parallel:loop closed
[21.365s] DEBUG:colcon.colcon_parallel_executor.executor.parallel:run_until_complete finished with '2'
[21.365s] DEBUG:colcon.colcon_core.event_reactor:joining thread
[21.368s] INFO:colcon.colcon_core.plugin_system:Skipping extension 'colcon_notification.desktop_notification.terminal_notifier': Not used on non-Darwin systems
[21.368s] INFO:colcon.colcon_core.plugin_system:Skipping extension 'colcon_notification.desktop_notification.win32': Not used on non-Windows systems
[21.368s] INFO:colcon.colcon_notification.desktop_notification:Sending desktop notification using 'notify2'
[21.379s] DEBUG:colcon.colcon_core.event_reactor:joined thread
[21.379s] INFO:colcon.colcon_core.shell:Creating prefix script '/home/hollis/cu/5254_final/install/local_setup.ps1'
[21.380s] INFO:colcon.colcon_core.shell:Creating prefix util module '/home/hollis/cu/5254_final/install/_local_setup_util_ps1.py'
[21.381s] INFO:colcon.colcon_core.shell:Creating prefix chain script '/home/hollis/cu/5254_final/install/setup.ps1'
[21.381s] INFO:colcon.colcon_core.shell:Creating prefix script '/home/hollis/cu/5254_final/install/local_setup.sh'
[21.381s] INFO:colcon.colcon_core.shell:Creating prefix util module '/home/hollis/cu/5254_final/install/_local_setup_util_sh.py'
[21.382s] INFO:colcon.colcon_core.shell:Creating prefix chain script '/home/hollis/cu/5254_final/install/setup.sh'
[21.382s] INFO:colcon.colcon_core.shell:Creating prefix script '/home/hollis/cu/5254_final/install/local_setup.bash'
[21.382s] INFO:colcon.colcon_core.shell:Creating prefix chain script '/home/hollis/cu/5254_final/install/setup.bash'
[21.387s] INFO:colcon.colcon_core.shell:Creating prefix script '/home/hollis/cu/5254_final/install/local_setup.zsh'
[21.387s] INFO:colcon.colcon_core.shell:Creating prefix chain script '/home/hollis/cu/5254_final/install/setup.zsh'
