[0.006s] Invoking command in '/home/hollis/cu/5254_final/build/amp_viz': AMENT_PREFIX_PATH=/home/hollis/cu/5254_final/install/amp_sim:${AMENT_PREFIX_PATH} CMAKE_PREFIX_PATH=/home/hollis/cu/5254_final/install/amp_sim:/opt/ros/humble /usr/bin/cmake --build /home/hollis/cu/5254_final/build/amp_viz -- -j24 -l24
[0.029s] [ 16%] [34m[1mAutomatic MOC for target template_panel[0m
[0.037s] [ 16%] Built target template_panel_autogen
[0.043s] [35m[1mConsolidate compiler generated dependencies of target template_panel[0m
[0.054s] [ 33%] [32mBuilding CXX object CMakeFiles/template_panel.dir/src/template_panel.cpp.o[0m
[0.560s] [ 50%] [32m[1mLinking CXX shared library libtemplate_panel.so[0m
[0.999s] [100%] Built target template_panel
[1.006s] Invoked command in '/home/hollis/cu/5254_final/build/amp_viz' returned '0': AMENT_PREFIX_PATH=/home/hollis/cu/5254_final/install/amp_sim:${AMENT_PREFIX_PATH} CMAKE_PREFIX_PATH=/home/hollis/cu/5254_final/install/amp_sim:/opt/ros/humble /usr/bin/cmake --build /home/hollis/cu/5254_final/build/amp_viz -- -j24 -l24
[1.006s] Invoking command in '/home/hollis/cu/5254_final/build/amp_viz': AMENT_PREFIX_PATH=/home/hollis/cu/5254_final/install/amp_sim:${AMENT_PREFIX_PATH} CMAKE_PREFIX_PATH=/home/hollis/cu/5254_final/install/amp_sim:/opt/ros/humble /usr/bin/cmake --install /home/hollis/cu/5254_final/build/amp_viz
[1.010s] -- Install configuration: ""
[1.010s] -- Installing: /home/hollis/cu/5254_final/install/amp_viz/lib/libtemplate_panel.so
[1.011s] -- Set runtime path of "/home/hollis/cu/5254_final/install/amp_viz/lib/libtemplate_panel.so" to ""
[1.011s] -- Up-to-date: /home/hollis/cu/5254_final/install/amp_viz/include
[1.011s] -- Up-to-date: /home/hollis/cu/5254_final/install/amp_viz/include/amp_viz
[1.011s] -- Installing: /home/hollis/cu/5254_final/install/amp_viz/include/amp_viz/template_panel.hpp
[1.011s] -- Up-to-date: /home/hollis/cu/5254_final/install/amp_viz/share/amp_viz/rviz_common_plugins.xml
[1.011s] -- Up-to-date: /home/hollis/cu/5254_final/install/amp_viz/share/amp_viz/rviz_common_plugins.xml
[1.011s] -- Up-to-date: /home/hollis/cu/5254_final/install/amp_viz/lib/amp_viz/marker_pub.py
[1.011s] -- Up-to-date: /home/hollis/cu/5254_final/install/amp_viz/share/marker_pub.py
[1.011s] -- Up-to-date: /home/hollis/cu/5254_final/install/amp_viz/share/ament_index/resource_index/package_run_dependencies/amp_viz
[1.011s] -- Up-to-date: /home/hollis/cu/5254_final/install/amp_viz/share/ament_index/resource_index/parent_prefix_path/amp_viz
[1.011s] -- Up-to-date: /home/hollis/cu/5254_final/install/amp_viz/share/amp_viz/environment/ament_prefix_path.sh
[1.011s] -- Installing: /home/hollis/cu/5254_final/install/amp_viz/share/amp_viz/environment/ament_prefix_path.dsv
[1.011s] -- Up-to-date: /home/hollis/cu/5254_final/install/amp_viz/share/amp_viz/environment/path.sh
[1.011s] -- Installing: /home/hollis/cu/5254_final/install/amp_viz/share/amp_viz/environment/path.dsv
[1.011s] -- Up-to-date: /home/hollis/cu/5254_final/install/amp_viz/share/amp_viz/local_setup.bash
[1.011s] -- Up-to-date: /home/hollis/cu/5254_final/install/amp_viz/share/amp_viz/local_setup.sh
[1.011s] -- Up-to-date: /home/hollis/cu/5254_final/install/amp_viz/share/amp_viz/local_setup.zsh
[1.011s] -- Installing: /home/hollis/cu/5254_final/install/amp_viz/share/amp_viz/local_setup.dsv
[1.011s] -- Up-to-date: /home/hollis/cu/5254_final/install/amp_viz/share/amp_viz/package.dsv
[1.011s] -- Up-to-date: /home/hollis/cu/5254_final/install/amp_viz/share/ament_index/resource_index/packages/amp_viz
[1.012s] -- Up-to-date: /home/hollis/cu/5254_final/install/amp_viz/share/ament_index/resource_index/rviz_common__pluginlib__plugin/amp_viz
[1.012s] -- Up-to-date: /home/hollis/cu/5254_final/install/amp_viz/share/amp_viz/cmake/export_template_panelExport.cmake
[1.012s] -- Up-to-date: /home/hollis/cu/5254_final/install/amp_viz/share/amp_viz/cmake/export_template_panelExport-noconfig.cmake
[1.012s] -- Up-to-date: /home/hollis/cu/5254_final/install/amp_viz/share/amp_viz/cmake/ament_cmake_export_include_directories-extras.cmake
[1.012s] -- Up-to-date: /home/hollis/cu/5254_final/install/amp_viz/share/amp_viz/cmake/ament_cmake_export_targets-extras.cmake
[1.012s] -- Up-to-date: /home/hollis/cu/5254_final/install/amp_viz/share/amp_viz/cmake/amp_vizConfig.cmake
[1.012s] -- Up-to-date: /home/hollis/cu/5254_final/install/amp_viz/share/amp_viz/cmake/amp_vizConfig-version.cmake
[1.012s] -- Up-to-date: /home/hollis/cu/5254_final/install/amp_viz/share/amp_viz/package.xml
[1.014s] Invoked command in '/home/hollis/cu/5254_final/build/amp_viz' returned '0': AMENT_PREFIX_PATH=/home/hollis/cu/5254_final/install/amp_sim:${AMENT_PREFIX_PATH} CMAKE_PREFIX_PATH=/home/hollis/cu/5254_final/install/amp_sim:/opt/ros/humble /usr/bin/cmake --install /home/hollis/cu/5254_final/build/amp_viz
