[0.020s] Invoking command in '/home/hollis/cu/5254_final/build/amp_msgs': CMAKE_PREFIX_PATH=${CMAKE_PREFIX_PATH}:/opt/ros/humble /usr/bin/cmake --build /home/hollis/cu/5254_final/build/amp_msgs -- -j24 -l24
[0.035s] -- Found ament_cmake: 1.3.12 (/opt/ros/humble/share/ament_cmake/cmake)
[0.127s] -- Found rosidl_default_generators: 1.2.0 (/opt/ros/humble/share/rosidl_default_generators/cmake)
[0.141s] -- Using all available rosidl_typesupport_c: rosidl_typesupport_fastrtps_c;rosidl_typesupport_introspection_c
[0.141s] -- Found rosidl_adapter: 3.1.7 (/opt/ros/humble/share/rosidl_adapter/cmake)
[0.158s] -- Using all available rosidl_typesupport_cpp: rosidl_typesupport_fastrtps_cpp;rosidl_typesupport_introspection_cpp
[0.369s] -- Found ament_cmake_ros: 0.10.0 (/opt/ros/humble/share/ament_cmake_ros/cmake)
[0.501s] -- Using all available rosidl_typesupport_c: rosidl_typesupport_fastrtps_c;rosidl_typesupport_introspection_c
[0.682s] -- Using all available rosidl_typesupport_cpp: rosidl_typesupport_fastrtps_cpp;rosidl_typesupport_introspection_cpp
[0.693s] -- Found python_cmake_module: 0.10.0 (/opt/ros/humble/share/python_cmake_module/cmake)
[0.708s] -- Using PYTHON_EXECUTABLE: /usr/bin/python3
[0.708s] -- Using PYTHON_INCLUDE_DIRS: /usr/include/python3.10
[0.708s] -- Using PYTHON_LIBRARIES: /usr/lib/x86_64-linux-gnu/libpython3.10.so
[0.714s] -- Found ament_lint_auto: 0.12.14 (/opt/ros/humble/share/ament_lint_auto/cmake)
[0.719s] -- Added test 'lint_cmake' to check CMake code style
[0.719s] -- Added test 'xmllint' to check XML markup files
[0.720s] -- Configuring done
[0.735s] -- Generating done
[0.743s] -- Build files have been written to: /home/hollis/cu/5254_final/build/amp_msgs
[0.762s] [  2%] [34m[1mGenerating C code for ROS interfaces[0m
[0.770s] [  5%] [34m[1mGenerating C++ code for ROS interfaces[0m
[0.783s] [  5%] Built target ament_cmake_python_copy_amp_msgs
[0.935s] running egg_info
[0.935s] writing amp_msgs.egg-info/PKG-INFO
[0.935s] writing dependency_links to amp_msgs.egg-info/dependency_links.txt
[0.936s] writing top-level names to amp_msgs.egg-info/top_level.txt
[0.937s] reading manifest file 'amp_msgs.egg-info/SOURCES.txt'
[0.937s] writing manifest file 'amp_msgs.egg-info/SOURCES.txt'
[0.958s] [35m[1mConsolidate compiler generated dependencies of target amp_msgs__rosidl_generator_c[0m
[0.967s] [  5%] Built target ament_cmake_python_build_amp_msgs_egg
[0.974s] [  7%] [32mBuilding C object CMakeFiles/amp_msgs__rosidl_generator_c.dir/rosidl_generator_c/amp_msgs/msg/detail/launch_ball__functions.c.o[0m
[0.974s] [ 10%] [32mBuilding C object CMakeFiles/amp_msgs__rosidl_generator_c.dir/rosidl_generator_c/amp_msgs/msg/detail/set_pose__functions.c.o[0m
[0.976s] [ 10%] Built target amp_msgs__cpp
[0.984s] [ 12%] [34m[1mGenerating C++ type support dispatch for ROS interfaces[0m
[0.984s] [ 15%] [34m[1mGenerating C++ introspection for ROS interfaces[0m
[0.986s] [ 17%] [34m[1mGenerating C++ type support for eProsima Fast-RTPS[0m
[1.021s] [ 20%] [32m[1mLinking C shared library libamp_msgs__rosidl_generator_c.so[0m
[1.063s] [ 20%] Built target amp_msgs__rosidl_generator_c
[1.073s] [ 23%] [34m[1mGenerating C type support dispatch for ROS interfaces[0m
[1.073s] [ 25%] [34m[1mGenerating C type support for eProsima Fast-RTPS[0m
[1.073s] [ 28%] [34m[1mGenerating C introspection for ROS interfaces[0m
[1.190s] [35m[1mConsolidate compiler generated dependencies of target amp_msgs__rosidl_typesupport_cpp[0m
[1.203s] [ 30%] [32mBuilding CXX object CMakeFiles/amp_msgs__rosidl_typesupport_cpp.dir/rosidl_typesupport_cpp/amp_msgs/msg/launch_ball__type_support.cpp.o[0m
[1.206s] [35m[1mConsolidate compiler generated dependencies of target amp_msgs__rosidl_typesupport_introspection_cpp[0m
[1.207s] [ 33%] [32mBuilding CXX object CMakeFiles/amp_msgs__rosidl_typesupport_cpp.dir/rosidl_typesupport_cpp/amp_msgs/msg/set_pose__type_support.cpp.o[0m
[1.222s] [35m[1mConsolidate compiler generated dependencies of target amp_msgs__rosidl_typesupport_fastrtps_cpp[0m
[1.224s] [ 35%] [32mBuilding CXX object CMakeFiles/amp_msgs__rosidl_typesupport_introspection_cpp.dir/rosidl_typesupport_introspection_cpp/amp_msgs/msg/detail/launch_ball__type_support.cpp.o[0m
[1.235s] [ 38%] [32mBuilding CXX object CMakeFiles/amp_msgs__rosidl_typesupport_fastrtps_cpp.dir/rosidl_typesupport_fastrtps_cpp/amp_msgs/msg/detail/dds_fastrtps/launch_ball__type_support.cpp.o[0m
[1.243s] [ 41%] [32mBuilding CXX object CMakeFiles/amp_msgs__rosidl_typesupport_introspection_cpp.dir/rosidl_typesupport_introspection_cpp/amp_msgs/msg/detail/set_pose__type_support.cpp.o[0m
[1.276s] [ 43%] [32mBuilding CXX object CMakeFiles/amp_msgs__rosidl_typesupport_fastrtps_cpp.dir/rosidl_typesupport_fastrtps_cpp/amp_msgs/msg/detail/dds_fastrtps/set_pose__type_support.cpp.o[0m
[1.298s] [35m[1mConsolidate compiler generated dependencies of target amp_msgs__rosidl_typesupport_c[0m
[1.301s] [35m[1mConsolidate compiler generated dependencies of target amp_msgs__rosidl_typesupport_fastrtps_c[0m
[1.308s] [ 46%] [32mBuilding CXX object CMakeFiles/amp_msgs__rosidl_typesupport_c.dir/rosidl_typesupport_c/amp_msgs/msg/launch_ball__type_support.cpp.o[0m
[1.313s] [ 51%] [32mBuilding CXX object CMakeFiles/amp_msgs__rosidl_typesupport_fastrtps_c.dir/rosidl_typesupport_fastrtps_c/amp_msgs/msg/detail/launch_ball__type_support_c.cpp.o[0m
[1.313s] [ 51%] [32mBuilding CXX object CMakeFiles/amp_msgs__rosidl_typesupport_fastrtps_c.dir/rosidl_typesupport_fastrtps_c/amp_msgs/msg/detail/set_pose__type_support_c.cpp.o[0m
[1.317s] [35m[1mConsolidate compiler generated dependencies of target amp_msgs__rosidl_typesupport_introspection_c[0m
[1.324s] [ 53%] [32mBuilding CXX object CMakeFiles/amp_msgs__rosidl_typesupport_c.dir/rosidl_typesupport_c/amp_msgs/msg/set_pose__type_support.cpp.o[0m
[1.328s] [ 56%] [32mBuilding C object CMakeFiles/amp_msgs__rosidl_typesupport_introspection_c.dir/rosidl_typesupport_introspection_c/amp_msgs/msg/detail/set_pose__type_support.c.o[0m
[1.331s] [ 58%] [32mBuilding C object CMakeFiles/amp_msgs__rosidl_typesupport_introspection_c.dir/rosidl_typesupport_introspection_c/amp_msgs/msg/detail/launch_ball__type_support.c.o[0m
[1.379s] [ 61%] [32m[1mLinking CXX shared library libamp_msgs__rosidl_typesupport_c.so[0m
[1.383s] [ 64%] [32m[1mLinking C shared library libamp_msgs__rosidl_typesupport_introspection_c.so[0m
[1.419s] [ 64%] Built target amp_msgs__rosidl_typesupport_introspection_c
[1.429s] [ 64%] Built target amp_msgs__rosidl_typesupport_c
[1.540s] [ 66%] [32m[1mLinking CXX shared library libamp_msgs__rosidl_typesupport_cpp.so[0m
[1.577s] [ 66%] Built target amp_msgs__rosidl_typesupport_cpp
[1.582s] [ 69%] [32m[1mLinking CXX shared library libamp_msgs__rosidl_typesupport_introspection_cpp.so[0m
[1.600s] [ 71%] [32m[1mLinking CXX shared library libamp_msgs__rosidl_typesupport_fastrtps_cpp.so[0m
[1.618s] [ 71%] Built target amp_msgs__rosidl_typesupport_introspection_cpp
[1.650s] [ 74%] [32m[1mLinking CXX shared library libamp_msgs__rosidl_typesupport_fastrtps_c.so[0m
[1.652s] [ 74%] Built target amp_msgs__rosidl_typesupport_fastrtps_cpp
[1.703s] [ 74%] Built target amp_msgs__rosidl_typesupport_fastrtps_c
[1.717s] [ 74%] Built target amp_msgs
[1.735s] [ 76%] [34m[1mGenerating Python code for ROS interfaces[0m
[1.937s] [ 76%] Built target amp_msgs__py
[1.951s] [35m[1mConsolidate compiler generated dependencies of target amp_msgs__rosidl_generator_py[0m
[1.962s] [ 82%] [32mBuilding C object CMakeFiles/amp_msgs__rosidl_generator_py.dir/rosidl_generator_py/amp_msgs/msg/_set_pose_s.c.o[0m
[1.962s] [ 82%] [32mBuilding C object CMakeFiles/amp_msgs__rosidl_generator_py.dir/rosidl_generator_py/amp_msgs/msg/_launch_ball_s.c.o[0m
[2.026s] [ 84%] [32m[1mLinking C shared library rosidl_generator_py/amp_msgs/libamp_msgs__rosidl_generator_py.so[0m
[2.057s] [ 84%] Built target amp_msgs__rosidl_generator_py
[2.067s] [35m[1mConsolidate compiler generated dependencies of target amp_msgs__rosidl_typesupport_introspection_c__pyext[0m
[2.067s] [35m[1mConsolidate compiler generated dependencies of target amp_msgs__rosidl_typesupport_fastrtps_c__pyext[0m
[2.067s] [35m[1mConsolidate compiler generated dependencies of target amp_msgs__rosidl_typesupport_c__pyext[0m
[2.077s] [ 87%] [32mBuilding C object CMakeFiles/amp_msgs__rosidl_typesupport_introspection_c__pyext.dir/rosidl_generator_py/amp_msgs/_amp_msgs_s.ep.rosidl_typesupport_introspection_c.c.o[0m
[2.077s] [ 89%] [32mBuilding C object CMakeFiles/amp_msgs__rosidl_typesupport_fastrtps_c__pyext.dir/rosidl_generator_py/amp_msgs/_amp_msgs_s.ep.rosidl_typesupport_fastrtps_c.c.o[0m
[2.077s] [ 92%] [32mBuilding C object CMakeFiles/amp_msgs__rosidl_typesupport_c__pyext.dir/rosidl_generator_py/amp_msgs/_amp_msgs_s.ep.rosidl_typesupport_c.c.o[0m
[2.137s] [ 94%] [32m[1mLinking C shared library rosidl_generator_py/amp_msgs/amp_msgs_s__rosidl_typesupport_c.cpython-310-x86_64-linux-gnu.so[0m
[2.137s] [ 97%] [32m[1mLinking C shared library rosidl_generator_py/amp_msgs/amp_msgs_s__rosidl_typesupport_introspection_c.cpython-310-x86_64-linux-gnu.so[0m
[2.146s] [100%] [32m[1mLinking C shared library rosidl_generator_py/amp_msgs/amp_msgs_s__rosidl_typesupport_fastrtps_c.cpython-310-x86_64-linux-gnu.so[0m
[2.165s] [100%] Built target amp_msgs__rosidl_typesupport_introspection_c__pyext
[2.165s] [100%] Built target amp_msgs__rosidl_typesupport_c__pyext
[2.174s] [100%] Built target amp_msgs__rosidl_typesupport_fastrtps_c__pyext
