[0.014s] Invoking command in '/home/hollis/cu/5254_final/build/amp_viz': CMAKE_PREFIX_PATH=/home/hollis/cu/5254_final/install/amp_sim:/home/hollis/cu/5254_final/install/amp_msgs:/home/hollis/cu/5254_final/install/amp_viz:/home/hollis/cu/5254_final/install/amp_agents:/opt/ros/humble LD_LIBRARY_PATH=/home/hollis/cu/5254_final/install/amp_msgs/lib:/home/hollis/cu/5254_final/install/amp_viz/lib:/opt/ros/humble/opt/rviz_ogre_vendor/lib:/opt/ros/humble/lib/x86_64-linux-gnu:/opt/ros/humble/lib /usr/bin/cmake /home/hollis/cu/5254_final/src/amp_viz -DCMAKE_INSTALL_PREFIX=/home/hollis/cu/5254_final/install/amp_viz
[0.077s] -- The C compiler identification is GNU 11.4.0
[0.139s] -- The CXX compiler identification is GNU 11.4.0
[0.146s] -- Detecting C compiler ABI info
[0.223s] -- Detecting C compiler ABI info - done
[0.233s] -- Check for working C compiler: /usr/bin/cc - skipped
[0.234s] -- Detecting C compile features
[0.234s] -- Detecting C compile features - done
[0.236s] -- Detecting CXX compiler ABI info
[0.339s] -- Detecting CXX compiler ABI info - done
[0.347s] -- Check for working CXX compiler: /usr/bin/c++ - skipped
[0.347s] -- Detecting CXX compile features
[0.347s] -- Detecting CXX compile features - done
[0.349s] -- Found ament_cmake: 1.3.12 (/opt/ros/humble/share/ament_cmake/cmake)
[0.492s] -- Found Python3: /usr/bin/python3 (found version "3.10.12") found components: Interpreter 
[0.570s] -- Found rclpy: 3.3.17 (/opt/ros/humble/share/rclpy/cmake)
[0.571s] -- Found rviz_common: 11.2.20 (/opt/ros/humble/share/rviz_common/cmake)
[0.588s] -- Setting assimp_DIR to: '/opt/ros/humble/share/rviz_assimp_vendor/cmake/../../../opt/rviz_assimp_vendor/lib/cmake/assimp-4.1'
[0.592s] -- Setting OGRE_DIR to: '/opt/ros/humble/share/rviz_ogre_vendor/cmake/../../../opt/rviz_ogre_vendor/lib/OGRE/cmake'
[0.593s] -- Found OGRE
[0.593s] --   static     : OFF
[0.593s] --   components : HLMS;MeshLodGenerator;Overlay;Paging;Property;RTShaderSystem;Terrain;Volume
[0.593s] --   plugins    : Plugin_BSPSceneManager;Plugin_OctreeSceneManager;Plugin_PCZSceneManager;Plugin_ParticleFX;RenderSystem_GL;RenderSystem_GL3Plus;Codec_STBI
[0.593s] --   media      : /opt/ros/humble/opt/rviz_ogre_vendor/share/OGRE/Media
[0.593s] -- OGRE_LIBRARIES: OgreHLMS;OgreMeshLodGenerator;OgreOverlay;OgrePaging;OgreProperty;OgreRTShaderSystem;OgreTerrain;OgreVolume;OgreMain
[0.593s] -- OGRE_LIBRARY_DIRS: /opt/ros/humble/opt/rviz_ogre_vendor/lib
[0.593s] -- OGRE_PLUGINS: Plugin_BSPSceneManager;Plugin_OctreeSceneManager;Plugin_PCZSceneManager;Plugin_ParticleFX;RenderSystem_GL;RenderSystem_GL3Plus;Codec_STBI
[0.593s] -- OGRE_PLUGIN_DIR: /opt/ros/humble/opt/rviz_ogre_vendor/lib/OGRE
[0.593s] -- rviz_ogre_vendor::OgreOverlay for IMPORTED_LOCATION_RELEASE: /opt/ros/humble/opt/rviz_ogre_vendor/lib/libOgreOverlay.so
[0.593s] -- rviz_ogre_vendor::OgreOverlay for IMPORTED_LOCATION_DEBUG: /opt/ros/humble/opt/rviz_ogre_vendor/lib/libOgreOverlay.so
[0.593s] -- rviz_ogre_vendor::OgreMain for IMPORTED_LOCATION_RELEASE: /opt/ros/humble/opt/rviz_ogre_vendor/lib/libOgreMain.so
[0.594s] -- rviz_ogre_vendor::OgreMain for IMPORTED_LOCATION_DEBUG: /opt/ros/humble/opt/rviz_ogre_vendor/lib/libOgreMain.so
[0.598s] -- Could not find freeimage library
[0.609s] -- Found ZLIB: /usr/lib/x86_64-linux-gnu/libz.so (found version "1.2.11") 
[0.612s] -- Found OpenGL: /usr/lib/x86_64-linux-gnu/libOpenGL.so   
[0.697s] -- Found X11: /usr/include   
[0.697s] -- Looking for XOpenDisplay in /usr/lib/x86_64-linux-gnu/libX11.so;/usr/lib/x86_64-linux-gnu/libXext.so
[0.787s] -- Looking for XOpenDisplay in /usr/lib/x86_64-linux-gnu/libX11.so;/usr/lib/x86_64-linux-gnu/libXext.so - found
[0.787s] -- Looking for gethostbyname
[0.884s] -- Looking for gethostbyname - found
[0.884s] -- Looking for connect
[0.975s] -- Looking for connect - found
[0.975s] -- Looking for remove
[1.070s] -- Looking for remove - found
[1.071s] -- Looking for shmat
[1.155s] -- Looking for shmat - found
[1.156s] -- Looking for IceConnectionNumber in ICE
[1.253s] -- Looking for IceConnectionNumber in ICE - found
[1.357s] -- library: /usr/lib/x86_64-linux-gnu/libcurl.so
[1.400s] -- Found rosidl_generator_c: 3.1.7 (/opt/ros/humble/share/rosidl_generator_c/cmake)
[1.403s] -- Found rosidl_adapter: 3.1.7 (/opt/ros/humble/share/rosidl_adapter/cmake)
[1.411s] -- Found rosidl_generator_cpp: 3.1.7 (/opt/ros/humble/share/rosidl_generator_cpp/cmake)
[1.421s] -- Using all available rosidl_typesupport_c: rosidl_typesupport_fastrtps_c;rosidl_typesupport_introspection_c
[1.433s] -- Using all available rosidl_typesupport_cpp: rosidl_typesupport_fastrtps_cpp;rosidl_typesupport_introspection_cpp
[1.511s] -- Found rmw_implementation_cmake: 6.1.2 (/opt/ros/humble/share/rmw_implementation_cmake/cmake)
[1.514s] -- Found rmw_fastrtps_cpp: 6.2.8 (/opt/ros/humble/share/rmw_fastrtps_cpp/cmake)
[1.533s] -- Found TinyXML2 via Config file: TinyXML2_DIR-NOTFOUND
[1.593s] -- Found OpenSSL: /usr/lib/x86_64-linux-gnu/libcrypto.so (found version "3.0.2")  
[1.596s] -- Found TinyXML2 via Config file: TinyXML2_DIR-NOTFOUND
[1.607s] -- Found FastRTPS: /opt/ros/humble/include  
[1.610s] -- Found TinyXML2 via Config file: TinyXML2_DIR-NOTFOUND
[1.620s] -- Found TinyXML2 via Config file: TinyXML2_DIR-NOTFOUND
[1.630s] -- Using RMW implementation 'rmw_fastrtps_cpp' as default
[1.639s] -- Looking for pthread.h
[1.748s] -- Looking for pthread.h - found
[1.748s] -- Performing Test CMAKE_HAVE_LIBC_PTHREAD
[1.841s] -- Performing Test CMAKE_HAVE_LIBC_PTHREAD - Success
[1.842s] -- Found Threads: TRUE  
[1.904s] -- Found Eigen3: TRUE (found version "3.4.0") 
[1.905s] -- Ensuring Eigen3 include directory is part of orocos-kdl CMake target
[1.987s] -- Found amp_msgs: 0.0.0 (/home/hollis/cu/5254_final/install/amp_msgs/share/amp_msgs/cmake)
[1.995s] -- Found ament_cmake_ros: 0.10.0 (/opt/ros/humble/share/ament_cmake_ros/cmake)
[2.002s] -- Found ament_lint_auto: 0.12.14 (/opt/ros/humble/share/ament_lint_auto/cmake)
[2.072s] -- Added test 'cppcheck' to perform static code analysis on C / C++ code
[2.072s] -- Configured cppcheck include dirs: $<BUILD_INTERFACE:/home/hollis/cu/5254_final/src/amp_viz/include>
[2.072s] -- Configured cppcheck exclude dirs and/or files: 
[2.072s] -- Added test 'flake8' to check Python code syntax and style conventions
[2.072s] -- Added test 'lint_cmake' to check CMake code style
[2.073s] -- Added test 'pep257' to check Python code against some of the docstring style conventions in PEP 257
[2.074s] -- Added test 'uncrustify' to check C / C++ code style
[2.074s] -- Configured uncrustify additional arguments: 
[2.074s] -- Added test 'xmllint' to check XML markup files
[2.075s] -- Configuring done
[2.110s] -- Generating done
[2.116s] -- Build files have been written to: /home/hollis/cu/5254_final/build/amp_viz
[2.133s] Invoked command in '/home/hollis/cu/5254_final/build/amp_viz' returned '0': CMAKE_PREFIX_PATH=/home/hollis/cu/5254_final/install/amp_sim:/home/hollis/cu/5254_final/install/amp_msgs:/home/hollis/cu/5254_final/install/amp_viz:/home/hollis/cu/5254_final/install/amp_agents:/opt/ros/humble LD_LIBRARY_PATH=/home/hollis/cu/5254_final/install/amp_msgs/lib:/home/hollis/cu/5254_final/install/amp_viz/lib:/opt/ros/humble/opt/rviz_ogre_vendor/lib:/opt/ros/humble/lib/x86_64-linux-gnu:/opt/ros/humble/lib /usr/bin/cmake /home/hollis/cu/5254_final/src/amp_viz -DCMAKE_INSTALL_PREFIX=/home/hollis/cu/5254_final/install/amp_viz
[2.135s] Invoking command in '/home/hollis/cu/5254_final/build/amp_viz': CMAKE_PREFIX_PATH=/home/hollis/cu/5254_final/install/amp_sim:/home/hollis/cu/5254_final/install/amp_msgs:/home/hollis/cu/5254_final/install/amp_viz:/home/hollis/cu/5254_final/install/amp_agents:/opt/ros/humble LD_LIBRARY_PATH=/home/hollis/cu/5254_final/install/amp_msgs/lib:/home/hollis/cu/5254_final/install/amp_viz/lib:/opt/ros/humble/opt/rviz_ogre_vendor/lib:/opt/ros/humble/lib/x86_64-linux-gnu:/opt/ros/humble/lib /usr/bin/cmake --build /home/hollis/cu/5254_final/build/amp_viz -- -j24 -l24
[2.194s] [ 16%] [34m[1mAutomatic MOC and UIC for target template_panel[0m
[2.236s] [ 16%] Built target template_panel_autogen
[2.249s] [ 33%] [34m[1mGenerating include/amp_viz/moc_template_panel.cpp[0m
[2.274s] [ 50%] [32mBuilding CXX object CMakeFiles/template_panel.dir/src/template_panel.cpp.o[0m
[2.274s] [ 66%] [32mBuilding CXX object CMakeFiles/template_panel.dir/include/amp_viz/moc_template_panel.cpp.o[0m
[2.277s] [ 83%] [32mBuilding CXX object CMakeFiles/template_panel.dir/template_panel_autogen/mocs_compilation.cpp.o[0m
[8.612s] [100%] [32m[1mLinking CXX shared library libtemplate_panel.so[0m
[9.620s] [100%] Built target template_panel
[9.635s] Invoked command in '/home/hollis/cu/5254_final/build/amp_viz' returned '0': CMAKE_PREFIX_PATH=/home/hollis/cu/5254_final/install/amp_sim:/home/hollis/cu/5254_final/install/amp_msgs:/home/hollis/cu/5254_final/install/amp_viz:/home/hollis/cu/5254_final/install/amp_agents:/opt/ros/humble LD_LIBRARY_PATH=/home/hollis/cu/5254_final/install/amp_msgs/lib:/home/hollis/cu/5254_final/install/amp_viz/lib:/opt/ros/humble/opt/rviz_ogre_vendor/lib:/opt/ros/humble/lib/x86_64-linux-gnu:/opt/ros/humble/lib /usr/bin/cmake --build /home/hollis/cu/5254_final/build/amp_viz -- -j24 -l24
[9.636s] Invoking command in '/home/hollis/cu/5254_final/build/amp_viz': CMAKE_PREFIX_PATH=/home/hollis/cu/5254_final/install/amp_sim:/home/hollis/cu/5254_final/install/amp_msgs:/home/hollis/cu/5254_final/install/amp_viz:/home/hollis/cu/5254_final/install/amp_agents:/opt/ros/humble LD_LIBRARY_PATH=/home/hollis/cu/5254_final/install/amp_msgs/lib:/home/hollis/cu/5254_final/install/amp_viz/lib:/opt/ros/humble/opt/rviz_ogre_vendor/lib:/opt/ros/humble/lib/x86_64-linux-gnu:/opt/ros/humble/lib /usr/bin/cmake --install /home/hollis/cu/5254_final/build/amp_viz
[9.649s] -- Install configuration: ""
[9.649s] -- Installing: /home/hollis/cu/5254_final/install/amp_viz/lib/libtemplate_panel.so
[9.650s] -- Set runtime path of "/home/hollis/cu/5254_final/install/amp_viz/lib/libtemplate_panel.so" to ""
[9.650s] -- Installing: /home/hollis/cu/5254_final/install/amp_viz/include
[9.650s] -- Installing: /home/hollis/cu/5254_final/install/amp_viz/include/amp_viz
[9.650s] -- Installing: /home/hollis/cu/5254_final/install/amp_viz/include/amp_viz/template_panel.hpp
[9.651s] -- Installing: /home/hollis/cu/5254_final/install/amp_viz/share/amp_viz/rviz_common_plugins.xml
[9.651s] -- Up-to-date: /home/hollis/cu/5254_final/install/amp_viz/share/amp_viz/rviz_common_plugins.xml
[9.651s] -- Installing: /home/hollis/cu/5254_final/install/amp_viz/lib/amp_viz/marker_pub.py
[9.652s] -- Installing: /home/hollis/cu/5254_final/install/amp_viz/share/marker_pub.py
[9.652s] -- Installing: /home/hollis/cu/5254_final/install/amp_viz/share/amp_viz//launch
[9.652s] -- Installing: /home/hollis/cu/5254_final/install/amp_viz/share/amp_viz//launch/amp_viz.launch.py
[9.652s] -- Installing: /home/hollis/cu/5254_final/install/amp_viz/share/amp_viz//meshes
[9.653s] -- Installing: /home/hollis/cu/5254_final/install/amp_viz/share/amp_viz//meshes/cannon_barrel
[9.653s] -- Installing: /home/hollis/cu/5254_final/install/amp_viz/share/amp_viz//meshes/cannon_barrel/mesh.stl
[9.654s] -- Installing: /home/hollis/cu/5254_final/install/amp_viz/share/ament_index/resource_index/package_run_dependencies/amp_viz
[9.654s] -- Installing: /home/hollis/cu/5254_final/install/amp_viz/share/ament_index/resource_index/parent_prefix_path/amp_viz
[9.654s] -- Installing: /home/hollis/cu/5254_final/install/amp_viz/share/amp_viz/environment/ament_prefix_path.sh
[9.655s] -- Installing: /home/hollis/cu/5254_final/install/amp_viz/share/amp_viz/environment/ament_prefix_path.dsv
[9.655s] -- Installing: /home/hollis/cu/5254_final/install/amp_viz/share/amp_viz/environment/path.sh
[9.656s] -- Installing: /home/hollis/cu/5254_final/install/amp_viz/share/amp_viz/environment/path.dsv
[9.656s] -- Installing: /home/hollis/cu/5254_final/install/amp_viz/share/amp_viz/local_setup.bash
[9.657s] -- Installing: /home/hollis/cu/5254_final/install/amp_viz/share/amp_viz/local_setup.sh
[9.657s] -- Installing: /home/hollis/cu/5254_final/install/amp_viz/share/amp_viz/local_setup.zsh
[9.657s] -- Installing: /home/hollis/cu/5254_final/install/amp_viz/share/amp_viz/local_setup.dsv
[9.658s] -- Installing: /home/hollis/cu/5254_final/install/amp_viz/share/amp_viz/package.dsv
[9.658s] -- Installing: /home/hollis/cu/5254_final/install/amp_viz/share/ament_index/resource_index/packages/amp_viz
[9.658s] -- Installing: /home/hollis/cu/5254_final/install/amp_viz/share/ament_index/resource_index/rviz_common__pluginlib__plugin/amp_viz
[9.659s] -- Installing: /home/hollis/cu/5254_final/install/amp_viz/share/amp_viz/cmake/export_template_panelExport.cmake
[9.659s] -- Installing: /home/hollis/cu/5254_final/install/amp_viz/share/amp_viz/cmake/export_template_panelExport-noconfig.cmake
[9.659s] -- Installing: /home/hollis/cu/5254_final/install/amp_viz/share/amp_viz/cmake/ament_cmake_export_include_directories-extras.cmake
[9.660s] -- Installing: /home/hollis/cu/5254_final/install/amp_viz/share/amp_viz/cmake/ament_cmake_export_targets-extras.cmake
[9.661s] -- Installing: /home/hollis/cu/5254_final/install/amp_viz/share/amp_viz/cmake/amp_vizConfig.cmake
[9.661s] -- Installing: /home/hollis/cu/5254_final/install/amp_viz/share/amp_viz/cmake/amp_vizConfig-version.cmake
[9.661s] -- Installing: /home/hollis/cu/5254_final/install/amp_viz/share/amp_viz/package.xml
[9.663s] Invoked command in '/home/hollis/cu/5254_final/build/amp_viz' returned '0': CMAKE_PREFIX_PATH=/home/hollis/cu/5254_final/install/amp_sim:/home/hollis/cu/5254_final/install/amp_msgs:/home/hollis/cu/5254_final/install/amp_viz:/home/hollis/cu/5254_final/install/amp_agents:/opt/ros/humble LD_LIBRARY_PATH=/home/hollis/cu/5254_final/install/amp_msgs/lib:/home/hollis/cu/5254_final/install/amp_viz/lib:/opt/ros/humble/opt/rviz_ogre_vendor/lib:/opt/ros/humble/lib/x86_64-linux-gnu:/opt/ros/humble/lib /usr/bin/cmake --install /home/hollis/cu/5254_final/build/amp_viz
