[ 33%] Built target dynamic_object
[ 66%] Built target dynamic_ball
[35m[1mConsolidate compiler generated dependencies of target sim_node[0m
[ 83%] [32mBuilding CXX object CMakeFiles/sim_node.dir/src/run_sim.cpp.o[0m
[01m[K/home/hollis/cu/5254_final/src/amp_sim/src/run_sim.cpp:[m[K In member function ‘[01m[Kvoid SimNode::tic_cb()[m[K’:
[01m[K/home/hollis/cu/5254_final/src/amp_sim/src/run_sim.cpp:66:30:[m[K [01;35m[Kwarning: [m[Kcomparison of integer expressions of different signedness: ‘[01m[Kint[m[K’ and ‘[01m[Kstd::vector<std::_List_iterator<DynamicObject*> >::size_type[m[K’ {aka ‘[01m[Klong unsigned int[m[K’} [[01;35m[K]8;;https://gcc.gnu.org/onlinedocs/gcc/Warning-Options.html#index-Wsign-compare-Wsign-compare]8;;[m[K]
   66 |             for(int i = 0; [01;35m[Ki < to_erase.size()[m[K; i++){
      |                            [01;35m[K~~^~~~~~~~~~~~~~~~~[m[K
[01m[K/home/hollis/cu/5254_final/src/amp_sim/src/run_sim.cpp:[m[K In member function ‘[01m[Kvoid SimNode::launch_ball_cb(amp_msgs::msg::LaunchBall)[m[K’:
[01m[K/home/hollis/cu/5254_final/src/amp_sim/src/run_sim.cpp:94:36:[m[K [01;31m[Kerror: [m[Krequest for member ‘[01m[Kstate[m[K’ in ‘[01m[K((SimNode*)this)->SimNode::dynamic_objects.std::__cxx11::list<DynamicObject*>::back()[m[K’, which is of pointer type ‘[01m[K__gnu_cxx::__alloc_traits<std::allocator<DynamicObject*>, DynamicObject*>::value_type[m[K’ {aka ‘[01m[KDynamicObject*[m[K’} (maybe you meant to use ‘[01m[K->[m[K’ ?)
   94 |             dynamic_objects.back().[01;31m[Kstate[m[K[7] = launch_vector(0);
      |                                    [01;31m[K^~~~~[m[K
[01m[K/home/hollis/cu/5254_final/src/amp_sim/src/run_sim.cpp:95:36:[m[K [01;31m[Kerror: [m[Krequest for member ‘[01m[Kstate[m[K’ in ‘[01m[K((SimNode*)this)->SimNode::dynamic_objects.std::__cxx11::list<DynamicObject*>::back()[m[K’, which is of pointer type ‘[01m[K__gnu_cxx::__alloc_traits<std::allocator<DynamicObject*>, DynamicObject*>::value_type[m[K’ {aka ‘[01m[KDynamicObject*[m[K’} (maybe you meant to use ‘[01m[K->[m[K’ ?)
   95 |             dynamic_objects.back().[01;31m[Kstate[m[K[8] = launch_vector(1);
      |                                    [01;31m[K^~~~~[m[K
[01m[K/home/hollis/cu/5254_final/src/amp_sim/src/run_sim.cpp:96:36:[m[K [01;31m[Kerror: [m[Krequest for member ‘[01m[Kstate[m[K’ in ‘[01m[K((SimNode*)this)->SimNode::dynamic_objects.std::__cxx11::list<DynamicObject*>::back()[m[K’, which is of pointer type ‘[01m[K__gnu_cxx::__alloc_traits<std::allocator<DynamicObject*>, DynamicObject*>::value_type[m[K’ {aka ‘[01m[KDynamicObject*[m[K’} (maybe you meant to use ‘[01m[K->[m[K’ ?)
   96 |             dynamic_objects.back().[01;31m[Kstate[m[K[9] = launch_vector(2);
      |                                    [01;31m[K^~~~~[m[K
gmake[2]: *** [CMakeFiles/sim_node.dir/build.make:76: CMakeFiles/sim_node.dir/src/run_sim.cpp.o] Error 1
gmake[1]: *** [CMakeFiles/Makefile2:194: CMakeFiles/sim_node.dir/all] Error 2
gmake: *** [Makefile:146: all] Error 2
