[0.015s] Invoking command in '/home/hollis/cu/5254_final/build/amp_sim': CMAKE_PREFIX_PATH=/home/hollis/cu/5254_final/install/amp_msgs:/home/hollis/cu/5254_final/install/amp_viz:/home/hollis/cu/5254_final/install/amp_sim:/home/hollis/cu/5254_final/install/amp_agents:/opt/ros/humble LD_LIBRARY_PATH=/home/hollis/cu/5254_final/install/amp_msgs/lib:/home/hollis/cu/5254_final/install/amp_viz/lib:/opt/ros/humble/opt/rviz_ogre_vendor/lib:/opt/ros/humble/lib/x86_64-linux-gnu:/opt/ros/humble/lib /usr/bin/cmake --build /home/hollis/cu/5254_final/build/amp_sim -- -j24 -l24
[0.067s] [ 25%] Built target dynamic_object
[0.092s] [ 50%] Built target omni_agent
[0.098s] [ 75%] Built target dynamic_ball
[0.140s] [100%] Built target sim_node
[0.150s] Invoked command in '/home/hollis/cu/5254_final/build/amp_sim' returned '0': CMAKE_PREFIX_PATH=/home/hollis/cu/5254_final/install/amp_msgs:/home/hollis/cu/5254_final/install/amp_viz:/home/hollis/cu/5254_final/install/amp_sim:/home/hollis/cu/5254_final/install/amp_agents:/opt/ros/humble LD_LIBRARY_PATH=/home/hollis/cu/5254_final/install/amp_msgs/lib:/home/hollis/cu/5254_final/install/amp_viz/lib:/opt/ros/humble/opt/rviz_ogre_vendor/lib:/opt/ros/humble/lib/x86_64-linux-gnu:/opt/ros/humble/lib /usr/bin/cmake --build /home/hollis/cu/5254_final/build/amp_sim -- -j24 -l24
[0.151s] Invoking command in '/home/hollis/cu/5254_final/build/amp_sim': CMAKE_PREFIX_PATH=/home/hollis/cu/5254_final/install/amp_msgs:/home/hollis/cu/5254_final/install/amp_viz:/home/hollis/cu/5254_final/install/amp_sim:/home/hollis/cu/5254_final/install/amp_agents:/opt/ros/humble LD_LIBRARY_PATH=/home/hollis/cu/5254_final/install/amp_msgs/lib:/home/hollis/cu/5254_final/install/amp_viz/lib:/opt/ros/humble/opt/rviz_ogre_vendor/lib:/opt/ros/humble/lib/x86_64-linux-gnu:/opt/ros/humble/lib /usr/bin/cmake --install /home/hollis/cu/5254_final/build/amp_sim
[0.161s] -- Install configuration: ""
[0.161s] -- Up-to-date: /home/hollis/cu/5254_final/install/amp_sim/lib/amp_sim/sim_node
[0.161s] -- Up-to-date: /home/hollis/cu/5254_final/install/amp_sim/share/ament_index/resource_index/package_run_dependencies/amp_sim
[0.161s] -- Up-to-date: /home/hollis/cu/5254_final/install/amp_sim/share/ament_index/resource_index/parent_prefix_path/amp_sim
[0.161s] -- Up-to-date: /home/hollis/cu/5254_final/install/amp_sim/share/amp_sim/environment/ament_prefix_path.sh
[0.162s] -- Up-to-date: /home/hollis/cu/5254_final/install/amp_sim/share/amp_sim/environment/ament_prefix_path.dsv
[0.162s] -- Up-to-date: /home/hollis/cu/5254_final/install/amp_sim/share/amp_sim/environment/path.sh
[0.162s] -- Up-to-date: /home/hollis/cu/5254_final/install/amp_sim/share/amp_sim/environment/path.dsv
[0.162s] -- Up-to-date: /home/hollis/cu/5254_final/install/amp_sim/share/amp_sim/local_setup.bash
[0.163s] -- Up-to-date: /home/hollis/cu/5254_final/install/amp_sim/share/amp_sim/local_setup.sh
[0.163s] -- Up-to-date: /home/hollis/cu/5254_final/install/amp_sim/share/amp_sim/local_setup.zsh
[0.163s] -- Up-to-date: /home/hollis/cu/5254_final/install/amp_sim/share/amp_sim/local_setup.dsv
[0.163s] -- Installing: /home/hollis/cu/5254_final/install/amp_sim/share/amp_sim/package.dsv
[0.163s] -- Up-to-date: /home/hollis/cu/5254_final/install/amp_sim/share/ament_index/resource_index/packages/amp_sim
[0.163s] -- Up-to-date: /home/hollis/cu/5254_final/install/amp_sim/share/amp_sim/cmake/amp_simConfig.cmake
[0.163s] -- Up-to-date: /home/hollis/cu/5254_final/install/amp_sim/share/amp_sim/cmake/amp_simConfig-version.cmake
[0.163s] -- Up-to-date: /home/hollis/cu/5254_final/install/amp_sim/share/amp_sim/package.xml
[0.168s] Invoked command in '/home/hollis/cu/5254_final/build/amp_sim' returned '0': CMAKE_PREFIX_PATH=/home/hollis/cu/5254_final/install/amp_msgs:/home/hollis/cu/5254_final/install/amp_viz:/home/hollis/cu/5254_final/install/amp_sim:/home/hollis/cu/5254_final/install/amp_agents:/opt/ros/humble LD_LIBRARY_PATH=/home/hollis/cu/5254_final/install/amp_msgs/lib:/home/hollis/cu/5254_final/install/amp_viz/lib:/opt/ros/humble/opt/rviz_ogre_vendor/lib:/opt/ros/humble/lib/x86_64-linux-gnu:/opt/ros/humble/lib /usr/bin/cmake --install /home/hollis/cu/5254_final/build/amp_sim
