[0.005s] Invoking command in '/home/hollis/cu/5254_final/build/amp_sim': CMAKE_PREFIX_PATH=/home/hollis/cu/5254_final/install/amp_msgs:/home/hollis/cu/5254_final/install/amp_viz:/home/hollis/cu/5254_final/install/amp_agents:/home/hollis/cu/5254_final/install/amp_sim:/opt/ros/humble LD_LIBRARY_PATH=/home/hollis/cu/5254_final/install/amp_msgs/lib:/home/hollis/cu/5254_final/install/amp_viz/lib:/home/hollis/cu/5254_final/install/amp_sim/lib:/opt/ros/humble/opt/rviz_ogre_vendor/lib:/opt/ros/humble/lib/x86_64-linux-gnu:/opt/ros/humble/lib /usr/bin/cmake --build /home/hollis/cu/5254_final/build/amp_sim -- -j24 -l24
[0.020s] -- Found ament_cmake: 1.3.12 (/opt/ros/humble/share/ament_cmake/cmake)
[0.090s] -- Found rclcpp: 16.0.15 (/opt/ros/humble/share/rclcpp/cmake)
[0.107s] -- Found rosidl_generator_c: 3.1.7 (/opt/ros/humble/share/rosidl_generator_c/cmake)
[0.108s] -- Found rosidl_adapter: 3.1.7 (/opt/ros/humble/share/rosidl_adapter/cmake)
[0.111s] -- Found rosidl_generator_cpp: 3.1.7 (/opt/ros/humble/share/rosidl_generator_cpp/cmake)
[0.116s] -- Using all available rosidl_typesupport_c: rosidl_typesupport_fastrtps_c;rosidl_typesupport_introspection_c
[0.123s] -- Using all available rosidl_typesupport_cpp: rosidl_typesupport_fastrtps_cpp;rosidl_typesupport_introspection_cpp
[0.140s] -- Found rmw_implementation_cmake: 6.1.2 (/opt/ros/humble/share/rmw_implementation_cmake/cmake)
[0.140s] -- Found rmw_fastrtps_cpp: 6.2.8 (/opt/ros/humble/share/rmw_fastrtps_cpp/cmake)
[0.185s] -- Using RMW implementation 'rmw_fastrtps_cpp' as default
[0.207s] -- Found geometry_msgs: 4.9.0 (/opt/ros/humble/share/geometry_msgs/cmake)
[0.213s] -- Found tf2: 0.25.16 (/opt/ros/humble/share/tf2/cmake)
[0.214s] -- Found tf2_ros: 0.25.16 (/opt/ros/humble/share/tf2_ros/cmake)
[0.248s] -- Found amp_msgs: 0.0.0 (/home/hollis/cu/5254_final/install/amp_msgs/share/amp_msgs/cmake)
[0.252s] -- Found ament_lint_auto: 0.12.14 (/opt/ros/humble/share/ament_lint_auto/cmake)
[0.302s] -- Added test 'cppcheck' to perform static code analysis on C / C++ code
[0.303s] -- Configured cppcheck include dirs: $<BUILD_INTERFACE:/home/hollis/cu/5254_final/src/amp_sim/include>
[0.303s] -- Configured cppcheck exclude dirs and/or files: 
[0.303s] -- Added test 'lint_cmake' to check CMake code style
[0.303s] -- Added test 'uncrustify' to check C / C++ code style
[0.303s] -- Configured uncrustify additional arguments: 
[0.304s] -- Added test 'xmllint' to check XML markup files
[0.304s] -- Configuring done
[0.313s] -- Generating done
[0.316s] -- Build files have been written to: /home/hollis/cu/5254_final/build/amp_sim
[0.334s] [35m[1mConsolidate compiler generated dependencies of target dynamic_object[0m
[0.344s] [ 25%] Built target dynamic_object
[0.351s] [35m[1mConsolidate compiler generated dependencies of target omni_agent[0m
[0.351s] [35m[1mConsolidate compiler generated dependencies of target dynamic_ball[0m
[0.360s] [ 75%] Built target omni_agent
[0.361s] [ 75%] Built target dynamic_ball
[0.370s] [35m[1mConsolidate compiler generated dependencies of target sim_node[0m
[0.382s] [100%] Built target sim_node
[0.391s] Invoked command in '/home/hollis/cu/5254_final/build/amp_sim' returned '0': CMAKE_PREFIX_PATH=/home/hollis/cu/5254_final/install/amp_msgs:/home/hollis/cu/5254_final/install/amp_viz:/home/hollis/cu/5254_final/install/amp_agents:/home/hollis/cu/5254_final/install/amp_sim:/opt/ros/humble LD_LIBRARY_PATH=/home/hollis/cu/5254_final/install/amp_msgs/lib:/home/hollis/cu/5254_final/install/amp_viz/lib:/home/hollis/cu/5254_final/install/amp_sim/lib:/opt/ros/humble/opt/rviz_ogre_vendor/lib:/opt/ros/humble/lib/x86_64-linux-gnu:/opt/ros/humble/lib /usr/bin/cmake --build /home/hollis/cu/5254_final/build/amp_sim -- -j24 -l24
[0.393s] Invoking command in '/home/hollis/cu/5254_final/build/amp_sim': CMAKE_PREFIX_PATH=/home/hollis/cu/5254_final/install/amp_msgs:/home/hollis/cu/5254_final/install/amp_viz:/home/hollis/cu/5254_final/install/amp_agents:/home/hollis/cu/5254_final/install/amp_sim:/opt/ros/humble LD_LIBRARY_PATH=/home/hollis/cu/5254_final/install/amp_msgs/lib:/home/hollis/cu/5254_final/install/amp_viz/lib:/home/hollis/cu/5254_final/install/amp_sim/lib:/opt/ros/humble/opt/rviz_ogre_vendor/lib:/opt/ros/humble/lib/x86_64-linux-gnu:/opt/ros/humble/lib /usr/bin/cmake --install /home/hollis/cu/5254_final/build/amp_sim
[0.398s] -- Install configuration: ""
[0.398s] -- Up-to-date: /home/hollis/cu/5254_final/install/amp_sim/lib/amp_sim/sim_node
[0.398s] -- Up-to-date: /home/hollis/cu/5254_final/install/amp_sim/share/amp_sim/environment/library_path.sh
[0.398s] -- Installing: /home/hollis/cu/5254_final/install/amp_sim/share/amp_sim/environment/library_path.dsv
[0.398s] -- Up-to-date: /home/hollis/cu/5254_final/install/amp_sim/include
[0.398s] -- Up-to-date: /home/hollis/cu/5254_final/install/amp_sim/include/amp_sim
[0.398s] -- Up-to-date: /home/hollis/cu/5254_final/install/amp_sim/include/amp_sim/dynamic_ball.hpp
[0.398s] -- Up-to-date: /home/hollis/cu/5254_final/install/amp_sim/include/amp_sim/dynamic_object.hpp
[0.398s] -- Up-to-date: /home/hollis/cu/5254_final/install/amp_sim/include/amp_sim/agent_statuses.hpp
[0.398s] -- Up-to-date: /home/hollis/cu/5254_final/install/amp_sim/include/amp_sim/omni_agent.hpp
[0.398s] -- Up-to-date: /home/hollis/cu/5254_final/install/amp_sim/lib/libdynamic_object.a
[0.398s] -- Up-to-date: /home/hollis/cu/5254_final/install/amp_sim/lib/libomni_agent.a
[0.398s] -- Up-to-date: /home/hollis/cu/5254_final/install/amp_sim/lib/libdynamic_ball.a
[0.398s] -- Up-to-date: /home/hollis/cu/5254_final/install/amp_sim/share/ament_index/resource_index/package_run_dependencies/amp_sim
[0.398s] -- Up-to-date: /home/hollis/cu/5254_final/install/amp_sim/share/ament_index/resource_index/parent_prefix_path/amp_sim
[0.398s] -- Up-to-date: /home/hollis/cu/5254_final/install/amp_sim/share/amp_sim/environment/ament_prefix_path.sh
[0.399s] -- Installing: /home/hollis/cu/5254_final/install/amp_sim/share/amp_sim/environment/ament_prefix_path.dsv
[0.399s] -- Up-to-date: /home/hollis/cu/5254_final/install/amp_sim/share/amp_sim/environment/path.sh
[0.399s] -- Installing: /home/hollis/cu/5254_final/install/amp_sim/share/amp_sim/environment/path.dsv
[0.399s] -- Up-to-date: /home/hollis/cu/5254_final/install/amp_sim/share/amp_sim/local_setup.bash
[0.399s] -- Up-to-date: /home/hollis/cu/5254_final/install/amp_sim/share/amp_sim/local_setup.sh
[0.399s] -- Up-to-date: /home/hollis/cu/5254_final/install/amp_sim/share/amp_sim/local_setup.zsh
[0.399s] -- Installing: /home/hollis/cu/5254_final/install/amp_sim/share/amp_sim/local_setup.dsv
[0.399s] -- Installing: /home/hollis/cu/5254_final/install/amp_sim/share/amp_sim/package.dsv
[0.399s] -- Up-to-date: /home/hollis/cu/5254_final/install/amp_sim/share/ament_index/resource_index/packages/amp_sim
[0.399s] -- Up-to-date: /home/hollis/cu/5254_final/install/amp_sim/share/amp_sim/cmake/export_amp_simExport.cmake
[0.399s] -- Up-to-date: /home/hollis/cu/5254_final/install/amp_sim/share/amp_sim/cmake/export_amp_simExport-noconfig.cmake
[0.399s] -- Up-to-date: /home/hollis/cu/5254_final/install/amp_sim/share/amp_sim/cmake/ament_cmake_export_targets-extras.cmake
[0.399s] -- Up-to-date: /home/hollis/cu/5254_final/install/amp_sim/share/amp_sim/cmake/ament_cmake_export_include_directories-extras.cmake
[0.399s] -- Up-to-date: /home/hollis/cu/5254_final/install/amp_sim/share/amp_sim/cmake/amp_simConfig.cmake
[0.399s] -- Up-to-date: /home/hollis/cu/5254_final/install/amp_sim/share/amp_sim/cmake/amp_simConfig-version.cmake
[0.399s] -- Up-to-date: /home/hollis/cu/5254_final/install/amp_sim/share/amp_sim/package.xml
[0.401s] Invoked command in '/home/hollis/cu/5254_final/build/amp_sim' returned '0': CMAKE_PREFIX_PATH=/home/hollis/cu/5254_final/install/amp_msgs:/home/hollis/cu/5254_final/install/amp_viz:/home/hollis/cu/5254_final/install/amp_agents:/home/hollis/cu/5254_final/install/amp_sim:/opt/ros/humble LD_LIBRARY_PATH=/home/hollis/cu/5254_final/install/amp_msgs/lib:/home/hollis/cu/5254_final/install/amp_viz/lib:/home/hollis/cu/5254_final/install/amp_sim/lib:/opt/ros/humble/opt/rviz_ogre_vendor/lib:/opt/ros/humble/lib/x86_64-linux-gnu:/opt/ros/humble/lib /usr/bin/cmake --install /home/hollis/cu/5254_final/build/amp_sim
