-- Found ament_cmake: 1.3.12 (/opt/ros/humble/share/ament_cmake/cmake)
-- Found rclcpp: 16.0.15 (/opt/ros/humble/share/rclcpp/cmake)
-- Found rosidl_generator_c: 3.1.7 (/opt/ros/humble/share/rosidl_generator_c/cmake)
-- Found rosidl_adapter: 3.1.7 (/opt/ros/humble/share/rosidl_adapter/cmake)
-- Found rosidl_generator_cpp: 3.1.7 (/opt/ros/humble/share/rosidl_generator_cpp/cmake)
-- Using all available rosidl_typesupport_c: rosidl_typesupport_fastrtps_c;rosidl_typesupport_introspection_c
-- Using all available rosidl_typesupport_cpp: rosidl_typesupport_fastrtps_cpp;rosidl_typesupport_introspection_cpp
-- Found rmw_implementation_cmake: 6.1.2 (/opt/ros/humble/share/rmw_implementation_cmake/cmake)
-- Found rmw_fastrtps_cpp: 6.2.8 (/opt/ros/humble/share/rmw_fastrtps_cpp/cmake)
-- Using RMW implementation 'rmw_fastrtps_cpp' as default
-- Found geometry_msgs: 4.9.0 (/opt/ros/humble/share/geometry_msgs/cmake)
-- Found tf2: 0.25.16 (/opt/ros/humble/share/tf2/cmake)
-- Found tf2_ros: 0.25.16 (/opt/ros/humble/share/tf2_ros/cmake)
-- Found amp_msgs: 0.0.0 (/home/hollis/cu/5254_final/install/amp_msgs/share/amp_msgs/cmake)
-- Found ament_lint_auto: 0.12.14 (/opt/ros/humble/share/ament_lint_auto/cmake)
-- Added test 'cppcheck' to perform static code analysis on C / C++ code
-- Configured cppcheck include dirs: /home/hollis/cu/5254_final/src/amp_sim/include/amp_sim
-- Configured cppcheck exclude dirs and/or files: 
-- Added test 'lint_cmake' to check CMake code style
-- Added test 'uncrustify' to check C / C++ code style
-- Configured uncrustify additional arguments: 
-- Added test 'xmllint' to check XML markup files
-- Configuring done
-- Generating done
-- Build files have been written to: /home/hollis/cu/5254_final/build/amp_sim
[35m[1mConsolidate compiler generated dependencies of target dynamic_object[0m
[ 25%] Built target dynamic_object
[35m[1mConsolidate compiler generated dependencies of target dynamic_ball[0m
[35m[1mConsolidate compiler generated dependencies of target omni_agent[0m
[ 50%] Built target omni_agent
[ 75%] Built target dynamic_ball
[35m[1mConsolidate compiler generated dependencies of target sim_node[0m
[100%] Built target sim_node
-- Install configuration: ""
-- Up-to-date: /home/hollis/cu/5254_final/install/amp_sim/lib/amp_sim/sim_node
-- Up-to-date: /home/hollis/cu/5254_final/install/amp_sim/share/amp_sim/environment/library_path.sh
-- Installing: /home/hollis/cu/5254_final/install/amp_sim/share/amp_sim/environment/library_path.dsv
-- Up-to-date: /home/hollis/cu/5254_final/install/amp_sim/share/ament_index/resource_index/package_run_dependencies/amp_sim
-- Up-to-date: /home/hollis/cu/5254_final/install/amp_sim/share/ament_index/resource_index/parent_prefix_path/amp_sim
-- Up-to-date: /home/hollis/cu/5254_final/install/amp_sim/share/amp_sim/environment/ament_prefix_path.sh
-- Installing: /home/hollis/cu/5254_final/install/amp_sim/share/amp_sim/environment/ament_prefix_path.dsv
-- Up-to-date: /home/hollis/cu/5254_final/install/amp_sim/share/amp_sim/environment/path.sh
-- Installing: /home/hollis/cu/5254_final/install/amp_sim/share/amp_sim/environment/path.dsv
-- Up-to-date: /home/hollis/cu/5254_final/install/amp_sim/share/amp_sim/local_setup.bash
-- Up-to-date: /home/hollis/cu/5254_final/install/amp_sim/share/amp_sim/local_setup.sh
-- Up-to-date: /home/hollis/cu/5254_final/install/amp_sim/share/amp_sim/local_setup.zsh
-- Installing: /home/hollis/cu/5254_final/install/amp_sim/share/amp_sim/local_setup.dsv
-- Installing: /home/hollis/cu/5254_final/install/amp_sim/share/amp_sim/package.dsv
-- Up-to-date: /home/hollis/cu/5254_final/install/amp_sim/share/ament_index/resource_index/packages/amp_sim
-- Up-to-date: /home/hollis/cu/5254_final/install/amp_sim/share/amp_sim/cmake/ament_cmake_export_include_directories-extras.cmake
-- Installing: /home/hollis/cu/5254_final/install/amp_sim/share/amp_sim/cmake/ament_cmake_export_libraries-extras.cmake
-- Up-to-date: /home/hollis/cu/5254_final/install/amp_sim/share/amp_sim/cmake/amp_simConfig.cmake
-- Up-to-date: /home/hollis/cu/5254_final/install/amp_sim/share/amp_sim/cmake/amp_simConfig-version.cmake
-- Up-to-date: /home/hollis/cu/5254_final/install/amp_sim/share/amp_sim/package.xml
