[0.053s] DEBUG:colcon:Command line arguments: ['/usr/bin/colcon', 'build']
[0.053s] DEBUG:colcon:Parsed command line arguments: Namespace(log_base=None, log_level=None, verb_name='build', build_base='build', install_base='install', merge_install=False, symlink_install=False, test_result_base=None, continue_on_error=False, executor='parallel', parallel_workers=24, event_handlers=None, ignore_user_meta=False, metas=['./colcon.meta'], base_paths=['.'], packages_ignore=None, packages_ignore_regex=None, paths=None, packages_up_to=None, packages_up_to_regex=None, packages_above=None, packages_above_and_dependencies=None, packages_above_depth=None, packages_select_by_dep=None, packages_skip_by_dep=None, packages_skip_up_to=None, packages_select_build_failed=False, packages_skip_build_finished=False, packages_select_test_failures=False, packages_skip_test_passed=False, packages_select=None, packages_skip=None, packages_select_regex=None, packages_skip_regex=None, packages_start=None, packages_end=None, allow_overriding=[], cmake_args=None, cmake_target=None, cmake_target_skip_unavailable=False, cmake_clean_cache=False, cmake_clean_first=False, cmake_force_configure=False, ament_cmake_args=None, catkin_cmake_args=None, catkin_skip_building_tests=False, mixin_files=None, mixin=None, verb_parser=<colcon_mixin.mixin.mixin_argument.MixinArgumentDecorator object at 0x7348cdf3d810>, verb_extension=<colcon_core.verb.build.BuildVerb object at 0x7348ce05ad70>, main=<bound method BuildVerb.main of <colcon_core.verb.build.BuildVerb object at 0x7348ce05ad70>>, mixin_verb=('build',))
[0.123s] Level 1:colcon.colcon_core.package_discovery:discover_packages(colcon_meta) check parameters
[0.123s] Level 1:colcon.colcon_core.package_discovery:discover_packages(recursive) check parameters
[0.123s] Level 1:colcon.colcon_core.package_discovery:discover_packages(ignore) check parameters
[0.123s] Level 1:colcon.colcon_core.package_discovery:discover_packages(path) check parameters
[0.123s] Level 1:colcon.colcon_core.package_discovery:discover_packages(colcon_meta) discover
[0.123s] Level 1:colcon.colcon_core.package_discovery:discover_packages(recursive) discover
[0.123s] INFO:colcon.colcon_core.package_discovery:Crawling recursively for packages in '/home/hollis/cu/5254_final'
[0.123s] Level 1:colcon.colcon_core.package_identification:_identify(.) by extensions ['ignore', 'ignore_ament_install']
[0.123s] Level 1:colcon.colcon_core.package_identification:_identify(.) by extension 'ignore'
[0.123s] Level 1:colcon.colcon_core.package_identification:_identify(.) by extension 'ignore_ament_install'
[0.123s] Level 1:colcon.colcon_core.package_identification:_identify(.) by extensions ['colcon_pkg']
[0.124s] Level 1:colcon.colcon_core.package_identification:_identify(.) by extension 'colcon_pkg'
[0.124s] Level 1:colcon.colcon_core.package_identification:_identify(.) by extensions ['colcon_meta']
[0.124s] Level 1:colcon.colcon_core.package_identification:_identify(.) by extension 'colcon_meta'
[0.124s] Level 1:colcon.colcon_core.package_identification:_identify(.) by extensions ['ros']
[0.124s] Level 1:colcon.colcon_core.package_identification:_identify(.) by extension 'ros'
[0.131s] Level 1:colcon.colcon_core.package_identification:_identify(.) by extensions ['cmake', 'python']
[0.131s] Level 1:colcon.colcon_core.package_identification:_identify(.) by extension 'cmake'
[0.131s] Level 1:colcon.colcon_core.package_identification:_identify(.) by extension 'python'
[0.131s] Level 1:colcon.colcon_core.package_identification:_identify(.) by extensions ['python_setup_py']
[0.131s] Level 1:colcon.colcon_core.package_identification:_identify(.) by extension 'python_setup_py'
[0.131s] Level 1:colcon.colcon_core.package_identification:_identify(build) by extensions ['ignore', 'ignore_ament_install']
[0.131s] Level 1:colcon.colcon_core.package_identification:_identify(build) by extension 'ignore'
[0.131s] Level 1:colcon.colcon_core.package_identification:_identify(build) ignored
[0.131s] Level 1:colcon.colcon_core.package_identification:_identify(install) by extensions ['ignore', 'ignore_ament_install']
[0.131s] Level 1:colcon.colcon_core.package_identification:_identify(install) by extension 'ignore'
[0.131s] Level 1:colcon.colcon_core.package_identification:_identify(install) ignored
[0.132s] Level 1:colcon.colcon_core.package_identification:_identify(log) by extensions ['ignore', 'ignore_ament_install']
[0.132s] Level 1:colcon.colcon_core.package_identification:_identify(log) by extension 'ignore'
[0.132s] Level 1:colcon.colcon_core.package_identification:_identify(log) ignored
[0.132s] Level 1:colcon.colcon_core.package_identification:_identify(src) by extensions ['ignore', 'ignore_ament_install']
[0.132s] Level 1:colcon.colcon_core.package_identification:_identify(src) by extension 'ignore'
[0.132s] Level 1:colcon.colcon_core.package_identification:_identify(src) by extension 'ignore_ament_install'
[0.132s] Level 1:colcon.colcon_core.package_identification:_identify(src) by extensions ['colcon_pkg']
[0.132s] Level 1:colcon.colcon_core.package_identification:_identify(src) by extension 'colcon_pkg'
[0.132s] Level 1:colcon.colcon_core.package_identification:_identify(src) by extensions ['colcon_meta']
[0.132s] Level 1:colcon.colcon_core.package_identification:_identify(src) by extension 'colcon_meta'
[0.132s] Level 1:colcon.colcon_core.package_identification:_identify(src) by extensions ['ros']
[0.132s] Level 1:colcon.colcon_core.package_identification:_identify(src) by extension 'ros'
[0.132s] Level 1:colcon.colcon_core.package_identification:_identify(src) by extensions ['cmake', 'python']
[0.132s] Level 1:colcon.colcon_core.package_identification:_identify(src) by extension 'cmake'
[0.132s] Level 1:colcon.colcon_core.package_identification:_identify(src) by extension 'python'
[0.132s] Level 1:colcon.colcon_core.package_identification:_identify(src) by extensions ['python_setup_py']
[0.132s] Level 1:colcon.colcon_core.package_identification:_identify(src) by extension 'python_setup_py'
[0.132s] Level 1:colcon.colcon_core.package_identification:_identify(src/amp_agents) by extensions ['ignore', 'ignore_ament_install']
[0.132s] Level 1:colcon.colcon_core.package_identification:_identify(src/amp_agents) by extension 'ignore'
[0.132s] Level 1:colcon.colcon_core.package_identification:_identify(src/amp_agents) by extension 'ignore_ament_install'
[0.132s] Level 1:colcon.colcon_core.package_identification:_identify(src/amp_agents) by extensions ['colcon_pkg']
[0.132s] Level 1:colcon.colcon_core.package_identification:_identify(src/amp_agents) by extension 'colcon_pkg'
[0.132s] Level 1:colcon.colcon_core.package_identification:_identify(src/amp_agents) by extensions ['colcon_meta']
[0.132s] Level 1:colcon.colcon_core.package_identification:_identify(src/amp_agents) by extension 'colcon_meta'
[0.132s] Level 1:colcon.colcon_core.package_identification:_identify(src/amp_agents) by extensions ['ros']
[0.132s] Level 1:colcon.colcon_core.package_identification:_identify(src/amp_agents) by extension 'ros'
[0.134s] DEBUG:colcon.colcon_core.package_identification:Package 'src/amp_agents' with type 'ros.ament_cmake' and name 'amp_agents'
[0.134s] Level 1:colcon.colcon_core.package_identification:_identify(src/amp_msgs) by extensions ['ignore', 'ignore_ament_install']
[0.134s] Level 1:colcon.colcon_core.package_identification:_identify(src/amp_msgs) by extension 'ignore'
[0.134s] Level 1:colcon.colcon_core.package_identification:_identify(src/amp_msgs) by extension 'ignore_ament_install'
[0.134s] Level 1:colcon.colcon_core.package_identification:_identify(src/amp_msgs) by extensions ['colcon_pkg']
[0.134s] Level 1:colcon.colcon_core.package_identification:_identify(src/amp_msgs) by extension 'colcon_pkg'
[0.134s] Level 1:colcon.colcon_core.package_identification:_identify(src/amp_msgs) by extensions ['colcon_meta']
[0.134s] Level 1:colcon.colcon_core.package_identification:_identify(src/amp_msgs) by extension 'colcon_meta'
[0.134s] Level 1:colcon.colcon_core.package_identification:_identify(src/amp_msgs) by extensions ['ros']
[0.134s] Level 1:colcon.colcon_core.package_identification:_identify(src/amp_msgs) by extension 'ros'
[0.134s] DEBUG:colcon.colcon_core.package_identification:Package 'src/amp_msgs' with type 'ros.ament_cmake' and name 'amp_msgs'
[0.134s] Level 1:colcon.colcon_core.package_identification:_identify(src/amp_sim) by extensions ['ignore', 'ignore_ament_install']
[0.134s] Level 1:colcon.colcon_core.package_identification:_identify(src/amp_sim) by extension 'ignore'
[0.134s] Level 1:colcon.colcon_core.package_identification:_identify(src/amp_sim) by extension 'ignore_ament_install'
[0.134s] Level 1:colcon.colcon_core.package_identification:_identify(src/amp_sim) by extensions ['colcon_pkg']
[0.134s] Level 1:colcon.colcon_core.package_identification:_identify(src/amp_sim) by extension 'colcon_pkg'
[0.134s] Level 1:colcon.colcon_core.package_identification:_identify(src/amp_sim) by extensions ['colcon_meta']
[0.134s] Level 1:colcon.colcon_core.package_identification:_identify(src/amp_sim) by extension 'colcon_meta'
[0.134s] Level 1:colcon.colcon_core.package_identification:_identify(src/amp_sim) by extensions ['ros']
[0.134s] Level 1:colcon.colcon_core.package_identification:_identify(src/amp_sim) by extension 'ros'
[0.135s] DEBUG:colcon.colcon_core.package_identification:Package 'src/amp_sim' with type 'ros.ament_cmake' and name 'amp_sim'
[0.135s] Level 1:colcon.colcon_core.package_identification:_identify(src/amp_viz) by extensions ['ignore', 'ignore_ament_install']
[0.135s] Level 1:colcon.colcon_core.package_identification:_identify(src/amp_viz) by extension 'ignore'
[0.135s] Level 1:colcon.colcon_core.package_identification:_identify(src/amp_viz) by extension 'ignore_ament_install'
[0.135s] Level 1:colcon.colcon_core.package_identification:_identify(src/amp_viz) by extensions ['colcon_pkg']
[0.135s] Level 1:colcon.colcon_core.package_identification:_identify(src/amp_viz) by extension 'colcon_pkg'
[0.135s] Level 1:colcon.colcon_core.package_identification:_identify(src/amp_viz) by extensions ['colcon_meta']
[0.135s] Level 1:colcon.colcon_core.package_identification:_identify(src/amp_viz) by extension 'colcon_meta'
[0.135s] Level 1:colcon.colcon_core.package_identification:_identify(src/amp_viz) by extensions ['ros']
[0.135s] Level 1:colcon.colcon_core.package_identification:_identify(src/amp_viz) by extension 'ros'
[0.135s] DEBUG:colcon.colcon_core.package_identification:Package 'src/amp_viz' with type 'ros.ament_cmake' and name 'amp_viz'
[0.135s] Level 1:colcon.colcon_core.package_discovery:discover_packages(recursive) using defaults
[0.135s] Level 1:colcon.colcon_core.package_discovery:discover_packages(ignore) discover
[0.135s] Level 1:colcon.colcon_core.package_discovery:discover_packages(ignore) using defaults
[0.135s] Level 1:colcon.colcon_core.package_discovery:discover_packages(path) discover
[0.135s] Level 1:colcon.colcon_core.package_discovery:discover_packages(path) using defaults
[0.154s] Level 1:colcon.colcon_core.package_discovery:discover_packages(prefix_path) check parameters
[0.154s] Level 1:colcon.colcon_core.package_discovery:discover_packages(prefix_path) discover
[0.155s] DEBUG:colcon.colcon_installed_package_information.package_discovery:Found 4 installed packages in /home/hollis/cu/5254_final/install
[0.156s] DEBUG:colcon.colcon_installed_package_information.package_discovery:Found 267 installed packages in /opt/ros/humble
[0.156s] Level 1:colcon.colcon_core.package_discovery:discover_packages(prefix_path) using defaults
[0.176s] Level 5:colcon.colcon_core.verb:set package 'amp_msgs' build argument 'cmake_args' from command line to 'None'
[0.176s] Level 5:colcon.colcon_core.verb:set package 'amp_msgs' build argument 'cmake_target' from command line to 'None'
[0.176s] Level 5:colcon.colcon_core.verb:set package 'amp_msgs' build argument 'cmake_target_skip_unavailable' from command line to 'False'
[0.176s] Level 5:colcon.colcon_core.verb:set package 'amp_msgs' build argument 'cmake_clean_cache' from command line to 'False'
[0.176s] Level 5:colcon.colcon_core.verb:set package 'amp_msgs' build argument 'cmake_clean_first' from command line to 'False'
[0.176s] Level 5:colcon.colcon_core.verb:set package 'amp_msgs' build argument 'cmake_force_configure' from command line to 'False'
[0.176s] Level 5:colcon.colcon_core.verb:set package 'amp_msgs' build argument 'ament_cmake_args' from command line to 'None'
[0.176s] Level 5:colcon.colcon_core.verb:set package 'amp_msgs' build argument 'catkin_cmake_args' from command line to 'None'
[0.176s] Level 5:colcon.colcon_core.verb:set package 'amp_msgs' build argument 'catkin_skip_building_tests' from command line to 'False'
[0.176s] DEBUG:colcon.colcon_core.verb:Building package 'amp_msgs' with the following arguments: {'ament_cmake_args': None, 'build_base': '/home/hollis/cu/5254_final/build/amp_msgs', 'catkin_cmake_args': None, 'catkin_skip_building_tests': False, 'cmake_args': None, 'cmake_clean_cache': False, 'cmake_clean_first': False, 'cmake_force_configure': False, 'cmake_target': None, 'cmake_target_skip_unavailable': False, 'install_base': '/home/hollis/cu/5254_final/install/amp_msgs', 'merge_install': False, 'path': '/home/hollis/cu/5254_final/src/amp_msgs', 'symlink_install': False, 'test_result_base': None}
[0.176s] Level 5:colcon.colcon_core.verb:set package 'amp_sim' build argument 'cmake_args' from command line to 'None'
[0.176s] Level 5:colcon.colcon_core.verb:set package 'amp_sim' build argument 'cmake_target' from command line to 'None'
[0.176s] Level 5:colcon.colcon_core.verb:set package 'amp_sim' build argument 'cmake_target_skip_unavailable' from command line to 'False'
[0.176s] Level 5:colcon.colcon_core.verb:set package 'amp_sim' build argument 'cmake_clean_cache' from command line to 'False'
[0.176s] Level 5:colcon.colcon_core.verb:set package 'amp_sim' build argument 'cmake_clean_first' from command line to 'False'
[0.176s] Level 5:colcon.colcon_core.verb:set package 'amp_sim' build argument 'cmake_force_configure' from command line to 'False'
[0.176s] Level 5:colcon.colcon_core.verb:set package 'amp_sim' build argument 'ament_cmake_args' from command line to 'None'
[0.176s] Level 5:colcon.colcon_core.verb:set package 'amp_sim' build argument 'catkin_cmake_args' from command line to 'None'
[0.176s] Level 5:colcon.colcon_core.verb:set package 'amp_sim' build argument 'catkin_skip_building_tests' from command line to 'False'
[0.176s] DEBUG:colcon.colcon_core.verb:Building package 'amp_sim' with the following arguments: {'ament_cmake_args': None, 'build_base': '/home/hollis/cu/5254_final/build/amp_sim', 'catkin_cmake_args': None, 'catkin_skip_building_tests': False, 'cmake_args': None, 'cmake_clean_cache': False, 'cmake_clean_first': False, 'cmake_force_configure': False, 'cmake_target': None, 'cmake_target_skip_unavailable': False, 'install_base': '/home/hollis/cu/5254_final/install/amp_sim', 'merge_install': False, 'path': '/home/hollis/cu/5254_final/src/amp_sim', 'symlink_install': False, 'test_result_base': None}
[0.176s] Level 5:colcon.colcon_core.verb:set package 'amp_agents' build argument 'cmake_args' from command line to 'None'
[0.176s] Level 5:colcon.colcon_core.verb:set package 'amp_agents' build argument 'cmake_target' from command line to 'None'
[0.176s] Level 5:colcon.colcon_core.verb:set package 'amp_agents' build argument 'cmake_target_skip_unavailable' from command line to 'False'
[0.176s] Level 5:colcon.colcon_core.verb:set package 'amp_agents' build argument 'cmake_clean_cache' from command line to 'False'
[0.176s] Level 5:colcon.colcon_core.verb:set package 'amp_agents' build argument 'cmake_clean_first' from command line to 'False'
[0.176s] Level 5:colcon.colcon_core.verb:set package 'amp_agents' build argument 'cmake_force_configure' from command line to 'False'
[0.176s] Level 5:colcon.colcon_core.verb:set package 'amp_agents' build argument 'ament_cmake_args' from command line to 'None'
[0.176s] Level 5:colcon.colcon_core.verb:set package 'amp_agents' build argument 'catkin_cmake_args' from command line to 'None'
[0.176s] Level 5:colcon.colcon_core.verb:set package 'amp_agents' build argument 'catkin_skip_building_tests' from command line to 'False'
[0.176s] DEBUG:colcon.colcon_core.verb:Building package 'amp_agents' with the following arguments: {'ament_cmake_args': None, 'build_base': '/home/hollis/cu/5254_final/build/amp_agents', 'catkin_cmake_args': None, 'catkin_skip_building_tests': False, 'cmake_args': None, 'cmake_clean_cache': False, 'cmake_clean_first': False, 'cmake_force_configure': False, 'cmake_target': None, 'cmake_target_skip_unavailable': False, 'install_base': '/home/hollis/cu/5254_final/install/amp_agents', 'merge_install': False, 'path': '/home/hollis/cu/5254_final/src/amp_agents', 'symlink_install': False, 'test_result_base': None}
[0.177s] Level 5:colcon.colcon_core.verb:set package 'amp_viz' build argument 'cmake_args' from command line to 'None'
[0.177s] Level 5:colcon.colcon_core.verb:set package 'amp_viz' build argument 'cmake_target' from command line to 'None'
[0.177s] Level 5:colcon.colcon_core.verb:set package 'amp_viz' build argument 'cmake_target_skip_unavailable' from command line to 'False'
[0.177s] Level 5:colcon.colcon_core.verb:set package 'amp_viz' build argument 'cmake_clean_cache' from command line to 'False'
[0.177s] Level 5:colcon.colcon_core.verb:set package 'amp_viz' build argument 'cmake_clean_first' from command line to 'False'
[0.177s] Level 5:colcon.colcon_core.verb:set package 'amp_viz' build argument 'cmake_force_configure' from command line to 'False'
[0.177s] Level 5:colcon.colcon_core.verb:set package 'amp_viz' build argument 'ament_cmake_args' from command line to 'None'
[0.177s] Level 5:colcon.colcon_core.verb:set package 'amp_viz' build argument 'catkin_cmake_args' from command line to 'None'
[0.177s] Level 5:colcon.colcon_core.verb:set package 'amp_viz' build argument 'catkin_skip_building_tests' from command line to 'False'
[0.177s] DEBUG:colcon.colcon_core.verb:Building package 'amp_viz' with the following arguments: {'ament_cmake_args': None, 'build_base': '/home/hollis/cu/5254_final/build/amp_viz', 'catkin_cmake_args': None, 'catkin_skip_building_tests': False, 'cmake_args': None, 'cmake_clean_cache': False, 'cmake_clean_first': False, 'cmake_force_configure': False, 'cmake_target': None, 'cmake_target_skip_unavailable': False, 'install_base': '/home/hollis/cu/5254_final/install/amp_viz', 'merge_install': False, 'path': '/home/hollis/cu/5254_final/src/amp_viz', 'symlink_install': False, 'test_result_base': None}
[0.177s] INFO:colcon.colcon_core.executor:Executing jobs using 'parallel' executor
[0.178s] DEBUG:colcon.colcon_parallel_executor.executor.parallel:run_until_complete
[0.178s] INFO:colcon.colcon_ros.task.ament_cmake.build:Building ROS package in '/home/hollis/cu/5254_final/src/amp_msgs' with build type 'ament_cmake'
[0.178s] INFO:colcon.colcon_cmake.task.cmake.build:Building CMake package in '/home/hollis/cu/5254_final/src/amp_msgs'
[0.180s] INFO:colcon.colcon_core.plugin_system:Skipping extension 'colcon_core.shell.bat': Not used on non-Windows systems
[0.180s] INFO:colcon.colcon_core.shell:Skip shell extension 'powershell' for command environment: Not usable outside of PowerShell
[0.180s] DEBUG:colcon.colcon_core.shell:Skip shell extension 'dsv' for command environment
[0.189s] DEBUG:colcon.colcon_core.event_handler.log_command:Invoking command in '/home/hollis/cu/5254_final/build/amp_msgs': CMAKE_PREFIX_PATH=${CMAKE_PREFIX_PATH}:/opt/ros/humble /usr/bin/cmake --build /home/hollis/cu/5254_final/build/amp_msgs -- -j24 -l24
[0.426s] DEBUG:colcon.colcon_core.event_handler.log_command:Invoked command in '/home/hollis/cu/5254_final/build/amp_msgs' returned '0': CMAKE_PREFIX_PATH=${CMAKE_PREFIX_PATH}:/opt/ros/humble /usr/bin/cmake --build /home/hollis/cu/5254_final/build/amp_msgs -- -j24 -l24
[0.434s] DEBUG:colcon.colcon_core.event_handler.log_command:Invoking command in '/home/hollis/cu/5254_final/build/amp_msgs': CMAKE_PREFIX_PATH=${CMAKE_PREFIX_PATH}:/opt/ros/humble /usr/bin/cmake --install /home/hollis/cu/5254_final/build/amp_msgs
[0.471s] Level 1:colcon.colcon_core.environment:create_environment_scripts_only(amp_msgs)
[0.472s] DEBUG:colcon.colcon_core.event_handler.log_command:Invoked command in '/home/hollis/cu/5254_final/build/amp_msgs' returned '0': CMAKE_PREFIX_PATH=${CMAKE_PREFIX_PATH}:/opt/ros/humble /usr/bin/cmake --install /home/hollis/cu/5254_final/build/amp_msgs
[0.475s] Level 1:colcon.colcon_core.environment:checking '/home/hollis/cu/5254_final/install/amp_msgs' for CMake module files
[0.475s] Level 1:colcon.colcon_core.environment:checking '/home/hollis/cu/5254_final/install/amp_msgs' for CMake config files
[0.475s] Level 1:colcon.colcon_core.shell:create_environment_hook('amp_msgs', 'cmake_prefix_path')
[0.476s] INFO:colcon.colcon_core.shell:Creating environment hook '/home/hollis/cu/5254_final/install/amp_msgs/share/amp_msgs/hook/cmake_prefix_path.ps1'
[0.476s] INFO:colcon.colcon_core.shell:Creating environment descriptor '/home/hollis/cu/5254_final/install/amp_msgs/share/amp_msgs/hook/cmake_prefix_path.dsv'
[0.477s] INFO:colcon.colcon_core.shell:Creating environment hook '/home/hollis/cu/5254_final/install/amp_msgs/share/amp_msgs/hook/cmake_prefix_path.sh'
[0.477s] Level 1:colcon.colcon_core.environment:checking '/home/hollis/cu/5254_final/install/amp_msgs/lib'
[0.478s] Level 1:colcon.colcon_core.shell:create_environment_hook('amp_msgs', 'ld_library_path_lib')
[0.478s] INFO:colcon.colcon_core.shell:Creating environment hook '/home/hollis/cu/5254_final/install/amp_msgs/share/amp_msgs/hook/ld_library_path_lib.ps1'
[0.478s] INFO:colcon.colcon_core.shell:Creating environment descriptor '/home/hollis/cu/5254_final/install/amp_msgs/share/amp_msgs/hook/ld_library_path_lib.dsv'
[0.479s] INFO:colcon.colcon_core.shell:Creating environment hook '/home/hollis/cu/5254_final/install/amp_msgs/share/amp_msgs/hook/ld_library_path_lib.sh'
[0.479s] Level 1:colcon.colcon_core.environment:checking '/home/hollis/cu/5254_final/install/amp_msgs/bin'
[0.479s] Level 1:colcon.colcon_core.environment:checking '/home/hollis/cu/5254_final/install/amp_msgs/lib/pkgconfig/amp_msgs.pc'
[0.479s] Level 1:colcon.colcon_core.environment:checking '/home/hollis/cu/5254_final/install/amp_msgs/lib/python3.10/site-packages'
[0.479s] Level 1:colcon.colcon_core.environment:checking '/home/hollis/cu/5254_final/install/amp_msgs/bin'
[0.480s] INFO:colcon.colcon_core.shell:Creating package script '/home/hollis/cu/5254_final/install/amp_msgs/share/amp_msgs/package.ps1'
[0.481s] INFO:colcon.colcon_core.shell:Creating package descriptor '/home/hollis/cu/5254_final/install/amp_msgs/share/amp_msgs/package.dsv'
[0.481s] INFO:colcon.colcon_core.shell:Creating package script '/home/hollis/cu/5254_final/install/amp_msgs/share/amp_msgs/package.sh'
[0.482s] INFO:colcon.colcon_core.shell:Creating package script '/home/hollis/cu/5254_final/install/amp_msgs/share/amp_msgs/package.bash'
[0.482s] INFO:colcon.colcon_core.shell:Creating package script '/home/hollis/cu/5254_final/install/amp_msgs/share/amp_msgs/package.zsh'
[0.482s] Level 1:colcon.colcon_core.environment:create_file_with_runtime_dependencies(/home/hollis/cu/5254_final/install/amp_msgs/share/colcon-core/packages/amp_msgs)
[0.483s] Level 1:colcon.colcon_core.environment:create_environment_scripts_only(amp_msgs)
[0.483s] Level 1:colcon.colcon_core.environment:checking '/home/hollis/cu/5254_final/install/amp_msgs' for CMake module files
[0.483s] Level 1:colcon.colcon_core.environment:checking '/home/hollis/cu/5254_final/install/amp_msgs' for CMake config files
[0.483s] Level 1:colcon.colcon_core.shell:create_environment_hook('amp_msgs', 'cmake_prefix_path')
[0.484s] INFO:colcon.colcon_core.shell:Creating environment hook '/home/hollis/cu/5254_final/install/amp_msgs/share/amp_msgs/hook/cmake_prefix_path.ps1'
[0.484s] INFO:colcon.colcon_core.shell:Creating environment descriptor '/home/hollis/cu/5254_final/install/amp_msgs/share/amp_msgs/hook/cmake_prefix_path.dsv'
[0.484s] INFO:colcon.colcon_core.shell:Creating environment hook '/home/hollis/cu/5254_final/install/amp_msgs/share/amp_msgs/hook/cmake_prefix_path.sh'
[0.484s] Level 1:colcon.colcon_core.environment:checking '/home/hollis/cu/5254_final/install/amp_msgs/lib'
[0.484s] Level 1:colcon.colcon_core.shell:create_environment_hook('amp_msgs', 'ld_library_path_lib')
[0.485s] INFO:colcon.colcon_core.shell:Creating environment hook '/home/hollis/cu/5254_final/install/amp_msgs/share/amp_msgs/hook/ld_library_path_lib.ps1'
[0.485s] INFO:colcon.colcon_core.shell:Creating environment descriptor '/home/hollis/cu/5254_final/install/amp_msgs/share/amp_msgs/hook/ld_library_path_lib.dsv'
[0.485s] INFO:colcon.colcon_core.shell:Creating environment hook '/home/hollis/cu/5254_final/install/amp_msgs/share/amp_msgs/hook/ld_library_path_lib.sh'
[0.485s] Level 1:colcon.colcon_core.environment:checking '/home/hollis/cu/5254_final/install/amp_msgs/bin'
[0.485s] Level 1:colcon.colcon_core.environment:checking '/home/hollis/cu/5254_final/install/amp_msgs/lib/pkgconfig/amp_msgs.pc'
[0.486s] Level 1:colcon.colcon_core.environment:checking '/home/hollis/cu/5254_final/install/amp_msgs/lib/python3.10/site-packages'
[0.486s] Level 1:colcon.colcon_core.environment:checking '/home/hollis/cu/5254_final/install/amp_msgs/bin'
[0.486s] INFO:colcon.colcon_core.shell:Creating package script '/home/hollis/cu/5254_final/install/amp_msgs/share/amp_msgs/package.ps1'
[0.486s] INFO:colcon.colcon_core.shell:Creating package descriptor '/home/hollis/cu/5254_final/install/amp_msgs/share/amp_msgs/package.dsv'
[0.487s] INFO:colcon.colcon_core.shell:Creating package script '/home/hollis/cu/5254_final/install/amp_msgs/share/amp_msgs/package.sh'
[0.487s] INFO:colcon.colcon_core.shell:Creating package script '/home/hollis/cu/5254_final/install/amp_msgs/share/amp_msgs/package.bash'
[0.487s] INFO:colcon.colcon_core.shell:Creating package script '/home/hollis/cu/5254_final/install/amp_msgs/share/amp_msgs/package.zsh'
[0.488s] Level 1:colcon.colcon_core.environment:create_file_with_runtime_dependencies(/home/hollis/cu/5254_final/install/amp_msgs/share/colcon-core/packages/amp_msgs)
[0.488s] INFO:colcon.colcon_ros.task.ament_cmake.build:Building ROS package in '/home/hollis/cu/5254_final/src/amp_sim' with build type 'ament_cmake'
[0.488s] INFO:colcon.colcon_cmake.task.cmake.build:Building CMake package in '/home/hollis/cu/5254_final/src/amp_sim'
[0.488s] INFO:colcon.colcon_core.shell:Skip shell extension 'powershell' for command environment: Not usable outside of PowerShell
[0.488s] DEBUG:colcon.colcon_core.shell:Skip shell extension 'dsv' for command environment
[0.496s] DEBUG:colcon.colcon_core.event_handler.log_command:Invoking command in '/home/hollis/cu/5254_final/build/amp_sim': CMAKE_PREFIX_PATH=/home/hollis/cu/5254_final/install/amp_msgs:/home/hollis/cu/5254_final/install/amp_viz:/home/hollis/cu/5254_final/install/amp_agents:/home/hollis/cu/5254_final/install/amp_sim:/opt/ros/humble LD_LIBRARY_PATH=/home/hollis/cu/5254_final/install/amp_msgs/lib:/home/hollis/cu/5254_final/install/amp_viz/lib:/home/hollis/cu/5254_final/install/amp_sim/lib:/opt/ros/humble/opt/rviz_ogre_vendor/lib:/opt/ros/humble/lib/x86_64-linux-gnu:/opt/ros/humble/lib /usr/bin/cmake --build /home/hollis/cu/5254_final/build/amp_sim -- -j24 -l24
[13.049s] DEBUG:colcon.colcon_core.event_handler.log_command:Invoked command in '/home/hollis/cu/5254_final/build/amp_sim' returned '0': CMAKE_PREFIX_PATH=/home/hollis/cu/5254_final/install/amp_msgs:/home/hollis/cu/5254_final/install/amp_viz:/home/hollis/cu/5254_final/install/amp_agents:/home/hollis/cu/5254_final/install/amp_sim:/opt/ros/humble LD_LIBRARY_PATH=/home/hollis/cu/5254_final/install/amp_msgs/lib:/home/hollis/cu/5254_final/install/amp_viz/lib:/home/hollis/cu/5254_final/install/amp_sim/lib:/opt/ros/humble/opt/rviz_ogre_vendor/lib:/opt/ros/humble/lib/x86_64-linux-gnu:/opt/ros/humble/lib /usr/bin/cmake --build /home/hollis/cu/5254_final/build/amp_sim -- -j24 -l24
[13.053s] DEBUG:colcon.colcon_core.event_handler.log_command:Invoking command in '/home/hollis/cu/5254_final/build/amp_sim': CMAKE_PREFIX_PATH=/home/hollis/cu/5254_final/install/amp_msgs:/home/hollis/cu/5254_final/install/amp_viz:/home/hollis/cu/5254_final/install/amp_agents:/home/hollis/cu/5254_final/install/amp_sim:/opt/ros/humble LD_LIBRARY_PATH=/home/hollis/cu/5254_final/install/amp_msgs/lib:/home/hollis/cu/5254_final/install/amp_viz/lib:/home/hollis/cu/5254_final/install/amp_sim/lib:/opt/ros/humble/opt/rviz_ogre_vendor/lib:/opt/ros/humble/lib/x86_64-linux-gnu:/opt/ros/humble/lib /usr/bin/cmake --install /home/hollis/cu/5254_final/build/amp_sim
[13.075s] Level 1:colcon.colcon_core.environment:create_environment_scripts_only(amp_sim)
[13.076s] Level 1:colcon.colcon_core.environment:checking '/home/hollis/cu/5254_final/install/amp_sim' for CMake module files
[13.076s] Level 1:colcon.colcon_core.environment:checking '/home/hollis/cu/5254_final/install/amp_sim' for CMake config files
[13.076s] DEBUG:colcon.colcon_core.event_handler.log_command:Invoked command in '/home/hollis/cu/5254_final/build/amp_sim' returned '0': CMAKE_PREFIX_PATH=/home/hollis/cu/5254_final/install/amp_msgs:/home/hollis/cu/5254_final/install/amp_viz:/home/hollis/cu/5254_final/install/amp_agents:/home/hollis/cu/5254_final/install/amp_sim:/opt/ros/humble LD_LIBRARY_PATH=/home/hollis/cu/5254_final/install/amp_msgs/lib:/home/hollis/cu/5254_final/install/amp_viz/lib:/home/hollis/cu/5254_final/install/amp_sim/lib:/opt/ros/humble/opt/rviz_ogre_vendor/lib:/opt/ros/humble/lib/x86_64-linux-gnu:/opt/ros/humble/lib /usr/bin/cmake --install /home/hollis/cu/5254_final/build/amp_sim
[13.077s] Level 1:colcon.colcon_core.shell:create_environment_hook('amp_sim', 'cmake_prefix_path')
[13.077s] INFO:colcon.colcon_core.shell:Creating environment hook '/home/hollis/cu/5254_final/install/amp_sim/share/amp_sim/hook/cmake_prefix_path.ps1'
[13.077s] INFO:colcon.colcon_core.shell:Creating environment descriptor '/home/hollis/cu/5254_final/install/amp_sim/share/amp_sim/hook/cmake_prefix_path.dsv'
[13.078s] INFO:colcon.colcon_core.shell:Creating environment hook '/home/hollis/cu/5254_final/install/amp_sim/share/amp_sim/hook/cmake_prefix_path.sh'
[13.078s] Level 1:colcon.colcon_core.environment:checking '/home/hollis/cu/5254_final/install/amp_sim/lib'
[13.078s] Level 1:colcon.colcon_core.environment:checking '/home/hollis/cu/5254_final/install/amp_sim/bin'
[13.078s] Level 1:colcon.colcon_core.environment:checking '/home/hollis/cu/5254_final/install/amp_sim/lib/pkgconfig/amp_sim.pc'
[13.078s] Level 1:colcon.colcon_core.environment:checking '/home/hollis/cu/5254_final/install/amp_sim/lib/python3.10/site-packages'
[13.078s] Level 1:colcon.colcon_core.environment:checking '/home/hollis/cu/5254_final/install/amp_sim/bin'
[13.079s] INFO:colcon.colcon_core.shell:Creating package script '/home/hollis/cu/5254_final/install/amp_sim/share/amp_sim/package.ps1'
[13.079s] INFO:colcon.colcon_core.shell:Creating package descriptor '/home/hollis/cu/5254_final/install/amp_sim/share/amp_sim/package.dsv'
[13.079s] INFO:colcon.colcon_core.shell:Creating package script '/home/hollis/cu/5254_final/install/amp_sim/share/amp_sim/package.sh'
[13.079s] INFO:colcon.colcon_core.shell:Creating package script '/home/hollis/cu/5254_final/install/amp_sim/share/amp_sim/package.bash'
[13.080s] INFO:colcon.colcon_core.shell:Creating package script '/home/hollis/cu/5254_final/install/amp_sim/share/amp_sim/package.zsh'
[13.080s] Level 1:colcon.colcon_core.environment:create_file_with_runtime_dependencies(/home/hollis/cu/5254_final/install/amp_sim/share/colcon-core/packages/amp_sim)
[13.080s] Level 1:colcon.colcon_core.environment:create_environment_scripts_only(amp_sim)
[13.080s] Level 1:colcon.colcon_core.environment:checking '/home/hollis/cu/5254_final/install/amp_sim' for CMake module files
[13.081s] Level 1:colcon.colcon_core.environment:checking '/home/hollis/cu/5254_final/install/amp_sim' for CMake config files
[13.081s] Level 1:colcon.colcon_core.shell:create_environment_hook('amp_sim', 'cmake_prefix_path')
[13.081s] INFO:colcon.colcon_core.shell:Creating environment hook '/home/hollis/cu/5254_final/install/amp_sim/share/amp_sim/hook/cmake_prefix_path.ps1'
[13.081s] INFO:colcon.colcon_core.shell:Creating environment descriptor '/home/hollis/cu/5254_final/install/amp_sim/share/amp_sim/hook/cmake_prefix_path.dsv'
[13.081s] INFO:colcon.colcon_core.shell:Creating environment hook '/home/hollis/cu/5254_final/install/amp_sim/share/amp_sim/hook/cmake_prefix_path.sh'
[13.082s] Level 1:colcon.colcon_core.environment:checking '/home/hollis/cu/5254_final/install/amp_sim/lib'
[13.082s] Level 1:colcon.colcon_core.environment:checking '/home/hollis/cu/5254_final/install/amp_sim/bin'
[13.082s] Level 1:colcon.colcon_core.environment:checking '/home/hollis/cu/5254_final/install/amp_sim/lib/pkgconfig/amp_sim.pc'
[13.082s] Level 1:colcon.colcon_core.environment:checking '/home/hollis/cu/5254_final/install/amp_sim/lib/python3.10/site-packages'
[13.082s] Level 1:colcon.colcon_core.environment:checking '/home/hollis/cu/5254_final/install/amp_sim/bin'
[13.082s] INFO:colcon.colcon_core.shell:Creating package script '/home/hollis/cu/5254_final/install/amp_sim/share/amp_sim/package.ps1'
[13.083s] INFO:colcon.colcon_core.shell:Creating package descriptor '/home/hollis/cu/5254_final/install/amp_sim/share/amp_sim/package.dsv'
[13.083s] INFO:colcon.colcon_core.shell:Creating package script '/home/hollis/cu/5254_final/install/amp_sim/share/amp_sim/package.sh'
[13.086s] INFO:colcon.colcon_core.shell:Creating package script '/home/hollis/cu/5254_final/install/amp_sim/share/amp_sim/package.bash'
[13.086s] INFO:colcon.colcon_core.shell:Creating package script '/home/hollis/cu/5254_final/install/amp_sim/share/amp_sim/package.zsh'
[13.087s] Level 1:colcon.colcon_core.environment:create_file_with_runtime_dependencies(/home/hollis/cu/5254_final/install/amp_sim/share/colcon-core/packages/amp_sim)
[13.087s] INFO:colcon.colcon_ros.task.ament_cmake.build:Building ROS package in '/home/hollis/cu/5254_final/src/amp_agents' with build type 'ament_cmake'
[13.087s] INFO:colcon.colcon_cmake.task.cmake.build:Building CMake package in '/home/hollis/cu/5254_final/src/amp_agents'
[13.087s] INFO:colcon.colcon_core.shell:Skip shell extension 'powershell' for command environment: Not usable outside of PowerShell
[13.087s] DEBUG:colcon.colcon_core.shell:Skip shell extension 'dsv' for command environment
[13.092s] INFO:colcon.colcon_ros.task.ament_cmake.build:Building ROS package in '/home/hollis/cu/5254_final/src/amp_viz' with build type 'ament_cmake'
[13.093s] INFO:colcon.colcon_cmake.task.cmake.build:Building CMake package in '/home/hollis/cu/5254_final/src/amp_viz'
[13.093s] INFO:colcon.colcon_core.shell:Skip shell extension 'powershell' for command environment: Not usable outside of PowerShell
[13.093s] DEBUG:colcon.colcon_core.shell:Skip shell extension 'dsv' for command environment
[13.111s] DEBUG:colcon.colcon_core.event_handler.log_command:Invoking command in '/home/hollis/cu/5254_final/build/amp_agents': CMAKE_PREFIX_PATH=/home/hollis/cu/5254_final/install/amp_sim:/home/hollis/cu/5254_final/install/amp_msgs:/home/hollis/cu/5254_final/install/amp_viz:/home/hollis/cu/5254_final/install/amp_agents:/opt/ros/humble LD_LIBRARY_PATH=/home/hollis/cu/5254_final/install/amp_msgs/lib:/home/hollis/cu/5254_final/install/amp_viz/lib:/home/hollis/cu/5254_final/install/amp_sim/lib:/opt/ros/humble/opt/rviz_ogre_vendor/lib:/opt/ros/humble/lib/x86_64-linux-gnu:/opt/ros/humble/lib /usr/bin/cmake --build /home/hollis/cu/5254_final/build/amp_agents -- -j24 -l24
[13.111s] DEBUG:colcon.colcon_core.event_handler.log_command:Invoking command in '/home/hollis/cu/5254_final/build/amp_viz': CMAKE_PREFIX_PATH=/home/hollis/cu/5254_final/install/amp_sim:/home/hollis/cu/5254_final/install/amp_msgs:/home/hollis/cu/5254_final/install/amp_viz:/home/hollis/cu/5254_final/install/amp_agents:/opt/ros/humble LD_LIBRARY_PATH=/home/hollis/cu/5254_final/install/amp_msgs/lib:/home/hollis/cu/5254_final/install/amp_viz/lib:/home/hollis/cu/5254_final/install/amp_sim/lib:/opt/ros/humble/opt/rviz_ogre_vendor/lib:/opt/ros/humble/lib/x86_64-linux-gnu:/opt/ros/humble/lib /usr/bin/cmake --build /home/hollis/cu/5254_final/build/amp_viz -- -j24 -l24
[13.297s] DEBUG:colcon.colcon_core.event_handler.log_command:Invoked command in '/home/hollis/cu/5254_final/build/amp_agents' returned '0': CMAKE_PREFIX_PATH=/home/hollis/cu/5254_final/install/amp_sim:/home/hollis/cu/5254_final/install/amp_msgs:/home/hollis/cu/5254_final/install/amp_viz:/home/hollis/cu/5254_final/install/amp_agents:/opt/ros/humble LD_LIBRARY_PATH=/home/hollis/cu/5254_final/install/amp_msgs/lib:/home/hollis/cu/5254_final/install/amp_viz/lib:/home/hollis/cu/5254_final/install/amp_sim/lib:/opt/ros/humble/opt/rviz_ogre_vendor/lib:/opt/ros/humble/lib/x86_64-linux-gnu:/opt/ros/humble/lib /usr/bin/cmake --build /home/hollis/cu/5254_final/build/amp_agents -- -j24 -l24
[13.298s] DEBUG:colcon.colcon_core.event_handler.log_command:Invoking command in '/home/hollis/cu/5254_final/build/amp_agents': CMAKE_PREFIX_PATH=/home/hollis/cu/5254_final/install/amp_sim:/home/hollis/cu/5254_final/install/amp_msgs:/home/hollis/cu/5254_final/install/amp_viz:/home/hollis/cu/5254_final/install/amp_agents:/opt/ros/humble LD_LIBRARY_PATH=/home/hollis/cu/5254_final/install/amp_msgs/lib:/home/hollis/cu/5254_final/install/amp_viz/lib:/home/hollis/cu/5254_final/install/amp_sim/lib:/opt/ros/humble/opt/rviz_ogre_vendor/lib:/opt/ros/humble/lib/x86_64-linux-gnu:/opt/ros/humble/lib /usr/bin/cmake --install /home/hollis/cu/5254_final/build/amp_agents
[13.307s] Level 1:colcon.colcon_core.environment:create_environment_scripts_only(amp_agents)
[13.307s] Level 1:colcon.colcon_core.environment:checking '/home/hollis/cu/5254_final/install/amp_agents' for CMake module files
[13.308s] Level 1:colcon.colcon_core.environment:checking '/home/hollis/cu/5254_final/install/amp_agents' for CMake config files
[13.308s] Level 1:colcon.colcon_core.shell:create_environment_hook('amp_agents', 'cmake_prefix_path')
[13.308s] INFO:colcon.colcon_core.shell:Creating environment hook '/home/hollis/cu/5254_final/install/amp_agents/share/amp_agents/hook/cmake_prefix_path.ps1'
[13.308s] DEBUG:colcon.colcon_core.event_handler.log_command:Invoked command in '/home/hollis/cu/5254_final/build/amp_agents' returned '0': CMAKE_PREFIX_PATH=/home/hollis/cu/5254_final/install/amp_sim:/home/hollis/cu/5254_final/install/amp_msgs:/home/hollis/cu/5254_final/install/amp_viz:/home/hollis/cu/5254_final/install/amp_agents:/opt/ros/humble LD_LIBRARY_PATH=/home/hollis/cu/5254_final/install/amp_msgs/lib:/home/hollis/cu/5254_final/install/amp_viz/lib:/home/hollis/cu/5254_final/install/amp_sim/lib:/opt/ros/humble/opt/rviz_ogre_vendor/lib:/opt/ros/humble/lib/x86_64-linux-gnu:/opt/ros/humble/lib /usr/bin/cmake --install /home/hollis/cu/5254_final/build/amp_agents
[13.311s] INFO:colcon.colcon_core.shell:Creating environment descriptor '/home/hollis/cu/5254_final/install/amp_agents/share/amp_agents/hook/cmake_prefix_path.dsv'
[13.312s] INFO:colcon.colcon_core.shell:Creating environment hook '/home/hollis/cu/5254_final/install/amp_agents/share/amp_agents/hook/cmake_prefix_path.sh'
[13.312s] Level 1:colcon.colcon_core.environment:checking '/home/hollis/cu/5254_final/install/amp_agents/lib'
[13.312s] Level 1:colcon.colcon_core.environment:checking '/home/hollis/cu/5254_final/install/amp_agents/bin'
[13.312s] Level 1:colcon.colcon_core.environment:checking '/home/hollis/cu/5254_final/install/amp_agents/lib/pkgconfig/amp_agents.pc'
[13.312s] Level 1:colcon.colcon_core.environment:checking '/home/hollis/cu/5254_final/install/amp_agents/lib/python3.10/site-packages'
[13.313s] Level 1:colcon.colcon_core.environment:checking '/home/hollis/cu/5254_final/install/amp_agents/bin'
[13.313s] INFO:colcon.colcon_core.shell:Creating package script '/home/hollis/cu/5254_final/install/amp_agents/share/amp_agents/package.ps1'
[13.313s] INFO:colcon.colcon_core.shell:Creating package descriptor '/home/hollis/cu/5254_final/install/amp_agents/share/amp_agents/package.dsv'
[13.313s] INFO:colcon.colcon_core.shell:Creating package script '/home/hollis/cu/5254_final/install/amp_agents/share/amp_agents/package.sh'
[13.314s] INFO:colcon.colcon_core.shell:Creating package script '/home/hollis/cu/5254_final/install/amp_agents/share/amp_agents/package.bash'
[13.314s] INFO:colcon.colcon_core.shell:Creating package script '/home/hollis/cu/5254_final/install/amp_agents/share/amp_agents/package.zsh'
[13.314s] Level 1:colcon.colcon_core.environment:create_file_with_runtime_dependencies(/home/hollis/cu/5254_final/install/amp_agents/share/colcon-core/packages/amp_agents)
[13.320s] Level 1:colcon.colcon_core.environment:create_environment_scripts_only(amp_agents)
[13.321s] Level 1:colcon.colcon_core.environment:checking '/home/hollis/cu/5254_final/install/amp_agents' for CMake module files
[13.321s] Level 1:colcon.colcon_core.environment:checking '/home/hollis/cu/5254_final/install/amp_agents' for CMake config files
[13.321s] Level 1:colcon.colcon_core.shell:create_environment_hook('amp_agents', 'cmake_prefix_path')
[13.321s] INFO:colcon.colcon_core.shell:Creating environment hook '/home/hollis/cu/5254_final/install/amp_agents/share/amp_agents/hook/cmake_prefix_path.ps1'
[13.322s] INFO:colcon.colcon_core.shell:Creating environment descriptor '/home/hollis/cu/5254_final/install/amp_agents/share/amp_agents/hook/cmake_prefix_path.dsv'
[13.322s] INFO:colcon.colcon_core.shell:Creating environment hook '/home/hollis/cu/5254_final/install/amp_agents/share/amp_agents/hook/cmake_prefix_path.sh'
[13.323s] Level 1:colcon.colcon_core.environment:checking '/home/hollis/cu/5254_final/install/amp_agents/lib'
[13.323s] Level 1:colcon.colcon_core.environment:checking '/home/hollis/cu/5254_final/install/amp_agents/bin'
[13.323s] Level 1:colcon.colcon_core.environment:checking '/home/hollis/cu/5254_final/install/amp_agents/lib/pkgconfig/amp_agents.pc'
[13.323s] Level 1:colcon.colcon_core.environment:checking '/home/hollis/cu/5254_final/install/amp_agents/lib/python3.10/site-packages'
[13.323s] Level 1:colcon.colcon_core.environment:checking '/home/hollis/cu/5254_final/install/amp_agents/bin'
[13.323s] INFO:colcon.colcon_core.shell:Creating package script '/home/hollis/cu/5254_final/install/amp_agents/share/amp_agents/package.ps1'
[13.328s] INFO:colcon.colcon_core.shell:Creating package descriptor '/home/hollis/cu/5254_final/install/amp_agents/share/amp_agents/package.dsv'
[13.328s] INFO:colcon.colcon_core.shell:Creating package script '/home/hollis/cu/5254_final/install/amp_agents/share/amp_agents/package.sh'
[13.329s] INFO:colcon.colcon_core.shell:Creating package script '/home/hollis/cu/5254_final/install/amp_agents/share/amp_agents/package.bash'
[13.329s] INFO:colcon.colcon_core.shell:Creating package script '/home/hollis/cu/5254_final/install/amp_agents/share/amp_agents/package.zsh'
[13.330s] Level 1:colcon.colcon_core.environment:create_file_with_runtime_dependencies(/home/hollis/cu/5254_final/install/amp_agents/share/colcon-core/packages/amp_agents)
[19.283s] DEBUG:colcon.colcon_core.event_handler.log_command:Invoked command in '/home/hollis/cu/5254_final/build/amp_viz' returned '0': CMAKE_PREFIX_PATH=/home/hollis/cu/5254_final/install/amp_sim:/home/hollis/cu/5254_final/install/amp_msgs:/home/hollis/cu/5254_final/install/amp_viz:/home/hollis/cu/5254_final/install/amp_agents:/opt/ros/humble LD_LIBRARY_PATH=/home/hollis/cu/5254_final/install/amp_msgs/lib:/home/hollis/cu/5254_final/install/amp_viz/lib:/home/hollis/cu/5254_final/install/amp_sim/lib:/opt/ros/humble/opt/rviz_ogre_vendor/lib:/opt/ros/humble/lib/x86_64-linux-gnu:/opt/ros/humble/lib /usr/bin/cmake --build /home/hollis/cu/5254_final/build/amp_viz -- -j24 -l24
[19.285s] DEBUG:colcon.colcon_core.event_handler.log_command:Invoking command in '/home/hollis/cu/5254_final/build/amp_viz': CMAKE_PREFIX_PATH=/home/hollis/cu/5254_final/install/amp_sim:/home/hollis/cu/5254_final/install/amp_msgs:/home/hollis/cu/5254_final/install/amp_viz:/home/hollis/cu/5254_final/install/amp_agents:/opt/ros/humble LD_LIBRARY_PATH=/home/hollis/cu/5254_final/install/amp_msgs/lib:/home/hollis/cu/5254_final/install/amp_viz/lib:/home/hollis/cu/5254_final/install/amp_sim/lib:/opt/ros/humble/opt/rviz_ogre_vendor/lib:/opt/ros/humble/lib/x86_64-linux-gnu:/opt/ros/humble/lib /usr/bin/cmake --install /home/hollis/cu/5254_final/build/amp_viz
[19.298s] Level 1:colcon.colcon_core.environment:create_environment_scripts_only(amp_viz)
[19.298s] DEBUG:colcon.colcon_core.event_handler.log_command:Invoked command in '/home/hollis/cu/5254_final/build/amp_viz' returned '0': CMAKE_PREFIX_PATH=/home/hollis/cu/5254_final/install/amp_sim:/home/hollis/cu/5254_final/install/amp_msgs:/home/hollis/cu/5254_final/install/amp_viz:/home/hollis/cu/5254_final/install/amp_agents:/opt/ros/humble LD_LIBRARY_PATH=/home/hollis/cu/5254_final/install/amp_msgs/lib:/home/hollis/cu/5254_final/install/amp_viz/lib:/home/hollis/cu/5254_final/install/amp_sim/lib:/opt/ros/humble/opt/rviz_ogre_vendor/lib:/opt/ros/humble/lib/x86_64-linux-gnu:/opt/ros/humble/lib /usr/bin/cmake --install /home/hollis/cu/5254_final/build/amp_viz
[19.298s] Level 1:colcon.colcon_core.environment:checking '/home/hollis/cu/5254_final/install/amp_viz' for CMake module files
[19.301s] Level 1:colcon.colcon_core.environment:checking '/home/hollis/cu/5254_final/install/amp_viz' for CMake config files
[19.302s] Level 1:colcon.colcon_core.shell:create_environment_hook('amp_viz', 'cmake_prefix_path')
[19.302s] INFO:colcon.colcon_core.shell:Creating environment hook '/home/hollis/cu/5254_final/install/amp_viz/share/amp_viz/hook/cmake_prefix_path.ps1'
[19.302s] INFO:colcon.colcon_core.shell:Creating environment descriptor '/home/hollis/cu/5254_final/install/amp_viz/share/amp_viz/hook/cmake_prefix_path.dsv'
[19.302s] INFO:colcon.colcon_core.shell:Creating environment hook '/home/hollis/cu/5254_final/install/amp_viz/share/amp_viz/hook/cmake_prefix_path.sh'
[19.303s] Level 1:colcon.colcon_core.environment:checking '/home/hollis/cu/5254_final/install/amp_viz/lib'
[19.303s] Level 1:colcon.colcon_core.shell:create_environment_hook('amp_viz', 'ld_library_path_lib')
[19.303s] INFO:colcon.colcon_core.shell:Creating environment hook '/home/hollis/cu/5254_final/install/amp_viz/share/amp_viz/hook/ld_library_path_lib.ps1'
[19.303s] INFO:colcon.colcon_core.shell:Creating environment descriptor '/home/hollis/cu/5254_final/install/amp_viz/share/amp_viz/hook/ld_library_path_lib.dsv'
[19.304s] INFO:colcon.colcon_core.shell:Creating environment hook '/home/hollis/cu/5254_final/install/amp_viz/share/amp_viz/hook/ld_library_path_lib.sh'
[19.304s] Level 1:colcon.colcon_core.environment:checking '/home/hollis/cu/5254_final/install/amp_viz/bin'
[19.304s] Level 1:colcon.colcon_core.environment:checking '/home/hollis/cu/5254_final/install/amp_viz/lib/pkgconfig/amp_viz.pc'
[19.304s] Level 1:colcon.colcon_core.environment:checking '/home/hollis/cu/5254_final/install/amp_viz/lib/python3.10/site-packages'
[19.305s] Level 1:colcon.colcon_core.environment:checking '/home/hollis/cu/5254_final/install/amp_viz/bin'
[19.305s] INFO:colcon.colcon_core.shell:Creating package script '/home/hollis/cu/5254_final/install/amp_viz/share/amp_viz/package.ps1'
[19.306s] INFO:colcon.colcon_core.shell:Creating package descriptor '/home/hollis/cu/5254_final/install/amp_viz/share/amp_viz/package.dsv'
[19.306s] INFO:colcon.colcon_core.shell:Creating package script '/home/hollis/cu/5254_final/install/amp_viz/share/amp_viz/package.sh'
[19.306s] INFO:colcon.colcon_core.shell:Creating package script '/home/hollis/cu/5254_final/install/amp_viz/share/amp_viz/package.bash'
[19.307s] INFO:colcon.colcon_core.shell:Creating package script '/home/hollis/cu/5254_final/install/amp_viz/share/amp_viz/package.zsh'
[19.307s] Level 1:colcon.colcon_core.environment:create_file_with_runtime_dependencies(/home/hollis/cu/5254_final/install/amp_viz/share/colcon-core/packages/amp_viz)
[19.308s] Level 1:colcon.colcon_core.environment:create_environment_scripts_only(amp_viz)
[19.308s] Level 1:colcon.colcon_core.environment:checking '/home/hollis/cu/5254_final/install/amp_viz' for CMake module files
[19.308s] Level 1:colcon.colcon_core.environment:checking '/home/hollis/cu/5254_final/install/amp_viz' for CMake config files
[19.308s] Level 1:colcon.colcon_core.shell:create_environment_hook('amp_viz', 'cmake_prefix_path')
[19.308s] INFO:colcon.colcon_core.shell:Creating environment hook '/home/hollis/cu/5254_final/install/amp_viz/share/amp_viz/hook/cmake_prefix_path.ps1'
[19.309s] INFO:colcon.colcon_core.shell:Creating environment descriptor '/home/hollis/cu/5254_final/install/amp_viz/share/amp_viz/hook/cmake_prefix_path.dsv'
[19.309s] INFO:colcon.colcon_core.shell:Creating environment hook '/home/hollis/cu/5254_final/install/amp_viz/share/amp_viz/hook/cmake_prefix_path.sh'
[19.312s] Level 1:colcon.colcon_core.environment:checking '/home/hollis/cu/5254_final/install/amp_viz/lib'
[19.312s] Level 1:colcon.colcon_core.shell:create_environment_hook('amp_viz', 'ld_library_path_lib')
[19.312s] INFO:colcon.colcon_core.shell:Creating environment hook '/home/hollis/cu/5254_final/install/amp_viz/share/amp_viz/hook/ld_library_path_lib.ps1'
[19.313s] INFO:colcon.colcon_core.shell:Creating environment descriptor '/home/hollis/cu/5254_final/install/amp_viz/share/amp_viz/hook/ld_library_path_lib.dsv'
[19.313s] INFO:colcon.colcon_core.shell:Creating environment hook '/home/hollis/cu/5254_final/install/amp_viz/share/amp_viz/hook/ld_library_path_lib.sh'
[19.313s] Level 1:colcon.colcon_core.environment:checking '/home/hollis/cu/5254_final/install/amp_viz/bin'
[19.313s] Level 1:colcon.colcon_core.environment:checking '/home/hollis/cu/5254_final/install/amp_viz/lib/pkgconfig/amp_viz.pc'
[19.313s] Level 1:colcon.colcon_core.environment:checking '/home/hollis/cu/5254_final/install/amp_viz/lib/python3.10/site-packages'
[19.314s] Level 1:colcon.colcon_core.environment:checking '/home/hollis/cu/5254_final/install/amp_viz/bin'
[19.314s] INFO:colcon.colcon_core.shell:Creating package script '/home/hollis/cu/5254_final/install/amp_viz/share/amp_viz/package.ps1'
[19.314s] INFO:colcon.colcon_core.shell:Creating package descriptor '/home/hollis/cu/5254_final/install/amp_viz/share/amp_viz/package.dsv'
[19.314s] INFO:colcon.colcon_core.shell:Creating package script '/home/hollis/cu/5254_final/install/amp_viz/share/amp_viz/package.sh'
[19.315s] INFO:colcon.colcon_core.shell:Creating package script '/home/hollis/cu/5254_final/install/amp_viz/share/amp_viz/package.bash'
[19.315s] INFO:colcon.colcon_core.shell:Creating package script '/home/hollis/cu/5254_final/install/amp_viz/share/amp_viz/package.zsh'
[19.317s] Level 1:colcon.colcon_core.environment:create_file_with_runtime_dependencies(/home/hollis/cu/5254_final/install/amp_viz/share/colcon-core/packages/amp_viz)
[19.317s] DEBUG:colcon.colcon_parallel_executor.executor.parallel:closing loop
[19.317s] DEBUG:colcon.colcon_parallel_executor.executor.parallel:loop closed
[19.317s] DEBUG:colcon.colcon_parallel_executor.executor.parallel:run_until_complete finished with '0'
[19.318s] DEBUG:colcon.colcon_core.event_reactor:joining thread
[19.325s] INFO:colcon.colcon_core.plugin_system:Skipping extension 'colcon_notification.desktop_notification.terminal_notifier': Not used on non-Darwin systems
[19.325s] INFO:colcon.colcon_core.plugin_system:Skipping extension 'colcon_notification.desktop_notification.win32': Not used on non-Windows systems
[19.325s] INFO:colcon.colcon_notification.desktop_notification:Sending desktop notification using 'notify2'
[19.345s] DEBUG:colcon.colcon_core.event_reactor:joined thread
[19.346s] INFO:colcon.colcon_core.shell:Creating prefix script '/home/hollis/cu/5254_final/install/local_setup.ps1'
[19.346s] INFO:colcon.colcon_core.shell:Creating prefix util module '/home/hollis/cu/5254_final/install/_local_setup_util_ps1.py'
[19.347s] INFO:colcon.colcon_core.shell:Creating prefix chain script '/home/hollis/cu/5254_final/install/setup.ps1'
[19.348s] INFO:colcon.colcon_core.shell:Creating prefix script '/home/hollis/cu/5254_final/install/local_setup.sh'
[19.348s] INFO:colcon.colcon_core.shell:Creating prefix util module '/home/hollis/cu/5254_final/install/_local_setup_util_sh.py'
[19.348s] INFO:colcon.colcon_core.shell:Creating prefix chain script '/home/hollis/cu/5254_final/install/setup.sh'
[19.349s] INFO:colcon.colcon_core.shell:Creating prefix script '/home/hollis/cu/5254_final/install/local_setup.bash'
[19.349s] INFO:colcon.colcon_core.shell:Creating prefix chain script '/home/hollis/cu/5254_final/install/setup.bash'
[19.350s] INFO:colcon.colcon_core.shell:Creating prefix script '/home/hollis/cu/5254_final/install/local_setup.zsh'
[19.350s] INFO:colcon.colcon_core.shell:Creating prefix chain script '/home/hollis/cu/5254_final/install/setup.zsh'
