[0.010s] Invoking command in '/home/hollis/cu/5254_final/build/amp_viz': CMAKE_PREFIX_PATH=/home/hollis/cu/5254_final/install/amp_sim:/home/hollis/cu/5254_final/install/amp_msgs:/home/hollis/cu/5254_final/install/amp_viz:/home/hollis/cu/5254_final/install/amp_agents:/opt/ros/humble LD_LIBRARY_PATH=/home/hollis/cu/5254_final/install/amp_msgs/lib:/home/hollis/cu/5254_final/install/amp_viz/lib:/home/hollis/cu/5254_final/install/amp_sim/lib:/opt/ros/humble/opt/rviz_ogre_vendor/lib:/opt/ros/humble/lib/x86_64-linux-gnu:/opt/ros/humble/lib /usr/bin/cmake /home/hollis/cu/5254_final/src/amp_viz -DCMAKE_INSTALL_PREFIX=/home/hollis/cu/5254_final/install/amp_viz
[0.045s] -- The C compiler identification is GNU 11.4.0
[0.079s] -- The CXX compiler identification is GNU 11.4.0
[0.084s] -- Detecting C compiler ABI info
[0.128s] -- Detecting C compiler ABI info - done
[0.132s] -- Check for working C compiler: /usr/bin/cc - skipped
[0.132s] -- Detecting C compile features
[0.132s] -- Detecting C compile features - done
[0.135s] -- Detecting CXX compiler ABI info
[0.187s] -- Detecting CXX compiler ABI info - done
[0.192s] -- Check for working CXX compiler: /usr/bin/c++ - skipped
[0.192s] -- Detecting CXX compile features
[0.193s] -- Detecting CXX compile features - done
[0.195s] -- Found ament_cmake: 1.3.12 (/opt/ros/humble/share/ament_cmake/cmake)
[0.273s] -- Found Python3: /usr/bin/python3 (found version "3.10.12") found components: Interpreter 
[0.325s] -- Found rclpy: 3.3.17 (/opt/ros/humble/share/rclpy/cmake)
[0.325s] -- Found rviz_common: 11.2.20 (/opt/ros/humble/share/rviz_common/cmake)
[0.343s] -- Setting assimp_DIR to: '/opt/ros/humble/share/rviz_assimp_vendor/cmake/../../../opt/rviz_assimp_vendor/lib/cmake/assimp-4.1'
[0.345s] -- Setting OGRE_DIR to: '/opt/ros/humble/share/rviz_ogre_vendor/cmake/../../../opt/rviz_ogre_vendor/lib/OGRE/cmake'
[0.346s] -- Found OGRE
[0.346s] --   static     : OFF
[0.346s] --   components : HLMS;MeshLodGenerator;Overlay;Paging;Property;RTShaderSystem;Terrain;Volume
[0.346s] --   plugins    : Plugin_BSPSceneManager;Plugin_OctreeSceneManager;Plugin_PCZSceneManager;Plugin_ParticleFX;RenderSystem_GL;RenderSystem_GL3Plus;Codec_STBI
[0.346s] --   media      : /opt/ros/humble/opt/rviz_ogre_vendor/share/OGRE/Media
[0.346s] -- OGRE_LIBRARIES: OgreHLMS;OgreMeshLodGenerator;OgreOverlay;OgrePaging;OgreProperty;OgreRTShaderSystem;OgreTerrain;OgreVolume;OgreMain
[0.346s] -- OGRE_LIBRARY_DIRS: /opt/ros/humble/opt/rviz_ogre_vendor/lib
[0.346s] -- OGRE_PLUGINS: Plugin_BSPSceneManager;Plugin_OctreeSceneManager;Plugin_PCZSceneManager;Plugin_ParticleFX;RenderSystem_GL;RenderSystem_GL3Plus;Codec_STBI
[0.346s] -- OGRE_PLUGIN_DIR: /opt/ros/humble/opt/rviz_ogre_vendor/lib/OGRE
[0.347s] -- rviz_ogre_vendor::OgreOverlay for IMPORTED_LOCATION_RELEASE: /opt/ros/humble/opt/rviz_ogre_vendor/lib/libOgreOverlay.so
[0.347s] -- rviz_ogre_vendor::OgreOverlay for IMPORTED_LOCATION_DEBUG: /opt/ros/humble/opt/rviz_ogre_vendor/lib/libOgreOverlay.so
[0.347s] -- rviz_ogre_vendor::OgreMain for IMPORTED_LOCATION_RELEASE: /opt/ros/humble/opt/rviz_ogre_vendor/lib/libOgreMain.so
[0.348s] -- rviz_ogre_vendor::OgreMain for IMPORTED_LOCATION_DEBUG: /opt/ros/humble/opt/rviz_ogre_vendor/lib/libOgreMain.so
[0.351s] -- Could not find freeimage library
[0.363s] -- Found ZLIB: /usr/lib/x86_64-linux-gnu/libz.so (found version "1.2.11") 
[0.366s] -- Found OpenGL: /usr/lib/x86_64-linux-gnu/libOpenGL.so   
[0.422s] -- Found X11: /usr/include   
[0.422s] -- Looking for XOpenDisplay in /usr/lib/x86_64-linux-gnu/libX11.so;/usr/lib/x86_64-linux-gnu/libXext.so
[0.469s] -- Looking for XOpenDisplay in /usr/lib/x86_64-linux-gnu/libX11.so;/usr/lib/x86_64-linux-gnu/libXext.so - found
[0.469s] -- Looking for gethostbyname
[0.516s] -- Looking for gethostbyname - found
[0.516s] -- Looking for connect
[0.562s] -- Looking for connect - found
[0.562s] -- Looking for remove
[0.616s] -- Looking for remove - found
[0.616s] -- Looking for shmat
[0.659s] -- Looking for shmat - found
[0.660s] -- Looking for IceConnectionNumber in ICE
[0.710s] -- Looking for IceConnectionNumber in ICE - found
[0.763s] -- library: /usr/lib/x86_64-linux-gnu/libcurl.so
[0.781s] -- Found rosidl_generator_c: 3.1.7 (/opt/ros/humble/share/rosidl_generator_c/cmake)
[0.783s] -- Found rosidl_adapter: 3.1.7 (/opt/ros/humble/share/rosidl_adapter/cmake)
[0.788s] -- Found rosidl_generator_cpp: 3.1.7 (/opt/ros/humble/share/rosidl_generator_cpp/cmake)
[0.794s] -- Using all available rosidl_typesupport_c: rosidl_typesupport_fastrtps_c;rosidl_typesupport_introspection_c
[0.803s] -- Using all available rosidl_typesupport_cpp: rosidl_typesupport_fastrtps_cpp;rosidl_typesupport_introspection_cpp
[0.864s] -- Found rmw_implementation_cmake: 6.1.2 (/opt/ros/humble/share/rmw_implementation_cmake/cmake)
[0.864s] -- Found rmw_fastrtps_cpp: 6.2.8 (/opt/ros/humble/share/rmw_fastrtps_cpp/cmake)
[0.880s] -- Found TinyXML2 via Config file: TinyXML2_DIR-NOTFOUND
[0.919s] -- Found OpenSSL: /usr/lib/x86_64-linux-gnu/libcrypto.so (found version "3.0.2")  
[0.920s] -- Found TinyXML2 via Config file: TinyXML2_DIR-NOTFOUND
[0.931s] -- Found FastRTPS: /opt/ros/humble/include  
[0.935s] -- Found TinyXML2 via Config file: TinyXML2_DIR-NOTFOUND
[0.941s] -- Found TinyXML2 via Config file: TinyXML2_DIR-NOTFOUND
[0.953s] -- Using RMW implementation 'rmw_fastrtps_cpp' as default
[0.955s] -- Looking for pthread.h
[1.020s] -- Looking for pthread.h - found
[1.020s] -- Performing Test CMAKE_HAVE_LIBC_PTHREAD
[1.075s] -- Performing Test CMAKE_HAVE_LIBC_PTHREAD - Success
[1.077s] -- Found Threads: TRUE  
[1.122s] -- Found Eigen3: TRUE (found version "3.4.0") 
[1.122s] -- Ensuring Eigen3 include directory is part of orocos-kdl CMake target
[1.183s] -- Found amp_msgs: 0.0.0 (/home/hollis/cu/5254_final/install/amp_msgs/share/amp_msgs/cmake)
[1.189s] -- Found ament_cmake_ros: 0.10.0 (/opt/ros/humble/share/ament_cmake_ros/cmake)
[1.194s] -- Found ament_lint_auto: 0.12.14 (/opt/ros/humble/share/ament_lint_auto/cmake)
[1.256s] -- Added test 'cppcheck' to perform static code analysis on C / C++ code
[1.256s] -- Configured cppcheck include dirs: $<BUILD_INTERFACE:/home/hollis/cu/5254_final/src/amp_viz/include>
[1.256s] -- Configured cppcheck exclude dirs and/or files: 
[1.257s] -- Added test 'flake8' to check Python code syntax and style conventions
[1.257s] -- Added test 'lint_cmake' to check CMake code style
[1.257s] -- Added test 'pep257' to check Python code against some of the docstring style conventions in PEP 257
[1.258s] -- Added test 'uncrustify' to check C / C++ code style
[1.258s] -- Configured uncrustify additional arguments: 
[1.258s] -- Added test 'xmllint' to check XML markup files
[1.260s] -- Configuring done
[1.284s] -- Generating done
[1.289s] -- Build files have been written to: /home/hollis/cu/5254_final/build/amp_viz
[1.298s] Invoked command in '/home/hollis/cu/5254_final/build/amp_viz' returned '0': CMAKE_PREFIX_PATH=/home/hollis/cu/5254_final/install/amp_sim:/home/hollis/cu/5254_final/install/amp_msgs:/home/hollis/cu/5254_final/install/amp_viz:/home/hollis/cu/5254_final/install/amp_agents:/opt/ros/humble LD_LIBRARY_PATH=/home/hollis/cu/5254_final/install/amp_msgs/lib:/home/hollis/cu/5254_final/install/amp_viz/lib:/home/hollis/cu/5254_final/install/amp_sim/lib:/opt/ros/humble/opt/rviz_ogre_vendor/lib:/opt/ros/humble/lib/x86_64-linux-gnu:/opt/ros/humble/lib /usr/bin/cmake /home/hollis/cu/5254_final/src/amp_viz -DCMAKE_INSTALL_PREFIX=/home/hollis/cu/5254_final/install/amp_viz
[1.300s] Invoking command in '/home/hollis/cu/5254_final/build/amp_viz': CMAKE_PREFIX_PATH=/home/hollis/cu/5254_final/install/amp_sim:/home/hollis/cu/5254_final/install/amp_msgs:/home/hollis/cu/5254_final/install/amp_viz:/home/hollis/cu/5254_final/install/amp_agents:/opt/ros/humble LD_LIBRARY_PATH=/home/hollis/cu/5254_final/install/amp_msgs/lib:/home/hollis/cu/5254_final/install/amp_viz/lib:/home/hollis/cu/5254_final/install/amp_sim/lib:/opt/ros/humble/opt/rviz_ogre_vendor/lib:/opt/ros/humble/lib/x86_64-linux-gnu:/opt/ros/humble/lib /usr/bin/cmake --build /home/hollis/cu/5254_final/build/amp_viz -- -j24 -l24
[1.336s] [ 16%] [34m[1mAutomatic MOC and UIC for target template_panel[0m
[1.360s] [ 16%] Built target template_panel_autogen
[1.366s] [ 33%] [34m[1mGenerating include/amp_viz/moc_template_panel.cpp[0m
[1.462s] [ 50%] [32mBuilding CXX object CMakeFiles/template_panel.dir/src/template_panel.cpp.o[0m
[1.462s] [ 83%] [32mBuilding CXX object CMakeFiles/template_panel.dir/include/amp_viz/moc_template_panel.cpp.o[0m
[1.462s] [ 83%] [32mBuilding CXX object CMakeFiles/template_panel.dir/template_panel_autogen/mocs_compilation.cpp.o[0m
[6.259s] [100%] [32m[1mLinking CXX shared library libtemplate_panel.so[0m
[6.928s] [100%] Built target template_panel
[6.942s] Invoked command in '/home/hollis/cu/5254_final/build/amp_viz' returned '0': CMAKE_PREFIX_PATH=/home/hollis/cu/5254_final/install/amp_sim:/home/hollis/cu/5254_final/install/amp_msgs:/home/hollis/cu/5254_final/install/amp_viz:/home/hollis/cu/5254_final/install/amp_agents:/opt/ros/humble LD_LIBRARY_PATH=/home/hollis/cu/5254_final/install/amp_msgs/lib:/home/hollis/cu/5254_final/install/amp_viz/lib:/home/hollis/cu/5254_final/install/amp_sim/lib:/opt/ros/humble/opt/rviz_ogre_vendor/lib:/opt/ros/humble/lib/x86_64-linux-gnu:/opt/ros/humble/lib /usr/bin/cmake --build /home/hollis/cu/5254_final/build/amp_viz -- -j24 -l24
[6.943s] Invoking command in '/home/hollis/cu/5254_final/build/amp_viz': CMAKE_PREFIX_PATH=/home/hollis/cu/5254_final/install/amp_sim:/home/hollis/cu/5254_final/install/amp_msgs:/home/hollis/cu/5254_final/install/amp_viz:/home/hollis/cu/5254_final/install/amp_agents:/opt/ros/humble LD_LIBRARY_PATH=/home/hollis/cu/5254_final/install/amp_msgs/lib:/home/hollis/cu/5254_final/install/amp_viz/lib:/home/hollis/cu/5254_final/install/amp_sim/lib:/opt/ros/humble/opt/rviz_ogre_vendor/lib:/opt/ros/humble/lib/x86_64-linux-gnu:/opt/ros/humble/lib /usr/bin/cmake --install /home/hollis/cu/5254_final/build/amp_viz
[6.947s] -- Install configuration: ""
[6.947s] -- Installing: /home/hollis/cu/5254_final/install/amp_viz/lib/libtemplate_panel.so
[6.949s] -- Set runtime path of "/home/hollis/cu/5254_final/install/amp_viz/lib/libtemplate_panel.so" to ""
[6.949s] -- Installing: /home/hollis/cu/5254_final/install/amp_viz/include
[6.949s] -- Installing: /home/hollis/cu/5254_final/install/amp_viz/include/amp_viz
[6.949s] -- Installing: /home/hollis/cu/5254_final/install/amp_viz/include/amp_viz/template_panel.hpp
[6.950s] -- Installing: /home/hollis/cu/5254_final/install/amp_viz/share/amp_viz/rviz_common_plugins.xml
[6.950s] -- Up-to-date: /home/hollis/cu/5254_final/install/amp_viz/share/amp_viz/rviz_common_plugins.xml
[6.950s] -- Installing: /home/hollis/cu/5254_final/install/amp_viz/lib/amp_viz/marker_pub.py
[6.950s] -- Installing: /home/hollis/cu/5254_final/install/amp_viz/share/marker_pub.py
[6.950s] -- Installing: /home/hollis/cu/5254_final/install/amp_viz/share/amp_viz//launch
[6.950s] -- Installing: /home/hollis/cu/5254_final/install/amp_viz/share/amp_viz//launch/amp_viz.launch.py
[6.950s] -- Installing: /home/hollis/cu/5254_final/install/amp_viz/share/amp_viz//meshes
[6.950s] -- Installing: /home/hollis/cu/5254_final/install/amp_viz/share/amp_viz//meshes/cannon_barrel
[6.950s] -- Installing: /home/hollis/cu/5254_final/install/amp_viz/share/amp_viz//meshes/cannon_barrel/mesh.dae
[6.950s] -- Installing: /home/hollis/cu/5254_final/install/amp_viz/share/amp_viz//meshes/cannon_barrel/model.dae
[6.950s] -- Installing: /home/hollis/cu/5254_final/install/amp_viz/share/ament_index/resource_index/package_run_dependencies/amp_viz
[6.950s] -- Installing: /home/hollis/cu/5254_final/install/amp_viz/share/ament_index/resource_index/parent_prefix_path/amp_viz
[6.950s] -- Installing: /home/hollis/cu/5254_final/install/amp_viz/share/amp_viz/environment/ament_prefix_path.sh
[6.950s] -- Installing: /home/hollis/cu/5254_final/install/amp_viz/share/amp_viz/environment/ament_prefix_path.dsv
[6.950s] -- Installing: /home/hollis/cu/5254_final/install/amp_viz/share/amp_viz/environment/path.sh
[6.950s] -- Installing: /home/hollis/cu/5254_final/install/amp_viz/share/amp_viz/environment/path.dsv
[6.950s] -- Installing: /home/hollis/cu/5254_final/install/amp_viz/share/amp_viz/local_setup.bash
[6.950s] -- Installing: /home/hollis/cu/5254_final/install/amp_viz/share/amp_viz/local_setup.sh
[6.950s] -- Installing: /home/hollis/cu/5254_final/install/amp_viz/share/amp_viz/local_setup.zsh
[6.950s] -- Installing: /home/hollis/cu/5254_final/install/amp_viz/share/amp_viz/local_setup.dsv
[6.950s] -- Installing: /home/hollis/cu/5254_final/install/amp_viz/share/amp_viz/package.dsv
[6.950s] -- Installing: /home/hollis/cu/5254_final/install/amp_viz/share/ament_index/resource_index/packages/amp_viz
[6.951s] -- Installing: /home/hollis/cu/5254_final/install/amp_viz/share/ament_index/resource_index/rviz_common__pluginlib__plugin/amp_viz
[6.951s] -- Installing: /home/hollis/cu/5254_final/install/amp_viz/share/amp_viz/cmake/export_template_panelExport.cmake
[6.951s] -- Installing: /home/hollis/cu/5254_final/install/amp_viz/share/amp_viz/cmake/export_template_panelExport-noconfig.cmake
[6.951s] -- Installing: /home/hollis/cu/5254_final/install/amp_viz/share/amp_viz/cmake/ament_cmake_export_include_directories-extras.cmake
[6.951s] -- Installing: /home/hollis/cu/5254_final/install/amp_viz/share/amp_viz/cmake/ament_cmake_export_targets-extras.cmake
[6.951s] -- Installing: /home/hollis/cu/5254_final/install/amp_viz/share/amp_viz/cmake/amp_vizConfig.cmake
[6.951s] -- Installing: /home/hollis/cu/5254_final/install/amp_viz/share/amp_viz/cmake/amp_vizConfig-version.cmake
[6.951s] -- Installing: /home/hollis/cu/5254_final/install/amp_viz/share/amp_viz/package.xml
[6.955s] Invoked command in '/home/hollis/cu/5254_final/build/amp_viz' returned '0': CMAKE_PREFIX_PATH=/home/hollis/cu/5254_final/install/amp_sim:/home/hollis/cu/5254_final/install/amp_msgs:/home/hollis/cu/5254_final/install/amp_viz:/home/hollis/cu/5254_final/install/amp_agents:/opt/ros/humble LD_LIBRARY_PATH=/home/hollis/cu/5254_final/install/amp_msgs/lib:/home/hollis/cu/5254_final/install/amp_viz/lib:/home/hollis/cu/5254_final/install/amp_sim/lib:/opt/ros/humble/opt/rviz_ogre_vendor/lib:/opt/ros/humble/lib/x86_64-linux-gnu:/opt/ros/humble/lib /usr/bin/cmake --install /home/hollis/cu/5254_final/build/amp_viz
