[0.005s] Invoking command in '/home/hollis/cu/5254_final/build/amp_msgs': CMAKE_PREFIX_PATH=${CMAKE_PREFIX_PATH}:/opt/ros/humble /usr/bin/cmake --build /home/hollis/cu/5254_final/build/amp_msgs -- -j24 -l24
[0.048s] [  3%] Built target amp_msgs__cpp
[0.048s] [ 12%] Built target amp_msgs__rosidl_generator_c
[0.055s] [ 12%] Built target ament_cmake_python_copy_amp_msgs
[0.067s] [ 23%] Built target amp_msgs__rosidl_typesupport_cpp
[0.067s] [ 34%] Built target amp_msgs__rosidl_typesupport_introspection_cpp
[0.067s] [ 49%] Built target amp_msgs__rosidl_typesupport_introspection_c
[0.069s] [ 57%] Built target amp_msgs__rosidl_typesupport_fastrtps_cpp
[0.069s] [ 68%] Built target amp_msgs__rosidl_typesupport_c
[0.070s] [ 79%] Built target amp_msgs__rosidl_typesupport_fastrtps_c
[0.092s] [ 79%] Built target amp_msgs
[0.116s] [ 80%] Built target amp_msgs__py
[0.137s] [ 90%] Built target amp_msgs__rosidl_generator_py
[0.155s] [ 93%] Built target amp_msgs__rosidl_typesupport_c__pyext
[0.156s] [ 96%] Built target amp_msgs__rosidl_typesupport_fastrtps_c__pyext
[0.161s] [100%] Built target amp_msgs__rosidl_typesupport_introspection_c__pyext
[0.202s] running egg_info
[0.204s] writing amp_msgs.egg-info/PKG-INFO
[0.204s] writing dependency_links to amp_msgs.egg-info/dependency_links.txt
[0.204s] writing top-level names to amp_msgs.egg-info/top_level.txt
[0.204s] reading manifest file 'amp_msgs.egg-info/SOURCES.txt'
[0.206s] writing manifest file 'amp_msgs.egg-info/SOURCES.txt'
[0.227s] [100%] Built target ament_cmake_python_build_amp_msgs_egg
[0.238s] Invoked command in '/home/hollis/cu/5254_final/build/amp_msgs' returned '0': CMAKE_PREFIX_PATH=${CMAKE_PREFIX_PATH}:/opt/ros/humble /usr/bin/cmake --build /home/hollis/cu/5254_final/build/amp_msgs -- -j24 -l24
[0.246s] Invoking command in '/home/hollis/cu/5254_final/build/amp_msgs': CMAKE_PREFIX_PATH=${CMAKE_PREFIX_PATH}:/opt/ros/humble /usr/bin/cmake --install /home/hollis/cu/5254_final/build/amp_msgs
[0.255s] -- Install configuration: ""
[0.255s] -- Up-to-date: /home/hollis/cu/5254_final/install/amp_msgs/share/ament_index/resource_index/rosidl_interfaces/amp_msgs
[0.255s] -- Up-to-date: /home/hollis/cu/5254_final/install/amp_msgs/include/amp_msgs/amp_msgs
[0.255s] -- Up-to-date: /home/hollis/cu/5254_final/install/amp_msgs/include/amp_msgs/amp_msgs/msg
[0.255s] -- Up-to-date: /home/hollis/cu/5254_final/install/amp_msgs/include/amp_msgs/amp_msgs/msg/agent_control.h
[0.256s] -- Up-to-date: /home/hollis/cu/5254_final/install/amp_msgs/include/amp_msgs/amp_msgs/msg/rosidl_generator_c__visibility_control.h
[0.256s] -- Up-to-date: /home/hollis/cu/5254_final/install/amp_msgs/include/amp_msgs/amp_msgs/msg/ball_trajectory.h
[0.256s] -- Up-to-date: /home/hollis/cu/5254_final/install/amp_msgs/include/amp_msgs/amp_msgs/msg/ideal_path.h
[0.256s] -- Up-to-date: /home/hollis/cu/5254_final/install/amp_msgs/include/amp_msgs/amp_msgs/msg/detail
[0.256s] -- Up-to-date: /home/hollis/cu/5254_final/install/amp_msgs/include/amp_msgs/amp_msgs/msg/detail/agent_control__functions.h
[0.256s] -- Up-to-date: /home/hollis/cu/5254_final/install/amp_msgs/include/amp_msgs/amp_msgs/msg/detail/agent_control__struct.h
[0.256s] -- Up-to-date: /home/hollis/cu/5254_final/install/amp_msgs/include/amp_msgs/amp_msgs/msg/detail/ball_trajectory__functions.c
[0.256s] -- Up-to-date: /home/hollis/cu/5254_final/install/amp_msgs/include/amp_msgs/amp_msgs/msg/detail/ideal_path__type_support.h
[0.256s] -- Up-to-date: /home/hollis/cu/5254_final/install/amp_msgs/include/amp_msgs/amp_msgs/msg/detail/ball_trajectory__struct.h
[0.256s] -- Up-to-date: /home/hollis/cu/5254_final/install/amp_msgs/include/amp_msgs/amp_msgs/msg/detail/set_pose__functions.c
[0.256s] -- Up-to-date: /home/hollis/cu/5254_final/install/amp_msgs/include/amp_msgs/amp_msgs/msg/detail/set_pose__struct.h
[0.256s] -- Up-to-date: /home/hollis/cu/5254_final/install/amp_msgs/include/amp_msgs/amp_msgs/msg/detail/launch_ball__struct.h
[0.256s] -- Up-to-date: /home/hollis/cu/5254_final/install/amp_msgs/include/amp_msgs/amp_msgs/msg/detail/ideal_path__functions.c
[0.256s] -- Up-to-date: /home/hollis/cu/5254_final/install/amp_msgs/include/amp_msgs/amp_msgs/msg/detail/agent_control__type_support.h
[0.256s] -- Up-to-date: /home/hollis/cu/5254_final/install/amp_msgs/include/amp_msgs/amp_msgs/msg/detail/agent_control__functions.c
[0.256s] -- Up-to-date: /home/hollis/cu/5254_final/install/amp_msgs/include/amp_msgs/amp_msgs/msg/detail/ideal_path__functions.h
[0.256s] -- Up-to-date: /home/hollis/cu/5254_final/install/amp_msgs/include/amp_msgs/amp_msgs/msg/detail/ball_trajectory__functions.h
[0.257s] -- Up-to-date: /home/hollis/cu/5254_final/install/amp_msgs/include/amp_msgs/amp_msgs/msg/detail/ball_trajectory__type_support.h
[0.257s] -- Up-to-date: /home/hollis/cu/5254_final/install/amp_msgs/include/amp_msgs/amp_msgs/msg/detail/set_pose__type_support.h
[0.257s] -- Up-to-date: /home/hollis/cu/5254_final/install/amp_msgs/include/amp_msgs/amp_msgs/msg/detail/launch_ball__functions.h
[0.257s] -- Up-to-date: /home/hollis/cu/5254_final/install/amp_msgs/include/amp_msgs/amp_msgs/msg/detail/launch_ball__type_support.h
[0.257s] -- Up-to-date: /home/hollis/cu/5254_final/install/amp_msgs/include/amp_msgs/amp_msgs/msg/detail/set_pose__functions.h
[0.257s] -- Up-to-date: /home/hollis/cu/5254_final/install/amp_msgs/include/amp_msgs/amp_msgs/msg/detail/ideal_path__struct.h
[0.257s] -- Up-to-date: /home/hollis/cu/5254_final/install/amp_msgs/include/amp_msgs/amp_msgs/msg/detail/launch_ball__functions.c
[0.257s] -- Up-to-date: /home/hollis/cu/5254_final/install/amp_msgs/include/amp_msgs/amp_msgs/msg/set_pose.h
[0.257s] -- Up-to-date: /home/hollis/cu/5254_final/install/amp_msgs/include/amp_msgs/amp_msgs/msg/launch_ball.h
[0.257s] -- Up-to-date: /home/hollis/cu/5254_final/install/amp_msgs/share/amp_msgs/environment/library_path.sh
[0.257s] -- Up-to-date: /home/hollis/cu/5254_final/install/amp_msgs/share/amp_msgs/environment/library_path.dsv
[0.257s] -- Up-to-date: /home/hollis/cu/5254_final/install/amp_msgs/lib/libamp_msgs__rosidl_generator_c.so
[0.257s] -- Up-to-date: /home/hollis/cu/5254_final/install/amp_msgs/include/amp_msgs/amp_msgs
[0.257s] -- Up-to-date: /home/hollis/cu/5254_final/install/amp_msgs/include/amp_msgs/amp_msgs/msg
[0.257s] -- Up-to-date: /home/hollis/cu/5254_final/install/amp_msgs/include/amp_msgs/amp_msgs/msg/rosidl_typesupport_fastrtps_c__visibility_control.h
[0.257s] -- Up-to-date: /home/hollis/cu/5254_final/install/amp_msgs/include/amp_msgs/amp_msgs/msg/detail
[0.257s] -- Up-to-date: /home/hollis/cu/5254_final/install/amp_msgs/include/amp_msgs/amp_msgs/msg/detail/ball_trajectory__rosidl_typesupport_fastrtps_c.h
[0.258s] -- Up-to-date: /home/hollis/cu/5254_final/install/amp_msgs/include/amp_msgs/amp_msgs/msg/detail/launch_ball__rosidl_typesupport_fastrtps_c.h
[0.258s] -- Up-to-date: /home/hollis/cu/5254_final/install/amp_msgs/include/amp_msgs/amp_msgs/msg/detail/set_pose__rosidl_typesupport_fastrtps_c.h
[0.258s] -- Up-to-date: /home/hollis/cu/5254_final/install/amp_msgs/include/amp_msgs/amp_msgs/msg/detail/agent_control__rosidl_typesupport_fastrtps_c.h
[0.258s] -- Up-to-date: /home/hollis/cu/5254_final/install/amp_msgs/include/amp_msgs/amp_msgs/msg/detail/ideal_path__rosidl_typesupport_fastrtps_c.h
[0.258s] -- Up-to-date: /home/hollis/cu/5254_final/install/amp_msgs/lib/libamp_msgs__rosidl_typesupport_fastrtps_c.so
[0.258s] -- Up-to-date: /home/hollis/cu/5254_final/install/amp_msgs/include/amp_msgs/amp_msgs
[0.258s] -- Up-to-date: /home/hollis/cu/5254_final/install/amp_msgs/include/amp_msgs/amp_msgs/msg
[0.259s] -- Up-to-date: /home/hollis/cu/5254_final/install/amp_msgs/include/amp_msgs/amp_msgs/msg/agent_control.hpp
[0.259s] -- Up-to-date: /home/hollis/cu/5254_final/install/amp_msgs/include/amp_msgs/amp_msgs/msg/ball_trajectory.hpp
[0.259s] -- Up-to-date: /home/hollis/cu/5254_final/install/amp_msgs/include/amp_msgs/amp_msgs/msg/rosidl_generator_cpp__visibility_control.hpp
[0.259s] -- Up-to-date: /home/hollis/cu/5254_final/install/amp_msgs/include/amp_msgs/amp_msgs/msg/set_pose.hpp
[0.260s] -- Up-to-date: /home/hollis/cu/5254_final/install/amp_msgs/include/amp_msgs/amp_msgs/msg/launch_ball.hpp
[0.260s] -- Up-to-date: /home/hollis/cu/5254_final/install/amp_msgs/include/amp_msgs/amp_msgs/msg/detail
[0.260s] -- Up-to-date: /home/hollis/cu/5254_final/install/amp_msgs/include/amp_msgs/amp_msgs/msg/detail/launch_ball__struct.hpp
[0.260s] -- Up-to-date: /home/hollis/cu/5254_final/install/amp_msgs/include/amp_msgs/amp_msgs/msg/detail/launch_ball__builder.hpp
[0.260s] -- Up-to-date: /home/hollis/cu/5254_final/install/amp_msgs/include/amp_msgs/amp_msgs/msg/detail/ideal_path__traits.hpp
[0.260s] -- Up-to-date: /home/hollis/cu/5254_final/install/amp_msgs/include/amp_msgs/amp_msgs/msg/detail/agent_control__traits.hpp
[0.260s] -- Up-to-date: /home/hollis/cu/5254_final/install/amp_msgs/include/amp_msgs/amp_msgs/msg/detail/set_pose__struct.hpp
[0.260s] -- Up-to-date: /home/hollis/cu/5254_final/install/amp_msgs/include/amp_msgs/amp_msgs/msg/detail/launch_ball__type_support.hpp
[0.260s] -- Up-to-date: /home/hollis/cu/5254_final/install/amp_msgs/include/amp_msgs/amp_msgs/msg/detail/set_pose__type_support.hpp
[0.260s] -- Up-to-date: /home/hollis/cu/5254_final/install/amp_msgs/include/amp_msgs/amp_msgs/msg/detail/ideal_path__struct.hpp
[0.260s] -- Up-to-date: /home/hollis/cu/5254_final/install/amp_msgs/include/amp_msgs/amp_msgs/msg/detail/launch_ball__traits.hpp
[0.260s] -- Up-to-date: /home/hollis/cu/5254_final/install/amp_msgs/include/amp_msgs/amp_msgs/msg/detail/ball_trajectory__struct.hpp
[0.260s] -- Up-to-date: /home/hollis/cu/5254_final/install/amp_msgs/include/amp_msgs/amp_msgs/msg/detail/ball_trajectory__builder.hpp
[0.260s] -- Up-to-date: /home/hollis/cu/5254_final/install/amp_msgs/include/amp_msgs/amp_msgs/msg/detail/set_pose__traits.hpp
[0.260s] -- Up-to-date: /home/hollis/cu/5254_final/install/amp_msgs/include/amp_msgs/amp_msgs/msg/detail/agent_control__struct.hpp
[0.260s] -- Up-to-date: /home/hollis/cu/5254_final/install/amp_msgs/include/amp_msgs/amp_msgs/msg/detail/set_pose__builder.hpp
[0.260s] -- Up-to-date: /home/hollis/cu/5254_final/install/amp_msgs/include/amp_msgs/amp_msgs/msg/detail/ball_trajectory__type_support.hpp
[0.260s] -- Up-to-date: /home/hollis/cu/5254_final/install/amp_msgs/include/amp_msgs/amp_msgs/msg/detail/ideal_path__builder.hpp
[0.260s] -- Up-to-date: /home/hollis/cu/5254_final/install/amp_msgs/include/amp_msgs/amp_msgs/msg/detail/agent_control__builder.hpp
[0.260s] -- Up-to-date: /home/hollis/cu/5254_final/install/amp_msgs/include/amp_msgs/amp_msgs/msg/detail/ideal_path__type_support.hpp
[0.260s] -- Up-to-date: /home/hollis/cu/5254_final/install/amp_msgs/include/amp_msgs/amp_msgs/msg/detail/agent_control__type_support.hpp
[0.260s] -- Up-to-date: /home/hollis/cu/5254_final/install/amp_msgs/include/amp_msgs/amp_msgs/msg/detail/ball_trajectory__traits.hpp
[0.260s] -- Up-to-date: /home/hollis/cu/5254_final/install/amp_msgs/include/amp_msgs/amp_msgs/msg/ideal_path.hpp
[0.260s] -- Up-to-date: /home/hollis/cu/5254_final/install/amp_msgs/include/amp_msgs/amp_msgs
[0.261s] -- Up-to-date: /home/hollis/cu/5254_final/install/amp_msgs/include/amp_msgs/amp_msgs/msg
[0.261s] -- Up-to-date: /home/hollis/cu/5254_final/install/amp_msgs/include/amp_msgs/amp_msgs/msg/rosidl_typesupport_fastrtps_cpp__visibility_control.h
[0.261s] -- Up-to-date: /home/hollis/cu/5254_final/install/amp_msgs/include/amp_msgs/amp_msgs/msg/detail
[0.261s] -- Up-to-date: /home/hollis/cu/5254_final/install/amp_msgs/include/amp_msgs/amp_msgs/msg/detail/ideal_path__rosidl_typesupport_fastrtps_cpp.hpp
[0.261s] -- Up-to-date: /home/hollis/cu/5254_final/install/amp_msgs/include/amp_msgs/amp_msgs/msg/detail/dds_fastrtps
[0.261s] -- Up-to-date: /home/hollis/cu/5254_final/install/amp_msgs/include/amp_msgs/amp_msgs/msg/detail/ball_trajectory__rosidl_typesupport_fastrtps_cpp.hpp
[0.261s] -- Up-to-date: /home/hollis/cu/5254_final/install/amp_msgs/include/amp_msgs/amp_msgs/msg/detail/agent_control__rosidl_typesupport_fastrtps_cpp.hpp
[0.261s] -- Up-to-date: /home/hollis/cu/5254_final/install/amp_msgs/include/amp_msgs/amp_msgs/msg/detail/launch_ball__rosidl_typesupport_fastrtps_cpp.hpp
[0.261s] -- Up-to-date: /home/hollis/cu/5254_final/install/amp_msgs/include/amp_msgs/amp_msgs/msg/detail/set_pose__rosidl_typesupport_fastrtps_cpp.hpp
[0.261s] -- Up-to-date: /home/hollis/cu/5254_final/install/amp_msgs/lib/libamp_msgs__rosidl_typesupport_fastrtps_cpp.so
[0.261s] -- Up-to-date: /home/hollis/cu/5254_final/install/amp_msgs/include/amp_msgs/amp_msgs
[0.261s] -- Up-to-date: /home/hollis/cu/5254_final/install/amp_msgs/include/amp_msgs/amp_msgs/msg
[0.261s] -- Up-to-date: /home/hollis/cu/5254_final/install/amp_msgs/include/amp_msgs/amp_msgs/msg/detail
[0.261s] -- Up-to-date: /home/hollis/cu/5254_final/install/amp_msgs/include/amp_msgs/amp_msgs/msg/detail/ball_trajectory__rosidl_typesupport_introspection_c.h
[0.261s] -- Up-to-date: /home/hollis/cu/5254_final/install/amp_msgs/include/amp_msgs/amp_msgs/msg/detail/ideal_path__type_support.c
[0.261s] -- Up-to-date: /home/hollis/cu/5254_final/install/amp_msgs/include/amp_msgs/amp_msgs/msg/detail/set_pose__rosidl_typesupport_introspection_c.h
[0.262s] -- Up-to-date: /home/hollis/cu/5254_final/install/amp_msgs/include/amp_msgs/amp_msgs/msg/detail/ball_trajectory__type_support.c
[0.262s] -- Up-to-date: /home/hollis/cu/5254_final/install/amp_msgs/include/amp_msgs/amp_msgs/msg/detail/set_pose__type_support.c
[0.262s] -- Up-to-date: /home/hollis/cu/5254_final/install/amp_msgs/include/amp_msgs/amp_msgs/msg/detail/launch_ball__type_support.c
[0.262s] -- Up-to-date: /home/hollis/cu/5254_final/install/amp_msgs/include/amp_msgs/amp_msgs/msg/detail/agent_control__type_support.c
[0.262s] -- Up-to-date: /home/hollis/cu/5254_final/install/amp_msgs/include/amp_msgs/amp_msgs/msg/detail/agent_control__rosidl_typesupport_introspection_c.h
[0.262s] -- Up-to-date: /home/hollis/cu/5254_final/install/amp_msgs/include/amp_msgs/amp_msgs/msg/detail/ideal_path__rosidl_typesupport_introspection_c.h
[0.262s] -- Up-to-date: /home/hollis/cu/5254_final/install/amp_msgs/include/amp_msgs/amp_msgs/msg/detail/launch_ball__rosidl_typesupport_introspection_c.h
[0.262s] -- Up-to-date: /home/hollis/cu/5254_final/install/amp_msgs/include/amp_msgs/amp_msgs/msg/rosidl_typesupport_introspection_c__visibility_control.h
[0.262s] -- Up-to-date: /home/hollis/cu/5254_final/install/amp_msgs/lib/libamp_msgs__rosidl_typesupport_introspection_c.so
[0.262s] -- Up-to-date: /home/hollis/cu/5254_final/install/amp_msgs/lib/libamp_msgs__rosidl_typesupport_c.so
[0.262s] -- Up-to-date: /home/hollis/cu/5254_final/install/amp_msgs/include/amp_msgs/amp_msgs
[0.263s] -- Up-to-date: /home/hollis/cu/5254_final/install/amp_msgs/include/amp_msgs/amp_msgs/msg
[0.263s] -- Up-to-date: /home/hollis/cu/5254_final/install/amp_msgs/include/amp_msgs/amp_msgs/msg/detail
[0.263s] -- Up-to-date: /home/hollis/cu/5254_final/install/amp_msgs/include/amp_msgs/amp_msgs/msg/detail/ball_trajectory__rosidl_typesupport_introspection_cpp.hpp
[0.263s] -- Up-to-date: /home/hollis/cu/5254_final/install/amp_msgs/include/amp_msgs/amp_msgs/msg/detail/launch_ball__rosidl_typesupport_introspection_cpp.hpp
[0.263s] -- Up-to-date: /home/hollis/cu/5254_final/install/amp_msgs/include/amp_msgs/amp_msgs/msg/detail/launch_ball__type_support.cpp
[0.263s] -- Up-to-date: /home/hollis/cu/5254_final/install/amp_msgs/include/amp_msgs/amp_msgs/msg/detail/set_pose__type_support.cpp
[0.264s] -- Up-to-date: /home/hollis/cu/5254_final/install/amp_msgs/include/amp_msgs/amp_msgs/msg/detail/agent_control__rosidl_typesupport_introspection_cpp.hpp
[0.264s] -- Up-to-date: /home/hollis/cu/5254_final/install/amp_msgs/include/amp_msgs/amp_msgs/msg/detail/ball_trajectory__type_support.cpp
[0.264s] -- Up-to-date: /home/hollis/cu/5254_final/install/amp_msgs/include/amp_msgs/amp_msgs/msg/detail/ideal_path__type_support.cpp
[0.264s] -- Up-to-date: /home/hollis/cu/5254_final/install/amp_msgs/include/amp_msgs/amp_msgs/msg/detail/agent_control__type_support.cpp
[0.264s] -- Up-to-date: /home/hollis/cu/5254_final/install/amp_msgs/include/amp_msgs/amp_msgs/msg/detail/ideal_path__rosidl_typesupport_introspection_cpp.hpp
[0.264s] -- Up-to-date: /home/hollis/cu/5254_final/install/amp_msgs/include/amp_msgs/amp_msgs/msg/detail/set_pose__rosidl_typesupport_introspection_cpp.hpp
[0.264s] -- Up-to-date: /home/hollis/cu/5254_final/install/amp_msgs/lib/libamp_msgs__rosidl_typesupport_introspection_cpp.so
[0.264s] -- Up-to-date: /home/hollis/cu/5254_final/install/amp_msgs/lib/libamp_msgs__rosidl_typesupport_cpp.so
[0.264s] -- Up-to-date: /home/hollis/cu/5254_final/install/amp_msgs/share/amp_msgs/environment/pythonpath.sh
[0.264s] -- Up-to-date: /home/hollis/cu/5254_final/install/amp_msgs/share/amp_msgs/environment/pythonpath.dsv
[0.264s] -- Up-to-date: /home/hollis/cu/5254_final/install/amp_msgs/local/lib/python3.10/dist-packages/amp_msgs-0.0.0-py3.10.egg-info
[0.265s] -- Installing: /home/hollis/cu/5254_final/install/amp_msgs/local/lib/python3.10/dist-packages/amp_msgs-0.0.0-py3.10.egg-info/PKG-INFO
[0.265s] -- Installing: /home/hollis/cu/5254_final/install/amp_msgs/local/lib/python3.10/dist-packages/amp_msgs-0.0.0-py3.10.egg-info/SOURCES.txt
[0.265s] -- Installing: /home/hollis/cu/5254_final/install/amp_msgs/local/lib/python3.10/dist-packages/amp_msgs-0.0.0-py3.10.egg-info/dependency_links.txt
[0.265s] -- Installing: /home/hollis/cu/5254_final/install/amp_msgs/local/lib/python3.10/dist-packages/amp_msgs-0.0.0-py3.10.egg-info/top_level.txt
[0.265s] -- Up-to-date: /home/hollis/cu/5254_final/install/amp_msgs/local/lib/python3.10/dist-packages/amp_msgs
[0.265s] -- Up-to-date: /home/hollis/cu/5254_final/install/amp_msgs/local/lib/python3.10/dist-packages/amp_msgs/amp_msgs_s__rosidl_typesupport_fastrtps_c.cpython-310-x86_64-linux-gnu.so
[0.265s] -- Up-to-date: /home/hollis/cu/5254_final/install/amp_msgs/local/lib/python3.10/dist-packages/amp_msgs/_amp_msgs_s.ep.rosidl_typesupport_fastrtps_c.c
[0.265s] -- Up-to-date: /home/hollis/cu/5254_final/install/amp_msgs/local/lib/python3.10/dist-packages/amp_msgs/_amp_msgs_s.ep.rosidl_typesupport_c.c
[0.265s] -- Up-to-date: /home/hollis/cu/5254_final/install/amp_msgs/local/lib/python3.10/dist-packages/amp_msgs/amp_msgs_s__rosidl_typesupport_c.cpython-310-x86_64-linux-gnu.so
[0.265s] -- Up-to-date: /home/hollis/cu/5254_final/install/amp_msgs/local/lib/python3.10/dist-packages/amp_msgs/__init__.py
[0.265s] -- Up-to-date: /home/hollis/cu/5254_final/install/amp_msgs/local/lib/python3.10/dist-packages/amp_msgs/libamp_msgs__rosidl_generator_py.so
[0.265s] -- Up-to-date: /home/hollis/cu/5254_final/install/amp_msgs/local/lib/python3.10/dist-packages/amp_msgs/amp_msgs_s__rosidl_typesupport_introspection_c.cpython-310-x86_64-linux-gnu.so
[0.266s] -- Up-to-date: /home/hollis/cu/5254_final/install/amp_msgs/local/lib/python3.10/dist-packages/amp_msgs/msg
[0.266s] -- Up-to-date: /home/hollis/cu/5254_final/install/amp_msgs/local/lib/python3.10/dist-packages/amp_msgs/msg/_ideal_path.py
[0.266s] -- Up-to-date: /home/hollis/cu/5254_final/install/amp_msgs/local/lib/python3.10/dist-packages/amp_msgs/msg/_agent_control_s.c
[0.266s] -- Up-to-date: /home/hollis/cu/5254_final/install/amp_msgs/local/lib/python3.10/dist-packages/amp_msgs/msg/_launch_ball_s.c
[0.266s] -- Up-to-date: /home/hollis/cu/5254_final/install/amp_msgs/local/lib/python3.10/dist-packages/amp_msgs/msg/_set_pose_s.c
[0.266s] -- Up-to-date: /home/hollis/cu/5254_final/install/amp_msgs/local/lib/python3.10/dist-packages/amp_msgs/msg/__init__.py
[0.266s] -- Up-to-date: /home/hollis/cu/5254_final/install/amp_msgs/local/lib/python3.10/dist-packages/amp_msgs/msg/_ball_trajectory.py
[0.266s] -- Up-to-date: /home/hollis/cu/5254_final/install/amp_msgs/local/lib/python3.10/dist-packages/amp_msgs/msg/_ball_trajectory_s.c
[0.266s] -- Up-to-date: /home/hollis/cu/5254_final/install/amp_msgs/local/lib/python3.10/dist-packages/amp_msgs/msg/_launch_ball.py
[0.266s] -- Up-to-date: /home/hollis/cu/5254_final/install/amp_msgs/local/lib/python3.10/dist-packages/amp_msgs/msg/_ideal_path_s.c
[0.266s] -- Up-to-date: /home/hollis/cu/5254_final/install/amp_msgs/local/lib/python3.10/dist-packages/amp_msgs/msg/_set_pose.py
[0.266s] -- Up-to-date: /home/hollis/cu/5254_final/install/amp_msgs/local/lib/python3.10/dist-packages/amp_msgs/msg/_agent_control.py
[0.266s] -- Up-to-date: /home/hollis/cu/5254_final/install/amp_msgs/local/lib/python3.10/dist-packages/amp_msgs/_amp_msgs_s.ep.rosidl_typesupport_introspection_c.c
[0.291s] Listing '/home/hollis/cu/5254_final/install/amp_msgs/local/lib/python3.10/dist-packages/amp_msgs'...
[0.291s] Listing '/home/hollis/cu/5254_final/install/amp_msgs/local/lib/python3.10/dist-packages/amp_msgs/msg'...
[0.294s] -- Up-to-date: /home/hollis/cu/5254_final/install/amp_msgs/local/lib/python3.10/dist-packages/amp_msgs/amp_msgs_s__rosidl_typesupport_fastrtps_c.cpython-310-x86_64-linux-gnu.so
[0.294s] -- Up-to-date: /home/hollis/cu/5254_final/install/amp_msgs/local/lib/python3.10/dist-packages/amp_msgs/amp_msgs_s__rosidl_typesupport_introspection_c.cpython-310-x86_64-linux-gnu.so
[0.294s] -- Up-to-date: /home/hollis/cu/5254_final/install/amp_msgs/local/lib/python3.10/dist-packages/amp_msgs/amp_msgs_s__rosidl_typesupport_c.cpython-310-x86_64-linux-gnu.so
[0.294s] -- Up-to-date: /home/hollis/cu/5254_final/install/amp_msgs/lib/libamp_msgs__rosidl_generator_py.so
[0.295s] -- Up-to-date: /home/hollis/cu/5254_final/install/amp_msgs/share/amp_msgs/msg/AgentControl.idl
[0.295s] -- Up-to-date: /home/hollis/cu/5254_final/install/amp_msgs/share/amp_msgs/msg/BallTrajectory.idl
[0.297s] -- Up-to-date: /home/hollis/cu/5254_final/install/amp_msgs/share/amp_msgs/msg/IdealPath.idl
[0.297s] -- Up-to-date: /home/hollis/cu/5254_final/install/amp_msgs/share/amp_msgs/msg/LaunchBall.idl
[0.297s] -- Up-to-date: /home/hollis/cu/5254_final/install/amp_msgs/share/amp_msgs/msg/SetPose.idl
[0.298s] -- Up-to-date: /home/hollis/cu/5254_final/install/amp_msgs/share/amp_msgs/msg/AgentControl.msg
[0.298s] -- Up-to-date: /home/hollis/cu/5254_final/install/amp_msgs/share/amp_msgs/msg/BallTrajectory.msg
[0.298s] -- Up-to-date: /home/hollis/cu/5254_final/install/amp_msgs/share/amp_msgs/msg/IdealPath.msg
[0.298s] -- Up-to-date: /home/hollis/cu/5254_final/install/amp_msgs/share/amp_msgs/msg/LaunchBall.msg
[0.298s] -- Up-to-date: /home/hollis/cu/5254_final/install/amp_msgs/share/amp_msgs/msg/SetPose.msg
[0.298s] -- Up-to-date: /home/hollis/cu/5254_final/install/amp_msgs/share/ament_index/resource_index/package_run_dependencies/amp_msgs
[0.298s] -- Up-to-date: /home/hollis/cu/5254_final/install/amp_msgs/share/ament_index/resource_index/parent_prefix_path/amp_msgs
[0.298s] -- Up-to-date: /home/hollis/cu/5254_final/install/amp_msgs/share/amp_msgs/environment/ament_prefix_path.sh
[0.298s] -- Up-to-date: /home/hollis/cu/5254_final/install/amp_msgs/share/amp_msgs/environment/ament_prefix_path.dsv
[0.298s] -- Up-to-date: /home/hollis/cu/5254_final/install/amp_msgs/share/amp_msgs/environment/path.sh
[0.298s] -- Up-to-date: /home/hollis/cu/5254_final/install/amp_msgs/share/amp_msgs/environment/path.dsv
[0.298s] -- Up-to-date: /home/hollis/cu/5254_final/install/amp_msgs/share/amp_msgs/local_setup.bash
[0.298s] -- Up-to-date: /home/hollis/cu/5254_final/install/amp_msgs/share/amp_msgs/local_setup.sh
[0.298s] -- Up-to-date: /home/hollis/cu/5254_final/install/amp_msgs/share/amp_msgs/local_setup.zsh
[0.299s] -- Up-to-date: /home/hollis/cu/5254_final/install/amp_msgs/share/amp_msgs/local_setup.dsv
[0.299s] -- Installing: /home/hollis/cu/5254_final/install/amp_msgs/share/amp_msgs/package.dsv
[0.299s] -- Up-to-date: /home/hollis/cu/5254_final/install/amp_msgs/share/ament_index/resource_index/packages/amp_msgs
[0.299s] -- Up-to-date: /home/hollis/cu/5254_final/install/amp_msgs/share/amp_msgs/cmake/export_amp_msgs__rosidl_generator_cExport.cmake
[0.299s] -- Up-to-date: /home/hollis/cu/5254_final/install/amp_msgs/share/amp_msgs/cmake/export_amp_msgs__rosidl_generator_cExport-noconfig.cmake
[0.299s] -- Up-to-date: /home/hollis/cu/5254_final/install/amp_msgs/share/amp_msgs/cmake/export_amp_msgs__rosidl_typesupport_fastrtps_cExport.cmake
[0.299s] -- Up-to-date: /home/hollis/cu/5254_final/install/amp_msgs/share/amp_msgs/cmake/export_amp_msgs__rosidl_typesupport_fastrtps_cExport-noconfig.cmake
[0.299s] -- Up-to-date: /home/hollis/cu/5254_final/install/amp_msgs/share/amp_msgs/cmake/export_amp_msgs__rosidl_generator_cppExport.cmake
[0.299s] -- Up-to-date: /home/hollis/cu/5254_final/install/amp_msgs/share/amp_msgs/cmake/export_amp_msgs__rosidl_typesupport_fastrtps_cppExport.cmake
[0.300s] -- Up-to-date: /home/hollis/cu/5254_final/install/amp_msgs/share/amp_msgs/cmake/export_amp_msgs__rosidl_typesupport_fastrtps_cppExport-noconfig.cmake
[0.300s] -- Up-to-date: /home/hollis/cu/5254_final/install/amp_msgs/share/amp_msgs/cmake/amp_msgs__rosidl_typesupport_introspection_cExport.cmake
[0.300s] -- Up-to-date: /home/hollis/cu/5254_final/install/amp_msgs/share/amp_msgs/cmake/amp_msgs__rosidl_typesupport_introspection_cExport-noconfig.cmake
[0.300s] -- Up-to-date: /home/hollis/cu/5254_final/install/amp_msgs/share/amp_msgs/cmake/amp_msgs__rosidl_typesupport_cExport.cmake
[0.300s] -- Up-to-date: /home/hollis/cu/5254_final/install/amp_msgs/share/amp_msgs/cmake/amp_msgs__rosidl_typesupport_cExport-noconfig.cmake
[0.300s] -- Up-to-date: /home/hollis/cu/5254_final/install/amp_msgs/share/amp_msgs/cmake/amp_msgs__rosidl_typesupport_introspection_cppExport.cmake
[0.300s] -- Up-to-date: /home/hollis/cu/5254_final/install/amp_msgs/share/amp_msgs/cmake/amp_msgs__rosidl_typesupport_introspection_cppExport-noconfig.cmake
[0.300s] -- Up-to-date: /home/hollis/cu/5254_final/install/amp_msgs/share/amp_msgs/cmake/amp_msgs__rosidl_typesupport_cppExport.cmake
[0.300s] -- Up-to-date: /home/hollis/cu/5254_final/install/amp_msgs/share/amp_msgs/cmake/amp_msgs__rosidl_typesupport_cppExport-noconfig.cmake
[0.300s] -- Up-to-date: /home/hollis/cu/5254_final/install/amp_msgs/share/amp_msgs/cmake/export_amp_msgs__rosidl_generator_pyExport.cmake
[0.300s] -- Up-to-date: /home/hollis/cu/5254_final/install/amp_msgs/share/amp_msgs/cmake/export_amp_msgs__rosidl_generator_pyExport-noconfig.cmake
[0.300s] -- Up-to-date: /home/hollis/cu/5254_final/install/amp_msgs/share/amp_msgs/cmake/rosidl_cmake-extras.cmake
[0.300s] -- Up-to-date: /home/hollis/cu/5254_final/install/amp_msgs/share/amp_msgs/cmake/ament_cmake_export_dependencies-extras.cmake
[0.300s] -- Up-to-date: /home/hollis/cu/5254_final/install/amp_msgs/share/amp_msgs/cmake/ament_cmake_export_include_directories-extras.cmake
[0.300s] -- Up-to-date: /home/hollis/cu/5254_final/install/amp_msgs/share/amp_msgs/cmake/ament_cmake_export_libraries-extras.cmake
[0.300s] -- Up-to-date: /home/hollis/cu/5254_final/install/amp_msgs/share/amp_msgs/cmake/ament_cmake_export_targets-extras.cmake
[0.300s] -- Up-to-date: /home/hollis/cu/5254_final/install/amp_msgs/share/amp_msgs/cmake/rosidl_cmake_export_typesupport_targets-extras.cmake
[0.300s] -- Up-to-date: /home/hollis/cu/5254_final/install/amp_msgs/share/amp_msgs/cmake/rosidl_cmake_export_typesupport_libraries-extras.cmake
[0.300s] -- Up-to-date: /home/hollis/cu/5254_final/install/amp_msgs/share/amp_msgs/cmake/amp_msgsConfig.cmake
[0.300s] -- Up-to-date: /home/hollis/cu/5254_final/install/amp_msgs/share/amp_msgs/cmake/amp_msgsConfig-version.cmake
[0.300s] -- Up-to-date: /home/hollis/cu/5254_final/install/amp_msgs/share/amp_msgs/package.xml
[0.300s] Invoked command in '/home/hollis/cu/5254_final/build/amp_msgs' returned '0': CMAKE_PREFIX_PATH=${CMAKE_PREFIX_PATH}:/opt/ros/humble /usr/bin/cmake --install /home/hollis/cu/5254_final/build/amp_msgs
