[ 25%] Built target dynamic_object
[ 50%] [32mBuilding CXX object CMakeFiles/omni_agent.dir/src/omni_agent.cpp.o[0m
[ 62%] Built target dynamic_ball
[01m[K/home/hollis/cu/5254_final/src/amp_sim/src/omni_agent.cpp:[m[K In member function ‘[01m[Kvirtual M12d OmniAgent::getAMatrix(V12d)[m[K’:
[01m[K/home/hollis/cu/5254_final/src/amp_sim/src/omni_agent.cpp:8:33:[m[K [01;35m[Kwarning: [m[Kunused parameter ‘[01m[Kcurrent_state[m[K’ [[01;35m[K]8;;https://gcc.gnu.org/onlinedocs/gcc/Warning-Options.html#index-Wunused-parameter-Wunused-parameter]8;;[m[K]
    8 | M12d OmniAgent::getAMatrix([01;35m[KV12d current_state[m[K) {
      |                            [01;35m[K~~~~~^~~~~~~~~~~~~[m[K
[01m[K/home/hollis/cu/5254_final/src/amp_sim/src/omni_agent.cpp:[m[K In member function ‘[01m[Kvirtual M12d OmniAgent::getBMatrix(V12d)[m[K’:
[01m[K/home/hollis/cu/5254_final/src/amp_sim/src/omni_agent.cpp:31:33:[m[K [01;35m[Kwarning: [m[Kunused parameter ‘[01m[Kcurrent_state[m[K’ [[01;35m[K]8;;https://gcc.gnu.org/onlinedocs/gcc/Warning-Options.html#index-Wunused-parameter-Wunused-parameter]8;;[m[K]
   31 | M12d OmniAgent::getBMatrix([01;35m[KV12d current_state[m[K) {
      |                            [01;35m[K~~~~~^~~~~~~~~~~~~[m[K
[ 75%] [32m[1mLinking CXX static library libomni_agent.a[0m
[ 75%] Built target omni_agent
[ 87%] [32m[1mLinking CXX executable sim_node[0m
[100%] Built target sim_node
-- Install configuration: ""
-- Installing: /home/hollis/cu/5254_final/install/amp_sim/lib/amp_sim/sim_node
-- Set runtime path of "/home/hollis/cu/5254_final/install/amp_sim/lib/amp_sim/sim_node" to ""
-- Up-to-date: /home/hollis/cu/5254_final/install/amp_sim/share/amp_sim/environment/library_path.sh
-- Up-to-date: /home/hollis/cu/5254_final/install/amp_sim/share/amp_sim/environment/library_path.dsv
-- Up-to-date: /home/hollis/cu/5254_final/install/amp_sim/include
-- Up-to-date: /home/hollis/cu/5254_final/install/amp_sim/include/amp_sim
-- Up-to-date: /home/hollis/cu/5254_final/install/amp_sim/include/amp_sim/dynamic_ball.hpp
-- Up-to-date: /home/hollis/cu/5254_final/install/amp_sim/include/amp_sim/dynamic_object.hpp
-- Up-to-date: /home/hollis/cu/5254_final/install/amp_sim/include/amp_sim/agent_statuses.hpp
-- Up-to-date: /home/hollis/cu/5254_final/install/amp_sim/include/amp_sim/agent_properties.hpp
-- Up-to-date: /home/hollis/cu/5254_final/install/amp_sim/include/amp_sim/environment_properties.hpp
-- Up-to-date: /home/hollis/cu/5254_final/install/amp_sim/include/amp_sim/omni_agent.hpp
-- Up-to-date: /home/hollis/cu/5254_final/install/amp_sim/lib/libdynamic_object.a
-- Installing: /home/hollis/cu/5254_final/install/amp_sim/lib/libomni_agent.a
-- Up-to-date: /home/hollis/cu/5254_final/install/amp_sim/lib/libdynamic_ball.a
-- Up-to-date: /home/hollis/cu/5254_final/install/amp_sim/share/ament_index/resource_index/package_run_dependencies/amp_sim
-- Up-to-date: /home/hollis/cu/5254_final/install/amp_sim/share/ament_index/resource_index/parent_prefix_path/amp_sim
-- Up-to-date: /home/hollis/cu/5254_final/install/amp_sim/share/amp_sim/environment/ament_prefix_path.sh
-- Up-to-date: /home/hollis/cu/5254_final/install/amp_sim/share/amp_sim/environment/ament_prefix_path.dsv
-- Up-to-date: /home/hollis/cu/5254_final/install/amp_sim/share/amp_sim/environment/path.sh
-- Up-to-date: /home/hollis/cu/5254_final/install/amp_sim/share/amp_sim/environment/path.dsv
-- Up-to-date: /home/hollis/cu/5254_final/install/amp_sim/share/amp_sim/local_setup.bash
-- Up-to-date: /home/hollis/cu/5254_final/install/amp_sim/share/amp_sim/local_setup.sh
-- Up-to-date: /home/hollis/cu/5254_final/install/amp_sim/share/amp_sim/local_setup.zsh
-- Up-to-date: /home/hollis/cu/5254_final/install/amp_sim/share/amp_sim/local_setup.dsv
-- Installing: /home/hollis/cu/5254_final/install/amp_sim/share/amp_sim/package.dsv
-- Up-to-date: /home/hollis/cu/5254_final/install/amp_sim/share/ament_index/resource_index/packages/amp_sim
-- Up-to-date: /home/hollis/cu/5254_final/install/amp_sim/share/amp_sim/cmake/export_amp_simExport.cmake
-- Up-to-date: /home/hollis/cu/5254_final/install/amp_sim/share/amp_sim/cmake/export_amp_simExport-noconfig.cmake
-- Up-to-date: /home/hollis/cu/5254_final/install/amp_sim/share/amp_sim/cmake/ament_cmake_export_targets-extras.cmake
-- Up-to-date: /home/hollis/cu/5254_final/install/amp_sim/share/amp_sim/cmake/ament_cmake_export_include_directories-extras.cmake
-- Up-to-date: /home/hollis/cu/5254_final/install/amp_sim/share/amp_sim/cmake/amp_simConfig.cmake
-- Up-to-date: /home/hollis/cu/5254_final/install/amp_sim/share/amp_sim/cmake/amp_simConfig-version.cmake
-- Up-to-date: /home/hollis/cu/5254_final/install/amp_sim/share/amp_sim/package.xml
