[0.003s] Invoking command in '/home/hollis/cu/5254_final/build/amp_viz': CMAKE_PREFIX_PATH=/home/hollis/cu/5254_final/install/amp_sim:/home/hollis/cu/5254_final/install/amp_viz:/opt/ros/humble /usr/bin/cmake --build /home/hollis/cu/5254_final/build/amp_viz -- -j24 -l24
[0.028s] [ 16%] [34m[1mAutomatic MOC and UIC for target template_panel[0m
[0.037s] [ 16%] Built target template_panel_autogen
[0.042s] [ 33%] [34m[1mGenerating include/amp_viz/moc_template_panel.cpp[0m
[0.049s] [35m[1mConsolidate compiler generated dependencies of target template_panel[0m
[0.057s] [ 50%] [32mBuilding CXX object CMakeFiles/template_panel.dir/src/template_panel.cpp.o[0m
[0.057s] [ 66%] [32mBuilding CXX object CMakeFiles/template_panel.dir/include/amp_viz/moc_template_panel.cpp.o[0m
[0.516s] In file included from [01m[K/home/hollis/cu/5254_final/build/amp_viz/include/amp_viz/moc_template_panel.cpp:10[m[K:
[0.516s] [01m[K/home/hollis/cu/5254_final/build/amp_viz/include/amp_viz/../../../../src/amp_viz/include/amp_viz/template_panel.hpp:14:13:[m[K [01;31m[Kerror: [m[K‘[01m[KTemplate_Panel[m[K’ in namespace ‘[01m[KUi[m[K’ does not name a type
[0.516s]    14 |         Ui::[01;31m[KTemplate_Panel[m[K *ui;
[0.516s]       |             [01;31m[K^~~~~~~~~~~~~~[m[K
[0.530s] In file included from [01m[K/home/hollis/cu/5254_final/src/amp_viz/src/template_panel.cpp:1[m[K:
[0.530s] [01m[K/home/hollis/cu/5254_final/src/amp_viz/include/amp_viz/template_panel.hpp:14:13:[m[K [01;31m[Kerror: [m[K‘[01m[KTemplate_Panel[m[K’ in namespace ‘[01m[KUi[m[K’ does not name a type
[0.530s]    14 |         Ui::[01;31m[KTemplate_Panel[m[K *ui;
[0.530s]       |             [01;31m[K^~~~~~~~~~~~~~[m[K
[0.530s] [01m[K/home/hollis/cu/5254_final/src/amp_viz/src/template_panel.cpp:[m[K In constructor ‘[01m[KTemplatePanel::TemplatePanel(QWidget*)[m[K’:
[0.530s] [01m[K/home/hollis/cu/5254_final/src/amp_viz/src/template_panel.cpp:4:64:[m[K [01;31m[Kerror: [m[Kclass ‘[01m[KTemplatePanel[m[K’ does not have any field named ‘[01m[Kui[m[K’
[0.530s]     4 | platePanel::TemplatePanel(QWidget* parent) : Panel(parent), [01;31m[Kui[m[K(new ui::Template_Panel){
[0.531s]       |                                                             [01;31m[K^~[m[K
[0.531s] 
[0.532s] [01m[K/home/hollis/cu/5254_final/src/amp_viz/src/template_panel.cpp:4:71:[m[K [01;31m[Kerror: [m[K‘[01m[Kui[m[K’ does not name a type; did you mean ‘[01m[Kuint[m[K’?
[0.532s]     4 | nel::TemplatePanel(QWidget* parent) : Panel(parent), ui(new [01;31m[Kui[m[K::Template_Panel){
[0.532s]       |                                                             [01;31m[K^~[m[K
[0.532s]       |                                                             [32m[Kuint[m[K
[0.534s] [01m[K/home/hollis/cu/5254_final/src/amp_viz/src/template_panel.cpp:5:5:[m[K [01;31m[Kerror: [m[K‘[01m[Kui[m[K’ was not declared in this scope; did you mean ‘[01m[KUi[m[K’?
[0.534s]     5 |     [01;31m[Kui[m[K.setupUi(Panel);
[0.534s]       |     [01;31m[K^~[m[K
[0.534s]       |     [32m[KUi[m[K
[0.534s] [01m[K/home/hollis/cu/5254_final/src/amp_viz/src/template_panel.cpp:5:21:[m[K [01;31m[Kerror: [m[Kexpected primary-expression before ‘[01m[K)[m[K’ token
[0.534s]     5 |     ui.setupUi(Panel[01;31m[K)[m[K;
[0.534s]       |                     [01;31m[K^[m[K
[0.577s] gmake[2]: *** [CMakeFiles/template_panel.dir/build.make:108: CMakeFiles/template_panel.dir/include/amp_viz/moc_template_panel.cpp.o] Error 1
[0.577s] gmake[2]: *** Waiting for unfinished jobs....
[0.621s] gmake[2]: *** [CMakeFiles/template_panel.dir/build.make:94: CMakeFiles/template_panel.dir/src/template_panel.cpp.o] Error 1
[0.621s] gmake[1]: *** [CMakeFiles/Makefile2:138: CMakeFiles/template_panel.dir/all] Error 2
[0.621s] gmake: *** [Makefile:146: all] Error 2
[0.623s] Invoked command in '/home/hollis/cu/5254_final/build/amp_viz' returned '2': CMAKE_PREFIX_PATH=/home/hollis/cu/5254_final/install/amp_sim:/home/hollis/cu/5254_final/install/amp_viz:/opt/ros/humble /usr/bin/cmake --build /home/hollis/cu/5254_final/build/amp_viz -- -j24 -l24
