[0.054s] DEBUG:colcon:Command line arguments: ['/usr/bin/colcon', 'build']
[0.054s] DEBUG:colcon:Parsed command line arguments: Namespace(log_base=None, log_level=None, verb_name='build', build_base='build', install_base='install', merge_install=False, symlink_install=False, test_result_base=None, continue_on_error=False, executor='parallel', parallel_workers=24, event_handlers=None, ignore_user_meta=False, metas=['./colcon.meta'], base_paths=['.'], packages_ignore=None, packages_ignore_regex=None, paths=None, packages_up_to=None, packages_up_to_regex=None, packages_above=None, packages_above_and_dependencies=None, packages_above_depth=None, packages_select_by_dep=None, packages_skip_by_dep=None, packages_skip_up_to=None, packages_select_build_failed=False, packages_skip_build_finished=False, packages_select_test_failures=False, packages_skip_test_passed=False, packages_select=None, packages_skip=None, packages_select_regex=None, packages_skip_regex=None, packages_start=None, packages_end=None, allow_overriding=[], cmake_args=None, cmake_target=None, cmake_target_skip_unavailable=False, cmake_clean_cache=False, cmake_clean_first=False, cmake_force_configure=False, ament_cmake_args=None, catkin_cmake_args=None, catkin_skip_building_tests=False, mixin_files=None, mixin=None, verb_parser=<colcon_mixin.mixin.mixin_argument.MixinArgumentDecorator object at 0x7001b1bb9870>, verb_extension=<colcon_core.verb.build.BuildVerb object at 0x7001b1d56dd0>, main=<bound method BuildVerb.main of <colcon_core.verb.build.BuildVerb object at 0x7001b1d56dd0>>, mixin_verb=('build',))
[0.127s] Level 1:colcon.colcon_core.package_discovery:discover_packages(colcon_meta) check parameters
[0.128s] Level 1:colcon.colcon_core.package_discovery:discover_packages(recursive) check parameters
[0.128s] Level 1:colcon.colcon_core.package_discovery:discover_packages(ignore) check parameters
[0.128s] Level 1:colcon.colcon_core.package_discovery:discover_packages(path) check parameters
[0.128s] Level 1:colcon.colcon_core.package_discovery:discover_packages(colcon_meta) discover
[0.128s] Level 1:colcon.colcon_core.package_discovery:discover_packages(recursive) discover
[0.128s] INFO:colcon.colcon_core.package_discovery:Crawling recursively for packages in '/home/hollis/cu/5254_final'
[0.128s] Level 1:colcon.colcon_core.package_identification:_identify(.) by extensions ['ignore', 'ignore_ament_install']
[0.128s] Level 1:colcon.colcon_core.package_identification:_identify(.) by extension 'ignore'
[0.128s] Level 1:colcon.colcon_core.package_identification:_identify(.) by extension 'ignore_ament_install'
[0.128s] Level 1:colcon.colcon_core.package_identification:_identify(.) by extensions ['colcon_pkg']
[0.128s] Level 1:colcon.colcon_core.package_identification:_identify(.) by extension 'colcon_pkg'
[0.128s] Level 1:colcon.colcon_core.package_identification:_identify(.) by extensions ['colcon_meta']
[0.128s] Level 1:colcon.colcon_core.package_identification:_identify(.) by extension 'colcon_meta'
[0.128s] Level 1:colcon.colcon_core.package_identification:_identify(.) by extensions ['ros']
[0.128s] Level 1:colcon.colcon_core.package_identification:_identify(.) by extension 'ros'
[0.134s] Level 1:colcon.colcon_core.package_identification:_identify(.) by extensions ['cmake', 'python']
[0.134s] Level 1:colcon.colcon_core.package_identification:_identify(.) by extension 'cmake'
[0.134s] Level 1:colcon.colcon_core.package_identification:_identify(.) by extension 'python'
[0.134s] Level 1:colcon.colcon_core.package_identification:_identify(.) by extensions ['python_setup_py']
[0.134s] Level 1:colcon.colcon_core.package_identification:_identify(.) by extension 'python_setup_py'
[0.134s] Level 1:colcon.colcon_core.package_identification:_identify(build) by extensions ['ignore', 'ignore_ament_install']
[0.134s] Level 1:colcon.colcon_core.package_identification:_identify(build) by extension 'ignore'
[0.134s] Level 1:colcon.colcon_core.package_identification:_identify(build) ignored
[0.134s] Level 1:colcon.colcon_core.package_identification:_identify(install) by extensions ['ignore', 'ignore_ament_install']
[0.134s] Level 1:colcon.colcon_core.package_identification:_identify(install) by extension 'ignore'
[0.134s] Level 1:colcon.colcon_core.package_identification:_identify(install) ignored
[0.134s] Level 1:colcon.colcon_core.package_identification:_identify(log) by extensions ['ignore', 'ignore_ament_install']
[0.135s] Level 1:colcon.colcon_core.package_identification:_identify(log) by extension 'ignore'
[0.135s] Level 1:colcon.colcon_core.package_identification:_identify(log) ignored
[0.135s] Level 1:colcon.colcon_core.package_identification:_identify(src) by extensions ['ignore', 'ignore_ament_install']
[0.135s] Level 1:colcon.colcon_core.package_identification:_identify(src) by extension 'ignore'
[0.135s] Level 1:colcon.colcon_core.package_identification:_identify(src) by extension 'ignore_ament_install'
[0.135s] Level 1:colcon.colcon_core.package_identification:_identify(src) by extensions ['colcon_pkg']
[0.135s] Level 1:colcon.colcon_core.package_identification:_identify(src) by extension 'colcon_pkg'
[0.135s] Level 1:colcon.colcon_core.package_identification:_identify(src) by extensions ['colcon_meta']
[0.135s] Level 1:colcon.colcon_core.package_identification:_identify(src) by extension 'colcon_meta'
[0.135s] Level 1:colcon.colcon_core.package_identification:_identify(src) by extensions ['ros']
[0.135s] Level 1:colcon.colcon_core.package_identification:_identify(src) by extension 'ros'
[0.135s] Level 1:colcon.colcon_core.package_identification:_identify(src) by extensions ['cmake', 'python']
[0.135s] Level 1:colcon.colcon_core.package_identification:_identify(src) by extension 'cmake'
[0.135s] Level 1:colcon.colcon_core.package_identification:_identify(src) by extension 'python'
[0.135s] Level 1:colcon.colcon_core.package_identification:_identify(src) by extensions ['python_setup_py']
[0.135s] Level 1:colcon.colcon_core.package_identification:_identify(src) by extension 'python_setup_py'
[0.135s] Level 1:colcon.colcon_core.package_identification:_identify(src/amp_agents) by extensions ['ignore', 'ignore_ament_install']
[0.135s] Level 1:colcon.colcon_core.package_identification:_identify(src/amp_agents) by extension 'ignore'
[0.135s] Level 1:colcon.colcon_core.package_identification:_identify(src/amp_agents) by extension 'ignore_ament_install'
[0.135s] Level 1:colcon.colcon_core.package_identification:_identify(src/amp_agents) by extensions ['colcon_pkg']
[0.135s] Level 1:colcon.colcon_core.package_identification:_identify(src/amp_agents) by extension 'colcon_pkg'
[0.135s] Level 1:colcon.colcon_core.package_identification:_identify(src/amp_agents) by extensions ['colcon_meta']
[0.135s] Level 1:colcon.colcon_core.package_identification:_identify(src/amp_agents) by extension 'colcon_meta'
[0.135s] Level 1:colcon.colcon_core.package_identification:_identify(src/amp_agents) by extensions ['ros']
[0.135s] Level 1:colcon.colcon_core.package_identification:_identify(src/amp_agents) by extension 'ros'
[0.136s] DEBUG:colcon.colcon_core.package_identification:Package 'src/amp_agents' with type 'ros.ament_cmake' and name 'amp_agents'
[0.136s] Level 1:colcon.colcon_core.package_identification:_identify(src/amp_msgs) by extensions ['ignore', 'ignore_ament_install']
[0.136s] Level 1:colcon.colcon_core.package_identification:_identify(src/amp_msgs) by extension 'ignore'
[0.136s] Level 1:colcon.colcon_core.package_identification:_identify(src/amp_msgs) by extension 'ignore_ament_install'
[0.137s] Level 1:colcon.colcon_core.package_identification:_identify(src/amp_msgs) by extensions ['colcon_pkg']
[0.137s] Level 1:colcon.colcon_core.package_identification:_identify(src/amp_msgs) by extension 'colcon_pkg'
[0.137s] Level 1:colcon.colcon_core.package_identification:_identify(src/amp_msgs) by extensions ['colcon_meta']
[0.137s] Level 1:colcon.colcon_core.package_identification:_identify(src/amp_msgs) by extension 'colcon_meta'
[0.137s] Level 1:colcon.colcon_core.package_identification:_identify(src/amp_msgs) by extensions ['ros']
[0.137s] Level 1:colcon.colcon_core.package_identification:_identify(src/amp_msgs) by extension 'ros'
[0.137s] DEBUG:colcon.colcon_core.package_identification:Package 'src/amp_msgs' with type 'ros.ament_cmake' and name 'amp_msgs'
[0.137s] Level 1:colcon.colcon_core.package_identification:_identify(src/amp_sim) by extensions ['ignore', 'ignore_ament_install']
[0.137s] Level 1:colcon.colcon_core.package_identification:_identify(src/amp_sim) by extension 'ignore'
[0.137s] Level 1:colcon.colcon_core.package_identification:_identify(src/amp_sim) by extension 'ignore_ament_install'
[0.137s] Level 1:colcon.colcon_core.package_identification:_identify(src/amp_sim) by extensions ['colcon_pkg']
[0.137s] Level 1:colcon.colcon_core.package_identification:_identify(src/amp_sim) by extension 'colcon_pkg'
[0.137s] Level 1:colcon.colcon_core.package_identification:_identify(src/amp_sim) by extensions ['colcon_meta']
[0.137s] Level 1:colcon.colcon_core.package_identification:_identify(src/amp_sim) by extension 'colcon_meta'
[0.137s] Level 1:colcon.colcon_core.package_identification:_identify(src/amp_sim) by extensions ['ros']
[0.137s] Level 1:colcon.colcon_core.package_identification:_identify(src/amp_sim) by extension 'ros'
[0.137s] DEBUG:colcon.colcon_core.package_identification:Package 'src/amp_sim' with type 'ros.ament_cmake' and name 'amp_sim'
[0.137s] Level 1:colcon.colcon_core.package_identification:_identify(src/amp_viz) by extensions ['ignore', 'ignore_ament_install']
[0.137s] Level 1:colcon.colcon_core.package_identification:_identify(src/amp_viz) by extension 'ignore'
[0.137s] Level 1:colcon.colcon_core.package_identification:_identify(src/amp_viz) by extension 'ignore_ament_install'
[0.137s] Level 1:colcon.colcon_core.package_identification:_identify(src/amp_viz) by extensions ['colcon_pkg']
[0.138s] Level 1:colcon.colcon_core.package_identification:_identify(src/amp_viz) by extension 'colcon_pkg'
[0.138s] Level 1:colcon.colcon_core.package_identification:_identify(src/amp_viz) by extensions ['colcon_meta']
[0.138s] Level 1:colcon.colcon_core.package_identification:_identify(src/amp_viz) by extension 'colcon_meta'
[0.138s] Level 1:colcon.colcon_core.package_identification:_identify(src/amp_viz) by extensions ['ros']
[0.138s] Level 1:colcon.colcon_core.package_identification:_identify(src/amp_viz) by extension 'ros'
[0.138s] DEBUG:colcon.colcon_core.package_identification:Package 'src/amp_viz' with type 'ros.ament_cmake' and name 'amp_viz'
[0.138s] Level 1:colcon.colcon_core.package_discovery:discover_packages(recursive) using defaults
[0.138s] Level 1:colcon.colcon_core.package_discovery:discover_packages(ignore) discover
[0.138s] Level 1:colcon.colcon_core.package_discovery:discover_packages(ignore) using defaults
[0.138s] Level 1:colcon.colcon_core.package_discovery:discover_packages(path) discover
[0.138s] Level 1:colcon.colcon_core.package_discovery:discover_packages(path) using defaults
[0.160s] Level 1:colcon.colcon_core.package_discovery:discover_packages(prefix_path) check parameters
[0.161s] Level 1:colcon.colcon_core.package_discovery:discover_packages(prefix_path) discover
[0.162s] DEBUG:colcon.colcon_installed_package_information.package_discovery:Found 4 installed packages in /home/hollis/cu/5254_final/install
[0.162s] DEBUG:colcon.colcon_installed_package_information.package_discovery:Found 267 installed packages in /opt/ros/humble
[0.163s] Level 1:colcon.colcon_core.package_discovery:discover_packages(prefix_path) using defaults
[0.183s] Level 5:colcon.colcon_core.verb:set package 'amp_msgs' build argument 'cmake_args' from command line to 'None'
[0.183s] Level 5:colcon.colcon_core.verb:set package 'amp_msgs' build argument 'cmake_target' from command line to 'None'
[0.183s] Level 5:colcon.colcon_core.verb:set package 'amp_msgs' build argument 'cmake_target_skip_unavailable' from command line to 'False'
[0.183s] Level 5:colcon.colcon_core.verb:set package 'amp_msgs' build argument 'cmake_clean_cache' from command line to 'False'
[0.183s] Level 5:colcon.colcon_core.verb:set package 'amp_msgs' build argument 'cmake_clean_first' from command line to 'False'
[0.183s] Level 5:colcon.colcon_core.verb:set package 'amp_msgs' build argument 'cmake_force_configure' from command line to 'False'
[0.183s] Level 5:colcon.colcon_core.verb:set package 'amp_msgs' build argument 'ament_cmake_args' from command line to 'None'
[0.183s] Level 5:colcon.colcon_core.verb:set package 'amp_msgs' build argument 'catkin_cmake_args' from command line to 'None'
[0.183s] Level 5:colcon.colcon_core.verb:set package 'amp_msgs' build argument 'catkin_skip_building_tests' from command line to 'False'
[0.183s] DEBUG:colcon.colcon_core.verb:Building package 'amp_msgs' with the following arguments: {'ament_cmake_args': None, 'build_base': '/home/hollis/cu/5254_final/build/amp_msgs', 'catkin_cmake_args': None, 'catkin_skip_building_tests': False, 'cmake_args': None, 'cmake_clean_cache': False, 'cmake_clean_first': False, 'cmake_force_configure': False, 'cmake_target': None, 'cmake_target_skip_unavailable': False, 'install_base': '/home/hollis/cu/5254_final/install/amp_msgs', 'merge_install': False, 'path': '/home/hollis/cu/5254_final/src/amp_msgs', 'symlink_install': False, 'test_result_base': None}
[0.183s] Level 5:colcon.colcon_core.verb:set package 'amp_sim' build argument 'cmake_args' from command line to 'None'
[0.183s] Level 5:colcon.colcon_core.verb:set package 'amp_sim' build argument 'cmake_target' from command line to 'None'
[0.183s] Level 5:colcon.colcon_core.verb:set package 'amp_sim' build argument 'cmake_target_skip_unavailable' from command line to 'False'
[0.183s] Level 5:colcon.colcon_core.verb:set package 'amp_sim' build argument 'cmake_clean_cache' from command line to 'False'
[0.183s] Level 5:colcon.colcon_core.verb:set package 'amp_sim' build argument 'cmake_clean_first' from command line to 'False'
[0.183s] Level 5:colcon.colcon_core.verb:set package 'amp_sim' build argument 'cmake_force_configure' from command line to 'False'
[0.183s] Level 5:colcon.colcon_core.verb:set package 'amp_sim' build argument 'ament_cmake_args' from command line to 'None'
[0.183s] Level 5:colcon.colcon_core.verb:set package 'amp_sim' build argument 'catkin_cmake_args' from command line to 'None'
[0.183s] Level 5:colcon.colcon_core.verb:set package 'amp_sim' build argument 'catkin_skip_building_tests' from command line to 'False'
[0.183s] DEBUG:colcon.colcon_core.verb:Building package 'amp_sim' with the following arguments: {'ament_cmake_args': None, 'build_base': '/home/hollis/cu/5254_final/build/amp_sim', 'catkin_cmake_args': None, 'catkin_skip_building_tests': False, 'cmake_args': None, 'cmake_clean_cache': False, 'cmake_clean_first': False, 'cmake_force_configure': False, 'cmake_target': None, 'cmake_target_skip_unavailable': False, 'install_base': '/home/hollis/cu/5254_final/install/amp_sim', 'merge_install': False, 'path': '/home/hollis/cu/5254_final/src/amp_sim', 'symlink_install': False, 'test_result_base': None}
[0.183s] Level 5:colcon.colcon_core.verb:set package 'amp_agents' build argument 'cmake_args' from command line to 'None'
[0.183s] Level 5:colcon.colcon_core.verb:set package 'amp_agents' build argument 'cmake_target' from command line to 'None'
[0.183s] Level 5:colcon.colcon_core.verb:set package 'amp_agents' build argument 'cmake_target_skip_unavailable' from command line to 'False'
[0.183s] Level 5:colcon.colcon_core.verb:set package 'amp_agents' build argument 'cmake_clean_cache' from command line to 'False'
[0.184s] Level 5:colcon.colcon_core.verb:set package 'amp_agents' build argument 'cmake_clean_first' from command line to 'False'
[0.184s] Level 5:colcon.colcon_core.verb:set package 'amp_agents' build argument 'cmake_force_configure' from command line to 'False'
[0.184s] Level 5:colcon.colcon_core.verb:set package 'amp_agents' build argument 'ament_cmake_args' from command line to 'None'
[0.184s] Level 5:colcon.colcon_core.verb:set package 'amp_agents' build argument 'catkin_cmake_args' from command line to 'None'
[0.184s] Level 5:colcon.colcon_core.verb:set package 'amp_agents' build argument 'catkin_skip_building_tests' from command line to 'False'
[0.184s] DEBUG:colcon.colcon_core.verb:Building package 'amp_agents' with the following arguments: {'ament_cmake_args': None, 'build_base': '/home/hollis/cu/5254_final/build/amp_agents', 'catkin_cmake_args': None, 'catkin_skip_building_tests': False, 'cmake_args': None, 'cmake_clean_cache': False, 'cmake_clean_first': False, 'cmake_force_configure': False, 'cmake_target': None, 'cmake_target_skip_unavailable': False, 'install_base': '/home/hollis/cu/5254_final/install/amp_agents', 'merge_install': False, 'path': '/home/hollis/cu/5254_final/src/amp_agents', 'symlink_install': False, 'test_result_base': None}
[0.184s] Level 5:colcon.colcon_core.verb:set package 'amp_viz' build argument 'cmake_args' from command line to 'None'
[0.184s] Level 5:colcon.colcon_core.verb:set package 'amp_viz' build argument 'cmake_target' from command line to 'None'
[0.184s] Level 5:colcon.colcon_core.verb:set package 'amp_viz' build argument 'cmake_target_skip_unavailable' from command line to 'False'
[0.184s] Level 5:colcon.colcon_core.verb:set package 'amp_viz' build argument 'cmake_clean_cache' from command line to 'False'
[0.184s] Level 5:colcon.colcon_core.verb:set package 'amp_viz' build argument 'cmake_clean_first' from command line to 'False'
[0.184s] Level 5:colcon.colcon_core.verb:set package 'amp_viz' build argument 'cmake_force_configure' from command line to 'False'
[0.184s] Level 5:colcon.colcon_core.verb:set package 'amp_viz' build argument 'ament_cmake_args' from command line to 'None'
[0.184s] Level 5:colcon.colcon_core.verb:set package 'amp_viz' build argument 'catkin_cmake_args' from command line to 'None'
[0.184s] Level 5:colcon.colcon_core.verb:set package 'amp_viz' build argument 'catkin_skip_building_tests' from command line to 'False'
[0.184s] DEBUG:colcon.colcon_core.verb:Building package 'amp_viz' with the following arguments: {'ament_cmake_args': None, 'build_base': '/home/hollis/cu/5254_final/build/amp_viz', 'catkin_cmake_args': None, 'catkin_skip_building_tests': False, 'cmake_args': None, 'cmake_clean_cache': False, 'cmake_clean_first': False, 'cmake_force_configure': False, 'cmake_target': None, 'cmake_target_skip_unavailable': False, 'install_base': '/home/hollis/cu/5254_final/install/amp_viz', 'merge_install': False, 'path': '/home/hollis/cu/5254_final/src/amp_viz', 'symlink_install': False, 'test_result_base': None}
[0.184s] INFO:colcon.colcon_core.executor:Executing jobs using 'parallel' executor
[0.185s] DEBUG:colcon.colcon_parallel_executor.executor.parallel:run_until_complete
[0.186s] INFO:colcon.colcon_ros.task.ament_cmake.build:Building ROS package in '/home/hollis/cu/5254_final/src/amp_msgs' with build type 'ament_cmake'
[0.186s] INFO:colcon.colcon_cmake.task.cmake.build:Building CMake package in '/home/hollis/cu/5254_final/src/amp_msgs'
[0.189s] INFO:colcon.colcon_core.plugin_system:Skipping extension 'colcon_core.shell.bat': Not used on non-Windows systems
[0.189s] INFO:colcon.colcon_core.shell:Skip shell extension 'powershell' for command environment: Not usable outside of PowerShell
[0.189s] DEBUG:colcon.colcon_core.shell:Skip shell extension 'dsv' for command environment
[0.197s] DEBUG:colcon.colcon_core.event_handler.log_command:Invoking command in '/home/hollis/cu/5254_final/build/amp_msgs': CMAKE_PREFIX_PATH=${CMAKE_PREFIX_PATH}:/opt/ros/humble /usr/bin/cmake --build /home/hollis/cu/5254_final/build/amp_msgs -- -j24 -l24
[0.451s] DEBUG:colcon.colcon_core.event_handler.log_command:Invoked command in '/home/hollis/cu/5254_final/build/amp_msgs' returned '0': CMAKE_PREFIX_PATH=${CMAKE_PREFIX_PATH}:/opt/ros/humble /usr/bin/cmake --build /home/hollis/cu/5254_final/build/amp_msgs -- -j24 -l24
[0.459s] DEBUG:colcon.colcon_core.event_handler.log_command:Invoking command in '/home/hollis/cu/5254_final/build/amp_msgs': CMAKE_PREFIX_PATH=${CMAKE_PREFIX_PATH}:/opt/ros/humble /usr/bin/cmake --install /home/hollis/cu/5254_final/build/amp_msgs
[0.516s] Level 1:colcon.colcon_core.environment:create_environment_scripts_only(amp_msgs)
[0.517s] DEBUG:colcon.colcon_core.event_handler.log_command:Invoked command in '/home/hollis/cu/5254_final/build/amp_msgs' returned '0': CMAKE_PREFIX_PATH=${CMAKE_PREFIX_PATH}:/opt/ros/humble /usr/bin/cmake --install /home/hollis/cu/5254_final/build/amp_msgs
[0.518s] Level 1:colcon.colcon_core.environment:checking '/home/hollis/cu/5254_final/install/amp_msgs' for CMake module files
[0.519s] Level 1:colcon.colcon_core.environment:checking '/home/hollis/cu/5254_final/install/amp_msgs' for CMake config files
[0.519s] Level 1:colcon.colcon_core.shell:create_environment_hook('amp_msgs', 'cmake_prefix_path')
[0.519s] INFO:colcon.colcon_core.shell:Creating environment hook '/home/hollis/cu/5254_final/install/amp_msgs/share/amp_msgs/hook/cmake_prefix_path.ps1'
[0.520s] INFO:colcon.colcon_core.shell:Creating environment descriptor '/home/hollis/cu/5254_final/install/amp_msgs/share/amp_msgs/hook/cmake_prefix_path.dsv'
[0.520s] INFO:colcon.colcon_core.shell:Creating environment hook '/home/hollis/cu/5254_final/install/amp_msgs/share/amp_msgs/hook/cmake_prefix_path.sh'
[0.521s] Level 1:colcon.colcon_core.environment:checking '/home/hollis/cu/5254_final/install/amp_msgs/lib'
[0.521s] Level 1:colcon.colcon_core.shell:create_environment_hook('amp_msgs', 'ld_library_path_lib')
[0.521s] INFO:colcon.colcon_core.shell:Creating environment hook '/home/hollis/cu/5254_final/install/amp_msgs/share/amp_msgs/hook/ld_library_path_lib.ps1'
[0.522s] INFO:colcon.colcon_core.shell:Creating environment descriptor '/home/hollis/cu/5254_final/install/amp_msgs/share/amp_msgs/hook/ld_library_path_lib.dsv'
[0.522s] INFO:colcon.colcon_core.shell:Creating environment hook '/home/hollis/cu/5254_final/install/amp_msgs/share/amp_msgs/hook/ld_library_path_lib.sh'
[0.522s] Level 1:colcon.colcon_core.environment:checking '/home/hollis/cu/5254_final/install/amp_msgs/bin'
[0.522s] Level 1:colcon.colcon_core.environment:checking '/home/hollis/cu/5254_final/install/amp_msgs/lib/pkgconfig/amp_msgs.pc'
[0.522s] Level 1:colcon.colcon_core.environment:checking '/home/hollis/cu/5254_final/install/amp_msgs/lib/python3.10/site-packages'
[0.522s] Level 1:colcon.colcon_core.environment:checking '/home/hollis/cu/5254_final/install/amp_msgs/bin'
[0.523s] INFO:colcon.colcon_core.shell:Creating package script '/home/hollis/cu/5254_final/install/amp_msgs/share/amp_msgs/package.ps1'
[0.523s] INFO:colcon.colcon_core.shell:Creating package descriptor '/home/hollis/cu/5254_final/install/amp_msgs/share/amp_msgs/package.dsv'
[0.524s] INFO:colcon.colcon_core.shell:Creating package script '/home/hollis/cu/5254_final/install/amp_msgs/share/amp_msgs/package.sh'
[0.524s] INFO:colcon.colcon_core.shell:Creating package script '/home/hollis/cu/5254_final/install/amp_msgs/share/amp_msgs/package.bash'
[0.525s] INFO:colcon.colcon_core.shell:Creating package script '/home/hollis/cu/5254_final/install/amp_msgs/share/amp_msgs/package.zsh'
[0.525s] Level 1:colcon.colcon_core.environment:create_file_with_runtime_dependencies(/home/hollis/cu/5254_final/install/amp_msgs/share/colcon-core/packages/amp_msgs)
[0.526s] Level 1:colcon.colcon_core.environment:create_environment_scripts_only(amp_msgs)
[0.526s] Level 1:colcon.colcon_core.environment:checking '/home/hollis/cu/5254_final/install/amp_msgs' for CMake module files
[0.526s] Level 1:colcon.colcon_core.environment:checking '/home/hollis/cu/5254_final/install/amp_msgs' for CMake config files
[0.527s] Level 1:colcon.colcon_core.shell:create_environment_hook('amp_msgs', 'cmake_prefix_path')
[0.527s] INFO:colcon.colcon_core.shell:Creating environment hook '/home/hollis/cu/5254_final/install/amp_msgs/share/amp_msgs/hook/cmake_prefix_path.ps1'
[0.527s] INFO:colcon.colcon_core.shell:Creating environment descriptor '/home/hollis/cu/5254_final/install/amp_msgs/share/amp_msgs/hook/cmake_prefix_path.dsv'
[0.527s] INFO:colcon.colcon_core.shell:Creating environment hook '/home/hollis/cu/5254_final/install/amp_msgs/share/amp_msgs/hook/cmake_prefix_path.sh'
[0.528s] Level 1:colcon.colcon_core.environment:checking '/home/hollis/cu/5254_final/install/amp_msgs/lib'
[0.528s] Level 1:colcon.colcon_core.shell:create_environment_hook('amp_msgs', 'ld_library_path_lib')
[0.528s] INFO:colcon.colcon_core.shell:Creating environment hook '/home/hollis/cu/5254_final/install/amp_msgs/share/amp_msgs/hook/ld_library_path_lib.ps1'
[0.528s] INFO:colcon.colcon_core.shell:Creating environment descriptor '/home/hollis/cu/5254_final/install/amp_msgs/share/amp_msgs/hook/ld_library_path_lib.dsv'
[0.528s] INFO:colcon.colcon_core.shell:Creating environment hook '/home/hollis/cu/5254_final/install/amp_msgs/share/amp_msgs/hook/ld_library_path_lib.sh'
[0.529s] Level 1:colcon.colcon_core.environment:checking '/home/hollis/cu/5254_final/install/amp_msgs/bin'
[0.529s] Level 1:colcon.colcon_core.environment:checking '/home/hollis/cu/5254_final/install/amp_msgs/lib/pkgconfig/amp_msgs.pc'
[0.529s] Level 1:colcon.colcon_core.environment:checking '/home/hollis/cu/5254_final/install/amp_msgs/lib/python3.10/site-packages'
[0.529s] Level 1:colcon.colcon_core.environment:checking '/home/hollis/cu/5254_final/install/amp_msgs/bin'
[0.529s] INFO:colcon.colcon_core.shell:Creating package script '/home/hollis/cu/5254_final/install/amp_msgs/share/amp_msgs/package.ps1'
[0.529s] INFO:colcon.colcon_core.shell:Creating package descriptor '/home/hollis/cu/5254_final/install/amp_msgs/share/amp_msgs/package.dsv'
[0.530s] INFO:colcon.colcon_core.shell:Creating package script '/home/hollis/cu/5254_final/install/amp_msgs/share/amp_msgs/package.sh'
[0.530s] INFO:colcon.colcon_core.shell:Creating package script '/home/hollis/cu/5254_final/install/amp_msgs/share/amp_msgs/package.bash'
[0.530s] INFO:colcon.colcon_core.shell:Creating package script '/home/hollis/cu/5254_final/install/amp_msgs/share/amp_msgs/package.zsh'
[0.530s] Level 1:colcon.colcon_core.environment:create_file_with_runtime_dependencies(/home/hollis/cu/5254_final/install/amp_msgs/share/colcon-core/packages/amp_msgs)
[0.531s] INFO:colcon.colcon_ros.task.ament_cmake.build:Building ROS package in '/home/hollis/cu/5254_final/src/amp_sim' with build type 'ament_cmake'
[0.535s] INFO:colcon.colcon_cmake.task.cmake.build:Building CMake package in '/home/hollis/cu/5254_final/src/amp_sim'
[0.535s] INFO:colcon.colcon_core.shell:Skip shell extension 'powershell' for command environment: Not usable outside of PowerShell
[0.535s] DEBUG:colcon.colcon_core.shell:Skip shell extension 'dsv' for command environment
[0.549s] DEBUG:colcon.colcon_core.event_handler.log_command:Invoking command in '/home/hollis/cu/5254_final/build/amp_sim': CMAKE_PREFIX_PATH=/home/hollis/cu/5254_final/install/amp_msgs:/home/hollis/cu/5254_final/install/amp_viz:/home/hollis/cu/5254_final/install/amp_agents:/home/hollis/cu/5254_final/install/amp_sim:/opt/ros/humble LD_LIBRARY_PATH=/home/hollis/cu/5254_final/install/amp_msgs/lib:/home/hollis/cu/5254_final/install/amp_viz/lib:/home/hollis/cu/5254_final/install/amp_sim/lib:/opt/ros/humble/opt/rviz_ogre_vendor/lib:/opt/ros/humble/lib/x86_64-linux-gnu:/opt/ros/humble/lib /usr/bin/cmake --build /home/hollis/cu/5254_final/build/amp_sim -- -j24 -l24
[0.647s] DEBUG:colcon.colcon_core.event_handler.log_command:Invoked command in '/home/hollis/cu/5254_final/build/amp_sim' returned '0': CMAKE_PREFIX_PATH=/home/hollis/cu/5254_final/install/amp_msgs:/home/hollis/cu/5254_final/install/amp_viz:/home/hollis/cu/5254_final/install/amp_agents:/home/hollis/cu/5254_final/install/amp_sim:/opt/ros/humble LD_LIBRARY_PATH=/home/hollis/cu/5254_final/install/amp_msgs/lib:/home/hollis/cu/5254_final/install/amp_viz/lib:/home/hollis/cu/5254_final/install/amp_sim/lib:/opt/ros/humble/opt/rviz_ogre_vendor/lib:/opt/ros/humble/lib/x86_64-linux-gnu:/opt/ros/humble/lib /usr/bin/cmake --build /home/hollis/cu/5254_final/build/amp_sim -- -j24 -l24
[0.649s] DEBUG:colcon.colcon_core.event_handler.log_command:Invoking command in '/home/hollis/cu/5254_final/build/amp_sim': CMAKE_PREFIX_PATH=/home/hollis/cu/5254_final/install/amp_msgs:/home/hollis/cu/5254_final/install/amp_viz:/home/hollis/cu/5254_final/install/amp_agents:/home/hollis/cu/5254_final/install/amp_sim:/opt/ros/humble LD_LIBRARY_PATH=/home/hollis/cu/5254_final/install/amp_msgs/lib:/home/hollis/cu/5254_final/install/amp_viz/lib:/home/hollis/cu/5254_final/install/amp_sim/lib:/opt/ros/humble/opt/rviz_ogre_vendor/lib:/opt/ros/humble/lib/x86_64-linux-gnu:/opt/ros/humble/lib /usr/bin/cmake --install /home/hollis/cu/5254_final/build/amp_sim
[0.657s] Level 1:colcon.colcon_core.environment:create_environment_scripts_only(amp_sim)
[0.657s] Level 1:colcon.colcon_core.environment:checking '/home/hollis/cu/5254_final/install/amp_sim' for CMake module files
[0.657s] Level 1:colcon.colcon_core.environment:checking '/home/hollis/cu/5254_final/install/amp_sim' for CMake config files
[0.657s] Level 1:colcon.colcon_core.shell:create_environment_hook('amp_sim', 'cmake_prefix_path')
[0.657s] INFO:colcon.colcon_core.shell:Creating environment hook '/home/hollis/cu/5254_final/install/amp_sim/share/amp_sim/hook/cmake_prefix_path.ps1'
[0.658s] DEBUG:colcon.colcon_core.event_handler.log_command:Invoked command in '/home/hollis/cu/5254_final/build/amp_sim' returned '0': CMAKE_PREFIX_PATH=/home/hollis/cu/5254_final/install/amp_msgs:/home/hollis/cu/5254_final/install/amp_viz:/home/hollis/cu/5254_final/install/amp_agents:/home/hollis/cu/5254_final/install/amp_sim:/opt/ros/humble LD_LIBRARY_PATH=/home/hollis/cu/5254_final/install/amp_msgs/lib:/home/hollis/cu/5254_final/install/amp_viz/lib:/home/hollis/cu/5254_final/install/amp_sim/lib:/opt/ros/humble/opt/rviz_ogre_vendor/lib:/opt/ros/humble/lib/x86_64-linux-gnu:/opt/ros/humble/lib /usr/bin/cmake --install /home/hollis/cu/5254_final/build/amp_sim
[0.658s] INFO:colcon.colcon_core.shell:Creating environment descriptor '/home/hollis/cu/5254_final/install/amp_sim/share/amp_sim/hook/cmake_prefix_path.dsv'
[0.658s] INFO:colcon.colcon_core.shell:Creating environment hook '/home/hollis/cu/5254_final/install/amp_sim/share/amp_sim/hook/cmake_prefix_path.sh'
[0.658s] Level 1:colcon.colcon_core.environment:checking '/home/hollis/cu/5254_final/install/amp_sim/lib'
[0.658s] Level 1:colcon.colcon_core.environment:checking '/home/hollis/cu/5254_final/install/amp_sim/bin'
[0.658s] Level 1:colcon.colcon_core.environment:checking '/home/hollis/cu/5254_final/install/amp_sim/lib/pkgconfig/amp_sim.pc'
[0.658s] Level 1:colcon.colcon_core.environment:checking '/home/hollis/cu/5254_final/install/amp_sim/lib/python3.10/site-packages'
[0.659s] Level 1:colcon.colcon_core.environment:checking '/home/hollis/cu/5254_final/install/amp_sim/bin'
[0.659s] INFO:colcon.colcon_core.shell:Creating package script '/home/hollis/cu/5254_final/install/amp_sim/share/amp_sim/package.ps1'
[0.659s] INFO:colcon.colcon_core.shell:Creating package descriptor '/home/hollis/cu/5254_final/install/amp_sim/share/amp_sim/package.dsv'
[0.659s] INFO:colcon.colcon_core.shell:Creating package script '/home/hollis/cu/5254_final/install/amp_sim/share/amp_sim/package.sh'
[0.659s] INFO:colcon.colcon_core.shell:Creating package script '/home/hollis/cu/5254_final/install/amp_sim/share/amp_sim/package.bash'
[0.660s] INFO:colcon.colcon_core.shell:Creating package script '/home/hollis/cu/5254_final/install/amp_sim/share/amp_sim/package.zsh'
[0.660s] Level 1:colcon.colcon_core.environment:create_file_with_runtime_dependencies(/home/hollis/cu/5254_final/install/amp_sim/share/colcon-core/packages/amp_sim)
[0.660s] Level 1:colcon.colcon_core.environment:create_environment_scripts_only(amp_sim)
[0.660s] Level 1:colcon.colcon_core.environment:checking '/home/hollis/cu/5254_final/install/amp_sim' for CMake module files
[0.660s] Level 1:colcon.colcon_core.environment:checking '/home/hollis/cu/5254_final/install/amp_sim' for CMake config files
[0.661s] Level 1:colcon.colcon_core.shell:create_environment_hook('amp_sim', 'cmake_prefix_path')
[0.661s] INFO:colcon.colcon_core.shell:Creating environment hook '/home/hollis/cu/5254_final/install/amp_sim/share/amp_sim/hook/cmake_prefix_path.ps1'
[0.661s] INFO:colcon.colcon_core.shell:Creating environment descriptor '/home/hollis/cu/5254_final/install/amp_sim/share/amp_sim/hook/cmake_prefix_path.dsv'
[0.661s] INFO:colcon.colcon_core.shell:Creating environment hook '/home/hollis/cu/5254_final/install/amp_sim/share/amp_sim/hook/cmake_prefix_path.sh'
[0.661s] Level 1:colcon.colcon_core.environment:checking '/home/hollis/cu/5254_final/install/amp_sim/lib'
[0.661s] Level 1:colcon.colcon_core.environment:checking '/home/hollis/cu/5254_final/install/amp_sim/bin'
[0.661s] Level 1:colcon.colcon_core.environment:checking '/home/hollis/cu/5254_final/install/amp_sim/lib/pkgconfig/amp_sim.pc'
[0.661s] Level 1:colcon.colcon_core.environment:checking '/home/hollis/cu/5254_final/install/amp_sim/lib/python3.10/site-packages'
[0.662s] Level 1:colcon.colcon_core.environment:checking '/home/hollis/cu/5254_final/install/amp_sim/bin'
[0.662s] INFO:colcon.colcon_core.shell:Creating package script '/home/hollis/cu/5254_final/install/amp_sim/share/amp_sim/package.ps1'
[0.665s] INFO:colcon.colcon_core.shell:Creating package descriptor '/home/hollis/cu/5254_final/install/amp_sim/share/amp_sim/package.dsv'
[0.665s] INFO:colcon.colcon_core.shell:Creating package script '/home/hollis/cu/5254_final/install/amp_sim/share/amp_sim/package.sh'
[0.666s] INFO:colcon.colcon_core.shell:Creating package script '/home/hollis/cu/5254_final/install/amp_sim/share/amp_sim/package.bash'
[0.666s] INFO:colcon.colcon_core.shell:Creating package script '/home/hollis/cu/5254_final/install/amp_sim/share/amp_sim/package.zsh'
[0.666s] Level 1:colcon.colcon_core.environment:create_file_with_runtime_dependencies(/home/hollis/cu/5254_final/install/amp_sim/share/colcon-core/packages/amp_sim)
[0.666s] INFO:colcon.colcon_ros.task.ament_cmake.build:Building ROS package in '/home/hollis/cu/5254_final/src/amp_agents' with build type 'ament_cmake'
[0.667s] INFO:colcon.colcon_cmake.task.cmake.build:Building CMake package in '/home/hollis/cu/5254_final/src/amp_agents'
[0.667s] INFO:colcon.colcon_core.shell:Skip shell extension 'powershell' for command environment: Not usable outside of PowerShell
[0.667s] DEBUG:colcon.colcon_core.shell:Skip shell extension 'dsv' for command environment
[0.670s] INFO:colcon.colcon_ros.task.ament_cmake.build:Building ROS package in '/home/hollis/cu/5254_final/src/amp_viz' with build type 'ament_cmake'
[0.670s] INFO:colcon.colcon_cmake.task.cmake.build:Building CMake package in '/home/hollis/cu/5254_final/src/amp_viz'
[0.670s] INFO:colcon.colcon_core.shell:Skip shell extension 'powershell' for command environment: Not usable outside of PowerShell
[0.670s] DEBUG:colcon.colcon_core.shell:Skip shell extension 'dsv' for command environment
[0.679s] DEBUG:colcon.colcon_core.event_handler.log_command:Invoking command in '/home/hollis/cu/5254_final/build/amp_agents': CMAKE_PREFIX_PATH=/home/hollis/cu/5254_final/install/amp_sim:/home/hollis/cu/5254_final/install/amp_msgs:/home/hollis/cu/5254_final/install/amp_viz:/home/hollis/cu/5254_final/install/amp_agents:/opt/ros/humble LD_LIBRARY_PATH=/home/hollis/cu/5254_final/install/amp_msgs/lib:/home/hollis/cu/5254_final/install/amp_viz/lib:/home/hollis/cu/5254_final/install/amp_sim/lib:/opt/ros/humble/opt/rviz_ogre_vendor/lib:/opt/ros/humble/lib/x86_64-linux-gnu:/opt/ros/humble/lib /usr/bin/cmake --build /home/hollis/cu/5254_final/build/amp_agents -- -j24 -l24
[0.681s] DEBUG:colcon.colcon_core.event_handler.log_command:Invoking command in '/home/hollis/cu/5254_final/build/amp_viz': CMAKE_PREFIX_PATH=/home/hollis/cu/5254_final/install/amp_sim:/home/hollis/cu/5254_final/install/amp_msgs:/home/hollis/cu/5254_final/install/amp_viz:/home/hollis/cu/5254_final/install/amp_agents:/opt/ros/humble LD_LIBRARY_PATH=/home/hollis/cu/5254_final/install/amp_msgs/lib:/home/hollis/cu/5254_final/install/amp_viz/lib:/home/hollis/cu/5254_final/install/amp_sim/lib:/opt/ros/humble/opt/rviz_ogre_vendor/lib:/opt/ros/humble/lib/x86_64-linux-gnu:/opt/ros/humble/lib /usr/bin/cmake --build /home/hollis/cu/5254_final/build/amp_viz -- -j24 -l24
[0.813s] DEBUG:colcon.colcon_core.event_handler.log_command:Invoked command in '/home/hollis/cu/5254_final/build/amp_viz' returned '0': CMAKE_PREFIX_PATH=/home/hollis/cu/5254_final/install/amp_sim:/home/hollis/cu/5254_final/install/amp_msgs:/home/hollis/cu/5254_final/install/amp_viz:/home/hollis/cu/5254_final/install/amp_agents:/opt/ros/humble LD_LIBRARY_PATH=/home/hollis/cu/5254_final/install/amp_msgs/lib:/home/hollis/cu/5254_final/install/amp_viz/lib:/home/hollis/cu/5254_final/install/amp_sim/lib:/opt/ros/humble/opt/rviz_ogre_vendor/lib:/opt/ros/humble/lib/x86_64-linux-gnu:/opt/ros/humble/lib /usr/bin/cmake --build /home/hollis/cu/5254_final/build/amp_viz -- -j24 -l24
[0.816s] DEBUG:colcon.colcon_core.event_handler.log_command:Invoking command in '/home/hollis/cu/5254_final/build/amp_viz': CMAKE_PREFIX_PATH=/home/hollis/cu/5254_final/install/amp_sim:/home/hollis/cu/5254_final/install/amp_msgs:/home/hollis/cu/5254_final/install/amp_viz:/home/hollis/cu/5254_final/install/amp_agents:/opt/ros/humble LD_LIBRARY_PATH=/home/hollis/cu/5254_final/install/amp_msgs/lib:/home/hollis/cu/5254_final/install/amp_viz/lib:/home/hollis/cu/5254_final/install/amp_sim/lib:/opt/ros/humble/opt/rviz_ogre_vendor/lib:/opt/ros/humble/lib/x86_64-linux-gnu:/opt/ros/humble/lib /usr/bin/cmake --install /home/hollis/cu/5254_final/build/amp_viz
[0.831s] Level 1:colcon.colcon_core.environment:create_environment_scripts_only(amp_viz)
[0.831s] Level 1:colcon.colcon_core.environment:checking '/home/hollis/cu/5254_final/install/amp_viz' for CMake module files
[0.831s] DEBUG:colcon.colcon_core.event_handler.log_command:Invoked command in '/home/hollis/cu/5254_final/build/amp_viz' returned '0': CMAKE_PREFIX_PATH=/home/hollis/cu/5254_final/install/amp_sim:/home/hollis/cu/5254_final/install/amp_msgs:/home/hollis/cu/5254_final/install/amp_viz:/home/hollis/cu/5254_final/install/amp_agents:/opt/ros/humble LD_LIBRARY_PATH=/home/hollis/cu/5254_final/install/amp_msgs/lib:/home/hollis/cu/5254_final/install/amp_viz/lib:/home/hollis/cu/5254_final/install/amp_sim/lib:/opt/ros/humble/opt/rviz_ogre_vendor/lib:/opt/ros/humble/lib/x86_64-linux-gnu:/opt/ros/humble/lib /usr/bin/cmake --install /home/hollis/cu/5254_final/build/amp_viz
[0.832s] Level 1:colcon.colcon_core.environment:checking '/home/hollis/cu/5254_final/install/amp_viz' for CMake config files
[0.832s] Level 1:colcon.colcon_core.shell:create_environment_hook('amp_viz', 'cmake_prefix_path')
[0.832s] INFO:colcon.colcon_core.shell:Creating environment hook '/home/hollis/cu/5254_final/install/amp_viz/share/amp_viz/hook/cmake_prefix_path.ps1'
[0.832s] INFO:colcon.colcon_core.shell:Creating environment descriptor '/home/hollis/cu/5254_final/install/amp_viz/share/amp_viz/hook/cmake_prefix_path.dsv'
[0.833s] INFO:colcon.colcon_core.shell:Creating environment hook '/home/hollis/cu/5254_final/install/amp_viz/share/amp_viz/hook/cmake_prefix_path.sh'
[0.833s] Level 1:colcon.colcon_core.environment:checking '/home/hollis/cu/5254_final/install/amp_viz/lib'
[0.833s] Level 1:colcon.colcon_core.shell:create_environment_hook('amp_viz', 'ld_library_path_lib')
[0.834s] INFO:colcon.colcon_core.shell:Creating environment hook '/home/hollis/cu/5254_final/install/amp_viz/share/amp_viz/hook/ld_library_path_lib.ps1'
[0.835s] INFO:colcon.colcon_core.shell:Creating environment descriptor '/home/hollis/cu/5254_final/install/amp_viz/share/amp_viz/hook/ld_library_path_lib.dsv'
[0.835s] INFO:colcon.colcon_core.shell:Creating environment hook '/home/hollis/cu/5254_final/install/amp_viz/share/amp_viz/hook/ld_library_path_lib.sh'
[0.836s] Level 1:colcon.colcon_core.environment:checking '/home/hollis/cu/5254_final/install/amp_viz/bin'
[0.836s] Level 1:colcon.colcon_core.environment:checking '/home/hollis/cu/5254_final/install/amp_viz/lib/pkgconfig/amp_viz.pc'
[0.836s] Level 1:colcon.colcon_core.environment:checking '/home/hollis/cu/5254_final/install/amp_viz/lib/python3.10/site-packages'
[0.836s] Level 1:colcon.colcon_core.environment:checking '/home/hollis/cu/5254_final/install/amp_viz/bin'
[0.836s] INFO:colcon.colcon_core.shell:Creating package script '/home/hollis/cu/5254_final/install/amp_viz/share/amp_viz/package.ps1'
[0.837s] INFO:colcon.colcon_core.shell:Creating package descriptor '/home/hollis/cu/5254_final/install/amp_viz/share/amp_viz/package.dsv'
[0.837s] INFO:colcon.colcon_core.shell:Creating package script '/home/hollis/cu/5254_final/install/amp_viz/share/amp_viz/package.sh'
[0.837s] INFO:colcon.colcon_core.shell:Creating package script '/home/hollis/cu/5254_final/install/amp_viz/share/amp_viz/package.bash'
[0.838s] INFO:colcon.colcon_core.shell:Creating package script '/home/hollis/cu/5254_final/install/amp_viz/share/amp_viz/package.zsh'
[0.838s] Level 1:colcon.colcon_core.environment:create_file_with_runtime_dependencies(/home/hollis/cu/5254_final/install/amp_viz/share/colcon-core/packages/amp_viz)
[0.838s] Level 1:colcon.colcon_core.environment:create_environment_scripts_only(amp_viz)
[0.839s] Level 1:colcon.colcon_core.environment:checking '/home/hollis/cu/5254_final/install/amp_viz' for CMake module files
[0.839s] Level 1:colcon.colcon_core.environment:checking '/home/hollis/cu/5254_final/install/amp_viz' for CMake config files
[0.839s] Level 1:colcon.colcon_core.shell:create_environment_hook('amp_viz', 'cmake_prefix_path')
[0.839s] INFO:colcon.colcon_core.shell:Creating environment hook '/home/hollis/cu/5254_final/install/amp_viz/share/amp_viz/hook/cmake_prefix_path.ps1'
[0.839s] INFO:colcon.colcon_core.shell:Creating environment descriptor '/home/hollis/cu/5254_final/install/amp_viz/share/amp_viz/hook/cmake_prefix_path.dsv'
[0.840s] INFO:colcon.colcon_core.shell:Creating environment hook '/home/hollis/cu/5254_final/install/amp_viz/share/amp_viz/hook/cmake_prefix_path.sh'
[0.840s] Level 1:colcon.colcon_core.environment:checking '/home/hollis/cu/5254_final/install/amp_viz/lib'
[0.840s] Level 1:colcon.colcon_core.shell:create_environment_hook('amp_viz', 'ld_library_path_lib')
[0.840s] INFO:colcon.colcon_core.shell:Creating environment hook '/home/hollis/cu/5254_final/install/amp_viz/share/amp_viz/hook/ld_library_path_lib.ps1'
[0.841s] INFO:colcon.colcon_core.shell:Creating environment descriptor '/home/hollis/cu/5254_final/install/amp_viz/share/amp_viz/hook/ld_library_path_lib.dsv'
[0.841s] INFO:colcon.colcon_core.shell:Creating environment hook '/home/hollis/cu/5254_final/install/amp_viz/share/amp_viz/hook/ld_library_path_lib.sh'
[0.841s] Level 1:colcon.colcon_core.environment:checking '/home/hollis/cu/5254_final/install/amp_viz/bin'
[0.841s] Level 1:colcon.colcon_core.environment:checking '/home/hollis/cu/5254_final/install/amp_viz/lib/pkgconfig/amp_viz.pc'
[0.841s] Level 1:colcon.colcon_core.environment:checking '/home/hollis/cu/5254_final/install/amp_viz/lib/python3.10/site-packages'
[0.841s] Level 1:colcon.colcon_core.environment:checking '/home/hollis/cu/5254_final/install/amp_viz/bin'
[0.841s] INFO:colcon.colcon_core.shell:Creating package script '/home/hollis/cu/5254_final/install/amp_viz/share/amp_viz/package.ps1'
[0.842s] INFO:colcon.colcon_core.shell:Creating package descriptor '/home/hollis/cu/5254_final/install/amp_viz/share/amp_viz/package.dsv'
[0.842s] INFO:colcon.colcon_core.shell:Creating package script '/home/hollis/cu/5254_final/install/amp_viz/share/amp_viz/package.sh'
[0.842s] INFO:colcon.colcon_core.shell:Creating package script '/home/hollis/cu/5254_final/install/amp_viz/share/amp_viz/package.bash'
[0.843s] INFO:colcon.colcon_core.shell:Creating package script '/home/hollis/cu/5254_final/install/amp_viz/share/amp_viz/package.zsh'
[0.843s] Level 1:colcon.colcon_core.environment:create_file_with_runtime_dependencies(/home/hollis/cu/5254_final/install/amp_viz/share/colcon-core/packages/amp_viz)
[4.373s] Level 1:colcon.colcon_core.environment:create_environment_scripts_only(amp_agents)
[4.373s] Level 1:colcon.colcon_core.environment:checking '/home/hollis/cu/5254_final/install/amp_agents' for CMake module files
[4.373s] Level 1:colcon.colcon_core.environment:checking '/home/hollis/cu/5254_final/install/amp_agents' for CMake config files
[4.373s] DEBUG:colcon.colcon_core.event_handler.log_command:Invoked command in '/home/hollis/cu/5254_final/build/amp_agents' returned '2': CMAKE_PREFIX_PATH=/home/hollis/cu/5254_final/install/amp_sim:/home/hollis/cu/5254_final/install/amp_msgs:/home/hollis/cu/5254_final/install/amp_viz:/home/hollis/cu/5254_final/install/amp_agents:/opt/ros/humble LD_LIBRARY_PATH=/home/hollis/cu/5254_final/install/amp_msgs/lib:/home/hollis/cu/5254_final/install/amp_viz/lib:/home/hollis/cu/5254_final/install/amp_sim/lib:/opt/ros/humble/opt/rviz_ogre_vendor/lib:/opt/ros/humble/lib/x86_64-linux-gnu:/opt/ros/humble/lib /usr/bin/cmake --build /home/hollis/cu/5254_final/build/amp_agents -- -j24 -l24
[4.374s] Level 1:colcon.colcon_core.shell:create_environment_hook('amp_agents', 'cmake_prefix_path')
[4.374s] INFO:colcon.colcon_core.shell:Creating environment hook '/home/hollis/cu/5254_final/install/amp_agents/share/amp_agents/hook/cmake_prefix_path.ps1'
[4.374s] INFO:colcon.colcon_core.shell:Creating environment descriptor '/home/hollis/cu/5254_final/install/amp_agents/share/amp_agents/hook/cmake_prefix_path.dsv'
[4.374s] INFO:colcon.colcon_core.shell:Creating environment hook '/home/hollis/cu/5254_final/install/amp_agents/share/amp_agents/hook/cmake_prefix_path.sh'
[4.375s] Level 1:colcon.colcon_core.environment:checking '/home/hollis/cu/5254_final/install/amp_agents/lib'
[4.375s] Level 1:colcon.colcon_core.environment:checking '/home/hollis/cu/5254_final/install/amp_agents/bin'
[4.375s] Level 1:colcon.colcon_core.environment:checking '/home/hollis/cu/5254_final/install/amp_agents/lib/pkgconfig/amp_agents.pc'
[4.375s] Level 1:colcon.colcon_core.environment:checking '/home/hollis/cu/5254_final/install/amp_agents/lib/python3.10/site-packages'
[4.375s] Level 1:colcon.colcon_core.environment:checking '/home/hollis/cu/5254_final/install/amp_agents/bin'
[4.375s] INFO:colcon.colcon_core.shell:Creating package script '/home/hollis/cu/5254_final/install/amp_agents/share/amp_agents/package.ps1'
[4.376s] INFO:colcon.colcon_core.shell:Creating package descriptor '/home/hollis/cu/5254_final/install/amp_agents/share/amp_agents/package.dsv'
[4.377s] INFO:colcon.colcon_core.shell:Creating package script '/home/hollis/cu/5254_final/install/amp_agents/share/amp_agents/package.sh'
[4.377s] INFO:colcon.colcon_core.shell:Creating package script '/home/hollis/cu/5254_final/install/amp_agents/share/amp_agents/package.bash'
[4.377s] INFO:colcon.colcon_core.shell:Creating package script '/home/hollis/cu/5254_final/install/amp_agents/share/amp_agents/package.zsh'
[4.378s] Level 1:colcon.colcon_core.environment:create_file_with_runtime_dependencies(/home/hollis/cu/5254_final/install/amp_agents/share/colcon-core/packages/amp_agents)
[4.380s] DEBUG:colcon.colcon_parallel_executor.executor.parallel:closing loop
[4.381s] DEBUG:colcon.colcon_parallel_executor.executor.parallel:loop closed
[4.381s] DEBUG:colcon.colcon_parallel_executor.executor.parallel:run_until_complete finished with '2'
[4.381s] DEBUG:colcon.colcon_core.event_reactor:joining thread
[4.385s] INFO:colcon.colcon_core.plugin_system:Skipping extension 'colcon_notification.desktop_notification.terminal_notifier': Not used on non-Darwin systems
[4.385s] INFO:colcon.colcon_core.plugin_system:Skipping extension 'colcon_notification.desktop_notification.win32': Not used on non-Windows systems
[4.385s] INFO:colcon.colcon_notification.desktop_notification:Sending desktop notification using 'notify2'
[4.400s] DEBUG:colcon.colcon_core.event_reactor:joined thread
[4.400s] INFO:colcon.colcon_core.shell:Creating prefix script '/home/hollis/cu/5254_final/install/local_setup.ps1'
[4.401s] INFO:colcon.colcon_core.shell:Creating prefix util module '/home/hollis/cu/5254_final/install/_local_setup_util_ps1.py'
[4.402s] INFO:colcon.colcon_core.shell:Creating prefix chain script '/home/hollis/cu/5254_final/install/setup.ps1'
[4.403s] INFO:colcon.colcon_core.shell:Creating prefix script '/home/hollis/cu/5254_final/install/local_setup.sh'
[4.403s] INFO:colcon.colcon_core.shell:Creating prefix util module '/home/hollis/cu/5254_final/install/_local_setup_util_sh.py'
[4.404s] INFO:colcon.colcon_core.shell:Creating prefix chain script '/home/hollis/cu/5254_final/install/setup.sh'
[4.404s] INFO:colcon.colcon_core.shell:Creating prefix script '/home/hollis/cu/5254_final/install/local_setup.bash'
[4.405s] INFO:colcon.colcon_core.shell:Creating prefix chain script '/home/hollis/cu/5254_final/install/setup.bash'
[4.405s] INFO:colcon.colcon_core.shell:Creating prefix script '/home/hollis/cu/5254_final/install/local_setup.zsh'
[4.410s] INFO:colcon.colcon_core.shell:Creating prefix chain script '/home/hollis/cu/5254_final/install/setup.zsh'
